3999.700000 0.000000 
3998.383045 0.000000 
3997.066091 0.000000 
3995.749136 0.000025 
3994.432181 0.000435 
3993.115227 0.000435 
3991.798272 0.000435 
3990.481317 0.000435 
3989.164363 0.000435 
3987.847408 0.000435 
3986.530453 0.000435 
3985.213499 0.000435 
3983.896544 0.000435 
3982.579590 0.000435 
3981.262635 0.000435 
3979.945680 0.000435 
3978.628726 0.000435 
3977.311771 0.000435 
3975.994816 0.000435 
3974.677862 0.000435 
3973.360907 0.000435 
3972.043952 0.000435 
3970.726998 0.000032 
3969.410043 0.000435 
3968.093088 0.000435 
3966.776134 0.000435 
3965.459179 0.000222 
3964.142224 0.000373 
3962.825270 0.000435 
3961.508315 0.000435 
3960.191360 0.000435 
3958.874406 0.000435 
3957.557451 0.000435 
3956.240496 0.000026 
3954.923542 0.000435 
3953.606587 0.000435 
3952.289633 0.000435 
3950.972678 0.000435 
3949.655723 0.000435 
3948.338769 0.000435 
3947.021814 0.000435 
3945.704859 0.000435 
3944.387905 0.000435 
3943.070950 0.000435 
3941.753995 0.000413 
3940.437041 0.000201 
3939.120086 0.000435 
3937.803131 0.000435 
3936.486177 0.000435 
3935.169222 0.000435 
3933.852267 0.000108 
3932.535313 0.000435 
3931.218358 0.000435 
3929.901403 0.000435 
3928.584449 0.000435 
3927.267494 0.000377 
3925.950540 0.000196 
3924.633585 0.000435 
3923.316630 0.000000 
3921.999676 0.000242 
3920.682721 0.000036 
3919.365766 0.000000 
3918.048812 0.000000 
3916.731857 0.000000 
3915.414902 0.000000 
3914.097948 0.000000 
3912.780993 0.000000 
3911.464038 0.000000 
3910.147084 0.000000 
3908.830129 0.000000 
3907.513174 0.000000 
3906.196220 0.000000 
3904.879265 0.000000 
3903.562310 0.000000 
3902.245356 0.000000 
3900.928401 0.000000 
3899.611446 0.000000 
3898.294492 0.000000 
3896.977537 0.000000 
3895.660583 0.000000 
3894.343628 0.000000 
3893.026673 0.000000 
3891.709719 0.000000 
3890.392764 0.000000 
3889.075809 0.000000 
3887.758855 0.000000 
3886.441900 0.000000 
3885.124945 0.000000 
3883.807991 0.000000 
3882.491036 0.000000 
3881.174081 0.000000 
3879.857127 0.000000 
3878.540172 0.000271 
3877.223217 0.000010 
3875.906263 0.000000 
3874.589308 0.000309 
3873.272353 0.000435 
3871.955399 0.000242 
3870.638444 0.000331 
3869.321489 0.000435 
3868.004535 0.000435 
3866.687580 0.000435 
3865.370626 0.000435 
3864.053671 0.000435 
3862.736716 0.000435 
3861.419762 0.000600 
3860.102807 0.000566 
3858.785852 0.000869 
3857.468898 0.000869 
3856.151943 0.000869 
3854.834988 0.000435 
3853.518034 0.000435 
3852.201079 0.000825 
3850.884124 0.000732 
3849.567170 0.000435 
3848.250215 0.000847 
3846.933260 0.000435 
3845.616306 0.000435 
3844.299351 0.000435 
3842.982396 0.000435 
3841.665442 0.000435 
3840.348487 0.000435 
3839.031533 0.000188 
3837.714578 0.000428 
3836.397623 0.000303 
3835.080669 0.000299 
3833.763714 0.000419 
3832.446759 0.000171 
3831.129805 0.000100 
3829.812850 0.000042 
3828.495895 0.000435 
3827.178941 0.000078 
3825.861986 0.000104 
3824.545031 0.000167 
3823.228077 0.000000 
3821.911122 0.000000 
3820.594167 0.000307 
3819.277213 0.000000 
3817.960258 0.000000 
3816.643303 0.000000 
3815.326349 0.000359 
3814.009394 0.000213 
3812.692439 0.000435 
3811.375485 0.000435 
3810.058530 0.000435 
3808.741576 0.000018 
3807.424621 0.000000 
3806.107666 0.000000 
3804.790712 0.000000 
3803.473757 0.000185 
3802.156802 0.000076 
3800.839848 0.000000 
3799.522893 0.000231 
3798.205938 0.000435 
3796.888984 0.000102 
3795.572029 0.000162 
3794.255074 0.000415 
3792.938120 0.000157 
3791.621165 0.000107 
3790.304210 0.000042 
3788.987256 0.000236 
3787.670301 0.000361 
3786.353346 0.000435 
3785.036392 0.000190 
3783.719437 0.000383 
3782.402482 0.000000 
3781.085528 0.000297 
3779.768573 0.000421 
3778.451619 0.000168 
3777.134664 0.000435 
3775.817709 0.000040 
3774.500755 0.000435 
3773.183800 0.000080 
3771.866845 0.000435 
3770.549891 0.000435 
3769.232936 0.000435 
3767.915981 0.000435 
3766.599027 0.000435 
3765.282072 0.000435 
3763.965117 0.000435 
3762.648163 0.000435 
3761.331208 0.000362 
3760.014253 0.000211 
3758.697299 0.000435 
3757.380344 0.000435 
3756.063389 0.000435 
3754.746435 0.000435 
3753.429480 0.000435 
3752.112526 0.000435 
3750.795571 0.000390 
3749.478616 0.000183 
3748.161662 0.000435 
3746.844707 0.000367 
3745.527752 0.000228 
3744.210798 0.000435 
3742.893843 0.000435 
3741.576888 0.000435 
3740.259934 0.000435 
3738.942979 0.000280 
3737.626024 0.000000 
3736.309070 0.000040 
3734.992115 0.000435 
3733.675160 0.000435 
3732.358206 0.000435 
3731.041251 0.000435 
3729.724296 0.000435 
3728.407342 0.000435 
3727.090387 0.000435 
3725.773432 0.000435 
3724.456478 0.000435 
3723.139523 0.000435 
3721.822569 0.000435 
3720.505614 0.000435 
3719.188659 0.000435 
3717.871705 0.000435 
3716.554750 0.000435 
3715.237795 0.000435 
3713.920841 0.000314 
3712.603886 0.000288 
3711.286931 0.000429 
3709.969977 0.000160 
3708.653022 0.000435 
3707.336067 0.000435 
3706.019113 0.000435 
3704.702158 0.000435 
3703.385203 0.000435 
3702.068249 0.000435 
3700.751294 0.000022 
3699.434339 0.000435 
3698.117385 0.000435 
3696.800430 0.000435 
3695.483475 0.000435 
3694.166521 0.000435 
3692.849566 0.000435 
3691.532612 0.000209 
3690.215657 0.000000 
3688.898702 0.000000 
3687.581748 0.000269 
3686.264793 0.000435 
3684.947838 0.000153 
3683.630884 0.000435 
3682.313929 0.000435 
3680.996974 0.000260 
3679.680020 0.000000 
3678.363065 0.000000 
3677.046110 0.000000 
3675.729156 0.000000 
3674.412201 0.000000 
3673.095246 0.000000 
3671.778292 0.000000 
3670.461337 0.000000 
3669.144382 0.000000 
3667.827428 0.000403 
3666.510473 0.000000 
3665.193519 0.000000 
3663.876564 0.000338 
3662.559609 0.000235 
3661.242655 0.000021 
3659.925700 0.000435 
3658.608745 0.000149 
3657.291791 0.000000 
3655.974836 0.000000 
3654.657881 0.000000 
3653.340927 0.000000 
3652.023972 0.000000 
3650.707017 0.000000 
3649.390063 0.000000 
3648.073108 0.000255 
3646.756153 0.000435 
3645.439199 0.000000 
3644.122244 0.000000 
3642.805289 0.000433 
3641.488335 0.000179 
3640.171380 0.000118 
3638.854425 0.000372 
3637.537471 0.000000 
3636.220516 0.000377 
3634.903562 0.000095 
3633.586607 0.000168 
3632.269652 0.000405 
3630.952698 0.000000 
3629.635743 0.000000 
3628.318788 0.000035 
3627.001834 0.000435 
3625.684879 0.000435 
3624.367924 0.000435 
3623.050970 0.000435 
3621.734015 0.000435 
3620.417060 0.000088 
3619.100106 0.000174 
3617.783151 0.000435 
3616.466196 0.000435 
3615.149242 0.000435 
3613.832287 0.000435 
3612.515332 0.000435 
3611.198378 0.000435 
3609.881423 0.000435 
3608.564468 0.000435 
3607.247514 0.000435 
3605.930559 0.000435 
3604.613605 0.000435 
3603.296650 0.000435 
3601.979695 0.000435 
3600.662741 0.000435 
3599.345786 0.000435 
3598.028831 0.000435 
3596.711877 0.000435 
3595.394922 0.000435 
3594.077967 0.000435 
3592.761013 0.000435 
3591.444058 0.000869 
3590.127103 0.000869 
3588.810149 0.000869 
3587.493194 0.000869 
3586.176239 0.000869 
3584.859285 0.000869 
3583.542330 0.000869 
3582.225375 0.000869 
3580.908421 0.000869 
3579.591466 0.000869 
3578.274512 0.000869 
3576.957557 0.000869 
3575.640602 0.000869 
3574.323648 0.001305 
3573.006693 0.001305 
3571.689738 0.001305 
3570.372784 0.001305 
3569.055829 0.001305 
3567.738874 0.001305 
3566.421920 0.001741 
3565.104965 0.001741 
3563.788010 0.001741 
3562.471056 0.001741 
3561.154101 0.001741 
3559.837146 0.002177 
3558.520192 0.002177 
3557.203237 0.002177 
3555.886282 0.002177 
3554.569328 0.002177 
3553.252373 0.002177 
3551.935418 0.002293 
3550.618464 0.002360 
3549.301509 0.002613 
3547.984555 0.002614 
3546.667600 0.002614 
3545.350645 0.003051 
3544.033691 0.003051 
3542.716736 0.003051 
3541.399781 0.003138 
3540.082827 0.003488 
3538.765872 0.003488 
3537.448917 0.003598 
3536.131963 0.003926 
3534.815008 0.003926 
3533.498053 0.004073 
3532.181099 0.004365 
3530.864144 0.004425 
3529.547189 0.004804 
3528.230235 0.004804 
3526.913280 0.005243 
3525.596325 0.005489 
3524.279371 0.005683 
3522.962416 0.005799 
3521.645461 0.006123 
3520.328507 0.006551 
3519.011552 0.006735 
3517.694598 0.007005 
3516.377643 0.007446 
3515.060688 0.007662 
3513.743734 0.008267 
3512.426779 0.008416 
3511.109824 0.008774 
3509.792870 0.009176 
3508.475915 0.009805 
3507.158960 0.010390 
3505.842006 0.010576 
3504.525051 0.011162 
3503.208096 0.011441 
3501.891142 0.011941 
3500.574187 0.012569 
3499.257232 0.013158 
3497.940278 0.013793 
3496.623323 0.014384 
3495.306368 0.015020 
3493.989414 0.015613 
3492.672459 0.016237 
3491.355505 0.016865 
3490.038550 0.017911 
3488.721595 0.018534 
3487.404641 0.019266 
3486.087686 0.020230 
3484.770731 0.021291 
3483.453777 0.021932 
3482.136822 0.022563 
3480.819867 0.023632 
3479.502913 0.024412 
3478.185958 0.025356 
3476.869003 0.026426 
3475.552049 0.027286 
3474.235094 0.028151 
3472.918139 0.028893 
3471.601185 0.029911 
3470.284230 0.030971 
3468.967275 0.031759 
3467.650321 0.032756 
3466.333366 0.033373 
3465.016411 0.034508 
3463.699457 0.035458 
3462.382502 0.036267 
3461.065548 0.036889 
3459.748593 0.037948 
3458.431638 0.038668 
3457.114684 0.039611 
3455.797729 0.040435 
3454.480774 0.041111 
3453.163820 0.041740 
3451.846865 0.042444 
3450.529910 0.043529 
3449.212956 0.044198 
3447.896001 0.044893 
3446.579046 0.045983 
3445.262092 0.046646 
3443.945137 0.047775 
3442.628182 0.048454 
3441.311228 0.049623 
3439.994273 0.050420 
3438.677318 0.051436 
3437.360364 0.052585 
3436.043409 0.053446 
3434.726454 0.054801 
3433.409500 0.056061 
3432.092545 0.057008 
3430.775591 0.058315 
3429.458636 0.059725 
3428.141681 0.060791 
3426.824727 0.061956 
3425.507772 0.063310 
3424.190817 0.064704 
3422.873863 0.066036 
3421.556908 0.067694 
3420.239953 0.069316 
3418.922999 0.070762 
3417.606044 0.072111 
3416.289089 0.073556 
3414.972135 0.075322 
3413.655180 0.076662 
3412.338225 0.078274 
3411.021271 0.079948 
3409.704316 0.081651 
3408.387361 0.083139 
3407.070407 0.084753 
3405.753452 0.086535 
3404.436497 0.087952 
3403.119543 0.089412 
3401.802588 0.090869 
3400.485634 0.092845 
3399.168679 0.094346 
3397.851724 0.095878 
3396.534770 0.097307 
3395.217815 0.098823 
3393.900860 0.100288 
3392.583906 0.101783 
3391.266951 0.103290 
3389.949996 0.104209 
3388.633042 0.105758 
3387.316087 0.106729 
3385.999132 0.108240 
3384.682178 0.109404 
3383.365223 0.110718 
3382.048268 0.111698 
3380.731314 0.112816 
3379.414359 0.114128 
3378.097404 0.114923 
3376.780450 0.116134 
3375.463495 0.117176 
3374.146541 0.118360 
3372.829586 0.119167 
3371.512631 0.120124 
3370.195677 0.121308 
3368.878722 0.122067 
3367.561767 0.122881 
3366.244813 0.124077 
3364.927858 0.125039 
3363.610903 0.126086 
3362.293949 0.127200 
3360.976994 0.127974 
3359.660039 0.129128 
3358.343085 0.130157 
3357.026130 0.131126 
3355.709175 0.132351 
3354.392221 0.133249 
3353.075266 0.134555 
3351.758311 0.135874 
3350.441357 0.137367 
3349.124402 0.138500 
3347.807447 0.139598 
3346.490493 0.141142 
3345.173538 0.142443 
3343.856584 0.143808 
3342.539629 0.145525 
3341.222674 0.147127 
3339.905720 0.148245 
3338.588765 0.149915 
3337.271810 0.151600 
3335.954856 0.153244 
3334.637901 0.154980 
3333.320946 0.156617 
3332.003992 0.157946 
3330.687037 0.159651 
3329.370082 0.161189 
3328.053128 0.162850 
3326.736173 0.164611 
3325.419218 0.166330 
3324.102264 0.168128 
3322.785309 0.169815 
3321.468354 0.171639 
3320.151400 0.173341 
3318.834445 0.175174 
3317.517490 0.176895 
3316.200536 0.178705 
3314.883581 0.179821 
3313.566627 0.181604 
3312.249672 0.183428 
3310.932717 0.185198 
3309.615763 0.186398 
3308.298808 0.188278 
3306.981853 0.189389 
3305.664899 0.190841 
3304.347944 0.192400 
3303.030989 0.193548 
3301.714035 0.195433 
3300.397080 0.196545 
3299.080125 0.197801 
3297.763171 0.199102 
3296.446216 0.200077 
3295.129261 0.201381 
3293.812307 0.202654 
3292.495352 0.203584 
3291.178397 0.204552 
3289.861443 0.205469 
3288.544488 0.206458 
3287.227534 0.207379 
3285.910579 0.208372 
3284.593624 0.209298 
3283.276670 0.209715 
3281.959715 0.210529 
3280.642760 0.211519 
3279.325806 0.212451 
3278.008851 0.212746 
3276.691896 0.213681 
3275.374942 0.213977 
3274.057987 0.214670 
3272.741032 0.215192 
3271.424078 0.215383 
3270.107123 0.215694 
3268.790168 0.216096 
3267.473214 0.216811 
3266.156259 0.216811 
3264.839304 0.216811 
3263.522350 0.217527 
3262.205395 0.217527 
3260.888440 0.217535 
3259.571486 0.217983 
3258.254531 0.218062 
3256.937577 0.218245 
3255.620622 0.218245 
3254.303667 0.218245 
3252.986713 0.218245 
3251.669758 0.218245 
3250.352803 0.218245 
3249.035849 0.217527 
3247.718894 0.217527 
3246.401939 0.217527 
3245.084985 0.217527 
3243.768030 0.217003 
3242.451075 0.216811 
3241.134121 0.216811 
3239.817166 0.216189 
3238.500211 0.215938 
3237.183257 0.215383 
3235.866302 0.214717 
3234.549347 0.214421 
3233.232393 0.213959 
3231.915438 0.213249 
3230.598483 0.212964 
3229.281529 0.212540 
3227.964574 0.211832 
3226.647620 0.211477 
3225.330665 0.210511 
3224.013710 0.209715 
3222.696756 0.209291 
3221.379801 0.208295 
3220.062846 0.207372 
3218.745892 0.206401 
3217.428937 0.206160 
3216.111982 0.205212 
3214.795028 0.204256 
3213.478073 0.203238 
3212.161118 0.201668 
3210.844164 0.200758 
3209.527209 0.199783 
3208.210254 0.198384 
3206.893300 0.197221 
3205.576345 0.196298 
3204.259390 0.194852 
3202.942436 0.193733 
3201.625481 0.192144 
3200.308527 0.190721 
3198.991572 0.189487 
3197.674617 0.188073 
3196.357663 0.186505 
3195.040708 0.184895 
3193.723753 0.183525 
3192.406799 0.181783 
3191.089844 0.180187 
3189.772889 0.178844 
3188.455935 0.176990 
3187.138980 0.175275 
3185.822025 0.173453 
3184.505071 0.171734 
3183.188116 0.169965 
3181.871161 0.168221 
3180.554207 0.166505 
3179.237252 0.164737 
3177.920297 0.162942 
3176.603343 0.161033 
3175.286388 0.158900 
3173.969433 0.157228 
3172.652479 0.155219 
3171.335524 0.153213 
3170.018570 0.151563 
3168.701615 0.149481 
3167.384660 0.147623 
3166.067706 0.145291 
3164.750751 0.143608 
3163.433796 0.141383 
3162.116842 0.139497 
3160.799887 0.137511 
3159.482932 0.135852 
3158.165978 0.133673 
3156.849023 0.131619 
3155.532068 0.129868 
3154.215114 0.128328 
3152.898159 0.126096 
3151.581204 0.124386 
3150.264250 0.122391 
3148.947295 0.120837 
3147.630340 0.118953 
3146.313386 0.117150 
3144.996431 0.115426 
3143.679476 0.113780 
3142.362522 0.111938 
3141.045567 0.110413 
3139.728613 0.108870 
3138.411658 0.107362 
3137.094703 0.105862 
3135.777749 0.104332 
3134.460794 0.102770 
3133.143839 0.101324 
3131.826885 0.099787 
3130.509930 0.098335 
3129.192975 0.096841 
3127.876021 0.095366 
3126.559066 0.094060 
3125.242111 0.092603 
3123.925157 0.091528 
3122.608202 0.090026 
3121.291247 0.088620 
3119.974293 0.087644 
3118.657338 0.086195 
3117.340383 0.085202 
3116.023429 0.083866 
3114.706474 0.082708 
3113.389520 0.081539 
3112.072565 0.080057 
3110.755610 0.079019 
3109.438656 0.077762 
3108.121701 0.076883 
3106.804746 0.075839 
3105.487792 0.074624 
3104.170837 0.073900 
3102.853882 0.072788 
3101.536928 0.071847 
3100.219973 0.070796 
3098.903018 0.069563 
3097.586064 0.068891 
3096.269109 0.068186 
3094.952154 0.066995 
3093.635200 0.066308 
3092.318245 0.065217 
3091.001290 0.064438 
3089.684336 0.063730 
3088.367381 0.062557 
3087.050426 0.061856 
3085.733472 0.061165 
3084.416517 0.060489 
3083.099563 0.059318 
3081.782608 0.058629 
3080.465653 0.057954 
3079.148699 0.056777 
3077.831744 0.056125 
3076.514789 0.055426 
3075.197835 0.054749 
3073.880880 0.054079 
3072.563925 0.052928 
3071.246971 0.052246 
3069.930016 0.051602 
3068.613061 0.050909 
3067.296107 0.050267 
3065.979152 0.049576 
3064.662197 0.048723 
3063.345243 0.048177 
3062.028288 0.047600 
3060.711333 0.046638 
3059.394379 0.045803 
3058.077424 0.045120 
3056.760469 0.044485 
3055.443515 0.043805 
3054.126560 0.043172 
3052.809606 0.042505 
3051.492651 0.041863 
3050.175696 0.041211 
3048.858742 0.040558 
3047.541787 0.040005 
3046.224832 0.039731 
3044.907878 0.039058 
3043.590923 0.038432 
3042.273968 0.037775 
3040.957014 0.037137 
3039.640059 0.036495 
3038.323104 0.036212 
3037.006150 0.035691 
3035.689195 0.035028 
3034.372240 0.034409 
3033.055286 0.034213 
3031.738331 0.033565 
3030.421376 0.032930 
3029.104422 0.032766 
3027.787467 0.032119 
3026.470513 0.031969 
3025.153558 0.031517 
3023.836603 0.031160 
3022.519649 0.031050 
3021.202694 0.030818 
3019.885739 0.030584 
3018.568785 0.030584 
3017.251830 0.030584 
3015.934875 0.030584 
3014.617921 0.031050 
3013.300966 0.031376 
3011.984011 0.031571 
3010.667057 0.032187 
3009.350102 0.033233 
3008.033147 0.034485 
3006.716193 0.035776 
3005.399238 0.037063 
3004.082283 0.038924 
3002.765329 0.041217 
3001.448374 0.043450 
3000.131419 0.045987 
2998.814465 0.048686 
2997.497510 0.051349 
2996.180556 0.054466 
2994.863601 0.057587 
2993.546646 0.060408 
2992.229692 0.063629 
2990.912737 0.065836 
2989.595782 0.068498 
2988.278828 0.070617 
2986.961873 0.072669 
2985.644918 0.074064 
2984.327964 0.075486 
2983.011009 0.076289 
2981.694054 0.076756 
2980.377100 0.077183 
2979.060145 0.077275 
2977.743190 0.077275 
2976.426236 0.077275 
2975.109281 0.077426 
2973.792326 0.077794 
2972.475372 0.078848 
2971.158417 0.079816 
2969.841462 0.081192 
2968.524508 0.083297 
2967.207553 0.085121 
2965.890599 0.086609 
2964.573644 0.088551 
2963.256689 0.090021 
2961.939735 0.091472 
2960.622780 0.092754 
2959.305825 0.093500 
2957.988871 0.094264 
2956.671916 0.094744 
2955.354961 0.095191 
2954.038007 0.095284 
2952.721052 0.095284 
2951.404097 0.095284 
2950.087143 0.095156 
2948.770188 0.094744 
2947.453233 0.094744 
2946.136279 0.094548 
2944.819324 0.094204 
2943.502369 0.094204 
2942.185415 0.094204 
2940.868460 0.094204 
2939.551506 0.094744 
2938.234551 0.094744 
2936.917596 0.094744 
2935.600642 0.094744 
2934.283687 0.094744 
2932.966732 0.094744 
2931.649778 0.094555 
2930.332823 0.094204 
2929.015868 0.093665 
2927.698914 0.093395 
2926.381959 0.093126 
2925.065004 0.092463 
2923.748050 0.091755 
2922.431095 0.090998 
2921.114140 0.090291 
2919.797186 0.089552 
2918.480231 0.088831 
2917.163276 0.088111 
2915.846322 0.087778 
2914.529367 0.086626 
2913.212412 0.085928 
2911.895458 0.085184 
2910.578503 0.084483 
2909.261549 0.083443 
2907.944594 0.082517 
2906.627639 0.081128 
2905.310685 0.079679 
2903.993730 0.078307 
2902.676775 0.076836 
2901.359821 0.075473 
2900.042866 0.074010 
2898.725911 0.072603 
2897.408957 0.071204 
2896.092002 0.069835 
2894.775047 0.068733 
2893.458093 0.067585 
2892.141138 0.066150 
2890.824183 0.064820 
2889.507229 0.063393 
2888.190274 0.062071 
2886.873319 0.060673 
2885.556365 0.059823 
2884.239410 0.058429 
2882.922455 0.057557 
2881.605501 0.056709 
2880.288546 0.055709 
2878.971592 0.054996 
2877.654637 0.053869 
2876.337682 0.053548 
2875.020728 0.053018 
2873.703773 0.052350 
2872.386818 0.051678 
2871.069864 0.051516 
2869.752909 0.050831 
2868.435954 0.050141 
2867.119000 0.049498 
2865.802045 0.048825 
2864.485090 0.048170 
2863.168136 0.047514 
2861.851181 0.047208 
2860.534226 0.046724 
2859.217272 0.046490 
2857.900317 0.046240 
2856.583362 0.046240 
2855.266408 0.046240 
2853.949453 0.046240 
2852.632498 0.046868 
2851.315544 0.047208 
2849.998589 0.048178 
2848.681635 0.049273 
2847.364680 0.050840 
2846.047725 0.053357 
2844.730771 0.056184 
2843.413816 0.059668 
2842.096861 0.064283 
2840.779907 0.069228 
2839.462952 0.074429 
2838.145997 0.080839 
2836.829043 0.086742 
2835.512088 0.092969 
2834.195133 0.098677 
2832.878179 0.104367 
2831.561224 0.108851 
2830.244269 0.112398 
2828.927315 0.114495 
2827.610360 0.115086 
2826.293405 0.113612 
2824.976451 0.110632 
2823.659496 0.106584 
2822.342542 0.101616 
2821.025587 0.096628 
2819.708632 0.091727 
2818.391678 0.087328 
2817.074723 0.083181 
2815.757768 0.079226 
2814.440814 0.075569 
2813.123859 0.071923 
2811.806904 0.068394 
2810.489950 0.064977 
2809.172995 0.062075 
2807.856040 0.058999 
2806.539086 0.056405 
2805.222131 0.054084 
2803.905176 0.052277 
2802.588222 0.049813 
2801.271267 0.048149 
2799.954312 0.046328 
2798.637358 0.044896 
2797.320403 0.043214 
2796.003448 0.041441 
2794.686494 0.039892 
2793.369539 0.038361 
2792.052585 0.036948 
2790.735630 0.035303 
2789.418675 0.033982 
2788.101721 0.032267 
2786.784766 0.030983 
2785.467811 0.029716 
2784.150857 0.028004 
2782.833902 0.026719 
2781.516947 0.025412 
2780.199993 0.024201 
2778.883038 0.022920 
2777.566083 0.022154 
2776.249129 0.020907 
2774.932174 0.019662 
2773.615219 0.018902 
2772.298265 0.017637 
2770.981310 0.016862 
2769.664355 0.015772 
2768.347401 0.015147 
2767.030446 0.014094 
2765.713491 0.013484 
2764.396537 0.012869 
2763.079582 0.011827 
2761.762628 0.011201 
2760.445673 0.010615 
2759.128718 0.010105 
2757.811764 0.009844 
2756.494809 0.009215 
2755.177854 0.008631 
2753.860900 0.008017 
2752.543945 0.007861 
2751.226990 0.007237 
2749.910036 0.006657 
2748.593081 0.006473 
2747.276126 0.006123 
2745.959172 0.005712 
2744.642217 0.005570 
2743.325262 0.005243 
2742.008308 0.004808 
2740.691353 0.004653 
2739.374398 0.004365 
2738.057444 0.004302 
2736.740489 0.003926 
2735.423535 0.003926 
2734.106580 0.003488 
2732.789625 0.003240 
2731.472671 0.003051 
2730.155716 0.003051 
2728.838761 0.003051 
2727.521807 0.002624 
2726.204852 0.002614 
2724.887897 0.002303 
2723.570943 0.002177 
2722.253988 0.002177 
2720.937033 0.002177 
2719.620079 0.002090 
2718.303124 0.001741 
2716.986169 0.001741 
2715.669215 0.001597 
2714.352260 0.001305 
2713.035305 0.001305 
2711.718351 0.001305 
2710.401396 0.001305 
2709.084441 0.001305 
2707.767487 0.001073 
2706.450532 0.000869 
2705.133578 0.001189 
2703.816623 0.000869 
2702.499668 0.000869 
2701.182714 0.000869 
2699.865759 0.000869 
2698.548804 0.000435 
2697.231850 0.000435 
2695.914895 0.000435 
2694.597940 0.000435 
2693.280986 0.000435 
2691.964031 0.000435 
2690.647076 0.000435 
2689.330122 0.000435 
2688.013167 0.000435 
2686.696212 0.000435 
2685.379258 0.000435 
2684.062303 0.000435 
2682.745348 0.000435 
2681.428394 0.000099 
2680.111439 0.000353 
2678.794484 0.000244 
2677.477530 0.000435 
2676.160575 0.000435 
2674.843621 0.000435 
2673.526666 0.000435 
2672.209711 0.000435 
2670.892757 0.000435 
2669.575802 0.000435 
2668.258847 0.000435 
2666.941893 0.000435 
2665.624938 0.000435 
2664.307983 0.000692 
2662.991029 0.000869 
2661.674074 0.000869 
2660.357119 0.000869 
2659.040165 0.000895 
2657.723210 0.001305 
2656.406255 0.001305 
2655.089301 0.001305 
2653.772346 0.001512 
2652.455391 0.001741 
2651.138437 0.001741 
2649.821482 0.001993 
2648.504528 0.002177 
2647.187573 0.002314 
2645.870618 0.002614 
2644.553664 0.002634 
2643.236709 0.003051 
2641.919754 0.003392 
2640.602800 0.003488 
2639.285845 0.003713 
2637.968890 0.003926 
2636.651936 0.004365 
2635.334981 0.004365 
2634.018026 0.004796 
2632.701072 0.004950 
2631.384117 0.005243 
2630.067162 0.005243 
2628.750208 0.005441 
2627.433253 0.005683 
2626.116298 0.005764 
2624.799344 0.006123 
2623.482389 0.006524 
2622.165434 0.006564 
2620.848480 0.006564 
2619.531525 0.006991 
2618.214571 0.007005 
2616.897616 0.007005 
2615.580661 0.007058 
2614.263707 0.007254 
2612.946752 0.007374 
2611.629797 0.007446 
2610.312843 0.007446 
2608.995888 0.007446 
2607.678933 0.007889 
2606.361979 0.007889 
2605.045024 0.007889 
2603.728069 0.007889 
2602.411115 0.007889 
2601.094160 0.007889 
2599.777205 0.007889 
2598.460251 0.007889 
2597.143296 0.008331 
2595.826341 0.008331 
2594.509387 0.007937 
2593.192432 0.008331 
2591.875477 0.008331 
2590.558523 0.007907 
2589.241568 0.008155 
2587.924614 0.007889 
2586.607659 0.007889 
2585.290704 0.007889 
2583.973750 0.007889 
2582.656795 0.007889 
2581.339840 0.007889 
2580.022886 0.007457 
2578.705931 0.007446 
2577.388976 0.007446 
2576.072022 0.007446 
2574.755067 0.007446 
2573.438112 0.007446 
2572.121158 0.007446 
2570.804203 0.007446 
2569.487248 0.007446 
2568.170294 0.007446 
2566.853339 0.007446 
2565.536384 0.007873 
2564.219430 0.007584 
2562.902475 0.007889 
2561.585521 0.007889 
2560.268566 0.008080 
2558.951611 0.007963 
2557.634657 0.008331 
2556.317702 0.008331 
2555.000747 0.008331 
2553.683793 0.008774 
2552.366838 0.008774 
2551.049883 0.008774 
2549.732929 0.008937 
2548.415974 0.009217 
2547.099019 0.009217 
2545.782065 0.009423 
2544.465110 0.009661 
2543.148155 0.009661 
2541.831201 0.009914 
2540.514246 0.010105 
2539.197291 0.010105 
2537.880337 0.010381 
2536.563382 0.010550 
2535.246427 0.010550 
2533.929473 0.010550 
2532.612518 0.010995 
2531.295564 0.010995 
2529.978609 0.010995 
2528.661654 0.010995 
2527.344700 0.010995 
2526.027745 0.010995 
2524.710790 0.010995 
2523.393836 0.010995 
2522.076881 0.010985 
2520.759926 0.010550 
2519.442972 0.010550 
2518.126017 0.010513 
2516.809062 0.010105 
2515.492108 0.010105 
2514.175153 0.009661 
2512.858198 0.009394 
2511.541244 0.009217 
2510.224289 0.008774 
2508.907334 0.008467 
2507.590380 0.007889 
2506.273425 0.007700 
2504.956470 0.007446 
2503.639516 0.006934 
2502.322561 0.006564 
2501.005607 0.006170 
2499.688652 0.006020 
2498.371697 0.005407 
2497.054743 0.005243 
2495.737788 0.004804 
2494.420833 0.004506 
2493.103879 0.004323 
2491.786924 0.003926 
2490.469969 0.003571 
2489.153015 0.003417 
2487.836060 0.003051 
2486.519105 0.003051 
2485.202151 0.002921 
2483.885196 0.002614 
2482.568241 0.002614 
2481.251287 0.002614 
2479.934332 0.002291 
2478.617377 0.002177 
2477.300423 0.002177 
2475.983468 0.002177 
2474.666514 0.002177 
2473.349559 0.002177 
2472.032604 0.001757 
2470.715650 0.001741 
2469.398695 0.001741 
2468.081740 0.001741 
2466.764786 0.001741 
2465.447831 0.001741 
2464.130876 0.001741 
2462.813922 0.001741 
2461.496967 0.001741 
2460.180012 0.001741 
2458.863058 0.001741 
2457.546103 0.001741 
2456.229148 0.001741 
2454.912194 0.001741 
2453.595239 0.001741 
2452.278284 0.001741 
2450.961330 0.001741 
2449.644375 0.001741 
2448.327420 0.001741 
2447.010466 0.001741 
2445.693511 0.001741 
2444.376557 0.001741 
2443.059602 0.001741 
2441.742647 0.001741 
2440.425693 0.001741 
2439.108738 0.001741 
2437.791783 0.001741 
2436.474829 0.001741 
2435.157874 0.001741 
2433.840919 0.001741 
2432.523965 0.001741 
2431.207010 0.001741 
2429.890055 0.001741 
2428.573101 0.001729 
2427.256146 0.001305 
2425.939191 0.001305 
2424.622237 0.001305 
2423.305282 0.001305 
2421.988327 0.001305 
2420.671373 0.001305 
2419.354418 0.001305 
2418.037463 0.000929 
2416.720509 0.001183 
2415.403554 0.000869 
2414.086600 0.000869 
2412.769645 0.000869 
2411.452690 0.000869 
2410.135736 0.000869 
2408.818781 0.000869 
2407.501826 0.000869 
2406.184872 0.000435 
2404.867917 0.000435 
2403.550962 0.000435 
2402.234008 0.000435 
2400.917053 0.000435 
2399.600098 0.000435 
2398.283144 0.000435 
2396.966189 0.000435 
2395.649234 0.000435 
2394.332280 0.000435 
2393.015325 0.000435 
2391.698370 0.000435 
2390.381416 0.000435 
2389.064461 0.000435 
2387.747507 0.000435 
2386.430552 0.000435 
2385.113597 0.000038 
2383.796643 0.000260 
2382.479688 0.000348 
2381.162733 0.000000 
2379.845779 0.000220 
2378.528824 0.000435 
2377.211869 0.000435 
2375.894915 0.000435 
2374.577960 0.000435 
2373.261005 0.000435 
2371.944051 0.000435 
2370.627096 0.000435 
2369.310141 0.000435 
2367.993187 0.000435 
2366.676232 0.000435 
2365.359277 0.000435 
2364.042323 0.000435 
2362.725368 0.000435 
2361.408413 0.000435 
2360.091459 0.000435 
2358.774504 0.000435 
2357.457550 0.000435 
2356.140595 0.000435 
2354.823640 0.000228 
2353.506686 0.000345 
2352.189731 0.000091 
2350.872776 0.000206 
2349.555822 0.000000 
2348.238867 0.000000 
2346.921912 0.000279 
2345.604958 0.000002 
2344.288003 0.000000 
2342.971048 0.000000 
2341.654094 0.000372 
2340.337139 0.000201 
2339.020184 0.000435 
2337.703230 0.000435 
2336.386275 0.000187 
2335.069320 0.000405 
2333.752366 0.000120 
2332.435411 0.000435 
2331.118456 0.000435 
2329.801502 0.000435 
2328.484547 0.000124 
2327.167593 0.000435 
2325.850638 0.000435 
2324.533683 0.000058 
2323.216729 0.000346 
2321.899774 0.000261 
2320.582819 0.000435 
2319.265865 0.000435 
2317.948910 0.000152 
2316.631955 0.000435 
2315.315001 0.000435 
2313.998046 0.000435 
2312.681091 0.000435 
2311.364137 0.000435 
2310.047182 0.000435 
2308.730227 0.000435 
2307.413273 0.000435 
2306.096318 0.000435 
2304.779363 0.000435 
2303.462409 0.000435 
2302.145454 0.000435 
2300.828499 0.000255 
2299.511545 0.000343 
2298.194590 0.000435 
2296.877636 0.000435 
2295.560681 0.000435 
2294.243726 0.000435 
2292.926772 0.000435 
2291.609817 0.000435 
2290.292862 0.000435 
2288.975908 0.000435 
2287.658953 0.000435 
2286.341998 0.000435 
2285.025044 0.000435 
2283.708089 0.000435 
2282.391134 0.000435 
2281.074180 0.000435 
2279.757225 0.000435 
2278.440270 0.000721 
2277.123316 0.000869 
2275.806361 0.000869 
2274.489406 0.000869 
2273.172452 0.000869 
2271.855497 0.000869 
2270.538543 0.000869 
2269.221588 0.000869 
2267.904633 0.000869 
2266.587679 0.001267 
2265.270724 0.001305 
2263.953769 0.001305 
2262.636815 0.001305 
2261.319860 0.001305 
2260.002905 0.001305 
2258.685951 0.001305 
2257.368996 0.001514 
2256.052041 0.001741 
2254.735087 0.001741 
2253.418132 0.001741 
2252.101177 0.001741 
2250.784223 0.001741 
2249.467268 0.001741 
2248.150313 0.002177 
2246.833359 0.002177 
2245.516404 0.002177 
2244.199449 0.002177 
2242.882495 0.002177 
2241.565540 0.002177 
2240.248586 0.002177 
2238.931631 0.002177 
2237.614676 0.002177 
2236.297722 0.002177 
2234.980767 0.002177 
2233.663812 0.002177 
2232.346858 0.002177 
2231.029903 0.002177 
2229.712948 0.002177 
2228.395994 0.002177 
2227.079039 0.002177 
2225.762084 0.002177 
2224.445130 0.001908 
2223.128175 0.002165 
2221.811220 0.001741 
2220.494266 0.001741 
2219.177311 0.001741 
2217.860356 0.001741 
2216.543402 0.001374 
2215.226447 0.001305 
2213.909492 0.001305 
2212.592538 0.001305 
2211.275583 0.001305 
2209.958629 0.001025 
2208.641674 0.000869 
2207.324719 0.000869 
2206.007765 0.000869 
2204.690810 0.000869 
2203.373855 0.000664 
2202.056901 0.000435 
2200.739946 0.000435 
2199.422991 0.000435 
2198.106037 0.000435 
2196.789082 0.000435 
2195.472127 0.000435 
2194.155173 0.000435 
2192.838218 0.000435 
2191.521263 0.000435 
2190.204309 0.000435 
2188.887354 0.000435 
2187.570399 0.000435 
2186.253445 0.000435 
2184.936490 0.000435 
2183.619536 0.000435 
2182.302581 0.000435 
2180.985626 0.000435 
2179.668672 0.000435 
2178.351717 0.000435 
2177.034762 0.000435 
2175.717808 0.000435 
2174.400853 0.000435 
2173.083898 0.000435 
2171.766944 0.000435 
2170.449989 0.000435 
2169.133034 0.000435 
2167.816080 0.000435 
2166.499125 0.000435 
2165.182170 0.000435 
2163.865216 0.000246 
2162.548261 0.000000 
2161.231306 0.000435 
2159.914352 0.000435 
2158.597397 0.000435 
2157.280442 0.000435 
2155.963488 0.000435 
2154.646533 0.000020 
2153.329579 0.000435 
2152.012624 0.000435 
2150.695669 0.000435 
2149.378715 0.000435 
2148.061760 0.000435 
2146.744805 0.000075 
2145.427851 0.000435 
2144.110896 0.000435 
2142.793941 0.000435 
2141.476987 0.000435 
2140.160032 0.000435 
2138.843077 0.000435 
2137.526123 0.000435 
2136.209168 0.000435 
2134.892213 0.000435 
2133.575259 0.000435 
2132.258304 0.000435 
2130.941349 0.000435 
2129.624395 0.000435 
2128.307440 0.000435 
2126.990485 0.000435 
2125.673531 0.000435 
2124.356576 0.000435 
2123.039622 0.000435 
2121.722667 0.000435 
2120.405712 0.000435 
2119.088758 0.000435 
2117.771803 0.000435 
2116.454848 0.000435 
2115.137894 0.000435 
2113.820939 0.000135 
2112.503984 0.000435 
2111.187030 0.000429 
2109.870075 0.000000 
2108.553120 0.000325 
2107.236166 0.000364 
2105.919211 0.000000 
2104.602256 0.000391 
2103.285302 0.000000 
2101.968347 0.000000 
2100.651392 0.000000 
2099.334438 0.000000 
2098.017483 0.000297 
2096.700529 0.000000 
2095.383574 0.000181 
2094.066619 0.000081 
2092.749665 0.000435 
2091.432710 0.000435 
2090.115755 0.000435 
2088.798801 0.000435 
2087.481846 0.000435 
2086.164891 0.000435 
2084.847937 0.000435 
2083.530982 0.000435 
2082.214027 0.000435 
2080.897073 0.000435 
2079.580118 0.000435 
2078.263163 0.000435 
2076.946209 0.000675 
2075.629254 0.000869 
2074.312299 0.000869 
2072.995345 0.000869 
2071.678390 0.000869 
2070.361435 0.001033 
2069.044481 0.001305 
2067.727526 0.001305 
2066.410572 0.001305 
2065.093617 0.001305 
2063.776662 0.001305 
2062.459708 0.001567 
2061.142753 0.001741 
2059.825798 0.001741 
2058.508844 0.001741 
2057.191889 0.001745 
2055.874934 0.002177 
2054.557980 0.002177 
2053.241025 0.002177 
2051.924070 0.002177 
2050.607116 0.002562 
2049.290161 0.002614 
2047.973206 0.002614 
2046.656252 0.002614 
2045.339297 0.002614 
2044.022342 0.002614 
2042.705388 0.002655 
2041.388433 0.002871 
2040.071478 0.002614 
2038.754524 0.002614 
2037.437569 0.002614 
2036.120615 0.002614 
2034.803660 0.002614 
2033.486705 0.002614 
2032.169751 0.002614 
2030.852796 0.002614 
2029.535841 0.002614 
2028.218887 0.002177 
2026.901932 0.002177 
2025.584977 0.002177 
2024.268023 0.002113 
2022.951068 0.001741 
2021.634113 0.001741 
2020.317159 0.001618 
2019.000204 0.001305 
2017.683249 0.001305 
2016.366295 0.001305 
2015.049340 0.001305 
2013.732385 0.001272 
2012.415431 0.000869 
2011.098476 0.000869 
2009.781522 0.000869 
2008.464567 0.000869 
2007.147612 0.000869 
2005.830658 0.000869 
2004.513703 0.000869 
2003.196748 0.000435 
2001.879794 0.000435 
2000.562839 0.000435 
1999.245884 0.000435 
1997.928930 0.000435 
1996.611975 0.000435 
1995.295020 0.000435 
1993.978066 0.000435 
1992.661111 0.000435 
1991.344156 0.000435 
1990.027202 0.000435 
1988.710247 0.000435 
1987.393292 0.000435 
1986.076338 0.000435 
1984.759383 0.000435 
1983.442428 0.000435 
1982.125474 0.000435 
1980.808519 0.000435 
1979.491565 0.000435 
1978.174610 0.000435 
1976.857655 0.000435 
1975.540701 0.000435 
1974.223746 0.000435 
1972.906791 0.000435 
1971.589837 0.000435 
1970.272882 0.000435 
1968.955927 0.000435 
1967.638973 0.000435 
1966.322018 0.000435 
1965.005063 0.000176 
1963.688109 0.000005 
1962.371154 0.000435 
1961.054199 0.000435 
1959.737245 0.000435 
1958.420290 0.000435 
1957.103335 0.000435 
1955.786381 0.000435 
1954.469426 0.000435 
1953.152471 0.000435 
1951.835517 0.000435 
1950.518562 0.000435 
1949.201608 0.000435 
1947.884653 0.000435 
1946.567698 0.000435 
1945.250744 0.000435 
1943.933789 0.000435 
1942.616834 0.000435 
1941.299880 0.000435 
1939.982925 0.000435 
1938.665970 0.000435 
1937.349016 0.000435 
1936.032061 0.000435 
1934.715106 0.000435 
1933.398152 0.000435 
1932.081197 0.000435 
1930.764242 0.000435 
1929.447288 0.000435 
1928.130333 0.000435 
1926.813378 0.000435 
1925.496424 0.000435 
1924.179469 0.000435 
1922.862515 0.000435 
1921.545560 0.000435 
1920.228605 0.000435 
1918.911651 0.000435 
1917.594696 0.000435 
1916.277741 0.000435 
1914.960787 0.000435 
1913.643832 0.000435 
1912.326877 0.000435 
1911.009923 0.000178 
1909.692968 0.000435 
1908.376013 0.000435 
1907.059059 0.000125 
1905.742104 0.000435 
1904.425149 0.000435 
1903.108195 0.000435 
1901.791240 0.000435 
1900.474285 0.000435 
1899.157331 0.000435 
1897.840376 0.000435 
1896.523421 0.000435 
1895.206467 0.000435 
1893.889512 0.000435 
1892.572558 0.000119 
1891.255603 0.000435 
1889.938648 0.000435 
1888.621694 0.000435 
1887.304739 0.000435 
1885.987784 0.000435 
1884.670830 0.000435 
1883.353875 0.000435 
1882.036920 0.000147 
1880.719966 0.000426 
1879.403011 0.000435 
1878.086056 0.000435 
1876.769102 0.000435 
1875.452147 0.000435 
1874.135192 0.000435 
1872.818238 0.000088 
1871.501283 0.000435 
1870.184328 0.000435 
1868.867374 0.000290 
1867.550419 0.000283 
1866.233464 0.000435 
1864.916510 0.000435 
1863.599555 0.000435 
1862.282601 0.000435 
1860.965646 0.000435 
1859.648691 0.000435 
1858.331737 0.000435 
1857.014782 0.000435 
1855.697827 0.000435 
1854.380873 0.000435 
1853.063918 0.000435 
1851.746963 0.000435 
1850.430009 0.000435 
1849.113054 0.000435 
1847.796099 0.000435 
1846.479145 0.000435 
1845.162190 0.000435 
1843.845235 0.000435 
1842.528281 0.000435 
1841.211326 0.000435 
1839.894371 0.000435 
1838.577417 0.000435 
1837.260462 0.000435 
1835.943508 0.000435 
1834.626553 0.000435 
1833.309598 0.000435 
1831.992644 0.000435 
1830.675689 0.000435 
1829.358734 0.000435 
1828.041780 0.000435 
1826.724825 0.000435 
1825.407870 0.000435 
1824.090916 0.000435 
1822.773961 0.000435 
1821.457006 0.000435 
1820.140052 0.000435 
1818.823097 0.000435 
1817.506142 0.000435 
1816.189188 0.000435 
1814.872233 0.000435 
1813.555278 0.000435 
1812.238324 0.000435 
1810.921369 0.000435 
1809.604414 0.000435 
1808.287460 0.000435 
1806.970505 0.000642 
1805.653551 0.000502 
1804.336596 0.000869 
1803.019641 0.000869 
1801.702687 0.000480 
1800.385732 0.000869 
1799.068777 0.000869 
1797.751823 0.000869 
1796.434868 0.000869 
1795.117913 0.000530 
1793.800959 0.000869 
1792.484004 0.000869 
1791.167049 0.000869 
1789.850095 0.000869 
1788.533140 0.000869 
1787.216185 0.000869 
1785.899231 0.000869 
1784.582276 0.000869 
1783.265321 0.000869 
1781.948367 0.000869 
1780.631412 0.000869 
1779.314457 0.000869 
1777.997503 0.000869 
1776.680548 0.000869 
1775.363594 0.000869 
1774.046639 0.000869 
1772.729684 0.000869 
1771.412730 0.000869 
1770.095775 0.000869 
1768.778820 0.000869 
1767.461866 0.000869 
1766.144911 0.000869 
1764.827956 0.000869 
1763.511002 0.000869 
1762.194047 0.000869 
1760.877092 0.000869 
1759.560138 0.000869 
1758.243183 0.000869 
1756.926228 0.000869 
1755.609274 0.000869 
1754.292319 0.000869 
1752.975364 0.000869 
1751.658410 0.000869 
1750.341455 0.000869 
1749.024501 0.000869 
1747.707546 0.000869 
1746.390591 0.000869 
1745.073637 0.000869 
1743.756682 0.000869 
1742.439727 0.000869 
1741.122773 0.000869 
1739.805818 0.000869 
1738.488863 0.000869 
1737.171909 0.000869 
1735.854954 0.000869 
1734.537999 0.000869 
1733.221045 0.000869 
1731.904090 0.000869 
1730.587135 0.000869 
1729.270181 0.000882 
1727.953226 0.001305 
1726.636271 0.001305 
1725.319317 0.001266 
1724.002362 0.001086 
1722.685407 0.001305 
1721.368453 0.001305 
1720.051498 0.001305 
1718.734544 0.001305 
1717.417589 0.001006 
1716.100634 0.001305 
1714.783680 0.001305 
1713.466725 0.001305 
1712.149770 0.001305 
1710.832816 0.001305 
1709.515861 0.001305 
1708.198906 0.001305 
1706.881952 0.001305 
1705.564997 0.001305 
1704.248042 0.001305 
1702.931088 0.001466 
1701.614133 0.001442 
1700.297178 0.001305 
1698.980224 0.001488 
1697.663269 0.001741 
1696.346314 0.001305 
1695.029360 0.001305 
1693.712405 0.001305 
1692.395450 0.001741 
1691.078496 0.001741 
1689.761541 0.001741 
1688.444587 0.001741 
1687.127632 0.001741 
1685.810677 0.001702 
1684.493723 0.001502 
1683.176768 0.001741 
1681.859813 0.001741 
1680.542859 0.001741 
1679.225904 0.001741 
1677.908949 0.001741 
1676.591995 0.001741 
1675.275040 0.001752 
1673.958085 0.002011 
1672.641131 0.001741 
1671.324176 0.001778 
1670.007221 0.002177 
1668.690267 0.002177 
1667.373312 0.002177 
1666.056357 0.002177 
1664.739403 0.002177 
1663.422448 0.002177 
1662.105493 0.002177 
1660.788539 0.002177 
1659.471584 0.002177 
1658.154630 0.002177 
1656.837675 0.002614 
1655.520720 0.002405 
1654.203766 0.002177 
1652.886811 0.002281 
1651.569856 0.002614 
1650.252902 0.002614 
1648.935947 0.002614 
1647.618992 0.002614 
1646.302038 0.002614 
1644.985083 0.002795 
1643.668128 0.002696 
1642.351174 0.003051 
1641.034219 0.003051 
1639.717264 0.003051 
1638.400310 0.003051 
1637.083355 0.003051 
1635.766400 0.003051 
1634.449446 0.003051 
1633.132491 0.003051 
1631.815537 0.003488 
1630.498582 0.003488 
1629.181627 0.003488 
1627.864673 0.003488 
1626.547718 0.003488 
1625.230763 0.003488 
1623.913809 0.003488 
1622.596854 0.003488 
1621.279899 0.003497 
1619.962945 0.003926 
1618.645990 0.003926 
1617.329035 0.003523 
1616.012081 0.003926 
1614.695126 0.003926 
1613.378171 0.003926 
1612.061217 0.003926 
1610.744262 0.003926 
1609.427307 0.004046 
1608.110353 0.004365 
1606.793398 0.004362 
1605.476443 0.004112 
1604.159489 0.004365 
1602.842534 0.004365 
1601.525580 0.004365 
1600.208625 0.004365 
1598.891670 0.004456 
1597.574716 0.004804 
1596.257761 0.004804 
1594.940806 0.004804 
1593.623852 0.004804 
1592.306897 0.004804 
1590.989942 0.004804 
1589.672988 0.004804 
1588.356033 0.004867 
1587.039078 0.005243 
1585.722124 0.005243 
1584.405169 0.005243 
1583.088214 0.005243 
1581.771260 0.005243 
1580.454305 0.005395 
1579.137350 0.005391 
1577.820396 0.005648 
1576.503441 0.005437 
1575.186486 0.005683 
1573.869532 0.005683 
1572.552577 0.005683 
1571.235623 0.006063 
1569.918668 0.006123 
1568.601713 0.006123 
1567.284759 0.006123 
1565.967804 0.006123 
1564.650849 0.006123 
1563.333895 0.006564 
1562.016940 0.006564 
1560.699985 0.006211 
1559.383031 0.006564 
1558.066076 0.006564 
1556.749121 0.006981 
1555.432167 0.006887 
1554.115212 0.006851 
1552.798257 0.007005 
1551.481303 0.007005 
1550.164348 0.007005 
1548.847393 0.007072 
1547.530439 0.007446 
1546.213484 0.007446 
1544.896530 0.007446 
1543.579575 0.007702 
1542.262620 0.007889 
1540.945666 0.007889 
1539.628711 0.007889 
1538.311756 0.008326 
1536.994802 0.008331 
1535.677847 0.008331 
1534.360892 0.008393 
1533.043938 0.008774 
1531.726983 0.009161 
1530.410028 0.009311 
1529.093074 0.009661 
1527.776119 0.009661 
1526.459164 0.010105 
1525.142210 0.010398 
1523.825255 0.010995 
1522.508300 0.010995 
1521.191346 0.011346 
1519.874391 0.011949 
1518.557436 0.012577 
1517.240482 0.013165 
1515.923527 0.013800 
1514.606573 0.014391 
1513.289618 0.015478 
1511.972663 0.016071 
1510.655709 0.016697 
1509.338754 0.017757 
1508.021799 0.018371 
1506.704845 0.018995 
1505.387890 0.020054 
1504.070935 0.020934 
1502.753981 0.021792 
1501.437026 0.022396 
1500.120071 0.023324 
1498.803117 0.024108 
1497.486162 0.024728 
1496.169207 0.025701 
1494.852253 0.026435 
1493.535298 0.027087 
1492.218343 0.028058 
1490.901389 0.028909 
1489.584434 0.030186 
1488.267479 0.031454 
1486.950525 0.032842 
1485.633570 0.034484 
1484.316616 0.036189 
1482.999661 0.037726 
1481.682706 0.039260 
1480.365752 0.040610 
1479.048797 0.041868 
1477.731842 0.042802 
1476.414888 0.043351 
1475.097933 0.043351 
1473.780978 0.042911 
1472.464024 0.042872 
1471.147069 0.042872 
1469.830114 0.042905 
1468.513160 0.043537 
1467.196205 0.044207 
1465.879250 0.045275 
1464.562296 0.045744 
1463.245341 0.046240 
1461.928386 0.046724 
1460.611432 0.047009 
1459.294477 0.046724 
1457.977523 0.046568 
1456.660568 0.046240 
1455.343613 0.045730 
1454.026659 0.045275 
1452.709704 0.044894 
1451.392749 0.044312 
1450.075795 0.044312 
1448.758840 0.044312 
1447.441885 0.044312 
1446.124931 0.044312 
1444.807976 0.044312 
1443.491021 0.043982 
1442.174067 0.043003 
1440.857112 0.041846 
1439.540157 0.040044 
1438.223203 0.038423 
1436.906248 0.036974 
1435.589293 0.035971 
1434.272339 0.035307 
1432.955384 0.034670 
1431.638429 0.034017 
1430.321475 0.033858 
1429.004520 0.033389 
1427.687566 0.033389 
1426.370611 0.032920 
1425.053656 0.032920 
1423.736702 0.032523 
1422.419747 0.032452 
1421.102792 0.032452 
1419.785838 0.032024 
1418.468883 0.031864 
1417.151928 0.031517 
1415.834974 0.031487 
1414.518019 0.031050 
1413.201064 0.030688 
1411.884110 0.030118 
1410.567155 0.029894 
1409.250200 0.029258 
1407.933246 0.028638 
1406.616291 0.027990 
1405.299336 0.026964 
1403.982382 0.026264 
1402.665427 0.025365 
1401.348472 0.024521 
1400.031518 0.023462 
1398.714563 0.022473 
1397.397609 0.021715 
1396.080654 0.020434 
1394.763699 0.019237 
1393.446745 0.018405 
1392.129790 0.017471 
1390.812835 0.016387 
1389.495881 0.015649 
1388.178926 0.014713 
1386.861971 0.014106 
1385.545017 0.013472 
1384.228062 0.012883 
1382.911107 0.012250 
1381.594153 0.011661 
1380.277198 0.011033 
1378.960243 0.010888 
1377.643289 0.010275 
1376.326334 0.009673 
1375.009379 0.009217 
1373.692425 0.008904 
1372.375470 0.008719 
1371.058516 0.008331 
1369.741561 0.007959 
1368.424606 0.007889 
1367.107652 0.007647 
1365.790697 0.007446 
1364.473742 0.007446 
1363.156788 0.007446 
1361.839833 0.007871 
1360.522878 0.007889 
1359.205924 0.007889 
1357.888969 0.007889 
1356.572014 0.007889 
1355.255060 0.007515 
1353.938105 0.007446 
1352.621150 0.007446 
1351.304196 0.007051 
1349.987241 0.007005 
1348.670286 0.007005 
1347.353332 0.006564 
1346.036377 0.006564 
1344.719422 0.006564 
1343.402468 0.006564 
1342.085513 0.006564 
1340.768559 0.006197 
1339.451604 0.006123 
1338.134649 0.005874 
1336.817695 0.005683 
1335.500740 0.005551 
1334.183785 0.005243 
1332.866831 0.005243 
1331.549876 0.005072 
1330.232921 0.004804 
1328.915967 0.004804 
1327.599012 0.004804 
1326.282057 0.004405 
1324.965103 0.004365 
1323.648148 0.004365 
1322.331193 0.004365 
1321.014239 0.004226 
1319.697284 0.003926 
1318.380329 0.003926 
1317.063375 0.003926 
1315.746420 0.003926 
1314.429465 0.003851 
1313.112511 0.003488 
1311.795556 0.003488 
1310.478602 0.003488 
1309.161647 0.003488 
1307.844692 0.003488 
1306.527738 0.003488 
1305.210783 0.003488 
1303.893828 0.003051 
1302.576874 0.003051 
1301.259919 0.003051 
1299.942964 0.003051 
1298.626010 0.003051 
1297.309055 0.003051 
1295.992100 0.003051 
1294.675146 0.003051 
1293.358191 0.003051 
1292.041236 0.003051 
1290.724282 0.003051 
1289.407327 0.002614 
1288.090372 0.002614 
1286.773418 0.002614 
1285.456463 0.002614 
1284.139509 0.002614 
1282.822554 0.002614 
1281.505599 0.002614 
1280.188645 0.002614 
1278.871690 0.002602 
1277.554735 0.002177 
1276.237781 0.002177 
1274.920826 0.002177 
1273.603871 0.002177 
1272.286917 0.002177 
1270.969962 0.002177 
1269.653007 0.002177 
1268.336053 0.001757 
1267.019098 0.002177 
1265.702143 0.001873 
1264.385189 0.001741 
1263.068234 0.001741 
1261.751279 0.001741 
1260.434325 0.001741 
1259.117370 0.001951 
1257.800415 0.001790 
1256.483461 0.001741 
1255.166506 0.001741 
1253.849552 0.001741 
1252.532597 0.001741 
1251.215642 0.001741 
1249.898688 0.001741 
1248.581733 0.001559 
1247.264778 0.001305 
1245.947824 0.001305 
1244.630869 0.001305 
1243.313914 0.001305 
1241.996960 0.001305 
1240.680005 0.001305 
1239.363050 0.000885 
1238.046096 0.001151 
1236.729141 0.000869 
1235.412186 0.000869 
1234.095232 0.000869 
1232.778277 0.000869 
1231.461322 0.000869 
1230.144368 0.000869 
1228.827413 0.000869 
1227.510458 0.000869 
1226.193504 0.000869 
1224.876549 0.000859 
1223.559595 0.000599 
1222.242640 0.000540 
1220.925685 0.000435 
1219.608731 0.000435 
1218.291776 0.000435 
1216.974821 0.000435 
1215.657867 0.000435 
1214.340912 0.000435 
1213.023957 0.000435 
1211.707003 0.000435 
1210.390048 0.000435 
1209.073093 0.000435 
1207.756139 0.000435 
1206.439184 0.000435 
1205.122229 0.000435 
1203.805275 0.000435 
1202.488320 0.000435 
1201.171365 0.000435 
1199.854411 0.000435 
1198.537456 0.000435 
1197.220502 0.000435 
1195.903547 0.000042 
1194.586592 0.000435 
1193.269638 0.000435 
1191.952683 0.000064 
1190.635728 0.000211 
1189.318774 0.000000 
1188.001819 0.000096 
1186.684864 0.000435 
1185.367910 0.000435 
1184.050955 0.000435 
1182.734000 0.000435 
1181.417046 0.000435 
1180.100091 0.000435 
1178.783136 0.000435 
1177.466182 0.000435 
1176.149227 0.000435 
1174.832272 0.000435 
1173.515318 0.000435 
1172.198363 0.000435 
1170.881408 0.000869 
1169.564454 0.000869 
1168.247499 0.001185 
1166.930545 0.001339 
1165.613590 0.001741 
1164.296635 0.002091 
1162.979681 0.002273 
1161.662726 0.002614 
1160.345771 0.002614 
1159.028817 0.002614 
1157.711862 0.002614 
1156.394907 0.002614 
1155.077953 0.002614 
1153.760998 0.002614 
1152.444043 0.002177 
1151.127089 0.002384 
1149.810134 0.002998 
1148.493179 0.003579 
1147.176225 0.004692 
1145.859270 0.006071 
1144.542315 0.008269 
1143.225361 0.010417 
1141.908406 0.012766 
1140.591451 0.015759 
1139.274497 0.017809 
1137.957542 0.019736 
1136.640588 0.021606 
1135.323633 0.022677 
1134.006678 0.023749 
1132.689724 0.024389 
1131.372769 0.024568 
1130.055814 0.024568 
1128.738860 0.024265 
1127.421905 0.023650 
1126.104950 0.023469 
1124.787996 0.023192 
1123.471041 0.022668 
1122.154086 0.022027 
1120.837132 0.021426 
1119.520177 0.020780 
1118.203222 0.020180 
1116.886268 0.019536 
1115.569313 0.018938 
1114.252358 0.017983 
1112.935404 0.017248 
1111.618449 0.016443 
1110.301494 0.015564 
1108.984540 0.014010 
1107.667585 0.012514 
1106.350631 0.010625 
1105.033676 0.009307 
1103.716721 0.007472 
1102.399767 0.005683 
1101.082812 0.004495 
1099.765857 0.003284 
1098.448903 0.002564 
1097.131948 0.001537 
1095.814993 0.001305 
1094.498039 0.000781 
1093.181084 0.000435 
1091.864129 0.000435 
1090.547175 0.000435 
1089.230220 0.000144 
1087.913265 0.000429 
1086.596311 0.000259 
1085.279356 0.000000 
1083.962401 0.000435 
1082.645447 0.000435 
1081.328492 0.000435 
1080.011538 0.000435 
1078.694583 0.000698 
1077.377628 0.000869 
1076.060674 0.000869 
1074.743719 0.001155 
1073.426764 0.001305 
1072.109810 0.001305 
1070.792855 0.001648 
1069.475900 0.001741 
1068.158946 0.002169 
1066.841991 0.002614 
1065.525036 0.003136 
1064.208082 0.003488 
1062.891127 0.003930 
1061.574172 0.004508 
1060.257218 0.005432 
1058.940263 0.006643 
1057.623308 0.008445 
1056.306354 0.011336 
1054.989399 0.015634 
1053.672444 0.022894 
1052.355490 0.031369 
1051.038535 0.042396 
1049.721581 0.055471 
1048.404626 0.069511 
1047.087671 0.084257 
1045.770717 0.099434 
1044.453762 0.114037 
1043.136807 0.128656 
1041.819853 0.142244 
1040.502898 0.157006 
1039.185943 0.170537 
1037.868989 0.184331 
1036.552034 0.197396 
1035.235079 0.210296 
1033.918125 0.222417 
1032.601170 0.233594 
1031.284215 0.242951 
1029.967261 0.251657 
1028.650306 0.257474 
1027.333351 0.261661 
1026.016397 0.262661 
1024.699442 0.260692 
1023.382487 0.255314 
1022.065533 0.245574 
1020.748578 0.231563 
1019.431624 0.213665 
1018.114669 0.193724 
1016.797714 0.171065 
1015.480760 0.149936 
1014.163805 0.129562 
1012.846850 0.112450 
1011.529896 0.098541 
1010.212941 0.087146 
1008.895986 0.077928 
1007.579032 0.069298 
1006.262077 0.061589 
1004.945122 0.054262 
1003.628168 0.047436 
1002.311213 0.040165 
1000.994258 0.033779 
999.677304 0.027476 
998.360349 0.021917 
997.043394 0.017090 
995.726440 0.013405 
994.409485 0.009743 
993.092531 0.007451 
991.775576 0.005646 
990.458621 0.003898 
989.141667 0.003116 
987.824712 0.002266 
986.507757 0.001672 
985.190803 0.001076 
983.873848 0.000869 
982.556893 0.000759 
981.239939 0.000435 
979.922984 0.000435 
978.606029 0.000435 
977.289075 0.000435 
975.972120 0.000435 
974.655165 0.000435 
973.338211 0.000435 
972.021256 0.000359 
970.704301 0.000236 
969.387347 0.000040 
968.070392 0.000121 
966.753437 0.000435 
965.436483 0.000435 
964.119528 0.000435 
962.802574 0.000435 
961.485619 0.000435 
960.168664 0.000435 
958.851710 0.000435 
957.534755 0.000435 
956.217800 0.000680 
954.900846 0.000869 
953.583891 0.000869 
952.266936 0.000869 
950.949982 0.000878 
949.633027 0.001305 
948.316072 0.001305 
946.999118 0.001305 
945.682163 0.001305 
944.365208 0.001305 
943.048254 0.001741 
941.731299 0.001741 
940.414344 0.001741 
939.097390 0.001878 
937.780435 0.002177 
936.463480 0.002177 
935.146526 0.002356 
933.829571 0.002276 
932.512617 0.002614 
931.195662 0.002614 
929.878707 0.002614 
928.561753 0.003051 
927.244798 0.003051 
925.927843 0.003475 
924.610889 0.003488 
923.293934 0.003488 
921.976979 0.003926 
920.660025 0.003926 
919.343070 0.003926 
918.026115 0.004365 
916.709161 0.004365 
915.392206 0.004757 
914.075251 0.004804 
912.758297 0.004804 
911.441342 0.005238 
910.124387 0.005243 
908.807433 0.005560 
907.490478 0.005719 
906.173524 0.006123 
904.856569 0.006123 
903.539614 0.006123 
902.222660 0.006365 
900.905705 0.006564 
899.588750 0.007005 
898.271796 0.007005 
896.954841 0.007007 
895.637886 0.007446 
894.320932 0.007773 
893.003977 0.007889 
891.687022 0.007889 
890.370068 0.008258 
889.053113 0.008421 
887.736158 0.008774 
886.419204 0.008774 
885.102249 0.009217 
883.785294 0.009217 
882.468340 0.009661 
881.151385 0.009836 
879.834430 0.010105 
878.517476 0.010161 
877.200521 0.010550 
875.883567 0.010933 
874.566612 0.010995 
873.249657 0.010995 
871.932703 0.011421 
870.615748 0.011441 
869.298793 0.011745 
867.981839 0.011909 
866.664884 0.012334 
865.347929 0.012334 
864.030975 0.012781 
862.714020 0.012781 
861.397065 0.013173 
860.080111 0.013335 
858.763156 0.013676 
857.446201 0.013676 
856.129247 0.013676 
854.812292 0.013993 
853.495337 0.014155 
852.178383 0.014574 
850.861428 0.014574 
849.544473 0.015023 
848.227519 0.015023 
846.910564 0.015426 
845.593610 0.015473 
844.276655 0.015756 
842.959700 0.015923 
841.642746 0.015923 
840.325791 0.016249 
839.008836 0.016416 
837.691882 0.016619 
836.374927 0.016744 
835.057972 0.016910 
833.741018 0.017277 
832.424063 0.017277 
831.107108 0.017405 
829.790154 0.017729 
828.473199 0.017737 
827.156244 0.018181 
825.839290 0.018181 
824.522335 0.018231 
823.205380 0.018634 
821.888426 0.018634 
820.571471 0.019088 
819.254517 0.019348 
817.937562 0.019115 
816.620607 0.019542 
815.303653 0.019542 
813.986698 0.019997 
812.669743 0.019997 
811.352789 0.019997 
810.035834 0.020452 
808.718879 0.020452 
807.401925 0.020844 
806.084970 0.020907 
804.768015 0.020907 
803.451061 0.021343 
802.134106 0.021363 
800.817151 0.021678 
799.500197 0.021819 
798.183242 0.021819 
796.866287 0.022178 
795.549333 0.022276 
794.232378 0.022513 
792.915423 0.022734 
791.598469 0.022848 
790.281514 0.023192 
788.964560 0.023192 
787.647605 0.023349 
786.330650 0.023650 
785.013696 0.024109 
783.696741 0.024109 
782.379786 0.024109 
781.062832 0.024188 
779.745877 0.024568 
778.428922 0.024981 
777.111968 0.025028 
775.795013 0.025028 
774.478058 0.025488 
773.161104 0.025656 
771.844149 0.025949 
770.527194 0.025949 
769.210240 0.025949 
767.893285 0.026328 
766.576330 0.026410 
765.259376 0.026665 
763.942421 0.026872 
762.625466 0.027004 
761.308512 0.027334 
759.991557 0.027343 
758.674603 0.027797 
757.357648 0.027797 
756.040693 0.028260 
754.723739 0.028260 
753.406784 0.028260 
752.089829 0.028724 
750.772875 0.028724 
749.455920 0.029161 
748.138965 0.029188 
746.822011 0.029188 
745.505056 0.029653 
744.188101 0.029653 
742.871147 0.030011 
741.554192 0.030118 
740.237237 0.030118 
738.920283 0.030521 
737.603328 0.030584 
736.286373 0.030862 
734.969419 0.030603 
733.652464 0.030737 
732.335510 0.031050 
731.018555 0.031517 
729.701600 0.031517 
728.384646 0.031517 
727.067691 0.031590 
725.750736 0.031984 
724.433782 0.031984 
723.116827 0.031984 
721.799872 0.031984 
720.482918 0.032441 
719.165963 0.032452 
717.849008 0.032452 
716.532054 0.032920 
715.215099 0.032920 
713.898144 0.032920 
712.581190 0.032920 
711.264235 0.032920 
709.947280 0.033342 
708.630326 0.033389 
707.313371 0.033389 
705.996416 0.033389 
704.679462 0.033389 
703.362507 0.033389 
702.045553 0.033812 
700.728598 0.033389 
699.411643 0.033779 
698.094689 0.033858 
696.777734 0.033596 
695.460779 0.033823 
694.143825 0.033858 
692.826870 0.033552 
691.509915 0.033389 
690.192961 0.033389 
688.876006 0.033389 
687.559051 0.033389 
686.242097 0.033163 
684.925142 0.032920 
683.608187 0.032920 
682.291233 0.032648 
680.974278 0.032894 
679.657323 0.032618 
678.340369 0.032268 
677.023414 0.032083 
675.706459 0.031820 
674.389505 0.031297 
673.072550 0.031050 
671.755596 0.030700 
670.438641 0.030522 
669.121686 0.030116 
667.804732 0.029952 
666.487777 0.029551 
665.170822 0.029113 
663.853868 0.028748 
662.536913 0.028237 
661.219958 0.027951 
659.903004 0.027441 
658.586049 0.027128 
657.269094 0.026606 
655.952140 0.026286 
654.635185 0.025808 
653.318230 0.025425 
652.001276 0.024995 
650.684321 0.024458 
649.367366 0.023945 
648.050412 0.023665 
646.733457 0.023145 
645.416503 0.022635 
644.099548 0.022168 
642.782593 0.021834 
641.465639 0.021314 
640.148684 0.020872 
638.831729 0.020521 
637.514775 0.019999 
636.197820 0.019498 
634.880865 0.018999 
633.563911 0.018684 
632.246956 0.018184 
630.930001 0.017702 
629.613047 0.017244 
628.296092 0.017057 
626.979137 0.016481 
625.662183 0.016096 
624.345228 0.015760 
623.028273 0.015217 
621.711319 0.014808 
620.394364 0.014476 
619.077409 0.014279 
617.760455 0.013902 
616.443500 0.013549 
615.126546 0.013330 
613.809591 0.012985 
612.492636 0.012615 
611.175682 0.012187 
609.858727 0.011957 
608.541772 0.011946 
607.224818 0.011464 
605.907863 0.011273 
604.590908 0.010683 
603.273954 0.010592 
601.956999 0.010247 
600.640044 0.010032 
599.323090 0.009613 
598.006135 0.009380 
596.689180 0.009259 
595.372226 0.008995 
594.055271 0.008793 
592.738316 0.008466 
591.421362 0.008359 
590.104407 0.008031 
588.787452 0.007788 
587.470498 0.007567 
586.153543 0.007256 
584.836589 0.006996 
583.519634 0.006794 
582.202679 0.006649 
580.885725 0.006395 
579.568770 0.006079 
578.251815 0.006083 
576.934861 0.006043 
575.617906 0.005529 
574.300951 0.005439 
572.983997 0.005149 
571.667042 0.004968 
570.350087 0.004726 
569.033133 0.004632 
567.716178 0.004547 
566.399223 0.004288 
565.082269 0.004157 
563.765314 0.003961 
562.448359 0.003755 
561.131405 0.003617 
559.814450 0.003361 
558.497495 0.003278 
557.180541 0.003209 
555.863586 0.003136 
554.546632 0.003035 
553.229677 0.002753 
551.912722 0.002509 
550.595768 0.002552 
549.278813 0.002286 
547.961858 0.002230 
546.644904 0.001974 
545.327949 0.001955 
544.010994 0.001808 
542.694040 0.001864 
541.377085 0.001793 
540.060130 0.001793 
538.743176 0.001530 
537.426221 0.001470 
536.109266 0.001011 
534.792312 0.001338 
533.475357 0.001115 
532.158402 0.001227 
530.841448 0.001153 
529.524493 0.001113 
528.207539 0.001016 
526.890584 0.001010 
525.573629 0.001232 
524.256675 0.000893 
522.939720 0.001018 
521.622765 0.000443 
520.305811 0.000792 
518.988856 0.000428 
517.671901 0.000361 
516.354947 0.000086 
515.037992 0.000420 
513.721037 0.000213 
512.404083 0.000144 
511.087128 0.000230 
509.770173 -0.000043 
508.453219 -0.000043 
507.136264 0.000011 
505.819309 -0.000024 
504.502355 -0.000083 
503.185400 -0.000043 
501.868445 -0.000043 
500.551491 -0.000043 
499.234536 -0.000043 
497.917582 -0.000043 
496.600627 -0.000043 
495.283672 -0.000043 
493.966718 -0.000007 
492.649763 -0.000009 
491.332808 -0.000018 
490.015854 -0.000040 
488.698899 -0.000043 
487.381944 -0.000014 
486.064990 -0.000002 
484.748035 -0.000043 
483.431080 -0.000010 
482.114126 -0.000002 
480.797171 -0.000022 
479.480216 0.000000 
478.163262 0.000010 
476.846307 -0.000043 
475.529352 -0.000043 
474.212398 0.000035 
472.895443 0.000020 
471.578488 0.000030 
470.261534 0.000087 
468.944579 0.000022 
467.627625 -0.000034 
466.310670 0.000037 
464.993715 0.000060 
463.676761 0.000024 
462.359806 0.000047 
461.042851 0.000049 
459.725897 0.000065 
458.408942 0.000050 
457.091987 0.000070 
455.775033 0.000112 
454.458078 0.000109 
453.141123 0.000093 
451.824169 0.000110 
450.507214 0.000072 
449.190259 0.000106 
447.873305 0.000138 
446.556350 0.000122 
445.239395 0.000150 
443.922441 0.000184 
442.605486 0.000113 
441.288532 0.000118 
439.971577 0.000143 
438.654622 0.000168 
437.337668 0.000164 
436.020713 0.000142 
434.703758 0.000149 
433.386804 0.000155 
432.069849 0.000097 
430.752894 0.000155 
429.435940 0.000191 
428.118985 0.000117 
426.802030 0.000138 
425.485076 0.000183 
424.168121 0.000136 
422.851166 0.000122 
421.534212 0.000146 
420.217257 0.000168 
418.900302 0.000129 
417.583348 0.000104 
416.266393 0.000183 
414.949438 0.000173 
413.632484 0.000066 
412.315529 0.000146 
410.998575 0.000194 
409.681620 0.000078 
408.364665 0.000114 
407.047711 0.000154 
405.730756 0.000105 
404.413801 0.000112 
403.096847 0.000108 
401.779892 0.000123 
400.462937 0.000106 
399.145983 0.000072 
397.829028 0.000098 
396.512073 0.000100 
395.195119 0.000062 
393.878164 0.000099 
392.561209 0.000091 
391.244255 0.000055 
389.927300 0.000088 
388.610345 0.000081 
387.293391 0.000065 
385.976436 0.000102 
384.659481 0.000049 
383.342527 0.000041 
382.025572 0.000066 
380.708618 0.000045 
379.391663 0.000083 
378.074708 0.000030 
376.757754 0.000038 
375.440799 0.000069 
374.123844 0.000009 
372.806890 0.000049 
371.489935 0.000139 
370.172980 0.000029 
368.856026 0.000057 
367.539071 0.000174 
366.222116 0.000096 
364.905162 0.000068 
363.588207 0.000092 
362.271252 0.000150 
360.954298 0.000167 
359.637343 0.000088 
358.320388 0.000242 
357.003434 0.000358 
355.686479 0.000250 
354.369525 0.000361 
353.052570 0.000580 
351.735615 0.000526 
350.418661 0.000633 
349.101706 0.000806 
347.784751 0.000890 
346.467797 0.001027 
345.150842 0.001084 
343.833887 0.001277 
342.516933 0.001470 
341.199978 0.001465 
339.883023 0.001692 
338.566069 0.001910 
337.249114 0.001875 
335.932159 0.002052 
334.615205 0.002235 
333.298250 0.002258 
331.981295 0.002383 
330.664341 0.002439 
329.347386 0.002465 
328.030431 0.002508 
326.713477 0.002520 
325.396522 0.002567 
324.079568 0.002598 
322.762613 0.002584 
321.445658 0.002636 
320.128704 0.002608 
318.811749 0.002568 
317.494794 0.002632 
316.177840 0.002530 
314.860885 0.002458 
313.543930 0.002573 
312.226976 0.002461 
310.910021 0.002358 
309.593066 0.002394 
308.276112 0.002369 
306.959157 0.002295 
305.642202 0.002174 
304.325248 0.002193 
303.008293 0.002083 
301.691338 0.001985 
300.374384 0.002118 
299.057429 0.002237 
297.740474 0.001963 
296.423520 0.001986 
295.106565 0.002085 
293.789611 0.001914 
292.472656 0.001839 
291.155701 0.001591 
289.838747 0.001709 
288.521792 0.001887 
287.204837 0.001715 
285.887883 0.001803 
284.570928 0.001901 
283.253973 0.001593 
281.937019 0.001606 
280.620064 0.001803 
279.303109 0.001491 
277.986155 0.001447 
276.669200 0.001652 
275.352245 0.001539 
274.035291 0.001607 
272.718336 0.001552 
271.401381 0.001526 
270.084427 0.001598 
268.767472 0.001425 
267.450518 0.001453 
266.133563 0.001495 
264.816608 0.001309 
263.499654 0.001399 
262.182699 0.001448 
260.865744 0.001330 
259.548790 0.001525 
258.231835 0.001448 
256.914880 0.001401 
255.597926 0.001603 
254.280971 0.001374 
252.964016 0.001348 
251.647062 0.001471 
250.330107 0.001429 
249.013152 0.001280 
247.696198 0.001298 
246.379243 0.001464 
245.062288 0.001736 
243.745334 0.001482 
242.428379 0.001448 
241.111424 0.001669 
239.794470 0.001526 
238.477515 0.001508 
237.160561 0.001675 
235.843606 0.001634 
234.526651 0.001595 
233.209697 0.001480 
231.892742 0.001646 
230.575787 0.001786 
229.258833 0.001528 
227.941878 0.001579 
226.624923 0.001732 
225.307969 0.001522 
223.991014 0.001693 
222.674059 0.001771 
221.357105 0.001702 
220.040150 0.001839 
218.723195 0.001763 
217.406241 0.001772 
216.089286 0.001957 
214.772331 0.001763 
213.455377 0.001846 
212.138422 0.002099 
210.821467 0.001901 
209.504513 0.001991 
208.187558 0.002069 
206.870604 0.001885 
205.553649 0.002121 
204.236694 0.002197 
202.919740 0.002175 
201.602785 0.002403 
200.285830 0.002315 
198.968876 0.002244 
197.651921 0.002385 
196.334966 0.002463 
195.018012 0.002487 
193.701057 0.002493 
192.384102 0.002618 
191.067148 0.002760 
189.750193 0.002723 
188.433238 0.002882 
187.116284 0.003227 
185.799329 0.003161 
184.482374 0.003175 
183.165420 0.003317 
181.848465 0.003429 
180.531511 0.003516 
179.214556 0.003631 
177.897601 0.003714 
176.580647 0.003987 
175.263692 0.003860 
173.946737 0.004132 
172.629783 0.004428 
171.312828 0.004138 
169.995873 0.004274 
168.678919 0.004812 
167.361964 0.004787 
166.045009 0.004989 
164.728055 0.005077 
163.411100 0.005294 
162.094145 0.005565 
160.777191 0.005553 
159.460236 0.005742 
158.143281 0.005832 
156.826327 0.005844 
155.509372 0.006206 
154.192417 0.006121 
152.875463 0.005951 
151.558508 0.006468 
150.241554 0.006485 
148.924599 0.006367 
147.607644 0.006772 
146.290690 0.006699 
144.973735 0.006618 
143.656780 0.006761 
142.339826 0.006724 
141.022871 0.006706 
139.705916 0.006512 
138.388962 0.006608 
137.072007 0.006828 
135.755052 0.006559 
134.438098 0.006459 
133.121143 0.006678 
131.804188 0.006578 
130.487234 0.006248 
129.170279 0.006410 
127.853324 0.006246 
126.536370 0.005965 
125.219415 0.006099 
123.902460 0.006293 
122.585506 0.006298 
121.268551 0.005705 
119.951597 0.005801 
118.634642 0.005964 
117.317687 0.005485 
116.000733 0.005473 
114.683778 0.005492 
113.366823 0.005171 
112.049869 0.005190 
110.732914 0.004960 
109.415959 0.004854 
108.099005 0.004693 
106.782050 0.004590 
105.465095 0.004487 
104.148141 0.004386 
102.831186 0.004295 
101.514231 0.003931 
100.197277 0.003896 
98.880322 0.003798 
97.563367 0.003911 
96.246413 0.003750 
94.929458 0.003639 
93.612504 0.003713 
92.295549 0.003467 
90.978594 0.003216 
89.661640 0.002881 
88.344685 0.003068 
87.027730 0.002990 
85.710776 0.002931 
84.393821 0.002721 
83.076866 0.002632 
81.759912 0.002412 
80.442957 0.002318 
79.126002 0.002020 
77.809048 0.001961 
76.492093 0.001806 
75.175138 0.001871 
73.858184 0.001615 
72.541229 0.001585 
71.224274 0.001360 
69.907320 0.000666 
68.590365 0.000521 
67.273410 0.000948 
65.956456 0.000764 
64.639501 0.000686 
63.322547 0.000538 
62.005592 0.000223 
60.688637 0.000466 
59.371683 0.000186 
58.054728 0.000215 
56.737773 0.000134 
55.420819 -0.000022 
54.103864 -0.000095 
52.786909 -0.000289 
51.469955 -0.000460 
50.153000 -0.000304 
