3998.800000 -0.029384 
3997.800000 -0.028978 
3996.800000 -0.028978 
3995.900000 -0.029384 
3994.900000 -0.028978 
3994.000000 -0.029384 
3993.000000 -0.028978 
3992.000000 -0.028978 
3991.100000 -0.028978 
3990.100000 -0.028978 
3989.100000 -0.028978 
3988.200000 -0.028978 
3987.200000 -0.029384 
3986.200000 -0.028978 
3985.300000 -0.028978 
3984.300000 -0.028978 
3983.300000 -0.029384 
3982.400000 -0.029384 
3981.400000 -0.028978 
3980.400000 -0.028978 
3979.500000 -0.029384 
3978.500000 -0.028978 
3977.600000 -0.029384 
3976.600000 -0.028978 
3975.600000 -0.028978 
3974.700000 -0.028978 
3973.700000 -0.028978 
3972.700000 -0.028978 
3971.800000 -0.029384 
3970.800000 -0.028978 
3969.800000 -0.028978 
3968.900000 -0.028978 
3967.900000 -0.028978 
3966.900000 -0.029384 
3966.000000 -0.028978 
3965.000000 -0.028978 
3964.100000 -0.028978 
3963.100000 -0.028978 
3962.100000 -0.028978 
3961.200000 -0.028978 
3960.200000 -0.028978 
3959.200000 -0.029384 
3958.300000 -0.029384 
3957.300000 -0.029384 
3956.300000 -0.028978 
3955.400000 -0.029384 
3954.400000 -0.029384 
3953.400000 -0.028978 
3952.500000 -0.028978 
3951.500000 -0.028978 
3950.600000 -0.029384 
3949.600000 -0.028978 
3948.600000 -0.028978 
3947.700000 -0.028978 
3946.700000 -0.028978 
3945.700000 -0.028978 
3944.800000 -0.028978 
3943.800000 -0.028978 
3942.800000 -0.028978 
3941.900000 -0.028978 
3940.900000 -0.028978 
3939.900000 -0.028978 
3939.000000 -0.028978 
3938.000000 -0.029384 
3937.000000 -0.028978 
3936.100000 -0.029384 
3935.100000 -0.028978 
3934.200000 -0.028978 
3933.200000 -0.028978 
3932.200000 -0.028978 
3931.300000 -0.028978 
3930.300000 -0.029384 
3929.300000 -0.029384 
3928.400000 -0.028978 
3927.400000 -0.029384 
3926.400000 -0.028978 
3925.500000 -0.028978 
3924.500000 -0.028978 
3923.500000 -0.029384 
3922.600000 -0.029384 
3921.600000 -0.029384 
3920.700000 -0.028978 
3919.700000 -0.028978 
3918.700000 -0.028978 
3917.800000 -0.028978 
3916.800000 -0.028978 
3915.800000 -0.029384 
3914.900000 -0.029384 
3913.900000 -0.029384 
3912.900000 -0.029384 
3912.000000 -0.028978 
3911.000000 -0.028978 
3910.000000 -0.029384 
3909.100000 -0.029384 
3908.100000 -0.029384 
3907.100000 -0.028978 
3906.200000 -0.029384 
3905.200000 -0.028978 
3904.300000 -0.028978 
3903.300000 -0.029384 
3902.300000 -0.028978 
3901.400000 -0.028978 
3900.400000 -0.028978 
3899.400000 -0.028978 
3898.500000 -0.029384 
3897.500000 -0.028978 
3896.500000 -0.028978 
3895.600000 -0.029384 
3894.600000 -0.028978 
3893.600000 -0.029384 
3892.700000 -0.028978 
3891.700000 -0.028978 
3890.800000 -0.028978 
3889.800000 -0.029384 
3888.800000 -0.029384 
3887.900000 -0.029384 
3886.900000 -0.028978 
3885.900000 -0.028978 
3885.000000 -0.029384 
3884.000000 -0.028978 
3883.000000 -0.028978 
3882.100000 -0.029384 
3881.100000 -0.028978 
3880.100000 -0.029384 
3879.200000 -0.028978 
3878.200000 -0.029384 
3877.200000 -0.029384 
3876.300000 -0.029384 
3875.300000 -0.028978 
3874.400000 -0.028978 
3873.400000 -0.029384 
3872.400000 -0.029384 
3871.500000 -0.028978 
3870.500000 -0.028978 
3869.500000 -0.029384 
3868.600000 -0.028978 
3867.600000 -0.028978 
3866.600000 -0.029384 
3865.700000 -0.028978 
3864.700000 -0.029384 
3863.700000 -0.028978 
3862.800000 -0.028978 
3861.800000 -0.029384 
3860.900000 -0.029384 
3859.900000 -0.029384 
3858.900000 -0.028978 
3858.000000 -0.028978 
3857.000000 -0.029384 
3856.000000 -0.028978 
3855.100000 -0.028164 
3854.100000 -0.028978 
3853.100000 -0.028978 
3852.200000 -0.029384 
3851.200000 -0.029384 
3850.200000 -0.029384 
3849.300000 -0.029384 
3848.300000 -0.028978 
3847.400000 -0.029384 
3846.400000 -0.028978 
3845.400000 -0.029384 
3844.500000 -0.028978 
3843.500000 -0.028978 
3842.500000 -0.028978 
3841.600000 -0.028978 
3840.600000 -0.029384 
3839.600000 -0.028978 
3838.700000 -0.028978 
3837.700000 -0.029384 
3836.700000 -0.028978 
3835.800000 -0.028978 
3834.800000 -0.029384 
3833.800000 -0.029384 
3832.900000 -0.028978 
3831.900000 -0.029384 
3831.000000 -0.028978 
3830.000000 -0.028978 
3829.000000 -0.028978 
3828.100000 -0.029384 
3827.100000 -0.028978 
3826.100000 -0.029384 
3825.200000 -0.029384 
3824.200000 -0.028978 
3823.200000 -0.028978 
3822.300000 -0.029384 
3821.300000 -0.028978 
3820.300000 -0.028978 
3819.400000 -0.028978 
3818.400000 -0.029384 
3817.500000 -0.028978 
3816.500000 -0.028978 
3815.500000 -0.029384 
3814.600000 -0.028978 
3813.600000 -0.029384 
3812.600000 -0.029384 
3811.700000 -0.028978 
3810.700000 -0.029384 
3809.700000 -0.029384 
3808.800000 -0.029384 
3807.800000 -0.028978 
3806.800000 -0.029384 
3805.900000 -0.028978 
3804.900000 -0.028978 
3803.900000 -0.029384 
3803.000000 -0.028978 
3802.000000 -0.028978 
3801.100000 -0.029384 
3800.100000 -0.029384 
3799.100000 -0.029384 
3798.200000 -0.029384 
3797.200000 -0.028978 
3796.200000 -0.029384 
3795.300000 -0.029384 
3794.300000 -0.029384 
3793.300000 -0.029384 
3792.400000 -0.029384 
3791.400000 -0.029384 
3790.400000 -0.029384 
3789.500000 -0.029384 
3788.500000 -0.029384 
3787.600000 -0.029384 
3786.600000 -0.029384 
3785.600000 -0.028978 
3784.700000 -0.029384 
3783.700000 -0.028978 
3782.700000 -0.028978 
3781.800000 -0.029384 
3780.800000 -0.028978 
3779.800000 -0.028978 
3778.900000 -0.029384 
3777.900000 -0.029384 
3776.900000 -0.028978 
3776.000000 -0.029384 
3775.000000 -0.029384 
3774.100000 -0.029384 
3773.100000 -0.029384 
3772.100000 -0.029384 
3771.200000 -0.028978 
3770.200000 -0.029384 
3769.200000 -0.028978 
3768.300000 -0.029384 
3767.300000 -0.029384 
3766.300000 -0.029384 
3765.400000 -0.029384 
3764.400000 -0.029384 
3763.400000 -0.029384 
3762.500000 -0.029384 
3761.500000 -0.029384 
3760.500000 -0.028978 
3759.600000 -0.029384 
3758.600000 -0.028978 
3757.700000 -0.028978 
3756.700000 -0.029384 
3755.700000 -0.028978 
3754.800000 -0.029384 
3753.800000 -0.028978 
3752.800000 -0.028978 
3751.900000 -0.029384 
3750.900000 -0.028978 
3749.900000 -0.028978 
3749.000000 -0.029384 
3748.000000 -0.028978 
3747.000000 -0.029384 
3746.100000 -0.028978 
3745.100000 -0.028571 
3744.200000 -0.028978 
3743.200000 -0.029384 
3742.200000 -0.028978 
3741.300000 -0.029384 
3740.300000 -0.028978 
3739.300000 -0.028978 
3738.400000 -0.029384 
3737.400000 -0.028978 
3736.400000 -0.028978 
3735.500000 -0.029384 
3734.500000 -0.029384 
3733.500000 -0.028978 
3732.600000 -0.028978 
3731.600000 -0.029384 
3730.600000 -0.029384 
3729.700000 -0.028978 
3728.700000 -0.028978 
3727.800000 -0.028978 
3726.800000 -0.028978 
3725.800000 -0.028978 
3724.900000 -0.028978 
3723.900000 -0.028978 
3722.900000 -0.028978 
3722.000000 -0.028978 
3721.000000 -0.028978 
3720.000000 -0.028571 
3719.100000 -0.028571 
3718.100000 -0.028571 
3717.100000 -0.028571 
3716.200000 -0.028571 
3715.200000 -0.028571 
3714.300000 -0.028571 
3713.300000 -0.028164 
3712.300000 -0.028164 
3711.400000 -0.028571 
3710.400000 -0.028164 
3709.400000 -0.028164 
3708.500000 -0.028164 
3707.500000 -0.028164 
3706.500000 -0.028164 
3705.600000 -0.028164 
3704.600000 -0.027757 
3703.600000 -0.027757 
3702.700000 -0.027757 
3701.700000 -0.027350 
3700.800000 -0.027350 
3699.800000 -0.027350 
3698.800000 -0.027350 
3697.900000 -0.027350 
3696.900000 -0.027350 
3695.900000 -0.026942 
3695.000000 -0.026942 
3694.000000 -0.026942 
3693.000000 -0.026942 
3692.100000 -0.026942 
3691.100000 -0.026942 
3690.100000 -0.026942 
3689.200000 -0.026533 
3688.200000 -0.026942 
3687.200000 -0.026942 
3686.300000 -0.027350 
3685.300000 -0.027350 
3684.400000 -0.026942 
3683.400000 -0.027350 
3682.400000 -0.027350 
3681.500000 -0.026942 
3680.500000 -0.026942 
3679.500000 -0.026942 
3678.600000 -0.026942 
3677.600000 -0.026942 
3676.600000 -0.026533 
3675.700000 -0.026533 
3674.700000 -0.026533 
3673.700000 -0.026533 
3672.800000 -0.026533 
3671.800000 -0.025715 
3670.900000 -0.026125 
3669.900000 -0.026125 
3668.900000 -0.026125 
3668.000000 -0.025715 
3667.000000 -0.025715 
3666.000000 -0.025715 
3665.100000 -0.025306 
3664.100000 -0.025306 
3663.100000 -0.025306 
3662.200000 -0.024896 
3661.200000 -0.024896 
3660.200000 -0.024486 
3659.300000 -0.024486 
3658.300000 -0.024486 
3657.300000 -0.024075 
3656.400000 -0.024075 
3655.400000 -0.023664 
3654.500000 -0.023664 
3653.500000 -0.023664 
3652.500000 -0.023252 
3651.600000 -0.022841 
3650.600000 -0.022841 
3649.600000 -0.022428 
3648.700000 -0.022428 
3647.700000 -0.022428 
3646.700000 -0.022016 
3645.800000 -0.022016 
3644.800000 -0.021603 
3643.800000 -0.021603 
3642.900000 -0.021189 
3641.900000 -0.021189 
3641.000000 -0.020775 
3640.000000 -0.020775 
3639.000000 -0.020361 
3638.100000 -0.020361 
3637.100000 -0.019947 
3636.100000 -0.019532 
3635.200000 -0.019532 
3634.200000 -0.019116 
3633.200000 -0.019116 
3632.300000 -0.018700 
3631.300000 -0.018284 
3630.300000 -0.017868 
3629.400000 -0.017451 
3628.400000 -0.017451 
3627.400000 -0.017451 
3626.500000 -0.017033 
3625.500000 -0.016616 
3624.600000 -0.016616 
3623.600000 -0.016197 
3622.600000 -0.015779 
3621.700000 -0.015360 
3620.700000 -0.014940 
3619.700000 -0.014940 
3618.800000 -0.014100 
3617.800000 -0.014100 
3616.800000 -0.013680 
3615.900000 -0.013259 
3614.900000 -0.012837 
3613.900000 -0.012415 
3613.000000 -0.012415 
3612.000000 -0.011993 
3611.100000 -0.011570 
3610.100000 -0.010724 
3609.100000 -0.010724 
3608.200000 -0.010300 
3607.200000 -0.009876 
3606.200000 -0.009451 
3605.300000 -0.009026 
3604.300000 -0.008600 
3603.300000 -0.008174 
3602.400000 -0.007748 
3601.400000 -0.007321 
3600.400000 -0.006466 
3599.500000 -0.006466 
3598.500000 -0.005609 
3597.600000 -0.005181 
3596.600000 -0.004751 
3595.600000 -0.004321 
3594.700000 -0.003461 
3593.700000 -0.003029 
3592.700000 -0.002598 
3591.800000 -0.001734 
3590.800000 -0.001301 
3589.800000 -0.000868 
3588.900000 0.000000 
3587.900000 0.000435 
3586.900000 0.001305 
3586.000000 0.001741 
3585.000000 0.002614 
3584.000000 0.003051 
3583.100000 0.003926 
3582.100000 0.004804 
3581.200000 0.005243 
3580.200000 0.006123 
3579.200000 0.007005 
3578.300000 0.007446 
3577.300000 0.008331 
3576.300000 0.009217 
3575.400000 0.010105 
3574.400000 0.010995 
3573.400000 0.011441 
3572.500000 0.012334 
3571.500000 0.013228 
3570.500000 0.014125 
3569.600000 0.015023 
3568.600000 0.015923 
3567.700000 0.017277 
3566.700000 0.017729 
3565.700000 0.018634 
3564.800000 0.019997 
3563.800000 0.020907 
3562.800000 0.021819 
3561.900000 0.022734 
3560.900000 0.023650 
3559.900000 0.025028 
3559.000000 0.025949 
3558.000000 0.027334 
3557.000000 0.028260 
3556.100000 0.029653 
3555.100000 0.030584 
3554.200000 0.031984 
3553.200000 0.032920 
3552.200000 0.034328 
3551.300000 0.035269 
3550.300000 0.036684 
3549.300000 0.038105 
3548.400000 0.039054 
3547.400000 0.040482 
3546.400000 0.041914 
3545.500000 0.042872 
3544.500000 0.044793 
3543.500000 0.046240 
3542.600000 0.047692 
3541.600000 0.048662 
3540.600000 0.050610 
3539.700000 0.051587 
3538.700000 0.053548 
3537.800000 0.054531 
3536.800000 0.056505 
3535.800000 0.057992 
3534.900000 0.059484 
3533.900000 0.060980 
3532.900000 0.062482 
3532.000000 0.063989 
3531.000000 0.065502 
3530.000000 0.067019 
3529.100000 0.069051 
3528.100000 0.070581 
3527.100000 0.072117 
3526.200000 0.074172 
3525.200000 0.075721 
3524.300000 0.077794 
3523.300000 0.079355 
3522.300000 0.080922 
3521.400000 0.083020 
3520.400000 0.084600 
3519.400000 0.086186 
3518.500000 0.087778 
3517.500000 0.089909 
3516.500000 0.091515 
3515.600000 0.093126 
3514.600000 0.094744 
3513.600000 0.096910 
3512.700000 0.098542 
3511.700000 0.100179 
3510.700000 0.102373 
3509.800000 0.104025 
3508.800000 0.105684 
3507.900000 0.107349 
3506.900000 0.109579 
3505.900000 0.111259 
3505.000000 0.112946 
3504.000000 0.114639 
3503.000000 0.116339 
3502.100000 0.118615 
3501.100000 0.120331 
3500.100000 0.122053 
3499.200000 0.123782 
3498.200000 0.126098 
3497.200000 0.127844 
3496.300000 0.129596 
3495.300000 0.131356 
3494.400000 0.133713 
3493.400000 0.135489 
3492.400000 0.137272 
3491.500000 0.139063 
3490.500000 0.141463 
3489.500000 0.143271 
3488.600000 0.145694 
3487.600000 0.147520 
3486.600000 0.149354 
3485.700000 0.151195 
3484.700000 0.153663 
3483.700000 0.155523 
3482.800000 0.158015 
3481.800000 0.159894 
3480.800000 0.161781 
3479.900000 0.163676 
3478.900000 0.166216 
3478.000000 0.168130 
3477.000000 0.170696 
3476.000000 0.172631 
3475.100000 0.175224 
3474.100000 0.177178 
3473.100000 0.179799 
3472.200000 0.181774 
3471.200000 0.183759 
3470.200000 0.185752 
3469.300000 0.188425 
3468.300000 0.190440 
3467.300000 0.193142 
3466.400000 0.195179 
3465.400000 0.197226 
3464.500000 0.199971 
3463.500000 0.202040 
3462.500000 0.204120 
3461.600000 0.206908 
3460.600000 0.209012 
3459.600000 0.211125 
3458.700000 0.213959 
3457.700000 0.216096 
3456.700000 0.218245 
3455.800000 0.220404 
3454.800000 0.223299 
3453.800000 0.225483 
3452.900000 0.227678 
3451.900000 0.230623 
3451.000000 0.232844 
3450.000000 0.235077 
3449.000000 0.237321 
3448.100000 0.239578 
3447.100000 0.241845 
3446.100000 0.244125 
3445.200000 0.246417 
3444.200000 0.248721 
3443.200000 0.251037 
3442.300000 0.253366 
3441.300000 0.255707 
3440.300000 0.258061 
3439.400000 0.260428 
3438.400000 0.262807 
3437.400000 0.264401 
3436.500000 0.266803 
3435.500000 0.269218 
3434.600000 0.270835 
3433.600000 0.273273 
3432.600000 0.275724 
3431.700000 0.277366 
3430.700000 0.279841 
3429.700000 0.281498 
3428.800000 0.283997 
3427.800000 0.285670 
3426.800000 0.288193 
3425.900000 0.289883 
3424.900000 0.292430 
3423.900000 0.294136 
3423.000000 0.295849 
3422.000000 0.298432 
3421.100000 0.300162 
3420.100000 0.301899 
3419.100000 0.303644 
3418.200000 0.306273 
3417.200000 0.308035 
3416.200000 0.309804 
3415.300000 0.311580 
3414.300000 0.313364 
3413.300000 0.314258 
3412.400000 0.316953 
3411.400000 0.319664 
3410.400000 0.321482 
3409.500000 0.323306 
3408.500000 0.324222 
3407.600000 0.326058 
3406.600000 0.327902 
3405.600000 0.329754 
3404.700000 0.331614 
3403.700000 0.333482 
3402.700000 0.334419 
3401.800000 0.336299 
3400.800000 0.338187 
3399.800000 0.340084 
3398.900000 0.341989 
3397.900000 0.342944 
3396.900000 0.344862 
3396.000000 0.345823 
3395.000000 0.347754 
3394.000000 0.349692 
3393.100000 0.350665 
3392.100000 0.352617 
3391.200000 0.353596 
3390.200000 0.355561 
3389.200000 0.356547 
3388.300000 0.358526 
3387.300000 0.359519 
3386.300000 0.361511 
3385.400000 0.363512 
3384.400000 0.364516 
3383.400000 0.365523 
3382.500000 0.365523 
3381.500000 0.368556 
3380.500000 0.369572 
3379.600000 0.371611 
3378.600000 0.372634 
3377.700000 0.373660 
3376.700000 0.375718 
3375.700000 0.375718 
3374.800000 0.377786 
3373.800000 0.379864 
3372.800000 0.380907 
3371.900000 0.381952 
3370.900000 0.383000 
3369.900000 0.384050 
3369.000000 0.386158 
3368.000000 0.387216 
3367.000000 0.388277 
3366.100000 0.389340 
3365.100000 0.391474 
3364.100000 0.392545 
3363.200000 0.393619 
3362.200000 0.394695 
3361.300000 0.395774 
3360.300000 0.396856 
3359.300000 0.399027 
3358.400000 0.400117 
3357.400000 0.401209 
3356.400000 0.402305 
3355.500000 0.403403 
3354.500000 0.404504 
3353.500000 0.406714 
3352.600000 0.407823 
3351.600000 0.408935 
3350.600000 0.410050 
3349.700000 0.411168 
3348.700000 0.412289 
3347.800000 0.414539 
3346.800000 0.415669 
3345.800000 0.416801 
3344.900000 0.417937 
3343.900000 0.419075 
3342.900000 0.420216 
3342.000000 0.421361 
3341.000000 0.423659 
3340.000000 0.424812 
3339.100000 0.425969 
3338.100000 0.427128 
3337.100000 0.428291 
3336.200000 0.429457 
3335.200000 0.430626 
3334.200000 0.431798 
3333.300000 0.432974 
3332.300000 0.434152 
3331.400000 0.436519 
3330.400000 0.437707 
3329.400000 0.438899 
3328.500000 0.440093 
3327.500000 0.441291 
3326.500000 0.442493 
3325.600000 0.443697 
3324.600000 0.444906 
3323.600000 0.446117 
3322.700000 0.447332 
3321.700000 0.448550 
3320.700000 0.449772 
3319.800000 0.450997 
3318.800000 0.452225 
3317.900000 0.453457 
3316.900000 0.454693 
3315.900000 0.455932 
3315.000000 0.457175 
3314.000000 0.458421 
3313.000000 0.459671 
3312.100000 0.460924 
3311.100000 0.462181 
3310.100000 0.463442 
3309.200000 0.463442 
3308.200000 0.464706 
3307.200000 0.465974 
3306.300000 0.467246 
3305.300000 0.467246 
3304.400000 0.468521 
3303.400000 0.469800 
3302.400000 0.471083 
3301.500000 0.472370 
3300.500000 0.472370 
3299.500000 0.473661 
3298.600000 0.474955 
3297.600000 0.474955 
3296.600000 0.476254 
3295.700000 0.476254 
3294.700000 0.477556 
3293.700000 0.477556 
3292.800000 0.478862 
3291.800000 0.478862 
3290.800000 0.480172 
3289.900000 0.480172 
3288.900000 0.481486 
3288.000000 0.481486 
3287.000000 0.481486 
3286.000000 0.482804 
3285.100000 0.482804 
3284.100000 0.482804 
3283.100000 0.484126 
3282.200000 0.484126 
3281.200000 0.484126 
3280.200000 0.484126 
3279.300000 0.484126 
3278.300000 0.484126 
3277.300000 0.484126 
3276.400000 0.484126 
3275.400000 0.484126 
3274.500000 0.484126 
3273.500000 0.484126 
3272.500000 0.484126 
3271.600000 0.484126 
3270.600000 0.484126 
3269.600000 0.484126 
3268.700000 0.482804 
3267.700000 0.482804 
3266.700000 0.482804 
3265.800000 0.482804 
3264.800000 0.481486 
3263.800000 0.481486 
3262.900000 0.481486 
3261.900000 0.480172 
3260.900000 0.480172 
3260.000000 0.478862 
3259.000000 0.478862 
3258.100000 0.477556 
3257.100000 0.477556 
3256.100000 0.476254 
3255.200000 0.476254 
3254.200000 0.474955 
3253.200000 0.474955 
3252.300000 0.473661 
3251.300000 0.472370 
3250.300000 0.472370 
3249.400000 0.471083 
3248.400000 0.469800 
3247.400000 0.468521 
3246.500000 0.468521 
3245.500000 0.467246 
3244.600000 0.465974 
3243.600000 0.464706 
3242.600000 0.463442 
3241.700000 0.462181 
3240.700000 0.460924 
3239.700000 0.460924 
3238.800000 0.458421 
3237.800000 0.457175 
3236.800000 0.455932 
3235.900000 0.454693 
3234.900000 0.453457 
3233.900000 0.452225 
3233.000000 0.450997 
3232.000000 0.449772 
3231.100000 0.448550 
3230.100000 0.447332 
3229.100000 0.446117 
3228.200000 0.443697 
3227.200000 0.442493 
3226.200000 0.441291 
3225.300000 0.440093 
3224.300000 0.437707 
3223.300000 0.436519 
3222.400000 0.435334 
3221.400000 0.432974 
3220.400000 0.431798 
3219.500000 0.430626 
3218.500000 0.428291 
3217.500000 0.427128 
3216.600000 0.424812 
3215.600000 0.423659 
3214.700000 0.421361 
3213.700000 0.420216 
3212.700000 0.417937 
3211.800000 0.416801 
3210.800000 0.414539 
3209.800000 0.413413 
3208.900000 0.411168 
3207.900000 0.408935 
3206.900000 0.407823 
3206.000000 0.405607 
3205.000000 0.403403 
3204.000000 0.402305 
3203.100000 0.400117 
3202.100000 0.397940 
3201.200000 0.395774 
3200.200000 0.394695 
3199.200000 0.392545 
3198.300000 0.390406 
3197.300000 0.388277 
3196.300000 0.386158 
3195.400000 0.384050 
3194.400000 0.381952 
3193.400000 0.379864 
3192.500000 0.377786 
3191.500000 0.375718 
3190.500000 0.373660 
3189.600000 0.371611 
3188.600000 0.369572 
3187.600000 0.367543 
3186.700000 0.365523 
3185.700000 0.363512 
3184.800000 0.361511 
3183.800000 0.358526 
3182.800000 0.356547 
3181.900000 0.354578 
3180.900000 0.352617 
3179.900000 0.349692 
3179.000000 0.347754 
3178.000000 0.345823 
3177.000000 0.343902 
3176.100000 0.341035 
3175.100000 0.339135 
3174.100000 0.336299 
3173.200000 0.334419 
3172.200000 0.332547 
3171.300000 0.329754 
3170.300000 0.327902 
3169.300000 0.325139 
3168.400000 0.323306 
3167.400000 0.320572 
3166.400000 0.317855 
3165.500000 0.316053 
3164.500000 0.313364 
3163.500000 0.310691 
3162.600000 0.308919 
3161.600000 0.306273 
3160.600000 0.303644 
3159.700000 0.301030 
3158.700000 0.299296 
3157.700000 0.296709 
3156.800000 0.294136 
3155.800000 0.291579 
3154.900000 0.289037 
3153.900000 0.286509 
3152.900000 0.283997 
3152.000000 0.282329 
3151.000000 0.279841 
3150.000000 0.277366 
3149.100000 0.274905 
3148.100000 0.272459 
3147.100000 0.270026 
3146.200000 0.267606 
3145.200000 0.264401 
3144.200000 0.262013 
3143.300000 0.259637 
3142.300000 0.257275 
3141.400000 0.254925 
3140.400000 0.252588 
3139.400000 0.250264 
3138.500000 0.247184 
3137.500000 0.244888 
3136.500000 0.242604 
3135.600000 0.240332 
3134.600000 0.237321 
3133.600000 0.235077 
3132.700000 0.232844 
3131.700000 0.229885 
3130.700000 0.227678 
3129.800000 0.225483 
3128.800000 0.222573 
3127.900000 0.220404 
3126.900000 0.217527 
3125.900000 0.215383 
3125.000000 0.213249 
3124.000000 0.210419 
3123.000000 0.208309 
3122.100000 0.205512 
3121.100000 0.202732 
3120.100000 0.200659 
3119.200000 0.197911 
3118.200000 0.195861 
3117.200000 0.193142 
3116.300000 0.191114 
3115.300000 0.188425 
3114.300000 0.185752 
3113.400000 0.183759 
3112.400000 0.181115 
3111.500000 0.178486 
3110.500000 0.176526 
3109.500000 0.173925 
3108.600000 0.171340 
3107.600000 0.169411 
3106.600000 0.166853 
3105.700000 0.164309 
3104.700000 0.161781 
3103.700000 0.159894 
3102.800000 0.157391 
3101.800000 0.154902 
3100.800000 0.152427 
3099.900000 0.150581 
3098.900000 0.148130 
3098.000000 0.145694 
3097.000000 0.143271 
3096.000000 0.140862 
3095.100000 0.139063 
3094.100000 0.136677 
3093.100000 0.134304 
3092.200000 0.131944 
3091.200000 0.130182 
3090.200000 0.127844 
3089.300000 0.125518 
3088.300000 0.123205 
3087.300000 0.121478 
3086.400000 0.119186 
3085.400000 0.116907 
3084.400000 0.114639 
3083.500000 0.112946 
3082.500000 0.110698 
3081.600000 0.108463 
3080.600000 0.106793 
3079.600000 0.104577 
3078.700000 0.102373 
3077.700000 0.100727 
3076.700000 0.098542 
3075.800000 0.096910 
3074.800000 0.094744 
3073.800000 0.093126 
3072.900000 0.090979 
3071.900000 0.089376 
3070.900000 0.087247 
3070.000000 0.085657 
3069.000000 0.083546 
3068.100000 0.081970 
3067.100000 0.080399 
3066.100000 0.078834 
3065.200000 0.076756 
3064.200000 0.075204 
3063.200000 0.073658 
3062.300000 0.072117 
3061.300000 0.070070 
3060.300000 0.068542 
3059.400000 0.067019 
3058.400000 0.065502 
3057.400000 0.063989 
3056.500000 0.062482 
3055.500000 0.060980 
3054.600000 0.059484 
3053.600000 0.058489 
3052.600000 0.057000 
3051.700000 0.055517 
3050.700000 0.054039 
3049.700000 0.052566 
3048.800000 0.051587 
3047.800000 0.050122 
3046.800000 0.048662 
3045.900000 0.047692 
3044.900000 0.046240 
3043.900000 0.045275 
3043.000000 0.043832 
3042.000000 0.042872 
3041.000000 0.041436 
3040.100000 0.040482 
3039.100000 0.039529 
3038.200000 0.038105 
3037.200000 0.037157 
3036.200000 0.036212 
3035.300000 0.034798 
3034.300000 0.033858 
3033.300000 0.032920 
3032.400000 0.031984 
3031.400000 0.031050 
3030.400000 0.030118 
3029.500000 0.029188 
3028.500000 0.028260 
3027.500000 0.027334 
3026.600000 0.026410 
3025.600000 0.025949 
3024.700000 0.025028 
3023.700000 0.024109 
3022.700000 0.023192 
3021.800000 0.022734 
3020.800000 0.021819 
3019.800000 0.020907 
3018.900000 0.020452 
3017.900000 0.019542 
3016.900000 0.019088 
3016.000000 0.018634 
3015.000000 0.017729 
3014.000000 0.017277 
3013.100000 0.016825 
3012.100000 0.016374 
3011.100000 0.015923 
3010.200000 0.015473 
3009.200000 0.015023 
3008.300000 0.014574 
3007.300000 0.014574 
3006.300000 0.014125 
3005.400000 0.013676 
3004.400000 0.013676 
3003.400000 0.013676 
3002.500000 0.013228 
3001.500000 0.013228 
3000.500000 0.013228 
2999.600000 0.012781 
2998.600000 0.012781 
2997.600000 0.012781 
2996.700000 0.012781 
2995.700000 0.012334 
2994.800000 0.011887 
2993.800000 0.011441 
2992.800000 0.010995 
2991.900000 0.010550 
2990.900000 0.010105 
2989.900000 0.009217 
2989.000000 0.008774 
2988.000000 0.008331 
2987.000000 0.007446 
2986.100000 0.007005 
2985.100000 0.006564 
2984.100000 0.006123 
2983.200000 0.005683 
2982.200000 0.005243 
2981.300000 0.004804 
2980.300000 0.004365 
2979.300000 0.004365 
2978.400000 0.004365 
2977.400000 0.003926 
2976.400000 0.003926 
2975.500000 0.003926 
2974.500000 0.003926 
2973.500000 0.003926 
2972.600000 0.003926 
2971.600000 0.003926 
2970.600000 0.003926 
2969.700000 0.003926 
2968.700000 0.003488 
2967.700000 0.003488 
2966.800000 0.003488 
2965.800000 0.003051 
2964.900000 0.002614 
2963.900000 0.002177 
2962.900000 0.002177 
2962.000000 0.001741 
2961.000000 0.001305 
2960.000000 0.000435 
2959.100000 0.000000 
2958.100000 -0.000434 
2957.100000 -0.000868 
2956.200000 -0.001301 
2955.200000 -0.001734 
2954.200000 -0.002598 
2953.300000 -0.003029 
2952.300000 -0.003461 
2951.400000 -0.003891 
2950.400000 -0.004321 
2949.400000 -0.004751 
2948.500000 -0.004751 
2947.500000 -0.005181 
2946.500000 -0.005181 
2945.600000 -0.005181 
2944.600000 -0.004751 
2943.600000 -0.004321 
2942.700000 -0.004321 
2941.700000 -0.003891 
2940.700000 -0.003461 
2939.800000 -0.003461 
2938.800000 -0.003029 
2937.800000 -0.003029 
2936.900000 -0.003029 
2935.900000 -0.003461 
2935.000000 -0.003891 
2934.000000 -0.004321 
2933.000000 -0.004751 
2932.100000 -0.005181 
2931.100000 -0.005609 
2930.100000 -0.006466 
2929.200000 -0.006894 
2928.200000 -0.007748 
2927.200000 -0.008174 
2926.300000 -0.008600 
2925.300000 -0.009026 
2924.300000 -0.009451 
2923.400000 -0.009451 
2922.400000 -0.009451 
2921.500000 -0.009876 
2920.500000 -0.009876 
2919.500000 -0.009876 
2918.600000 -0.009876 
2917.600000 -0.009876 
2916.600000 -0.009876 
2915.700000 -0.009876 
2914.700000 -0.009451 
2913.700000 -0.009451 
2912.800000 -0.009876 
2911.800000 -0.009876 
2910.800000 -0.009876 
2909.900000 -0.010300 
2908.900000 -0.010300 
2907.900000 -0.010300 
2907.000000 -0.010724 
2906.000000 -0.010724 
2905.100000 -0.011147 
2904.100000 -0.011147 
2903.100000 -0.011570 
2902.200000 -0.011993 
2901.200000 -0.011993 
2900.200000 -0.012415 
2899.300000 -0.012415 
2898.300000 -0.012837 
2897.300000 -0.013259 
2896.400000 -0.013259 
2895.400000 -0.013259 
2894.400000 -0.013680 
2893.500000 -0.013680 
2892.500000 -0.014100 
2891.600000 -0.014100 
2890.600000 -0.014100 
2889.600000 -0.014100 
2888.700000 -0.014521 
2887.700000 -0.014521 
2886.700000 -0.014521 
2885.800000 -0.014521 
2884.800000 -0.014521 
2883.800000 -0.014521 
2882.900000 -0.014521 
2881.900000 -0.014521 
2880.900000 -0.014521 
2880.000000 -0.014521 
2879.000000 -0.014521 
2878.100000 -0.014521 
2877.100000 -0.014100 
2876.100000 -0.014100 
2875.200000 -0.014100 
2874.200000 -0.013680 
2873.200000 -0.013680 
2872.300000 -0.013680 
2871.300000 -0.013259 
2870.300000 -0.013259 
2869.400000 -0.013259 
2868.400000 -0.012837 
2867.400000 -0.012837 
2866.500000 -0.012837 
2865.500000 -0.012415 
2864.500000 -0.012415 
2863.600000 -0.012415 
2862.600000 -0.012415 
2861.700000 -0.011993 
2860.700000 -0.011993 
2859.700000 -0.011993 
2858.800000 -0.011993 
2857.800000 -0.011993 
2856.800000 -0.011993 
2855.900000 -0.012415 
2854.900000 -0.012415 
2853.900000 -0.012415 
2853.000000 -0.012415 
2852.000000 -0.012837 
2851.000000 -0.012837 
2850.100000 -0.012837 
2849.100000 -0.013259 
2848.200000 -0.013259 
2847.200000 -0.013259 
2846.200000 -0.013680 
2845.300000 -0.013680 
2844.300000 -0.013259 
2843.300000 -0.013259 
2842.400000 -0.012837 
2841.400000 -0.011993 
2840.400000 -0.011147 
2839.500000 -0.010300 
2838.500000 -0.009026 
2837.500000 -0.008174 
2836.600000 -0.006894 
2835.600000 -0.006038 
2834.700000 -0.005181 
2833.700000 -0.004751 
2832.700000 -0.004321 
2831.800000 -0.004321 
2830.800000 -0.004751 
2829.800000 -0.005181 
2828.900000 -0.006038 
2827.900000 -0.006894 
2826.900000 -0.007748 
2826.000000 -0.008600 
2825.000000 -0.009451 
2824.000000 -0.010300 
2823.100000 -0.011147 
2822.100000 -0.011993 
2821.100000 -0.012415 
2820.200000 -0.013259 
2819.200000 -0.014100 
2818.300000 -0.014521 
2817.300000 -0.015360 
2816.300000 -0.015779 
2815.400000 -0.016197 
2814.400000 -0.016616 
2813.400000 -0.017033 
2812.500000 -0.017868 
2811.500000 -0.017868 
2810.500000 -0.018284 
2809.600000 -0.018700 
2808.600000 -0.019116 
2807.600000 -0.019532 
2806.700000 -0.019947 
2805.700000 -0.020361 
2804.800000 -0.020775 
2803.800000 -0.020775 
2802.800000 -0.021189 
2801.900000 -0.021603 
2800.900000 -0.021603 
2799.900000 -0.022016 
2799.000000 -0.022428 
2798.000000 -0.022428 
2797.000000 -0.022841 
2796.100000 -0.022841 
2795.100000 -0.023252 
2794.100000 -0.023252 
2793.200000 -0.023664 
2792.200000 -0.023664 
2791.200000 -0.024075 
2790.300000 -0.024075 
2789.300000 -0.024075 
2788.400000 -0.024486 
2787.400000 -0.024896 
2786.400000 -0.024896 
2785.500000 -0.024896 
2784.500000 -0.025306 
2783.500000 -0.025306 
2782.600000 -0.025306 
2781.600000 -0.025715 
2780.600000 -0.025715 
2779.700000 -0.025715 
2778.700000 -0.025715 
2777.700000 -0.026125 
2776.800000 -0.026125 
2775.800000 -0.026125 
2774.900000 -0.026125 
2773.900000 -0.026533 
2772.900000 -0.026533 
2772.000000 -0.026533 
2771.000000 -0.026533 
2770.000000 -0.026533 
2769.100000 -0.026942 
2768.100000 -0.026942 
2767.100000 -0.026942 
2766.200000 -0.026942 
2765.200000 -0.027350 
2764.200000 -0.026942 
2763.300000 -0.027350 
2762.300000 -0.027350 
2761.300000 -0.027350 
2760.400000 -0.027350 
2759.400000 -0.027350 
2758.500000 -0.027350 
2757.500000 -0.027350 
2756.500000 -0.027757 
2755.600000 -0.027757 
2754.600000 -0.027757 
2753.600000 -0.027757 
2752.700000 -0.027757 
2751.700000 -0.027757 
2750.700000 -0.027757 
2749.800000 -0.027757 
2748.800000 -0.027757 
2747.800000 -0.028164 
2746.900000 -0.028164 
2745.900000 -0.028164 
2745.000000 -0.028164 
2744.000000 -0.028164 
2743.000000 -0.028164 
2742.100000 -0.028164 
2741.100000 -0.028164 
2740.100000 -0.028164 
2739.200000 -0.028164 
2738.200000 -0.028571 
2737.200000 -0.028571 
2736.300000 -0.028571 
2735.300000 -0.028571 
2734.300000 -0.028571 
2733.400000 -0.028571 
2732.400000 -0.028571 
2731.400000 -0.028571 
2730.500000 -0.028571 
2729.500000 -0.028571 
2728.600000 -0.028571 
2727.600000 -0.028571 
2726.600000 -0.028571 
2725.700000 -0.028571 
2724.700000 -0.028571 
2723.700000 -0.028571 
2722.800000 -0.028571 
2721.800000 -0.028571 
2720.800000 -0.028978 
2719.900000 -0.028978 
2718.900000 -0.028978 
2717.900000 -0.028978 
2717.000000 -0.028978 
2716.000000 -0.028978 
2715.100000 -0.028978 
2714.100000 -0.028978 
2713.100000 -0.028978 
2712.200000 -0.028978 
2711.200000 -0.028978 
2710.200000 -0.028978 
2709.300000 -0.028978 
2708.300000 -0.028978 
2707.300000 -0.028978 
2706.400000 -0.028978 
2705.400000 -0.028978 
2704.400000 -0.028978 
2703.500000 -0.028978 
2702.500000 -0.028978 
2701.600000 -0.028978 
2700.600000 -0.028978 
2699.600000 -0.028978 
2698.700000 -0.028978 
2697.700000 -0.028978 
2696.700000 -0.028978 
2695.800000 -0.028978 
2694.800000 -0.028978 
2693.800000 -0.028978 
2692.900000 -0.028978 
2691.900000 -0.028978 
2690.900000 -0.028978 
2690.000000 -0.029384 
2689.000000 -0.028978 
2688.000000 -0.029384 
2687.100000 -0.028978 
2686.100000 -0.028978 
2685.200000 -0.028978 
2684.200000 -0.028978 
2683.200000 -0.029384 
2682.300000 -0.028978 
2681.300000 -0.028978 
2680.300000 -0.029384 
2679.400000 -0.028978 
2678.400000 -0.028978 
2677.400000 -0.029384 
2676.500000 -0.028978 
2675.500000 -0.028978 
2674.500000 -0.028978 
2673.600000 -0.028978 
2672.600000 -0.028978 
2671.700000 -0.028978 
2670.700000 -0.029384 
2669.700000 -0.028978 
2668.800000 -0.028978 
2667.800000 -0.028978 
2666.800000 -0.028978 
2665.900000 -0.028978 
2664.900000 -0.028978 
2663.900000 -0.028978 
2663.000000 -0.028978 
2662.000000 -0.028978 
2661.000000 -0.028978 
2660.100000 -0.028978 
2659.100000 -0.028978 
2658.200000 -0.028978 
2657.200000 -0.029384 
2656.200000 -0.029384 
2655.300000 -0.028978 
2654.300000 -0.029384 
2653.300000 -0.029384 
2652.400000 -0.029384 
2651.400000 -0.029384 
2650.400000 -0.029384 
2649.500000 -0.028978 
2648.500000 -0.029384 
2647.500000 -0.029384 
2646.600000 -0.029384 
2645.600000 -0.029384 
2644.600000 -0.028978 
2643.700000 -0.029384 
2642.700000 -0.029384 
2641.800000 -0.029384 
2640.800000 -0.028978 
2639.800000 -0.028978 
2638.900000 -0.028978 
2637.900000 -0.028978 
2636.900000 -0.028978 
2636.000000 -0.028978 
2635.000000 -0.028978 
2634.000000 -0.028978 
2633.100000 -0.028978 
2632.100000 -0.028978 
2631.100000 -0.028978 
2630.200000 -0.028978 
2629.200000 -0.028978 
2628.300000 -0.028978 
2627.300000 -0.028571 
2626.300000 -0.028571 
2625.400000 -0.028571 
2624.400000 -0.028571 
2623.400000 -0.028571 
2622.500000 -0.028571 
2621.500000 -0.028571 
2620.500000 -0.028571 
2619.600000 -0.028164 
2618.600000 -0.028164 
2617.600000 -0.028164 
2616.700000 -0.028164 
2615.700000 -0.028164 
2614.700000 -0.028164 
2613.800000 -0.028164 
2612.800000 -0.028164 
2611.900000 -0.028164 
2610.900000 -0.028164 
2609.900000 -0.028164 
2609.000000 -0.027757 
2608.000000 -0.028164 
2607.000000 -0.027757 
2606.100000 -0.028164 
2605.100000 -0.028164 
2604.100000 -0.028164 
2603.200000 -0.027757 
2602.200000 -0.028164 
2601.200000 -0.027757 
2600.300000 -0.027757 
2599.300000 -0.028164 
2598.400000 -0.028164 
2597.400000 -0.028164 
2596.400000 -0.028164 
2595.500000 -0.028164 
2594.500000 -0.028164 
2593.500000 -0.028164 
2592.600000 -0.028164 
2591.600000 -0.028164 
2590.600000 -0.028164 
2589.700000 -0.028164 
2588.700000 -0.028164 
2587.700000 -0.028164 
2586.800000 -0.028164 
2585.800000 -0.028164 
2584.900000 -0.028164 
2583.900000 -0.028164 
2582.900000 -0.028164 
2582.000000 -0.028164 
2581.000000 -0.028164 
2580.000000 -0.028164 
2579.100000 -0.028164 
2578.100000 -0.028164 
2577.100000 -0.028164 
2576.200000 -0.028164 
2575.200000 -0.028164 
2574.200000 -0.028164 
2573.300000 -0.028164 
2572.300000 -0.028164 
2571.300000 -0.028164 
2570.400000 -0.028164 
2569.400000 -0.027757 
2568.500000 -0.027757 
2567.500000 -0.028164 
2566.500000 -0.027757 
2565.600000 -0.027757 
2564.600000 -0.027757 
2563.600000 -0.027757 
2562.700000 -0.027757 
2561.700000 -0.027757 
2560.700000 -0.027757 
2559.800000 -0.027757 
2558.800000 -0.027757 
2557.800000 -0.027757 
2556.900000 -0.027757 
2555.900000 -0.027757 
2555.000000 -0.027350 
2554.000000 -0.027350 
2553.000000 -0.027350 
2552.100000 -0.027350 
2551.100000 -0.027350 
2550.100000 -0.027350 
2549.200000 -0.027350 
2548.200000 -0.027350 
2547.200000 -0.027350 
2546.300000 -0.027350 
2545.300000 -0.027350 
2544.300000 -0.027350 
2543.400000 -0.027350 
2542.400000 -0.027350 
2541.400000 -0.027350 
2540.500000 -0.027757 
2539.500000 -0.027350 
2538.600000 -0.027757 
2537.600000 -0.027757 
2536.600000 -0.027757 
2535.700000 -0.027757 
2534.700000 -0.027757 
2533.700000 -0.027757 
2532.800000 -0.027757 
2531.800000 -0.028164 
2530.800000 -0.028164 
2529.900000 -0.028164 
2528.900000 -0.028164 
2527.900000 -0.028164 
2527.000000 -0.028164 
2526.000000 -0.028164 
2525.100000 -0.028164 
2524.100000 -0.028164 
2523.100000 -0.028571 
2522.200000 -0.028571 
2521.200000 -0.028571 
2520.200000 -0.028571 
2519.300000 -0.028571 
2518.300000 -0.028571 
2517.300000 -0.028571 
2516.400000 -0.028571 
2515.400000 -0.028571 
2514.400000 -0.028571 
2513.500000 -0.028571 
2512.500000 -0.028978 
2511.600000 -0.028978 
2510.600000 -0.028978 
2509.600000 -0.028978 
2508.700000 -0.028978 
2507.700000 -0.028978 
2506.700000 -0.028978 
2505.800000 -0.028978 
2504.800000 -0.028978 
2503.800000 -0.028978 
2502.900000 -0.028978 
2501.900000 -0.028978 
2500.900000 -0.028978 
2500.000000 -0.028978 
2499.000000 -0.028978 
2498.000000 -0.028978 
2497.100000 -0.028978 
2496.100000 -0.028978 
2495.200000 -0.028978 
2494.200000 -0.028978 
2493.200000 -0.028978 
2492.300000 -0.028978 
2491.300000 -0.028978 
2490.300000 -0.028978 
2489.400000 -0.029384 
2488.400000 -0.028978 
2487.400000 -0.029384 
2486.500000 -0.028978 
2485.500000 -0.029384 
2484.500000 -0.028978 
2483.600000 -0.029384 
2482.600000 -0.029384 
2481.700000 -0.029384 
2480.700000 -0.029384 
2479.700000 -0.028978 
2478.800000 -0.028978 
2477.800000 -0.029384 
2476.800000 -0.029384 
2475.900000 -0.029384 
2474.900000 -0.029384 
2473.900000 -0.028978 
2473.000000 -0.028978 
2472.000000 -0.029384 
2471.000000 -0.028978 
2470.100000 -0.028978 
2469.100000 -0.028978 
2468.100000 -0.028978 
2467.200000 -0.028978 
2466.200000 -0.028978 
2465.300000 -0.028978 
2464.300000 -0.028978 
2463.300000 -0.028978 
2462.400000 -0.028978 
2461.400000 -0.028978 
2460.400000 -0.028978 
2459.500000 -0.028978 
2458.500000 -0.028978 
2457.500000 -0.028571 
2456.600000 -0.028571 
2455.600000 -0.028571 
2454.600000 -0.028571 
2453.700000 -0.028571 
2452.700000 -0.028571 
2451.800000 -0.028571 
2450.800000 -0.028571 
2449.800000 -0.028571 
2448.900000 -0.028571 
2447.900000 -0.028571 
2446.900000 -0.028571 
2446.000000 -0.028571 
2445.000000 -0.028571 
2444.000000 -0.028571 
2443.100000 -0.028571 
2442.100000 -0.028571 
2441.100000 -0.028571 
2440.200000 -0.028164 
2439.200000 -0.028571 
2438.200000 -0.028164 
2437.300000 -0.028164 
2436.300000 -0.028164 
2435.400000 -0.028164 
2434.400000 -0.028164 
2433.400000 -0.028164 
2432.500000 -0.028164 
2431.500000 -0.028164 
2430.500000 -0.028164 
2429.600000 -0.028164 
2428.600000 -0.028164 
2427.600000 -0.028164 
2426.700000 -0.028164 
2425.700000 -0.028164 
2424.700000 -0.028164 
2423.800000 -0.028164 
2422.800000 -0.028164 
2421.900000 -0.027757 
2420.900000 -0.028164 
2419.900000 -0.027757 
2419.000000 -0.027757 
2418.000000 -0.027757 
2417.000000 -0.027757 
2416.100000 -0.027757 
2415.100000 -0.027757 
2414.100000 -0.027757 
2413.200000 -0.027757 
2412.200000 -0.027757 
2411.200000 -0.027757 
2410.300000 -0.027757 
2409.300000 -0.027757 
2408.400000 -0.027757 
2407.400000 -0.027757 
2406.400000 -0.027757 
2405.500000 -0.027757 
2404.500000 -0.027757 
2403.500000 -0.027757 
2402.600000 -0.027350 
2401.600000 -0.027350 
2400.600000 -0.027350 
2399.700000 -0.027350 
2398.700000 -0.027350 
2397.700000 -0.027350 
2396.800000 -0.027350 
2395.800000 -0.027350 
2394.800000 -0.027350 
2393.900000 -0.027350 
2392.900000 -0.027350 
2392.000000 -0.027350 
2391.000000 -0.027350 
2390.000000 -0.026942 
2389.100000 -0.027350 
2388.100000 -0.026942 
2387.100000 -0.026942 
2386.200000 -0.026942 
2385.200000 -0.026942 
2384.200000 -0.026942 
2383.300000 -0.026942 
2382.300000 -0.026942 
2381.300000 -0.026942 
2380.400000 -0.026942 
2379.400000 -0.026942 
2378.500000 -0.026942 
2377.500000 -0.026942 
2376.500000 -0.026942 
2375.600000 -0.026942 
2374.600000 -0.026533 
2373.600000 -0.026533 
2372.700000 -0.026533 
2371.700000 -0.026533 
2370.700000 -0.026533 
2369.800000 -0.026533 
2368.800000 -0.026533 
2367.800000 -0.026533 
2366.900000 -0.026533 
2365.900000 -0.026533 
2364.900000 -0.026533 
2364.000000 -0.026125 
2363.000000 -0.026125 
2362.100000 -0.026125 
2361.100000 -0.026125 
2360.100000 -0.026125 
2359.200000 -0.026125 
2358.200000 -0.026125 
2357.200000 -0.026125 
2356.300000 -0.026125 
2355.300000 -0.026125 
2354.300000 -0.026125 
2353.400000 -0.025715 
2352.400000 -0.025715 
2351.400000 -0.025715 
2350.500000 -0.025715 
2349.500000 -0.025715 
2348.600000 -0.025715 
2347.600000 -0.025715 
2346.600000 -0.025715 
2345.700000 -0.025715 
2344.700000 -0.025306 
2343.700000 -0.025306 
2342.800000 -0.025306 
2341.800000 -0.025306 
2340.800000 -0.025306 
2339.900000 -0.025306 
2338.900000 -0.025306 
2337.900000 -0.025306 
2337.000000 -0.025306 
2336.000000 -0.024896 
2335.100000 -0.024896 
2334.100000 -0.024896 
2333.100000 -0.024896 
2332.200000 -0.024896 
2331.200000 -0.024896 
2330.200000 -0.024896 
2329.300000 -0.024896 
2328.300000 -0.024486 
2327.300000 -0.024486 
2326.400000 -0.024486 
2325.400000 -0.024486 
2324.400000 -0.024486 
2323.500000 -0.024486 
2322.500000 -0.024486 
2321.500000 -0.024486 
2320.600000 -0.024075 
2319.600000 -0.024075 
2318.700000 -0.024075 
2317.700000 -0.024075 
2316.700000 -0.024075 
2315.800000 -0.024075 
2314.800000 -0.024075 
2313.800000 -0.024075 
2312.900000 -0.023664 
2311.900000 -0.023664 
2310.900000 -0.023664 
2310.000000 -0.023664 
2309.000000 -0.023664 
2308.000000 -0.023664 
2307.100000 -0.023664 
2306.100000 -0.023252 
2305.200000 -0.023252 
2304.200000 -0.023252 
2303.200000 -0.023252 
2302.300000 -0.023252 
2301.300000 -0.023252 
2300.300000 -0.023252 
2299.400000 -0.022841 
2298.400000 -0.022841 
2297.400000 -0.022841 
2296.500000 -0.022841 
2295.500000 -0.022841 
2294.500000 -0.022841 
2293.600000 -0.022428 
2292.600000 -0.022428 
2291.600000 -0.022428 
2290.700000 -0.022428 
2289.700000 -0.022428 
2288.800000 -0.022428 
2287.800000 -0.022016 
2286.800000 -0.022016 
2285.900000 -0.022016 
2284.900000 -0.022016 
2283.900000 -0.022016 
2283.000000 -0.022016 
2282.000000 -0.022016 
2281.000000 -0.021603 
2280.100000 -0.021603 
2279.100000 -0.021603 
2278.100000 -0.021603 
2277.200000 -0.021603 
2276.200000 -0.021189 
2275.300000 -0.021189 
2274.300000 -0.021189 
2273.300000 -0.021189 
2272.400000 -0.021189 
2271.400000 -0.021189 
2270.400000 -0.020775 
2269.500000 -0.020775 
2268.500000 -0.020775 
2267.500000 -0.020775 
2266.600000 -0.020775 
2265.600000 -0.020361 
2264.600000 -0.020361 
2263.700000 -0.020361 
2262.700000 -0.020361 
2261.700000 -0.020361 
2260.800000 -0.019947 
2259.800000 -0.019947 
2258.900000 -0.019947 
2257.900000 -0.019947 
2256.900000 -0.019947 
2256.000000 -0.019947 
2255.000000 -0.019532 
2254.000000 -0.019532 
2253.100000 -0.019532 
2252.100000 -0.019532 
2251.100000 -0.019532 
2250.200000 -0.019532 
2249.200000 -0.019532 
2248.200000 -0.019116 
2247.300000 -0.019116 
2246.300000 -0.019116 
2245.400000 -0.019116 
2244.400000 -0.019116 
2243.400000 -0.019116 
2242.500000 -0.019116 
2241.500000 -0.019116 
2240.500000 -0.019116 
2239.600000 -0.019116 
2238.600000 -0.018700 
2237.600000 -0.018700 
2236.700000 -0.018700 
2235.700000 -0.018700 
2234.700000 -0.018700 
2233.800000 -0.018700 
2232.800000 -0.018700 
2231.900000 -0.018700 
2230.900000 -0.018700 
2229.900000 -0.018700 
2229.000000 -0.018700 
2228.000000 -0.018700 
2227.000000 -0.018700 
2226.100000 -0.018700 
2225.100000 -0.018700 
2224.100000 -0.018700 
2223.200000 -0.018700 
2222.200000 -0.018700 
2221.200000 -0.018700 
2220.300000 -0.018700 
2219.300000 -0.018700 
2218.300000 -0.018700 
2217.400000 -0.018700 
2216.400000 -0.018700 
2215.500000 -0.018700 
2214.500000 -0.018700 
2213.500000 -0.018700 
2212.600000 -0.018700 
2211.600000 -0.018700 
2210.600000 -0.018700 
2209.700000 -0.018700 
2208.700000 -0.018700 
2207.700000 -0.018700 
2206.800000 -0.018700 
2205.800000 -0.018700 
2204.800000 -0.018700 
2203.900000 -0.018700 
2202.900000 -0.018700 
2202.000000 -0.018700 
2201.000000 -0.019116 
2200.000000 -0.019116 
2199.100000 -0.019116 
2198.100000 -0.019116 
2197.100000 -0.019116 
2196.200000 -0.019116 
2195.200000 -0.019116 
2194.200000 -0.019116 
2193.300000 -0.019116 
2192.300000 -0.019116 
2191.300000 -0.019116 
2190.400000 -0.019116 
2189.400000 -0.019532 
2188.400000 -0.019532 
2187.500000 -0.019532 
2186.500000 -0.019532 
2185.600000 -0.019532 
2184.600000 -0.019532 
2183.600000 -0.019532 
2182.700000 -0.019532 
2181.700000 -0.019532 
2180.700000 -0.019947 
2179.800000 -0.019947 
2178.800000 -0.019947 
2177.800000 -0.019947 
2176.900000 -0.019947 
2175.900000 -0.019947 
2174.900000 -0.019947 
2174.000000 -0.020361 
2173.000000 -0.020361 
2172.100000 -0.020361 
2171.100000 -0.020361 
2170.100000 -0.020361 
2169.200000 -0.020361 
2168.200000 -0.020361 
2167.200000 -0.020775 
2166.300000 -0.020775 
2165.300000 -0.020775 
2164.300000 -0.020775 
2163.400000 -0.020775 
2162.400000 -0.020775 
2161.400000 -0.021189 
2160.500000 -0.021189 
2159.500000 -0.021189 
2158.600000 -0.021189 
2157.600000 -0.021189 
2156.600000 -0.021189 
2155.700000 -0.021189 
2154.700000 -0.021189 
2153.700000 -0.021189 
2152.800000 -0.021603 
2151.800000 -0.021603 
2150.800000 -0.021603 
2149.900000 -0.021603 
2148.900000 -0.022016 
2147.900000 -0.022016 
2147.000000 -0.022016 
2146.000000 -0.022016 
2145.000000 -0.022016 
2144.100000 -0.022016 
2143.100000 -0.022016 
2142.200000 -0.021603 
2141.200000 -0.021189 
2140.200000 -0.020361 
2139.300000 -0.019532 
2138.300000 -0.018700 
2137.300000 -0.017868 
2136.400000 -0.017451 
2135.400000 -0.017868 
2134.400000 -0.018700 
2133.500000 -0.019947 
2132.500000 -0.021189 
2131.500000 -0.022016 
2130.600000 -0.022841 
2129.600000 -0.023252 
2128.700000 -0.023664 
2127.700000 -0.024075 
2126.700000 -0.024075 
2125.800000 -0.024075 
2124.800000 -0.024075 
2123.800000 -0.024486 
2122.900000 -0.024486 
2121.900000 -0.024486 
2120.900000 -0.024486 
2120.000000 -0.024486 
2119.000000 -0.024896 
2118.000000 -0.024896 
2117.100000 -0.024896 
2116.100000 -0.024896 
2115.200000 -0.025306 
2114.200000 -0.025306 
2113.200000 -0.025306 
2112.300000 -0.025306 
2111.300000 -0.025306 
2110.300000 -0.025715 
2109.400000 -0.025715 
2108.400000 -0.025715 
2107.400000 -0.025715 
2106.500000 -0.025715 
2105.500000 -0.025715 
2104.500000 -0.026125 
2103.600000 -0.026125 
2102.600000 -0.026125 
2101.600000 -0.026125 
2100.700000 -0.026125 
2099.700000 -0.026125 
2098.800000 -0.026125 
2097.800000 -0.026533 
2096.800000 -0.026533 
2095.900000 -0.026533 
2094.900000 -0.026533 
2093.900000 -0.026533 
2093.000000 -0.026533 
2092.000000 -0.026533 
2091.000000 -0.026533 
2090.100000 -0.026942 
2089.100000 -0.026942 
2088.100000 -0.026942 
2087.200000 -0.026942 
2086.200000 -0.026942 
2085.200000 -0.027350 
2084.300000 -0.026942 
2083.300000 -0.027350 
2082.400000 -0.027350 
2081.400000 -0.027350 
2080.400000 -0.027350 
2079.500000 -0.027350 
2078.500000 -0.027350 
2077.500000 -0.027350 
2076.600000 -0.027757 
2075.600000 -0.027757 
2074.600000 -0.027757 
2073.700000 -0.027757 
2072.700000 -0.027757 
2071.700000 -0.027757 
2070.800000 -0.027757 
2069.800000 -0.027757 
2068.900000 -0.027757 
2067.900000 -0.027757 
2066.900000 -0.027757 
2066.000000 -0.028164 
2065.000000 -0.028164 
2064.000000 -0.028164 
2063.100000 -0.028164 
2062.100000 -0.028164 
2061.100000 -0.028164 
2060.200000 -0.028164 
2059.200000 -0.028164 
2058.200000 -0.028164 
2057.300000 -0.028164 
2056.300000 -0.028164 
2055.400000 -0.028164 
2054.400000 -0.028164 
2053.400000 -0.028164 
2052.500000 -0.028164 
2051.500000 -0.028164 
2050.500000 -0.028571 
2049.600000 -0.028571 
2048.600000 -0.028571 
2047.600000 -0.028571 
2046.700000 -0.028164 
2045.700000 -0.028571 
2044.700000 -0.028571 
2043.800000 -0.028571 
2042.800000 -0.028571 
2041.800000 -0.028571 
2040.900000 -0.028571 
2039.900000 -0.028571 
2039.000000 -0.028571 
2038.000000 -0.028571 
2037.000000 -0.028571 
2036.100000 -0.028571 
2035.100000 -0.028571 
2034.100000 -0.028571 
2033.200000 -0.028571 
2032.200000 -0.028571 
2031.200000 -0.028571 
2030.300000 -0.028571 
2029.300000 -0.028571 
2028.300000 -0.028571 
2027.400000 -0.028571 
2026.400000 -0.028571 
2025.500000 -0.028571 
2024.500000 -0.028571 
2023.500000 -0.028571 
2022.600000 -0.028571 
2021.600000 -0.028571 
2020.600000 -0.028571 
2019.700000 -0.028571 
2018.700000 -0.028571 
2017.700000 -0.028571 
2016.800000 -0.028571 
2015.800000 -0.028978 
2014.800000 -0.028978 
2013.900000 -0.028571 
2012.900000 -0.028571 
2012.000000 -0.028978 
2011.000000 -0.028978 
2010.000000 -0.028978 
2009.100000 -0.028978 
2008.100000 -0.028978 
2007.100000 -0.028978 
2006.200000 -0.028978 
2005.200000 -0.028978 
2004.200000 -0.028978 
2003.300000 -0.028978 
2002.300000 -0.028978 
2001.300000 -0.028978 
2000.400000 -0.028978 
1999.400000 -0.028978 
1998.400000 -0.028978 
1997.500000 -0.028978 
1996.500000 -0.028978 
1995.600000 -0.028978 
1994.600000 -0.029384 
1993.600000 -0.028978 
1992.700000 -0.028978 
1991.700000 -0.028978 
1990.700000 -0.028978 
1989.800000 -0.028978 
1988.800000 -0.028978 
1987.800000 -0.029384 
1986.900000 -0.028978 
1985.900000 -0.029384 
1984.900000 -0.029384 
1984.000000 -0.028978 
1983.000000 -0.028978 
1982.100000 -0.028978 
1981.100000 -0.028978 
1980.100000 -0.029384 
1979.200000 -0.028978 
1978.200000 -0.029384 
1977.200000 -0.028978 
1976.300000 -0.029384 
1975.300000 -0.028978 
1974.300000 -0.028978 
1973.400000 -0.028978 
1972.400000 -0.028978 
1971.400000 -0.028978 
1970.500000 -0.028978 
1969.500000 -0.028978 
1968.500000 -0.028978 
1967.600000 -0.028978 
1966.600000 -0.028978 
1965.700000 -0.028978 
1964.700000 -0.028978 
1963.700000 -0.028978 
1962.800000 -0.028978 
1961.800000 -0.028978 
1960.800000 -0.028978 
1959.900000 -0.029384 
1958.900000 -0.028978 
1957.900000 -0.029384 
1957.000000 -0.028978 
1956.000000 -0.028978 
1955.000000 -0.028978 
1954.100000 -0.028978 
1953.100000 -0.028978 
1952.200000 -0.028978 
1951.200000 -0.029384 
1950.200000 -0.029384 
1949.300000 -0.029384 
1948.300000 -0.029384 
1947.300000 -0.028978 
1946.400000 -0.029384 
1945.400000 -0.029384 
1944.400000 -0.028978 
1943.500000 -0.028978 
1942.500000 -0.028978 
1941.500000 -0.029384 
1940.600000 -0.029384 
1939.600000 -0.029384 
1938.700000 -0.028978 
1937.700000 -0.029384 
1936.700000 -0.029384 
1935.800000 -0.028978 
1934.800000 -0.029384 
1933.800000 -0.028978 
1932.900000 -0.028978 
1931.900000 -0.029384 
1930.900000 -0.028978 
1930.000000 -0.028978 
1929.000000 -0.028978 
1928.000000 -0.028978 
1927.100000 -0.028978 
1926.100000 -0.029384 
1925.100000 -0.028978 
1924.200000 -0.028978 
1923.200000 -0.028978 
1922.300000 -0.028978 
1921.300000 -0.028978 
1920.300000 -0.028978 
1919.400000 -0.028978 
1918.400000 -0.028978 
1917.400000 -0.028978 
1916.500000 -0.028978 
1915.500000 -0.028978 
1914.500000 -0.028978 
1913.600000 -0.028978 
1912.600000 -0.028978 
1911.600000 -0.028978 
1910.700000 -0.028978 
1909.700000 -0.028978 
1908.800000 -0.028978 
1907.800000 -0.028978 
1906.800000 -0.028978 
1905.900000 -0.028978 
1904.900000 -0.028978 
1903.900000 -0.028978 
1903.000000 -0.028978 
1902.000000 -0.028978 
1901.000000 -0.028978 
1900.100000 -0.028978 
1899.100000 -0.028978 
1898.100000 -0.028978 
1897.200000 -0.028978 
1896.200000 -0.028978 
1895.200000 -0.028978 
1894.300000 -0.028978 
1893.300000 -0.028978 
1892.400000 -0.028978 
1891.400000 -0.028978 
1890.400000 -0.028978 
1889.500000 -0.028978 
1888.500000 -0.028978 
1887.500000 -0.028978 
1886.600000 -0.028978 
1885.600000 -0.028978 
1884.600000 -0.028978 
1883.700000 -0.028978 
1882.700000 -0.028978 
1881.700000 -0.028978 
1880.800000 -0.028978 
1879.800000 -0.028978 
1878.900000 -0.028978 
1877.900000 -0.028978 
1876.900000 -0.028978 
1876.000000 -0.028978 
1875.000000 -0.028571 
1874.000000 -0.028978 
1873.100000 -0.028571 
1872.100000 -0.028978 
1871.100000 -0.028571 
1870.200000 -0.028571 
1869.200000 -0.028571 
1868.200000 -0.028571 
1867.300000 -0.028571 
1866.300000 -0.028571 
1865.400000 -0.028571 
1864.400000 -0.028571 
1863.400000 -0.028571 
1862.500000 -0.028571 
1861.500000 -0.028571 
1860.500000 -0.028571 
1859.600000 -0.028571 
1858.600000 -0.028571 
1857.600000 -0.028571 
1856.700000 -0.028571 
1855.700000 -0.028571 
1854.700000 -0.028571 
1853.800000 -0.028571 
1852.800000 -0.028164 
1851.800000 -0.028164 
1850.900000 -0.028164 
1849.900000 -0.028164 
1849.000000 -0.028164 
1848.000000 -0.028164 
1847.000000 -0.028164 
1846.100000 -0.028164 
1845.100000 -0.028164 
1844.100000 -0.028164 
1843.200000 -0.028164 
1842.200000 -0.028164 
1841.200000 -0.028164 
1840.300000 -0.028164 
1839.300000 -0.028164 
1838.300000 -0.028164 
1837.400000 -0.027757 
1836.400000 -0.027757 
1835.500000 -0.027757 
1834.500000 -0.027757 
1833.500000 -0.027757 
1832.600000 -0.027757 
1831.600000 -0.027757 
1830.600000 -0.027757 
1829.700000 -0.027757 
1828.700000 -0.027757 
1827.700000 -0.027757 
1826.800000 -0.027350 
1825.800000 -0.027350 
1824.800000 -0.027350 
1823.900000 -0.027350 
1822.900000 -0.027350 
1821.900000 -0.027350 
1821.000000 -0.027350 
1820.000000 -0.027350 
1819.100000 -0.027350 
1818.100000 -0.027350 
1817.100000 -0.026942 
1816.200000 -0.026942 
1815.200000 -0.026942 
1814.200000 -0.026942 
1813.300000 -0.026942 
1812.300000 -0.026942 
1811.300000 -0.026942 
1810.400000 -0.026942 
1809.400000 -0.026533 
1808.400000 -0.026533 
1807.500000 -0.026533 
1806.500000 -0.026533 
1805.600000 -0.026533 
1804.600000 -0.026533 
1803.600000 -0.026533 
1802.700000 -0.026125 
1801.700000 -0.026125 
1800.700000 -0.026125 
1799.800000 -0.026125 
1798.800000 -0.026125 
1797.800000 -0.026125 
1796.900000 -0.025715 
1795.900000 -0.025715 
1794.900000 -0.025715 
1794.000000 -0.025715 
1793.000000 -0.025306 
1792.000000 -0.025715 
1791.100000 -0.025306 
1790.100000 -0.025306 
1789.200000 -0.025306 
1788.200000 -0.025306 
1787.200000 -0.024896 
1786.300000 -0.024896 
1785.300000 -0.024896 
1784.300000 -0.024896 
1783.400000 -0.024896 
1782.400000 -0.024486 
1781.400000 -0.024486 
1780.500000 -0.024486 
1779.500000 -0.024486 
1778.500000 -0.024075 
1777.600000 -0.024075 
1776.600000 -0.024075 
1775.700000 -0.023664 
1774.700000 -0.023664 
1773.700000 -0.023664 
1772.800000 -0.023252 
1771.800000 -0.023252 
1770.800000 -0.023252 
1769.900000 -0.023252 
1768.900000 -0.022841 
1767.900000 -0.022841 
1767.000000 -0.022428 
1766.000000 -0.022428 
1765.000000 -0.022428 
1764.100000 -0.022428 
1763.100000 -0.022016 
1762.200000 -0.021603 
1761.200000 -0.021603 
1760.200000 -0.021603 
1759.300000 -0.021189 
1758.300000 -0.021189 
1757.300000 -0.020775 
1756.400000 -0.020775 
1755.400000 -0.020361 
1754.400000 -0.020361 
1753.500000 -0.019947 
1752.500000 -0.019947 
1751.500000 -0.019116 
1750.600000 -0.019532 
1749.600000 -0.019116 
1748.600000 -0.018700 
1747.700000 -0.018700 
1746.700000 -0.018284 
1745.800000 -0.017868 
1744.800000 -0.017868 
1743.800000 -0.017451 
1742.900000 -0.017033 
1741.900000 -0.017033 
1740.900000 -0.016616 
1740.000000 -0.016197 
1739.000000 -0.015779 
1738.000000 -0.015360 
1737.100000 -0.015360 
1736.100000 -0.014940 
1735.100000 -0.014100 
1734.200000 -0.013680 
1733.200000 -0.013680 
1732.300000 -0.013259 
1731.300000 -0.012837 
1730.300000 -0.012415 
1729.400000 -0.011993 
1728.400000 -0.011993 
1727.400000 -0.011570 
1726.500000 -0.010724 
1725.500000 -0.010300 
1724.500000 -0.010300 
1723.600000 -0.009876 
1722.600000 -0.009026 
1721.600000 -0.008600 
1720.700000 -0.008600 
1719.700000 -0.007748 
1718.700000 -0.007321 
1717.800000 -0.006466 
1716.800000 -0.006466 
1715.900000 -0.006038 
1714.900000 -0.005609 
1713.900000 -0.005181 
1713.000000 -0.004751 
1712.000000 -0.004751 
1711.000000 -0.003891 
1710.100000 -0.003461 
1709.100000 -0.003461 
1708.100000 -0.003029 
1707.200000 -0.002598 
1706.200000 -0.002166 
1705.200000 -0.001734 
1704.300000 -0.001301 
1703.300000 -0.000868 
1702.400000 -0.000434 
1701.400000 0.000000 
1700.400000 0.000435 
1699.500000 0.000435 
1698.500000 0.000869 
1697.500000 0.001305 
1696.600000 0.001741 
1695.600000 0.002177 
1694.600000 0.002177 
1693.700000 0.002177 
1692.700000 0.002614 
1691.700000 0.002614 
1690.800000 0.003051 
1689.800000 0.003488 
1688.900000 0.003488 
1687.900000 0.003926 
1686.900000 0.003926 
1686.000000 0.004365 
1685.000000 0.004804 
1684.000000 0.004804 
1683.100000 0.004804 
1682.100000 0.004804 
1681.100000 0.004804 
1680.200000 0.004804 
1679.200000 0.005243 
1678.200000 0.005243 
1677.300000 0.005243 
1676.300000 0.005243 
1675.300000 0.005683 
1674.400000 0.005243 
1673.400000 0.005243 
1672.500000 0.005243 
1671.500000 0.005243 
1670.500000 0.005243 
1669.600000 0.005243 
1668.600000 0.005243 
1667.600000 0.005243 
1666.700000 0.004804 
1665.700000 0.004804 
1664.700000 0.004804 
1663.800000 0.004804 
1662.800000 0.004804 
1661.800000 0.004365 
1660.900000 0.004365 
1659.900000 0.004365 
1659.000000 0.003926 
1658.000000 0.003926 
1657.000000 0.003926 
1656.100000 0.003488 
1655.100000 0.003488 
1654.100000 0.003488 
1653.200000 0.003488 
1652.200000 0.003051 
1651.200000 0.002614 
1650.300000 0.002614 
1649.300000 0.002177 
1648.300000 0.002177 
1647.400000 0.002177 
1646.400000 0.002177 
1645.400000 0.001741 
1644.500000 0.001305 
1643.500000 0.001305 
1642.600000 0.000869 
1641.600000 0.000869 
1640.600000 0.000435 
1639.700000 0.000435 
1638.700000 0.000000 
1637.700000 0.000000 
1636.800000 0.000000 
1635.800000 0.000000 
1634.800000 -0.000434 
1633.900000 -0.000868 
1632.900000 -0.001301 
1631.900000 -0.001301 
1631.000000 -0.001301 
1630.000000 -0.001734 
1629.100000 -0.001734 
1628.100000 -0.002166 
1627.100000 -0.002166 
1626.200000 -0.002598 
1625.200000 -0.002598 
1624.200000 -0.002598 
1623.300000 -0.003029 
1622.300000 -0.003029 
1621.300000 -0.003461 
1620.400000 -0.003461 
1619.400000 -0.003461 
1618.400000 -0.003891 
1617.500000 -0.003461 
1616.500000 -0.003891 
1615.500000 -0.004321 
1614.600000 -0.004321 
1613.600000 -0.004751 
1612.700000 -0.004751 
1611.700000 -0.004751 
1610.700000 -0.005181 
1609.800000 -0.005181 
1608.800000 -0.005181 
1607.800000 -0.005609 
1606.900000 -0.005609 
1605.900000 -0.005609 
1604.900000 -0.005609 
1604.000000 -0.006038 
1603.000000 -0.006038 
1602.000000 -0.006038 
1601.100000 -0.006038 
1600.100000 -0.006466 
1599.200000 -0.006466 
1598.200000 -0.006466 
1597.200000 -0.006466 
1596.300000 -0.006894 
1595.300000 -0.006894 
1594.300000 -0.006894 
1593.400000 -0.006894 
1592.400000 -0.006894 
1591.400000 -0.007321 
1590.500000 -0.007321 
1589.500000 -0.007321 
1588.500000 -0.007321 
1587.600000 -0.007748 
1586.600000 -0.007748 
1585.700000 -0.007748 
1584.700000 -0.007748 
1583.700000 -0.007748 
1582.800000 -0.008174 
1581.800000 -0.008174 
1580.800000 -0.008174 
1579.900000 -0.008174 
1578.900000 -0.008174 
1577.900000 -0.008600 
1577.000000 -0.008174 
1576.000000 -0.008174 
1575.000000 -0.008600 
1574.100000 -0.008600 
1573.100000 -0.008600 
1572.100000 -0.009026 
1571.200000 -0.009026 
1570.200000 -0.008600 
1569.300000 -0.009026 
1568.300000 -0.009026 
1567.300000 -0.009026 
1566.400000 -0.009451 
1565.400000 -0.009451 
1564.400000 -0.009451 
1563.500000 -0.009451 
1562.500000 -0.009451 
1561.500000 -0.009451 
1560.600000 -0.009451 
1559.600000 -0.009876 
1558.600000 -0.009451 
1557.700000 -0.009876 
1556.700000 -0.010300 
1555.800000 -0.010300 
1554.800000 -0.009876 
1553.800000 -0.010300 
1552.900000 -0.010724 
1551.900000 -0.010300 
1550.900000 -0.010724 
1550.000000 -0.010724 
1549.000000 -0.010724 
1548.000000 -0.010724 
1547.100000 -0.010724 
1546.100000 -0.010724 
1545.100000 -0.010724 
1544.200000 -0.011147 
1543.200000 -0.011147 
1542.200000 -0.011147 
1541.300000 -0.011147 
1540.300000 -0.011147 
1539.400000 -0.010724 
1538.400000 -0.011570 
1537.400000 -0.011570 
1536.500000 -0.011570 
1535.500000 -0.011570 
1534.500000 -0.011570 
1533.600000 -0.011993 
1532.600000 -0.011993 
1531.600000 -0.011993 
1530.700000 -0.011993 
1529.700000 -0.011993 
1528.700000 -0.012415 
1527.800000 -0.012415 
1526.800000 -0.012415 
1525.900000 -0.012415 
1524.900000 -0.012415 
1523.900000 -0.012837 
1523.000000 -0.012415 
1522.000000 -0.012415 
1521.000000 -0.012415 
1520.100000 -0.012837 
1519.100000 -0.012837 
1518.100000 -0.012837 
1517.200000 -0.012837 
1516.200000 -0.013259 
1515.200000 -0.013259 
1514.300000 -0.013259 
1513.300000 -0.013259 
1512.400000 -0.013259 
1511.400000 -0.013259 
1510.400000 -0.013259 
1509.500000 -0.013259 
1508.500000 -0.013259 
1507.500000 -0.013259 
1506.600000 -0.013259 
1505.600000 -0.013259 
1504.600000 -0.013680 
1503.700000 -0.013680 
1502.700000 -0.013680 
1501.700000 -0.013680 
1500.800000 -0.013680 
1499.800000 -0.013680 
1498.800000 -0.013680 
1497.900000 -0.013680 
1496.900000 -0.013259 
1496.000000 -0.013259 
1495.000000 -0.013259 
1494.000000 -0.013259 
1493.100000 -0.013259 
1492.100000 -0.012837 
1491.100000 -0.012837 
1490.200000 -0.012415 
1489.200000 -0.011993 
1488.200000 -0.011570 
1487.300000 -0.011570 
1486.300000 -0.010724 
1485.300000 -0.010300 
1484.400000 -0.009876 
1483.400000 -0.009026 
1482.500000 -0.008174 
1481.500000 -0.007748 
1480.500000 -0.007321 
1479.600000 -0.006894 
1478.600000 -0.006466 
1477.600000 -0.006466 
1476.700000 -0.006894 
1475.700000 -0.007748 
1474.700000 -0.008600 
1473.800000 -0.009026 
1472.800000 -0.009876 
1471.800000 -0.010724 
1470.900000 -0.011147 
1469.900000 -0.011570 
1468.900000 -0.011147 
1468.000000 -0.010724 
1467.000000 -0.010300 
1466.100000 -0.009876 
1465.100000 -0.009026 
1464.100000 -0.008600 
1463.200000 -0.008600 
1462.200000 -0.008600 
1461.200000 -0.009026 
1460.300000 -0.009876 
1459.300000 -0.010300 
1458.300000 -0.010724 
1457.400000 -0.010724 
1456.400000 -0.011147 
1455.400000 -0.010724 
1454.500000 -0.010300 
1453.500000 -0.009876 
1452.600000 -0.009451 
1451.600000 -0.009026 
1450.600000 -0.009026 
1449.700000 -0.009026 
1448.700000 -0.009451 
1447.700000 -0.009876 
1446.800000 -0.010724 
1445.800000 -0.011147 
1444.800000 -0.011993 
1443.900000 -0.012415 
1442.900000 -0.012837 
1441.900000 -0.012837 
1441.000000 -0.012837 
1440.000000 -0.012837 
1439.100000 -0.012415 
1438.100000 -0.012415 
1437.100000 -0.011993 
1436.200000 -0.011993 
1435.200000 -0.011993 
1434.200000 -0.011993 
1433.300000 -0.011993 
1432.300000 -0.011570 
1431.300000 -0.011993 
1430.400000 -0.011570 
1429.400000 -0.011993 
1428.400000 -0.011993 
1427.500000 -0.011993 
1426.500000 -0.011993 
1425.500000 -0.012415 
1424.600000 -0.012415 
1423.600000 -0.012415 
1422.700000 -0.012837 
1421.700000 -0.012837 
1420.700000 -0.013259 
1419.800000 -0.012837 
1418.800000 -0.013680 
1417.800000 -0.013680 
1416.900000 -0.014100 
1415.900000 -0.014100 
1414.900000 -0.014521 
1414.000000 -0.014521 
1413.000000 -0.014940 
1412.000000 -0.015360 
1411.100000 -0.015360 
1410.100000 -0.015779 
1409.200000 -0.015779 
1408.200000 -0.016197 
1407.200000 -0.016197 
1406.300000 -0.016616 
1405.300000 -0.016616 
1404.300000 -0.017033 
1403.400000 -0.017033 
1402.400000 -0.017451 
1401.400000 -0.017451 
1400.500000 -0.017868 
1399.500000 -0.017868 
1398.500000 -0.018284 
1397.600000 -0.018284 
1396.600000 -0.018284 
1395.600000 -0.018700 
1394.700000 -0.018700 
1393.700000 -0.018700 
1392.800000 -0.019116 
1391.800000 -0.019116 
1390.800000 -0.019116 
1389.900000 -0.019532 
1388.900000 -0.019532 
1387.900000 -0.019532 
1387.000000 -0.019532 
1386.000000 -0.019947 
1385.000000 -0.019947 
1384.100000 -0.020361 
1383.100000 -0.020361 
1382.100000 -0.020361 
1381.200000 -0.020361 
1380.200000 -0.020361 
1379.300000 -0.020361 
1378.300000 -0.020361 
1377.300000 -0.020775 
1376.400000 -0.020775 
1375.400000 -0.020775 
1374.400000 -0.020775 
1373.500000 -0.020775 
1372.500000 -0.020775 
1371.500000 -0.021189 
1370.600000 -0.021189 
1369.600000 -0.021189 
1368.600000 -0.021189 
1367.700000 -0.021189 
1366.700000 -0.021189 
1365.700000 -0.021603 
1364.800000 -0.021603 
1363.800000 -0.021603 
1362.900000 -0.021603 
1361.900000 -0.021603 
1360.900000 -0.021603 
1360.000000 -0.021603 
1359.000000 -0.022016 
1358.000000 -0.022016 
1357.100000 -0.022016 
1356.100000 -0.022016 
1355.100000 -0.022016 
1354.200000 -0.022016 
1353.200000 -0.022428 
1352.200000 -0.022428 
1351.300000 -0.022016 
1350.300000 -0.022428 
1349.400000 -0.022428 
1348.400000 -0.022428 
1347.400000 -0.022428 
1346.500000 -0.022428 
1345.500000 -0.022841 
1344.500000 -0.023252 
1343.600000 -0.022841 
1342.600000 -0.022841 
1341.600000 -0.022841 
1340.700000 -0.022841 
1339.700000 -0.022841 
1338.700000 -0.023252 
1337.800000 -0.022841 
1336.800000 -0.022841 
1335.900000 -0.023252 
1334.900000 -0.023252 
1333.900000 -0.023252 
1333.000000 -0.023252 
1332.000000 -0.023252 
1331.000000 -0.023252 
1330.100000 -0.023252 
1329.100000 -0.023664 
1328.100000 -0.023664 
1327.200000 -0.023664 
1326.200000 -0.023664 
1325.200000 -0.023664 
1324.300000 -0.023664 
1323.300000 -0.023664 
1322.300000 -0.023664 
1321.400000 -0.024075 
1320.400000 -0.024075 
1319.500000 -0.024075 
1318.500000 -0.024075 
1317.500000 -0.024075 
1316.600000 -0.024075 
1315.600000 -0.024075 
1314.600000 -0.024075 
1313.700000 -0.024486 
1312.700000 -0.024486 
1311.700000 -0.024486 
1310.800000 -0.024486 
1309.800000 -0.024486 
1308.800000 -0.024486 
1307.900000 -0.024486 
1306.900000 -0.024486 
1306.000000 -0.024486 
1305.000000 -0.024896 
1304.000000 -0.024896 
1303.100000 -0.024896 
1302.100000 -0.024896 
1301.100000 -0.024896 
1300.200000 -0.024896 
1299.200000 -0.024896 
1298.200000 -0.024896 
1297.300000 -0.024896 
1296.300000 -0.025306 
1295.300000 -0.024896 
1294.400000 -0.025306 
1293.400000 -0.025306 
1292.500000 -0.025306 
1291.500000 -0.025306 
1290.500000 -0.025306 
1289.600000 -0.025306 
1288.600000 -0.025306 
1287.600000 -0.025306 
1286.700000 -0.025306 
1285.700000 -0.025715 
1284.700000 -0.025715 
1283.800000 -0.025715 
1282.800000 -0.025715 
1281.800000 -0.025715 
1280.900000 -0.025715 
1279.900000 -0.025715 
1278.900000 -0.025715 
1278.000000 -0.025715 
1277.000000 -0.025715 
1276.100000 -0.026125 
1275.100000 -0.026125 
1274.100000 -0.026125 
1273.200000 -0.026125 
1272.200000 -0.026125 
1271.200000 -0.026125 
1270.300000 -0.026125 
1269.300000 -0.026125 
1268.300000 -0.026533 
1267.400000 -0.026533 
1266.400000 -0.026533 
1265.400000 -0.026533 
1264.500000 -0.026533 
1263.500000 -0.026533 
1262.600000 -0.026533 
1261.600000 -0.026533 
1260.600000 -0.026533 
1259.700000 -0.026533 
1258.700000 -0.026942 
1257.700000 -0.026942 
1256.800000 -0.026942 
1255.800000 -0.026942 
1254.800000 -0.026942 
1253.900000 -0.026942 
1252.900000 -0.026942 
1251.900000 -0.026942 
1251.000000 -0.026942 
1250.000000 -0.026942 
1249.000000 -0.026942 
1248.100000 -0.026942 
1247.100000 -0.027350 
1246.200000 -0.027350 
1245.200000 -0.027350 
1244.200000 -0.027350 
1243.300000 -0.027350 
1242.300000 -0.027350 
1241.300000 -0.027350 
1240.400000 -0.027350 
1239.400000 -0.027350 
1238.400000 -0.027757 
1237.500000 -0.027350 
1236.500000 -0.027350 
1235.500000 -0.027350 
1234.600000 -0.029384 
1233.600000 -0.027350 
1232.700000 -0.027757 
1231.700000 -0.027757 
1230.700000 -0.027757 
1229.800000 -0.027757 
1228.800000 -0.027757 
1227.800000 -0.027757 
1226.900000 -0.028164 
1225.900000 -0.028164 
1224.900000 -0.028164 
1224.000000 -0.028164 
1223.000000 -0.028164 
1222.000000 -0.028164 
1221.100000 -0.028164 
1220.100000 -0.028164 
1219.200000 -0.028164 
1218.200000 -0.028164 
1217.200000 -0.028164 
1216.300000 -0.028164 
1215.300000 -0.028164 
1214.300000 -0.028164 
1213.400000 -0.028571 
1212.400000 -0.028571 
1211.400000 -0.028571 
1210.500000 -0.028571 
1209.500000 -0.028571 
1208.500000 -0.028571 
1207.600000 -0.028571 
1206.600000 -0.028571 
1205.600000 -0.028571 
1204.700000 -0.028571 
1203.700000 -0.028571 
1202.800000 -0.028571 
1201.800000 -0.028571 
1200.800000 -0.028571 
1199.900000 -0.028571 
1198.900000 -0.028571 
1197.900000 -0.028978 
1197.000000 -0.028978 
1196.000000 -0.028978 
1195.000000 -0.028978 
1194.100000 -0.028978 
1193.100000 -0.028978 
1192.100000 -0.028978 
1191.200000 -0.028978 
1190.200000 -0.028978 
1189.300000 -0.028978 
1188.300000 -0.028978 
1187.300000 -0.028978 
1186.400000 -0.028978 
1185.400000 -0.028978 
1184.400000 -0.028978 
1183.500000 -0.029384 
1182.500000 -0.028978 
1181.500000 -0.028978 
1180.600000 -0.028978 
1179.600000 -0.029384 
1178.600000 -0.028978 
1177.700000 -0.029384 
1176.700000 -0.029384 
1175.700000 -0.029384 
1174.800000 -0.029384 
1173.800000 -0.028978 
1172.900000 -0.028978 
1171.900000 -0.028978 
1170.900000 -0.028978 
1170.000000 -0.029384 
1169.000000 -0.028978 
1168.000000 -0.028978 
1167.100000 -0.028978 
1166.100000 -0.028978 
1165.100000 -0.028978 
1164.200000 -0.028571 
1163.200000 -0.028978 
1162.200000 -0.028571 
1161.300000 -0.028571 
1160.300000 -0.028571 
1159.400000 -0.028571 
1158.400000 -0.028978 
1157.400000 -0.028978 
1156.500000 -0.028978 
1155.500000 -0.028978 
1154.500000 -0.028978 
1153.600000 -0.028978 
1152.600000 -0.028978 
1151.600000 -0.028978 
1150.700000 -0.028978 
1149.700000 -0.028978 
1148.700000 -0.028978 
1147.800000 -0.028978 
1146.800000 -0.028978 
1145.800000 -0.028978 
1144.900000 -0.028571 
1143.900000 -0.028571 
1143.000000 -0.028571 
1142.000000 -0.028164 
1141.000000 -0.027757 
1140.100000 -0.027757 
1139.100000 -0.027350 
1138.100000 -0.026942 
1137.200000 -0.026533 
1136.200000 -0.026125 
1135.200000 -0.025715 
1134.300000 -0.024896 
1133.300000 -0.024486 
1132.300000 -0.024075 
1131.400000 -0.023664 
1130.400000 -0.023252 
1129.500000 -0.022841 
1128.500000 -0.022841 
1127.500000 -0.022428 
1126.600000 -0.022428 
1125.600000 -0.022428 
1124.600000 -0.022428 
1123.700000 -0.022841 
1122.700000 -0.023252 
1121.700000 -0.023252 
1120.800000 -0.023664 
1119.800000 -0.024075 
1118.800000 -0.024486 
1117.900000 -0.024896 
1116.900000 -0.025306 
1116.000000 -0.025715 
1115.000000 -0.026125 
1114.000000 -0.026533 
1113.100000 -0.026942 
1112.100000 -0.026942 
1111.100000 -0.027350 
1110.200000 -0.027757 
1109.200000 -0.027757 
1108.200000 -0.028164 
1107.300000 -0.028164 
1106.300000 -0.028571 
1105.300000 -0.028571 
1104.400000 -0.028571 
1103.400000 -0.028571 
1102.400000 -0.028978 
1101.500000 -0.028978 
1100.500000 -0.028978 
1099.600000 -0.028978 
1098.600000 -0.028978 
1097.600000 -0.028978 
1096.700000 -0.028978 
1095.700000 -0.028978 
1094.700000 -0.028978 
1093.800000 -0.028978 
1092.800000 -0.028978 
1091.800000 -0.028978 
1090.900000 -0.028978 
1089.900000 -0.029384 
1088.900000 -0.028978 
1088.000000 -0.028978 
1087.000000 -0.029384 
1086.100000 -0.028978 
1085.100000 -0.028978 
1084.100000 -0.028978 
1083.200000 -0.029384 
1082.200000 -0.028978 
1081.200000 -0.028978 
1080.300000 -0.028978 
1079.300000 -0.029384 
1078.300000 -0.028978 
1077.400000 -0.029384 
1076.400000 -0.029384 
1075.400000 -0.029384 
1074.500000 -0.029384 
1073.500000 -0.029384 
1072.500000 -0.029384 
1071.600000 -0.028978 
1070.600000 -0.028978 
1069.700000 -0.028978 
1068.700000 -0.028978 
1067.700000 -0.028978 
1066.800000 -0.028978 
1065.800000 -0.028978 
1064.800000 -0.028978 
1063.900000 -0.028978 
1062.900000 -0.028978 
1061.900000 -0.028978 
1061.000000 -0.028978 
1060.000000 -0.028978 
1059.000000 -0.028571 
1058.100000 -0.028571 
1057.100000 -0.028571 
1056.200000 -0.028571 
1055.200000 -0.028571 
1054.200000 -0.028164 
1053.300000 -0.028164 
1052.300000 -0.028164 
1051.300000 -0.027757 
1050.400000 -0.027757 
1049.400000 -0.027350 
1048.400000 -0.026942 
1047.500000 -0.026533 
1046.500000 -0.026125 
1045.500000 -0.025306 
1044.600000 -0.024486 
1043.600000 -0.023664 
1042.700000 -0.022428 
1041.700000 -0.021189 
1040.700000 -0.019947 
1039.800000 -0.018700 
1038.800000 -0.017033 
1037.800000 -0.015779 
1036.900000 -0.014100 
1035.900000 -0.012837 
1034.900000 -0.011570 
1034.000000 -0.010300 
1033.000000 -0.009026 
1032.000000 -0.007748 
1031.100000 -0.006894 
1030.100000 -0.005609 
1029.100000 -0.004321 
1028.200000 -0.002598 
1027.200000 -0.001301 
1026.300000 0.000435 
1025.300000 0.002177 
1024.300000 0.003926 
1023.400000 0.006123 
1022.400000 0.007889 
1021.400000 0.009661 
1020.500000 0.011441 
1019.500000 0.012334 
1018.500000 0.013228 
1017.600000 0.013676 
1016.600000 0.013676 
1015.600000 0.012781 
1014.700000 0.011887 
1013.700000 0.010105 
1012.800000 0.007889 
1011.800000 0.005243 
1010.800000 0.002614 
1009.900000 -0.000434 
1008.900000 -0.003461 
1007.900000 -0.006466 
1007.000000 -0.009451 
1006.000000 -0.011993 
1005.000000 -0.014521 
1004.100000 -0.016616 
1003.100000 -0.018284 
1002.100000 -0.019947 
1001.200000 -0.021189 
1000.200000 -0.022016 
999.250000 -0.022841 
998.280000 -0.023252 
997.320000 -0.023664 
996.360000 -0.024075 
995.390000 -0.024075 
994.430000 -0.024075 
993.460000 -0.024075 
992.500000 -0.024075 
991.530000 -0.024075 
990.570000 -0.023664 
989.600000 -0.023664 
988.640000 -0.023664 
987.680000 -0.023252 
986.710000 -0.023252 
985.750000 -0.022841 
984.780000 -0.022841 
983.820000 -0.022428 
982.850000 -0.022428 
981.890000 -0.022016 
980.920000 -0.022016 
979.960000 -0.021603 
978.990000 -0.021189 
978.030000 -0.020775 
977.070000 -0.020775 
976.100000 -0.020361 
975.140000 -0.019947 
974.170000 -0.019532 
973.210000 -0.019532 
972.240000 -0.018700 
971.280000 -0.018700 
970.310000 -0.018284 
969.350000 -0.017868 
968.390000 -0.017451 
967.420000 -0.017033 
966.460000 -0.016616 
965.490000 -0.016197 
964.530000 -0.015779 
963.560000 -0.015360 
962.600000 -0.014940 
961.630000 -0.014521 
960.670000 -0.014100 
959.710000 -0.013680 
958.740000 -0.013259 
957.780000 -0.012415 
956.810000 -0.011993 
955.850000 -0.011570 
954.880000 -0.011147 
953.920000 -0.010724 
952.950000 -0.010300 
951.990000 -0.009876 
951.030000 -0.009026 
950.060000 -0.008600 
949.100000 -0.008174 
948.130000 -0.007748 
947.170000 -0.006894 
946.200000 -0.006466 
945.240000 -0.006038 
944.270000 -0.005609 
943.310000 -0.004751 
942.340000 -0.004321 
941.380000 -0.003891 
940.420000 -0.003029 
939.450000 -0.002598 
938.490000 -0.002166 
937.520000 -0.001301 
936.560000 -0.000868 
935.590000 -0.000434 
934.630000 0.000435 
933.660000 0.000869 
932.700000 0.001305 
931.730000 0.002177 
930.770000 0.002614 
929.810000 0.003051 
928.840000 0.003488 
927.880000 0.004365 
926.910000 0.004804 
925.950000 0.005243 
924.980000 0.006123 
924.020000 0.006564 
923.060000 0.007005 
922.090000 0.007889 
921.130000 0.008331 
920.160000 0.008774 
919.200000 0.009661 
918.230000 0.010105 
917.270000 0.010550 
916.300000 0.011441 
915.340000 0.011887 
914.380000 0.012334 
913.410000 0.012781 
912.450000 0.013676 
911.480000 0.014125 
910.520000 0.015023 
909.550000 0.015473 
908.590000 0.015923 
907.620000 0.016825 
906.660000 0.017277 
905.690000 0.017729 
904.730000 0.018181 
903.770000 0.019088 
902.800000 0.019542 
901.840000 0.019997 
900.870000 0.020452 
899.910000 0.021363 
898.940000 0.021819 
897.980000 0.022276 
897.010000 0.022734 
896.050000 0.023650 
895.090000 0.024109 
894.120000 0.024568 
893.160000 0.025028 
892.190000 0.025949 
891.230000 0.026410 
890.260000 0.026872 
889.300000 0.027334 
888.330000 0.027797 
887.370000 0.028260 
886.400000 0.029188 
885.440000 0.029653 
884.480000 0.030118 
883.510000 0.030584 
882.550000 0.031050 
881.580000 0.031517 
880.620000 0.032452 
879.650000 0.032920 
878.690000 0.033389 
877.720000 0.033858 
876.760000 0.034328 
875.800000 0.034798 
874.830000 0.035269 
873.870000 0.035740 
872.900000 0.036212 
871.940000 0.036684 
870.970000 0.037157 
870.010000 0.038105 
869.040000 0.038105 
868.080000 0.038579 
867.120000 0.039054 
866.150000 0.039529 
865.190000 0.040482 
864.220000 0.040482 
863.260000 0.041436 
862.290000 0.041436 
861.330000 0.042393 
860.360000 0.042393 
859.400000 0.042872 
858.430000 0.043832 
857.470000 0.043832 
856.510000 0.044312 
855.540000 0.044793 
854.580000 0.045275 
853.610000 0.045757 
852.650000 0.045757 
851.680000 0.046240 
850.720000 0.046724 
849.750000 0.047208 
848.790000 0.047692 
847.830000 0.048177 
846.860000 0.048662 
845.900000 0.048662 
844.930000 0.049149 
843.970000 0.049635 
843.000000 0.050122 
842.040000 0.050610 
841.070000 0.050610 
840.110000 0.051098 
839.150000 0.051587 
838.180000 0.052076 
837.220000 0.052076 
836.250000 0.052566 
835.290000 0.053057 
834.320000 0.053548 
833.360000 0.053548 
832.390000 0.054039 
831.430000 0.054039 
830.470000 0.054531 
829.500000 0.055024 
828.540000 0.055024 
827.570000 0.055517 
826.610000 0.056011 
825.640000 0.056011 
824.680000 0.056505 
823.710000 0.057000 
822.750000 0.057000 
821.790000 0.057496 
820.820000 0.057496 
819.860000 0.057992 
818.890000 0.057992 
817.930000 0.058489 
816.960000 0.058489 
816.000000 0.058986 
815.030000 0.058986 
814.070000 0.059484 
813.100000 0.059484 
812.140000 0.059982 
811.180000 0.059982 
810.210000 0.060481 
809.250000 0.060481 
808.280000 0.060481 
807.320000 0.060481 
806.350000 0.060980 
805.390000 0.060980 
804.420000 0.061480 
803.460000 0.061480 
802.500000 0.061480 
801.530000 0.061981 
800.570000 0.061981 
799.600000 0.061981 
798.640000 0.061981 
797.670000 0.062482 
796.710000 0.062482 
795.740000 0.062482 
794.780000 0.062482 
793.820000 0.062984 
792.850000 0.062984 
791.890000 0.062984 
790.920000 0.062984 
789.960000 0.063486 
788.990000 0.062984 
788.030000 0.063486 
787.060000 0.063486 
786.100000 0.063486 
785.140000 0.063486 
784.170000 0.063486 
783.210000 0.063486 
782.240000 0.063486 
781.280000 0.063486 
780.310000 0.063486 
779.350000 0.063486 
778.380000 0.063989 
777.420000 0.063486 
776.450000 0.063486 
775.490000 0.063486 
774.530000 0.063989 
773.560000 0.063486 
772.600000 0.063486 
771.630000 0.063486 
770.670000 0.063486 
769.700000 0.063486 
768.740000 0.063486 
767.770000 0.063486 
766.810000 0.062984 
765.840000 0.062984 
764.880000 0.062984 
763.920000 0.062984 
762.950000 0.062984 
761.990000 0.062482 
761.020000 0.062482 
760.060000 0.062482 
759.090000 0.062482 
758.130000 0.062482 
757.160000 0.061981 
756.200000 0.061981 
755.240000 0.061981 
754.270000 0.061981 
753.310000 0.061480 
752.340000 0.061480 
751.380000 0.060980 
750.410000 0.060980 
749.450000 0.060980 
748.490000 0.060980 
747.520000 0.060481 
746.560000 0.059982 
745.590000 0.059982 
744.630000 0.059982 
743.660000 0.059484 
742.700000 0.059484 
741.730000 0.058986 
740.770000 0.058986 
739.800000 0.058489 
738.840000 0.058489 
737.880000 0.057992 
736.910000 0.057992 
735.950000 0.057496 
734.980000 0.057496 
734.020000 0.057000 
733.050000 0.056505 
732.090000 0.056505 
731.120000 0.056011 
730.160000 0.055517 
729.200000 0.055517 
728.230000 0.055024 
727.270000 0.054531 
726.300000 0.054531 
725.340000 0.054039 
724.370000 0.053548 
723.410000 0.053057 
722.440000 0.053057 
721.480000 0.052566 
720.510000 0.052076 
719.550000 0.051587 
718.590000 0.051098 
717.620000 0.051098 
716.660000 0.050610 
715.690000 0.050122 
714.730000 0.049635 
713.760000 0.049149 
712.800000 0.048662 
711.830000 0.048662 
710.870000 0.048177 
709.910000 0.047692 
708.940000 0.047208 
707.980000 0.046724 
707.010000 0.046240 
706.050000 0.045757 
705.080000 0.045275 
704.120000 0.044793 
703.150000 0.044793 
702.190000 0.044312 
701.230000 0.043832 
700.260000 0.043351 
699.300000 0.042872 
698.330000 0.042393 
697.370000 0.041914 
696.400000 0.041436 
695.440000 0.040959 
694.470000 0.040482 
693.510000 0.040005 
692.540000 0.039529 
691.580000 0.039054 
690.620000 0.038579 
689.650000 0.038105 
688.690000 0.037631 
687.720000 0.037157 
686.760000 0.036684 
685.790000 0.036212 
684.830000 0.035740 
683.860000 0.035269 
682.900000 0.034798 
681.940000 0.034328 
680.970000 0.033389 
680.010000 0.032920 
679.040000 0.032452 
678.080000 0.032452 
677.110000 0.031984 
676.150000 0.031050 
675.180000 0.030584 
674.220000 0.030118 
673.260000 0.029653 
672.290000 0.029188 
671.330000 0.028724 
670.360000 0.028260 
669.400000 0.027334 
668.430000 0.025949 
667.470000 0.025949 
666.500000 0.026410 
665.540000 0.025949 
664.580000 0.025488 
663.610000 0.025028 
662.650000 0.024568 
661.680000 0.024109 
660.720000 0.023650 
659.750000 0.022734 
658.790000 0.022734 
657.820000 0.021819 
656.860000 0.021363 
655.900000 0.021363 
654.930000 0.020452 
653.970000 0.019997 
653.000000 0.019997 
652.040000 0.019088 
651.070000 0.018634 
650.110000 0.018181 
649.140000 0.017729 
648.180000 0.017277 
647.210000 0.016825 
646.250000 0.016374 
645.290000 0.016374 
644.320000 0.015473 
643.360000 0.015473 
642.390000 0.014574 
641.430000 0.014574 
640.460000 0.014125 
639.500000 0.013676 
638.530000 0.013228 
637.570000 0.012781 
636.610000 0.012334 
635.640000 0.011887 
634.680000 0.011441 
633.710000 0.011441 
632.750000 0.010550 
631.780000 0.010105 
630.820000 0.010105 
629.850000 0.009217 
628.890000 0.008774 
627.920000 0.008774 
626.960000 0.008331 
626.000000 0.007889 
625.030000 0.007889 
624.070000 0.007005 
623.100000 0.007005 
622.140000 0.006564 
621.170000 0.005683 
620.210000 0.005683 
619.240000 0.005243 
618.280000 0.005243 
617.320000 0.004804 
616.350000 0.004365 
615.390000 0.003926 
614.420000 0.003488 
613.460000 0.003488 
612.490000 0.003051 
611.530000 0.002614 
610.560000 0.002177 
609.600000 0.002177 
608.640000 0.002177 
607.670000 0.001305 
606.710000 0.001305 
605.740000 0.000869 
604.780000 0.000869 
603.810000 0.000435 
602.850000 0.000000 
601.880000 -0.000434 
600.920000 -0.000434 
599.960000 -0.000868 
598.990000 -0.000868 
598.030000 -0.001301 
597.060000 -0.001734 
596.100000 -0.002166 
595.130000 -0.002598 
594.170000 -0.002166 
593.200000 -0.002598 
592.240000 -0.003029 
591.270000 -0.003461 
590.310000 -0.003029 
589.350000 -0.003891 
588.380000 -0.003891 
587.420000 -0.003891 
586.450000 -0.004321 
585.490000 -0.004751 
584.520000 -0.004751 
583.560000 -0.004751 
582.590000 -0.005181 
581.630000 -0.005609 
580.670000 -0.005609 
579.700000 -0.006038 
578.740000 -0.006038 
577.770000 -0.006466 
576.810000 -0.006466 
575.840000 -0.006894 
574.880000 -0.006894 
573.910000 -0.006894 
572.950000 -0.007748 
571.990000 -0.007321 
571.020000 -0.007748 
570.060000 -0.007748 
569.090000 -0.008174 
568.130000 -0.009026 
567.160000 -0.008600 
566.200000 -0.008600 
565.230000 -0.009026 
564.270000 -0.009026 
563.310000 -0.009451 
562.340000 -0.009451 
561.380000 -0.009026 
560.410000 -0.009451 
559.450000 -0.009876 
558.480000 -0.009876 
557.520000 -0.010300 
556.550000 -0.010724 
555.590000 -0.010724 
554.620000 -0.010724 
553.660000 -0.010724 
552.700000 -0.011147 
551.730000 -0.011147 
550.770000 -0.011570 
549.800000 -0.011993 
548.840000 -0.011993 
547.870000 -0.011993 
546.910000 -0.011993 
545.940000 -0.012415 
544.980000 -0.012837 
544.020000 -0.012415 
543.050000 -0.012837 
542.090000 -0.012837 
541.120000 -0.012837 
540.160000 -0.013680 
539.190000 -0.013259 
538.230000 -0.013259 
537.260000 -0.013259 
536.300000 -0.014100 
535.340000 -0.014100 
534.370000 -0.014521 
533.410000 -0.014521 
532.440000 -0.014100 
531.480000 -0.014100 
530.510000 -0.014521 
529.550000 -0.014940 
528.580000 -0.014521 
527.620000 -0.015360 
526.660000 -0.015360 
525.690000 -0.015360 
524.730000 -0.015360 
523.760000 -0.015360 
522.800000 -0.015779 
521.830000 -0.015360 
520.870000 -0.015360 
519.900000 -0.015360 
518.940000 -0.017033 
517.970000 -0.015360 
517.010000 -0.015779 
516.050000 -0.014940 
515.080000 -0.015779 
514.120000 -0.016616 
513.150000 -0.014940 
512.190000 -0.016616 
511.220000 -0.016197 
510.260000 -0.016616 
509.290000 -0.016616 
508.330000 -0.016197 
507.360000 -0.016197 
506.400000 -0.016197 
505.440000 -0.016197 
504.470000 -0.017033 
503.510000 -0.016197 
502.540000 -0.017033 
501.580000 -0.016616 
501.100000 -0.016197 
500.130000 -0.015360 
