3999.700000 0.022276 
3998.700000 0.022276 
3997.800000 0.022734 
3996.800000 0.022276 
3995.800000 0.022276 
3994.900000 0.022276 
3993.900000 0.022734 
3992.900000 0.022276 
3992.000000 0.022734 
3991.000000 0.022276 
3990.000000 0.022734 
3989.100000 0.022734 
3988.100000 0.022734 
3987.100000 0.022276 
3986.200000 0.022734 
3985.200000 0.022276 
3984.300000 0.022734 
3983.300000 0.022734 
3982.300000 0.022276 
3981.400000 0.022734 
3980.400000 0.022734 
3979.400000 0.022734 
3978.500000 0.022734 
3977.500000 0.022734 
3976.500000 0.022276 
3975.600000 0.022276 
3974.600000 0.022734 
3973.600000 0.022734 
3972.700000 0.022734 
3971.700000 0.022276 
3970.800000 0.022276 
3969.800000 0.022734 
3968.800000 0.022734 
3967.900000 0.022734 
3966.900000 0.022734 
3965.900000 0.022276 
3965.000000 0.022734 
3964.000000 0.022734 
3963.000000 0.022734 
3962.100000 0.022734 
3961.100000 0.022734 
3960.100000 0.022734 
3959.200000 0.022734 
3958.200000 0.022734 
3957.300000 0.022734 
3956.300000 0.022734 
3955.300000 0.022276 
3954.400000 0.022734 
3953.400000 0.022734 
3952.400000 0.022734 
3951.500000 0.022734 
3950.500000 0.022276 
3949.500000 0.022734 
3948.600000 0.022734 
3947.600000 0.022734 
3946.600000 0.022734 
3945.700000 0.022734 
3944.700000 0.022276 
3943.700000 0.022734 
3942.800000 0.022276 
3941.800000 0.022734 
3940.900000 0.022734 
3939.900000 0.022734 
3938.900000 0.022276 
3938.000000 0.022734 
3937.000000 0.022734 
3936.000000 0.022734 
3935.100000 0.022734 
3934.100000 0.022734 
3933.100000 0.022734 
3932.200000 0.022734 
3931.200000 0.022734 
3930.200000 0.022276 
3929.300000 0.022276 
3928.300000 0.022276 
3927.400000 0.022276 
3926.400000 0.022734 
3925.400000 0.022734 
3924.500000 0.022276 
3923.500000 0.022276 
3922.500000 0.022734 
3921.600000 0.022276 
3920.600000 0.022734 
3919.600000 0.022734 
3918.700000 0.022734 
3917.700000 0.022734 
3916.700000 0.022276 
3915.800000 0.022276 
3914.800000 0.022276 
3913.900000 0.022276 
3912.900000 0.022734 
3911.900000 0.022276 
3911.000000 0.022734 
3910.000000 0.022276 
3909.000000 0.022276 
3908.100000 0.022276 
3907.100000 0.022276 
3906.100000 0.022276 
3905.200000 0.022734 
3904.200000 0.022734 
3903.200000 0.022734 
3902.300000 0.022734 
3901.300000 0.022734 
3900.300000 0.022734 
3899.400000 0.022276 
3898.400000 0.022734 
3897.500000 0.022734 
3896.500000 0.022734 
3895.500000 0.022276 
3894.600000 0.022734 
3893.600000 0.022276 
3892.600000 0.022734 
3891.700000 0.022734 
3890.700000 0.022276 
3889.700000 0.022734 
3888.800000 0.022276 
3887.800000 0.022734 
3886.800000 0.022734 
3885.900000 0.022734 
3884.900000 0.022276 
3884.000000 0.022734 
3883.000000 0.022276 
3882.000000 0.022276 
3881.100000 0.022734 
3880.100000 0.022276 
3879.100000 0.022276 
3878.200000 0.022276 
3877.200000 0.022276 
3876.200000 0.022276 
3875.300000 0.022734 
3874.300000 0.022276 
3873.300000 0.022276 
3872.400000 0.022276 
3871.400000 0.022734 
3870.400000 0.022734 
3869.500000 0.022734 
3868.500000 0.022276 
3867.600000 0.022276 
3866.600000 0.022276 
3865.600000 0.022734 
3864.700000 0.022276 
3863.700000 0.022276 
3862.700000 0.022734 
3861.800000 0.022276 
3860.800000 0.022276 
3859.800000 0.022276 
3858.900000 0.022734 
3857.900000 0.022734 
3856.900000 0.022276 
3856.000000 0.022734 
3855.000000 0.023192 
3854.100000 0.022734 
3853.100000 0.022734 
3852.100000 0.022276 
3851.200000 0.022734 
3850.200000 0.022276 
3849.200000 0.022276 
3848.300000 0.022734 
3847.300000 0.022276 
3846.300000 0.022276 
3845.400000 0.022276 
3844.400000 0.022276 
3843.400000 0.022734 
3842.500000 0.022276 
3841.500000 0.022276 
3840.600000 0.022276 
3839.600000 0.022276 
3838.600000 0.022734 
3837.700000 0.022276 
3836.700000 0.022276 
3835.700000 0.022276 
3834.800000 0.022276 
3833.800000 0.022276 
3832.800000 0.022734 
3831.900000 0.022276 
3830.900000 0.022734 
3829.900000 0.022276 
3829.000000 0.022276 
3828.000000 0.022276 
3827.000000 0.022276 
3826.100000 0.022276 
3825.100000 0.022276 
3824.200000 0.022734 
3823.200000 0.022734 
3822.200000 0.022734 
3821.300000 0.022276 
3820.300000 0.022276 
3819.300000 0.022734 
3818.400000 0.022734 
3817.400000 0.022734 
3816.400000 0.022734 
3815.500000 0.022734 
3814.500000 0.022276 
3813.500000 0.022276 
3812.600000 0.022276 
3811.600000 0.022276 
3810.600000 0.022276 
3809.700000 0.022276 
3808.700000 0.022276 
3807.800000 0.022734 
3806.800000 0.022276 
3805.800000 0.022734 
3804.900000 0.022276 
3803.900000 0.022734 
3802.900000 0.022734 
3802.000000 0.022734 
3801.000000 0.022276 
3800.000000 0.022734 
3799.100000 0.022276 
3798.100000 0.022734 
3797.100000 0.022734 
3796.200000 0.022734 
3795.200000 0.022276 
3794.300000 0.022734 
3793.300000 0.022734 
3792.300000 0.022276 
3791.400000 0.022276 
3790.400000 0.022276 
3789.400000 0.022734 
3788.500000 0.022276 
3787.500000 0.022276 
3786.500000 0.022734 
3785.600000 0.022734 
3784.600000 0.022276 
3783.600000 0.022276 
3782.700000 0.022734 
3781.700000 0.022734 
3780.800000 0.022734 
3779.800000 0.022734 
3778.800000 0.022276 
3777.900000 0.022276 
3776.900000 0.022276 
3775.900000 0.022276 
3775.000000 0.022276 
3774.000000 0.022276 
3773.000000 0.022276 
3772.100000 0.022734 
3771.100000 0.022276 
3770.100000 0.022734 
3769.200000 0.022734 
3768.200000 0.022276 
3767.200000 0.022276 
3766.300000 0.022276 
3765.300000 0.022276 
3764.400000 0.022276 
3763.400000 0.022276 
3762.400000 0.022276 
3761.500000 0.022734 
3760.500000 0.022734 
3759.500000 0.022276 
3758.600000 0.022734 
3757.600000 0.022734 
3756.600000 0.022276 
3755.700000 0.022276 
3754.700000 0.022276 
3753.700000 0.022734 
3752.800000 0.022734 
3751.800000 0.022276 
3750.900000 0.022734 
3749.900000 0.022734 
3748.900000 0.022734 
3748.000000 0.022734 
3747.000000 0.022276 
3746.000000 0.022734 
3745.100000 0.022734 
3744.100000 0.022734 
3743.100000 0.022276 
3742.200000 0.022734 
3741.200000 0.022276 
3740.200000 0.022734 
3739.300000 0.022276 
3738.300000 0.022734 
3737.400000 0.022734 
3736.400000 0.022734 
3735.400000 0.022734 
3734.500000 0.022734 
3733.500000 0.022734 
3732.500000 0.022734 
3731.600000 0.022734 
3730.600000 0.022734 
3729.600000 0.022734 
3728.700000 0.022734 
3727.700000 0.023192 
3726.700000 0.023192 
3725.800000 0.023192 
3724.800000 0.023192 
3723.800000 0.023650 
3722.900000 0.024109 
3721.900000 0.024109 
3721.000000 0.024109 
3720.000000 0.024568 
3719.000000 0.024568 
3718.100000 0.025028 
3717.100000 0.025028 
3716.100000 0.025028 
3715.200000 0.025028 
3714.200000 0.025028 
3713.200000 0.025488 
3712.300000 0.025028 
3711.300000 0.025028 
3710.300000 0.025028 
3709.400000 0.025028 
3708.400000 0.025028 
3707.500000 0.025028 
3706.500000 0.025488 
3705.500000 0.025488 
3704.600000 0.025488 
3703.600000 0.025488 
3702.600000 0.025949 
3701.700000 0.025949 
3700.700000 0.025949 
3699.700000 0.026410 
3698.800000 0.025949 
3697.800000 0.026410 
3696.800000 0.026410 
3695.900000 0.026410 
3694.900000 0.026410 
3693.900000 0.026410 
3693.000000 0.026410 
3692.000000 0.026410 
3691.100000 0.026410 
3690.100000 0.026410 
3689.100000 0.026872 
3688.200000 0.026410 
3687.200000 0.026410 
3686.200000 0.026410 
3685.300000 0.026410 
3684.300000 0.026410 
3683.300000 0.026410 
3682.400000 0.026410 
3681.400000 0.026410 
3680.400000 0.026410 
3679.500000 0.026410 
3678.500000 0.026872 
3677.600000 0.026872 
3676.600000 0.027334 
3675.600000 0.027334 
3674.700000 0.027334 
3673.700000 0.027334 
3672.700000 0.027797 
3671.800000 0.027797 
3670.800000 0.027797 
3669.800000 0.028260 
3668.900000 0.028260 
3667.900000 0.028260 
3666.900000 0.028724 
3666.000000 0.028724 
3665.000000 0.028724 
3664.100000 0.029188 
3663.100000 0.029188 
3662.100000 0.029653 
3661.200000 0.029653 
3660.200000 0.029653 
3659.200000 0.030118 
3658.300000 0.030118 
3657.300000 0.031050 
3656.300000 0.031050 
3655.400000 0.031050 
3654.400000 0.031517 
3653.400000 0.031517 
3652.500000 0.031984 
3651.500000 0.032452 
3650.500000 0.032920 
3649.600000 0.032920 
3648.600000 0.033389 
3647.700000 0.033389 
3646.700000 0.033858 
3645.700000 0.033858 
3644.800000 0.034328 
3643.800000 0.034798 
3642.800000 0.035269 
3641.900000 0.035269 
3640.900000 0.035740 
3639.900000 0.036212 
3639.000000 0.036684 
3638.000000 0.036684 
3637.000000 0.037157 
3636.100000 0.037631 
3635.100000 0.038105 
3634.200000 0.038579 
3633.200000 0.038579 
3632.200000 0.039054 
3631.300000 0.039529 
3630.300000 0.040482 
3629.300000 0.040482 
3628.400000 0.040959 
3627.400000 0.041436 
3626.400000 0.041914 
3625.500000 0.042393 
3624.500000 0.042393 
3623.500000 0.043351 
3622.600000 0.043351 
3621.600000 0.044312 
3620.600000 0.044793 
3619.700000 0.045275 
3618.700000 0.045757 
3617.800000 0.046240 
3616.800000 0.046724 
3615.800000 0.047208 
3614.900000 0.048177 
3613.900000 0.048662 
3612.900000 0.049149 
3612.000000 0.049635 
3611.000000 0.050122 
3610.000000 0.051098 
3609.100000 0.051587 
3608.100000 0.052076 
3607.100000 0.052566 
3606.200000 0.053548 
3605.200000 0.054039 
3604.300000 0.055024 
3603.300000 0.055517 
3602.300000 0.056505 
3601.400000 0.057000 
3600.400000 0.057992 
3599.400000 0.058489 
3598.500000 0.059484 
3597.500000 0.059982 
3596.500000 0.060980 
3595.600000 0.061981 
3594.600000 0.062482 
3593.600000 0.063486 
3592.700000 0.064493 
3591.700000 0.065502 
3590.700000 0.066007 
3589.800000 0.067019 
3588.800000 0.068034 
3587.900000 0.069051 
3586.900000 0.070070 
3585.900000 0.071092 
3585.000000 0.072117 
3584.000000 0.073143 
3583.000000 0.074172 
3582.100000 0.075204 
3581.100000 0.076238 
3580.100000 0.077275 
3579.200000 0.078314 
3578.200000 0.079355 
3577.200000 0.080399 
3576.300000 0.081970 
3575.300000 0.083020 
3574.400000 0.084073 
3573.400000 0.085128 
3572.400000 0.086716 
3571.500000 0.087778 
3570.500000 0.088842 
3569.500000 0.090444 
3568.600000 0.091515 
3567.600000 0.093126 
3566.600000 0.094204 
3565.700000 0.095284 
3564.700000 0.096910 
3563.700000 0.098542 
3562.800000 0.099633 
3561.800000 0.101275 
3560.900000 0.102373 
3559.900000 0.104025 
3558.900000 0.105684 
3558.000000 0.107349 
3557.000000 0.108463 
3556.000000 0.110138 
3555.100000 0.111821 
3554.100000 0.113509 
3553.100000 0.115205 
3552.200000 0.116907 
3551.200000 0.118045 
3550.200000 0.119758 
3549.300000 0.121478 
3548.300000 0.123205 
3547.300000 0.124939 
3546.400000 0.126679 
3545.400000 0.128427 
3544.500000 0.130182 
3543.500000 0.132533 
3542.500000 0.134304 
3541.600000 0.136083 
3540.600000 0.137869 
3539.600000 0.139662 
3538.700000 0.141463 
3537.700000 0.143876 
3536.700000 0.145694 
3535.800000 0.147520 
3534.800000 0.149354 
3533.800000 0.151811 
3532.900000 0.153663 
3531.900000 0.155523 
3531.000000 0.157391 
3530.000000 0.159894 
3529.000000 0.161781 
3528.100000 0.163676 
3527.100000 0.166216 
3526.100000 0.168130 
3525.200000 0.170053 
3524.200000 0.171985 
3523.200000 0.174574 
3522.300000 0.176526 
3521.300000 0.178486 
3520.300000 0.181115 
3519.400000 0.183096 
3518.400000 0.185087 
3517.400000 0.187755 
3516.500000 0.189767 
3515.500000 0.191789 
3514.600000 0.193820 
3513.600000 0.196543 
3512.600000 0.198596 
3511.700000 0.200659 
3510.700000 0.202732 
3509.700000 0.205512 
3508.800000 0.207608 
3507.800000 0.209715 
3506.800000 0.211832 
3505.900000 0.214670 
3504.900000 0.216811 
3503.900000 0.218963 
3503.000000 0.221126 
3502.000000 0.223299 
3501.100000 0.225483 
3500.100000 0.228413 
3499.100000 0.230623 
3498.200000 0.232844 
3497.200000 0.235077 
3496.200000 0.237321 
3495.300000 0.239578 
3494.300000 0.242604 
3493.300000 0.244888 
3492.400000 0.247184 
3491.400000 0.249492 
3490.400000 0.251812 
3489.500000 0.254925 
3488.500000 0.257275 
3487.600000 0.259637 
3486.600000 0.262013 
3485.600000 0.265200 
3484.700000 0.267606 
3483.700000 0.270026 
3482.700000 0.272459 
3481.800000 0.274905 
3480.800000 0.278189 
3479.800000 0.280669 
3478.900000 0.283162 
3477.900000 0.285670 
3476.900000 0.288193 
3476.000000 0.291579 
3475.000000 0.294136 
3474.000000 0.296709 
3473.100000 0.299296 
3472.100000 0.301899 
3471.200000 0.304518 
3470.200000 0.307153 
3469.200000 0.310691 
3468.300000 0.313364 
3467.300000 0.316053 
3466.300000 0.318759 
3465.400000 0.321482 
3464.400000 0.324222 
3463.400000 0.326979 
3462.500000 0.329754 
3461.500000 0.332547 
3460.500000 0.335358 
3459.600000 0.338187 
3458.600000 0.341035 
3457.700000 0.342944 
3456.700000 0.345823 
3455.700000 0.348722 
3454.800000 0.351640 
3453.800000 0.354578 
3452.800000 0.356547 
3451.900000 0.359519 
3450.900000 0.362510 
3449.900000 0.365523 
3449.000000 0.367543 
3448.000000 0.370590 
3447.000000 0.373660 
3446.100000 0.375718 
3445.100000 0.378824 
3444.100000 0.380907 
3443.200000 0.384050 
3442.200000 0.386158 
3441.300000 0.389340 
3440.300000 0.391474 
3439.300000 0.393619 
3438.400000 0.396856 
3437.400000 0.399027 
3436.400000 0.402305 
3435.500000 0.404504 
3434.500000 0.406714 
3433.500000 0.408935 
3432.600000 0.412289 
3431.600000 0.414539 
3430.600000 0.416801 
3429.700000 0.419075 
3428.700000 0.421361 
3427.800000 0.423659 
3426.800000 0.425969 
3425.800000 0.428291 
3424.900000 0.430626 
3423.900000 0.432974 
3422.900000 0.435334 
3422.000000 0.437707 
3421.000000 0.440093 
3420.000000 0.442493 
3419.100000 0.444906 
3418.100000 0.447332 
3417.100000 0.448550 
3416.200000 0.450997 
3415.200000 0.453457 
3414.200000 0.454693 
3413.300000 0.457175 
3412.300000 0.459671 
3411.400000 0.460924 
3410.400000 0.463442 
3409.400000 0.464706 
3408.500000 0.467246 
3407.500000 0.469800 
3406.500000 0.471083 
3405.600000 0.473661 
3404.600000 0.474955 
3403.600000 0.477556 
3402.700000 0.478862 
3401.700000 0.480172 
3400.700000 0.482804 
3399.800000 0.484126 
3398.800000 0.486782 
3397.900000 0.488117 
3396.900000 0.489455 
3395.900000 0.490797 
3395.000000 0.493495 
3394.000000 0.494850 
3393.000000 0.496209 
3392.100000 0.497573 
3391.100000 0.500313 
3390.100000 0.501689 
3389.200000 0.503070 
3388.200000 0.504456 
3387.200000 0.505845 
3386.300000 0.507240 
3385.300000 0.510042 
3384.400000 0.511449 
3383.400000 0.512862 
3382.400000 0.514279 
3381.500000 0.515700 
3380.500000 0.517126 
3379.500000 0.518557 
3378.600000 0.519993 
3377.600000 0.521434 
3376.600000 0.522879 
3375.700000 0.524329 
3374.700000 0.525784 
3373.700000 0.527244 
3372.800000 0.528708 
3371.800000 0.528708 
3370.900000 0.530178 
3369.900000 0.531653 
3368.900000 0.533132 
3368.000000 0.534617 
3367.000000 0.536107 
3366.000000 0.537602 
3365.100000 0.539102 
3364.100000 0.539102 
3363.100000 0.540608 
3362.200000 0.542118 
3361.200000 0.543634 
3360.200000 0.545155 
3359.300000 0.545155 
3358.300000 0.546682 
3357.300000 0.548214 
3356.400000 0.549751 
3355.400000 0.551294 
3354.500000 0.551294 
3353.500000 0.552842 
3352.500000 0.554396 
3351.600000 0.555955 
3350.600000 0.555955 
3349.600000 0.557520 
3348.700000 0.559091 
3347.700000 0.560667 
3346.700000 0.560667 
3345.800000 0.562249 
3344.800000 0.563837 
3343.800000 0.563837 
3342.900000 0.565431 
3341.900000 0.567031 
3340.900000 0.568636 
3340.000000 0.568636 
3339.000000 0.570248 
3338.100000 0.571865 
3337.100000 0.571865 
3336.100000 0.573489 
3335.200000 0.575118 
3334.200000 0.575118 
3333.200000 0.576754 
3332.300000 0.578396 
3331.300000 0.578396 
3330.300000 0.580044 
3329.400000 0.581699 
3328.400000 0.581699 
3327.400000 0.583359 
3326.500000 0.585027 
3325.500000 0.585027 
3324.600000 0.586700 
3323.600000 0.586700 
3322.600000 0.588380 
3321.700000 0.588380 
3320.700000 0.590067 
3319.700000 0.591760 
3318.800000 0.591760 
3317.800000 0.593460 
3316.800000 0.593460 
3315.900000 0.595166 
3314.900000 0.595166 
3313.900000 0.596879 
3313.000000 0.596879 
3312.000000 0.596879 
3311.100000 0.598599 
3310.100000 0.598599 
3309.100000 0.600326 
3308.200000 0.600326 
3307.200000 0.600326 
3306.200000 0.600326 
3305.300000 0.602060 
3304.300000 0.602060 
3303.300000 0.603801 
3302.400000 0.603801 
3301.400000 0.603801 
3300.400000 0.603801 
3299.500000 0.605548 
3298.500000 0.605548 
3297.500000 0.605548 
3296.600000 0.605548 
3295.600000 0.605548 
3294.700000 0.605548 
3293.700000 0.607303 
3292.700000 0.607303 
3291.800000 0.607303 
3290.800000 0.607303 
3289.800000 0.607303 
3288.900000 0.607303 
3287.900000 0.607303 
3286.900000 0.607303 
3286.000000 0.607303 
3285.000000 0.607303 
3284.000000 0.605548 
3283.100000 0.605548 
3282.100000 0.605548 
3281.200000 0.605548 
3280.200000 0.605548 
3279.200000 0.605548 
3278.300000 0.603801 
3277.300000 0.603801 
3276.300000 0.603801 
3275.400000 0.603801 
3274.400000 0.602060 
3273.400000 0.602060 
3272.500000 0.600326 
3271.500000 0.600326 
3270.500000 0.598599 
3269.600000 0.598599 
3268.600000 0.598599 
3267.600000 0.596879 
3266.700000 0.596879 
3265.700000 0.595166 
3264.800000 0.595166 
3263.800000 0.593460 
3262.800000 0.591760 
3261.900000 0.591760 
3260.900000 0.590067 
3259.900000 0.588380 
3259.000000 0.588380 
3258.000000 0.586700 
3257.000000 0.585027 
3256.100000 0.585027 
3255.100000 0.583359 
3254.100000 0.581699 
3253.200000 0.580044 
3252.200000 0.578396 
3251.300000 0.578396 
3250.300000 0.576754 
3249.300000 0.575118 
3248.400000 0.573489 
3247.400000 0.571865 
3246.400000 0.570248 
3245.500000 0.568636 
3244.500000 0.567031 
3243.500000 0.565431 
3242.600000 0.563837 
3241.600000 0.562249 
3240.600000 0.560667 
3239.700000 0.559091 
3238.700000 0.557520 
3237.800000 0.555955 
3236.800000 0.552842 
3235.800000 0.551294 
3234.900000 0.549751 
3233.900000 0.548214 
3232.900000 0.546682 
3232.000000 0.543634 
3231.000000 0.542118 
3230.000000 0.540608 
3229.100000 0.539102 
3228.100000 0.536107 
3227.100000 0.534617 
3226.200000 0.533132 
3225.200000 0.530178 
3224.200000 0.528708 
3223.300000 0.527244 
3222.300000 0.524329 
3221.400000 0.521434 
3220.400000 0.519993 
3219.400000 0.518557 
3218.500000 0.515700 
3217.500000 0.512862 
3216.500000 0.511449 
3215.600000 0.508638 
3214.600000 0.507240 
3213.600000 0.504456 
3212.700000 0.501689 
3211.700000 0.500313 
3210.700000 0.497573 
3209.800000 0.494850 
3208.800000 0.493495 
3207.900000 0.490797 
3206.900000 0.488117 
3205.900000 0.485452 
3205.000000 0.482804 
3204.000000 0.481486 
3203.000000 0.478862 
3202.100000 0.476254 
3201.100000 0.473661 
3200.100000 0.471083 
3199.200000 0.468521 
3198.200000 0.465974 
3197.200000 0.463442 
3196.300000 0.460924 
3195.300000 0.458421 
3194.400000 0.455932 
3193.400000 0.452225 
3192.400000 0.450997 
3191.500000 0.447332 
3190.500000 0.444906 
3189.500000 0.442493 
3188.600000 0.440093 
3187.600000 0.437707 
3186.600000 0.435334 
3185.700000 0.431798 
3184.700000 0.429457 
3183.700000 0.427128 
3182.800000 0.423659 
3181.800000 0.421361 
3180.800000 0.419075 
3179.900000 0.416801 
3178.900000 0.413413 
3178.000000 0.411168 
3177.000000 0.408935 
3176.000000 0.405607 
3175.100000 0.403403 
3174.100000 0.400117 
3173.100000 0.397940 
3172.200000 0.394695 
3171.200000 0.392545 
3170.200000 0.389340 
3169.300000 0.387216 
3168.300000 0.384050 
3167.300000 0.381952 
3166.400000 0.378824 
3165.400000 0.375718 
3164.500000 0.373660 
3163.500000 0.370590 
3162.500000 0.368556 
3161.600000 0.365523 
3160.600000 0.362510 
3159.600000 0.359519 
3158.700000 0.357535 
3157.700000 0.354578 
3156.700000 0.351640 
3155.800000 0.348722 
3154.800000 0.346787 
3153.800000 0.343902 
3152.900000 0.341035 
3151.900000 0.338187 
3150.900000 0.335358 
3150.000000 0.332547 
3149.000000 0.330683 
3148.100000 0.327902 
3147.100000 0.325139 
3146.100000 0.322393 
3145.200000 0.319664 
3144.200000 0.316953 
3143.200000 0.314258 
3142.300000 0.311580 
3141.300000 0.308919 
3140.300000 0.306273 
3139.400000 0.303644 
3138.400000 0.301899 
3137.400000 0.298432 
3136.500000 0.295849 
3135.500000 0.293282 
3134.600000 0.290730 
3133.600000 0.288193 
3132.600000 0.285670 
3131.700000 0.283162 
3130.700000 0.280669 
3129.700000 0.278189 
3128.800000 0.275724 
3127.800000 0.273273 
3126.800000 0.270835 
3125.900000 0.268411 
3124.900000 0.265200 
3123.900000 0.262807 
3123.000000 0.260428 
3122.000000 0.258061 
3121.000000 0.255707 
3120.100000 0.253366 
3119.100000 0.251037 
3118.200000 0.247952 
3117.200000 0.245652 
3116.200000 0.243364 
3115.300000 0.241088 
3114.300000 0.238824 
3113.300000 0.235824 
3112.400000 0.233587 
3111.400000 0.231362 
3110.400000 0.229148 
3109.500000 0.226214 
3108.500000 0.224026 
3107.500000 0.221849 
3106.600000 0.219683 
3105.600000 0.216811 
3104.700000 0.214670 
3103.700000 0.212540 
3102.700000 0.210419 
3101.800000 0.207608 
3100.800000 0.205512 
3099.800000 0.203426 
3098.900000 0.200659 
3097.900000 0.198596 
3096.900000 0.196543 
3096.000000 0.194499 
3095.000000 0.191789 
3094.000000 0.189767 
3093.100000 0.187755 
3092.100000 0.185752 
3091.100000 0.183096 
3090.200000 0.181115 
3089.200000 0.179142 
3088.300000 0.177178 
3087.300000 0.174574 
3086.300000 0.172631 
3085.400000 0.170696 
3084.400000 0.168770 
3083.400000 0.166853 
3082.500000 0.164309 
3081.500000 0.162412 
3080.500000 0.160522 
3079.600000 0.158641 
3078.600000 0.156767 
3077.600000 0.154902 
3076.700000 0.152427 
3075.700000 0.150581 
3074.800000 0.149354 
3073.800000 0.146910 
3072.800000 0.145087 
3071.900000 0.143271 
3070.900000 0.141463 
3069.900000 0.140261 
3069.000000 0.138466 
3068.000000 0.136677 
3067.000000 0.134896 
3066.100000 0.133122 
3065.100000 0.131356 
3064.100000 0.129596 
3063.200000 0.127844 
3062.200000 0.126679 
3061.300000 0.124939 
3060.300000 0.123205 
3059.300000 0.122053 
3058.400000 0.120331 
3057.400000 0.118615 
3056.400000 0.117475 
3055.500000 0.115771 
3054.500000 0.114074 
3053.500000 0.112946 
3052.600000 0.111821 
3051.600000 0.110138 
3050.600000 0.109020 
3049.700000 0.107349 
3048.700000 0.106238 
3047.700000 0.105130 
3046.800000 0.103474 
3045.800000 0.102373 
3044.900000 0.101275 
3043.900000 0.099633 
3042.900000 0.098542 
3042.000000 0.097453 
3041.000000 0.096367 
3040.000000 0.095284 
3039.100000 0.093665 
3038.100000 0.092589 
3037.100000 0.091515 
3036.200000 0.090444 
3035.200000 0.089376 
3034.200000 0.088310 
3033.300000 0.087247 
3032.300000 0.086716 
3031.400000 0.085657 
3030.400000 0.084600 
3029.400000 0.083546 
3028.500000 0.082494 
3027.500000 0.081970 
3026.500000 0.080922 
3025.600000 0.079877 
3024.600000 0.079355 
3023.600000 0.078314 
3022.700000 0.077794 
3021.700000 0.076756 
3020.700000 0.076238 
3019.800000 0.075204 
3018.800000 0.074688 
3017.900000 0.074172 
3016.900000 0.073658 
3015.900000 0.073143 
3015.000000 0.072117 
3014.000000 0.071604 
3013.000000 0.071092 
3012.100000 0.070581 
3011.100000 0.070581 
3010.100000 0.070070 
3009.200000 0.069560 
3008.200000 0.069560 
3007.200000 0.069051 
3006.300000 0.068542 
3005.300000 0.068542 
3004.300000 0.068542 
3003.400000 0.068034 
3002.400000 0.068034 
3001.500000 0.068034 
3000.500000 0.068034 
2999.500000 0.068034 
2998.600000 0.068034 
2997.600000 0.067526 
2996.600000 0.067526 
2995.700000 0.067019 
2994.700000 0.067019 
2993.700000 0.066513 
2992.800000 0.066007 
2991.800000 0.064997 
2990.800000 0.064493 
2989.900000 0.063989 
2988.900000 0.063486 
2988.000000 0.062482 
2987.000000 0.061981 
2986.000000 0.061480 
2985.100000 0.060980 
2984.100000 0.060481 
2983.100000 0.059982 
2982.200000 0.059484 
2981.200000 0.059484 
2980.200000 0.058986 
2979.300000 0.058986 
2978.300000 0.058489 
2977.300000 0.058489 
2976.400000 0.058489 
2975.400000 0.058489 
2974.400000 0.058489 
2973.500000 0.058489 
2972.500000 0.058489 
2971.600000 0.057992 
2970.600000 0.057992 
2969.600000 0.057992 
2968.700000 0.057992 
2967.700000 0.057992 
2966.700000 0.057992 
2965.800000 0.057496 
2964.800000 0.057496 
2963.800000 0.057000 
2962.900000 0.056505 
2961.900000 0.056011 
2960.900000 0.055517 
2960.000000 0.055024 
2959.000000 0.054531 
2958.100000 0.054039 
2957.100000 0.053057 
2956.100000 0.052566 
2955.200000 0.052076 
2954.200000 0.051098 
2953.200000 0.050610 
2952.300000 0.050122 
2951.300000 0.049635 
2950.300000 0.049149 
2949.400000 0.048662 
2948.400000 0.048177 
2947.400000 0.048177 
2946.500000 0.048177 
2945.500000 0.048177 
2944.500000 0.048662 
2943.600000 0.049149 
2942.600000 0.049635 
2941.700000 0.050122 
2940.700000 0.050122 
2939.700000 0.050610 
2938.800000 0.050610 
2937.800000 0.050610 
2936.800000 0.050610 
2935.900000 0.050122 
2934.900000 0.050122 
2933.900000 0.049635 
2933.000000 0.048662 
2932.000000 0.048177 
2931.000000 0.047692 
2930.100000 0.047208 
2929.100000 0.046240 
2928.200000 0.045757 
2927.200000 0.044793 
2926.200000 0.044312 
2925.300000 0.044312 
2924.300000 0.043832 
2923.300000 0.043832 
2922.400000 0.043351 
2921.400000 0.043351 
2920.400000 0.043351 
2919.500000 0.043351 
2918.500000 0.043351 
2917.500000 0.043351 
2916.600000 0.043351 
2915.600000 0.043351 
2914.700000 0.043351 
2913.700000 0.043351 
2912.700000 0.043351 
2911.800000 0.042872 
2910.800000 0.042872 
2909.800000 0.042872 
2908.900000 0.042393 
2907.900000 0.042393 
2906.900000 0.041914 
2906.000000 0.041436 
2905.000000 0.041436 
2904.000000 0.040959 
2903.100000 0.040482 
2902.100000 0.040482 
2901.100000 0.040005 
2900.200000 0.040005 
2899.200000 0.039529 
2898.300000 0.039529 
2897.300000 0.039054 
2896.300000 0.039054 
2895.400000 0.038579 
2894.400000 0.038579 
2893.400000 0.038579 
2892.500000 0.038105 
2891.500000 0.038105 
2890.500000 0.038105 
2889.600000 0.038105 
2888.600000 0.037631 
2887.600000 0.037631 
2886.700000 0.037631 
2885.700000 0.037631 
2884.800000 0.037631 
2883.800000 0.037631 
2882.800000 0.037631 
2881.900000 0.037631 
2880.900000 0.037631 
2879.900000 0.037631 
2879.000000 0.037631 
2878.000000 0.037631 
2877.000000 0.037631 
2876.100000 0.038105 
2875.100000 0.038105 
2874.100000 0.038105 
2873.200000 0.038105 
2872.200000 0.038105 
2871.200000 0.038579 
2870.300000 0.038579 
2869.300000 0.038579 
2868.400000 0.039054 
2867.400000 0.039054 
2866.400000 0.039054 
2865.500000 0.039054 
2864.500000 0.039529 
2863.500000 0.039529 
2862.600000 0.039529 
2861.600000 0.039529 
2860.600000 0.039529 
2859.700000 0.039529 
2858.700000 0.039529 
2857.700000 0.040005 
2856.800000 0.039529 
2855.800000 0.039529 
2854.900000 0.039529 
2853.900000 0.039529 
2852.900000 0.039529 
2852.000000 0.039529 
2851.000000 0.039529 
2850.000000 0.039529 
2849.100000 0.039529 
2848.100000 0.039054 
2847.100000 0.039054 
2846.200000 0.039529 
2845.200000 0.039529 
2844.200000 0.039529 
2843.300000 0.040005 
2842.300000 0.040482 
2841.400000 0.040959 
2840.400000 0.041914 
2839.400000 0.042872 
2838.500000 0.044312 
2837.500000 0.045275 
2836.500000 0.045757 
2835.600000 0.046724 
2834.600000 0.047208 
2833.600000 0.047692 
2832.700000 0.047692 
2831.700000 0.047692 
2830.700000 0.047208 
2829.800000 0.046240 
2828.800000 0.045757 
2827.800000 0.044793 
2826.900000 0.043832 
2825.900000 0.042872 
2825.000000 0.042393 
2824.000000 0.041436 
2823.000000 0.040482 
2822.100000 0.040005 
2821.100000 0.039054 
2820.100000 0.038579 
2819.200000 0.038105 
2818.200000 0.037157 
2817.200000 0.036684 
2816.300000 0.036212 
2815.300000 0.035740 
2814.300000 0.035269 
2813.400000 0.034798 
2812.400000 0.034328 
2811.500000 0.033858 
2810.500000 0.033389 
2809.500000 0.033389 
2808.600000 0.032920 
2807.600000 0.032452 
2806.600000 0.031984 
2805.700000 0.031984 
2804.700000 0.031517 
2803.700000 0.031050 
2802.800000 0.031050 
2801.800000 0.030584 
2800.800000 0.030118 
2799.900000 0.030118 
2798.900000 0.029653 
2797.900000 0.029653 
2797.000000 0.029188 
2796.000000 0.029188 
2795.100000 0.028724 
2794.100000 0.028724 
2793.100000 0.028260 
2792.200000 0.028260 
2791.200000 0.027797 
2790.200000 0.027797 
2789.300000 0.027797 
2788.300000 0.027334 
2787.300000 0.027334 
2786.400000 0.027334 
2785.400000 0.026872 
2784.400000 0.026872 
2783.500000 0.026872 
2782.500000 0.026410 
2781.600000 0.026410 
2780.600000 0.026410 
2779.600000 0.026410 
2778.700000 0.025949 
2777.700000 0.025949 
2776.700000 0.025949 
2775.800000 0.025488 
2774.800000 0.025488 
2773.800000 0.025488 
2772.900000 0.025488 
2771.900000 0.025488 
2770.900000 0.025488 
2770.000000 0.025028 
2769.000000 0.025028 
2768.100000 0.025028 
2767.100000 0.025028 
2766.100000 0.025028 
2765.200000 0.024568 
2764.200000 0.024568 
2763.200000 0.024568 
2762.300000 0.024568 
2761.300000 0.024568 
2760.300000 0.024568 
2759.400000 0.024109 
2758.400000 0.024109 
2757.400000 0.024109 
2756.500000 0.024109 
2755.500000 0.024109 
2754.500000 0.024109 
2753.600000 0.024109 
2752.600000 0.024109 
2751.700000 0.023650 
2750.700000 0.023650 
2749.700000 0.023650 
2748.800000 0.023650 
2747.800000 0.023650 
2746.800000 0.023650 
2745.900000 0.023650 
2744.900000 0.023650 
2743.900000 0.023650 
2743.000000 0.023650 
2742.000000 0.023650 
2741.000000 0.023650 
2740.100000 0.023650 
2739.100000 0.023192 
2738.200000 0.023192 
2737.200000 0.023192 
2736.200000 0.023192 
2735.300000 0.023192 
2734.300000 0.023192 
2733.300000 0.023192 
2732.400000 0.023192 
2731.400000 0.023192 
2730.400000 0.023192 
2729.500000 0.023192 
2728.500000 0.023192 
2727.500000 0.023192 
2726.600000 0.023192 
2725.600000 0.023192 
2724.600000 0.023192 
2723.700000 0.023192 
2722.700000 0.022734 
2721.800000 0.022734 
2720.800000 0.022734 
2719.800000 0.022734 
2718.900000 0.022734 
2717.900000 0.022734 
2716.900000 0.022734 
2716.000000 0.022734 
2715.000000 0.022734 
2714.000000 0.022734 
2713.100000 0.022734 
2712.100000 0.022734 
2711.100000 0.022734 
2710.200000 0.022734 
2709.200000 0.022734 
2708.300000 0.022734 
2707.300000 0.022734 
2706.300000 0.022734 
2705.400000 0.022734 
2704.400000 0.022734 
2703.400000 0.022734 
2702.500000 0.022734 
2701.500000 0.022734 
2700.500000 0.022734 
2699.600000 0.022734 
2698.600000 0.022734 
2697.600000 0.022734 
2696.700000 0.022734 
2695.700000 0.022734 
2694.700000 0.022734 
2693.800000 0.022734 
2692.800000 0.022734 
2691.900000 0.022734 
2690.900000 0.022734 
2689.900000 0.022734 
2689.000000 0.022734 
2688.000000 0.022734 
2687.000000 0.022734 
2686.100000 0.022734 
2685.100000 0.022734 
2684.100000 0.022734 
2683.200000 0.022734 
2682.200000 0.022734 
2681.200000 0.022734 
2680.300000 0.022734 
2679.300000 0.022734 
2678.400000 0.022734 
2677.400000 0.022734 
2676.400000 0.022276 
2675.500000 0.022276 
2674.500000 0.022734 
2673.500000 0.022734 
2672.600000 0.022734 
2671.600000 0.022734 
2670.600000 0.022734 
2669.700000 0.022276 
2668.700000 0.022734 
2667.700000 0.022734 
2666.800000 0.022734 
2665.800000 0.022734 
2664.900000 0.022734 
2663.900000 0.022734 
2662.900000 0.022734 
2662.000000 0.022734 
2661.000000 0.022734 
2660.000000 0.022734 
2659.100000 0.022734 
2658.100000 0.022734 
2657.100000 0.022734 
2656.200000 0.022276 
2655.200000 0.022276 
2654.200000 0.022276 
2653.300000 0.022276 
2652.300000 0.022734 
2651.300000 0.022276 
2650.400000 0.022276 
2649.400000 0.022276 
2648.500000 0.022276 
2647.500000 0.022276 
2646.500000 0.022276 
2645.600000 0.022276 
2644.600000 0.022276 
2643.600000 0.022276 
2642.700000 0.022276 
2641.700000 0.022276 
2640.700000 0.022734 
2639.800000 0.022734 
2638.800000 0.022734 
2637.800000 0.022734 
2636.900000 0.022734 
2635.900000 0.022734 
2635.000000 0.022734 
2634.000000 0.022734 
2633.000000 0.022734 
2632.100000 0.022734 
2631.100000 0.022734 
2630.100000 0.022734 
2629.200000 0.022734 
2628.200000 0.022734 
2627.200000 0.022734 
2626.300000 0.023192 
2625.300000 0.023192 
2624.300000 0.023192 
2623.400000 0.023192 
2622.400000 0.023192 
2621.400000 0.023192 
2620.500000 0.023192 
2619.500000 0.023192 
2618.600000 0.023650 
2617.600000 0.023192 
2616.600000 0.023650 
2615.700000 0.023650 
2614.700000 0.023650 
2613.700000 0.023650 
2612.800000 0.023650 
2611.800000 0.023650 
2610.800000 0.023650 
2609.900000 0.023650 
2608.900000 0.023650 
2607.900000 0.023650 
2607.000000 0.023650 
2606.000000 0.023650 
2605.100000 0.023650 
2604.100000 0.023650 
2603.100000 0.023650 
2602.200000 0.023650 
2601.200000 0.023650 
2600.200000 0.023650 
2599.300000 0.023650 
2598.300000 0.023650 
2597.300000 0.023650 
2596.400000 0.023650 
2595.400000 0.023650 
2594.400000 0.023650 
2593.500000 0.023192 
2592.500000 0.023192 
2591.600000 0.023192 
2590.600000 0.023192 
2589.600000 0.023650 
2588.700000 0.023192 
2587.700000 0.023192 
2586.700000 0.023192 
2585.800000 0.023192 
2584.800000 0.023192 
2583.800000 0.023192 
2582.900000 0.023650 
2581.900000 0.023192 
2580.900000 0.023192 
2580.000000 0.023650 
2579.000000 0.023650 
2578.000000 0.023650 
2577.100000 0.023650 
2576.100000 0.023650 
2575.200000 0.023650 
2574.200000 0.023650 
2573.200000 0.023650 
2572.300000 0.023650 
2571.300000 0.023650 
2570.300000 0.023650 
2569.400000 0.023650 
2568.400000 0.023650 
2567.400000 0.023650 
2566.500000 0.023650 
2565.500000 0.024109 
2564.500000 0.023650 
2563.600000 0.024109 
2562.600000 0.023650 
2561.700000 0.024109 
2560.700000 0.024109 
2559.700000 0.024109 
2558.800000 0.024109 
2557.800000 0.024109 
2556.800000 0.024109 
2555.900000 0.024109 
2554.900000 0.024109 
2553.900000 0.024109 
2553.000000 0.024109 
2552.000000 0.024109 
2551.000000 0.024109 
2550.100000 0.024109 
2549.100000 0.024109 
2548.100000 0.024109 
2547.200000 0.024109 
2546.200000 0.024109 
2545.300000 0.024109 
2544.300000 0.024109 
2543.300000 0.024568 
2542.400000 0.024109 
2541.400000 0.024109 
2540.400000 0.024109 
2539.500000 0.024109 
2538.500000 0.024109 
2537.500000 0.024109 
2536.600000 0.024109 
2535.600000 0.024109 
2534.600000 0.024109 
2533.700000 0.024109 
2532.700000 0.024109 
2531.800000 0.023650 
2530.800000 0.024109 
2529.800000 0.023650 
2528.900000 0.023650 
2527.900000 0.023650 
2526.900000 0.023650 
2526.000000 0.023650 
2525.000000 0.023650 
2524.000000 0.023650 
2523.100000 0.023650 
2522.100000 0.023192 
2521.100000 0.023192 
2520.200000 0.023192 
2519.200000 0.023192 
2518.200000 0.023192 
2517.300000 0.023192 
2516.300000 0.023192 
2515.400000 0.023192 
2514.400000 0.023192 
2513.400000 0.023192 
2512.500000 0.022734 
2511.500000 0.022734 
2510.500000 0.022734 
2509.600000 0.022734 
2508.600000 0.022734 
2507.600000 0.022734 
2506.700000 0.022734 
2505.700000 0.022734 
2504.700000 0.022734 
2503.800000 0.022734 
2502.800000 0.022734 
2501.900000 0.022734 
2500.900000 0.022734 
2499.900000 0.022734 
2499.000000 0.022734 
2498.000000 0.022734 
2497.000000 0.022734 
2496.100000 0.022734 
2495.100000 0.022734 
2494.100000 0.022734 
2493.200000 0.022734 
2492.200000 0.022734 
2491.200000 0.022734 
2490.300000 0.022734 
2489.300000 0.022734 
2488.400000 0.022734 
2487.400000 0.022734 
2486.400000 0.022734 
2485.500000 0.022734 
2484.500000 0.022734 
2483.500000 0.022276 
2482.600000 0.022276 
2481.600000 0.022734 
2480.600000 0.022276 
2479.700000 0.022734 
2478.700000 0.022276 
2477.700000 0.022734 
2476.800000 0.022276 
2475.800000 0.022276 
2474.800000 0.022734 
2473.900000 0.022276 
2472.900000 0.022734 
2472.000000 0.022734 
2471.000000 0.022734 
2470.000000 0.022734 
2469.100000 0.022734 
2468.100000 0.022734 
2467.100000 0.022734 
2466.200000 0.022734 
2465.200000 0.022734 
2464.200000 0.022734 
2463.300000 0.022734 
2462.300000 0.022734 
2461.300000 0.022734 
2460.400000 0.022734 
2459.400000 0.022734 
2458.500000 0.022734 
2457.500000 0.022734 
2456.500000 0.022734 
2455.600000 0.023192 
2454.600000 0.023192 
2453.600000 0.023192 
2452.700000 0.023192 
2451.700000 0.023192 
2450.700000 0.023192 
2449.800000 0.023192 
2448.800000 0.023192 
2447.800000 0.023192 
2446.900000 0.023192 
2445.900000 0.023192 
2444.900000 0.023192 
2444.000000 0.023192 
2443.000000 0.023192 
2442.100000 0.023192 
2441.100000 0.023192 
2440.100000 0.023192 
2439.200000 0.023192 
2438.200000 0.023650 
2437.200000 0.023192 
2436.300000 0.023192 
2435.300000 0.023650 
2434.300000 0.023650 
2433.400000 0.023650 
2432.400000 0.023650 
2431.400000 0.023650 
2430.500000 0.023650 
2429.500000 0.023650 
2428.600000 0.023650 
2427.600000 0.023650 
2426.600000 0.023650 
2425.700000 0.023650 
2424.700000 0.023650 
2423.700000 0.023650 
2422.800000 0.023650 
2421.800000 0.023650 
2420.800000 0.023650 
2419.900000 0.023650 
2418.900000 0.023650 
2417.900000 0.023650 
2417.000000 0.023650 
2416.000000 0.024109 
2415.100000 0.023650 
2414.100000 0.024109 
2413.100000 0.024109 
2412.200000 0.024109 
2411.200000 0.024109 
2410.200000 0.024109 
2409.300000 0.024109 
2408.300000 0.024109 
2407.300000 0.024109 
2406.400000 0.024109 
2405.400000 0.024109 
2404.400000 0.024109 
2403.500000 0.024109 
2402.500000 0.024109 
2401.500000 0.024109 
2400.600000 0.024109 
2399.600000 0.024109 
2398.700000 0.024109 
2397.700000 0.024109 
2396.700000 0.024109 
2395.800000 0.024109 
2394.800000 0.024568 
2393.800000 0.024568 
2392.900000 0.024568 
2391.900000 0.024568 
2390.900000 0.024568 
2390.000000 0.024568 
2389.000000 0.024568 
2388.000000 0.024568 
2387.100000 0.024568 
2386.100000 0.024568 
2385.200000 0.024568 
2384.200000 0.024568 
2383.200000 0.024568 
2382.300000 0.024568 
2381.300000 0.024568 
2380.300000 0.025028 
2379.400000 0.025028 
2378.400000 0.025028 
2377.400000 0.025028 
2376.500000 0.025028 
2375.500000 0.025028 
2374.500000 0.025028 
2373.600000 0.025028 
2372.600000 0.025028 
2371.600000 0.025028 
2370.700000 0.025028 
2369.700000 0.025028 
2368.800000 0.025028 
2367.800000 0.025028 
2366.800000 0.025488 
2365.900000 0.025488 
2364.900000 0.025488 
2363.900000 0.025488 
2363.000000 0.025488 
2362.000000 0.025488 
2361.000000 0.025488 
2360.100000 0.025488 
2359.100000 0.025488 
2358.100000 0.025488 
2357.200000 0.025488 
2356.200000 0.025488 
2355.300000 0.025949 
2354.300000 0.025949 
2353.300000 0.025949 
2352.400000 0.025949 
2351.400000 0.025949 
2350.400000 0.025949 
2349.500000 0.025949 
2348.500000 0.025949 
2347.500000 0.025949 
2346.600000 0.025949 
2345.600000 0.025949 
2344.600000 0.026410 
2343.700000 0.026410 
2342.700000 0.026410 
2341.800000 0.026410 
2340.800000 0.026410 
2339.800000 0.026410 
2338.900000 0.026410 
2337.900000 0.026410 
2336.900000 0.026410 
2336.000000 0.026410 
2335.000000 0.026410 
2334.000000 0.026872 
2333.100000 0.026872 
2332.100000 0.026872 
2331.100000 0.026872 
2330.200000 0.026872 
2329.200000 0.026872 
2328.200000 0.026872 
2327.300000 0.026872 
2326.300000 0.026872 
2325.400000 0.026872 
2324.400000 0.027334 
2323.400000 0.027334 
2322.500000 0.027334 
2321.500000 0.027334 
2320.500000 0.027334 
2319.600000 0.027334 
2318.600000 0.027334 
2317.600000 0.027334 
2316.700000 0.027334 
2315.700000 0.027797 
2314.700000 0.027797 
2313.800000 0.027797 
2312.800000 0.027797 
2311.900000 0.027797 
2310.900000 0.027797 
2309.900000 0.027797 
2309.000000 0.027797 
2308.000000 0.027797 
2307.000000 0.028260 
2306.100000 0.028260 
2305.100000 0.028260 
2304.100000 0.028260 
2303.200000 0.028260 
2302.200000 0.028260 
2301.200000 0.028260 
2300.300000 0.028260 
2299.300000 0.028260 
2298.400000 0.028724 
2297.400000 0.028724 
2296.400000 0.028724 
2295.500000 0.028724 
2294.500000 0.028724 
2293.500000 0.028724 
2292.600000 0.028724 
2291.600000 0.029188 
2290.600000 0.029188 
2289.700000 0.029188 
2288.700000 0.029188 
2287.700000 0.029188 
2286.800000 0.029188 
2285.800000 0.029188 
2284.800000 0.029653 
2283.900000 0.029653 
2282.900000 0.029653 
2282.000000 0.029653 
2281.000000 0.029653 
2280.000000 0.029653 
2279.100000 0.029653 
2278.100000 0.030118 
2277.100000 0.030118 
2276.200000 0.030118 
2275.200000 0.030118 
2274.200000 0.030118 
2273.300000 0.030118 
2272.300000 0.030118 
2271.300000 0.030584 
2270.400000 0.030584 
2269.400000 0.030584 
2268.500000 0.030584 
2267.500000 0.030584 
2266.500000 0.030584 
2265.600000 0.031050 
2264.600000 0.031050 
2263.600000 0.031050 
2262.700000 0.031050 
2261.700000 0.031050 
2260.700000 0.031050 
2259.800000 0.031517 
2258.800000 0.031517 
2257.800000 0.031517 
2256.900000 0.031517 
2255.900000 0.031517 
2254.900000 0.031984 
2254.000000 0.031517 
2253.000000 0.031984 
2252.100000 0.031984 
2251.100000 0.031984 
2250.100000 0.031984 
2249.200000 0.031984 
2248.200000 0.032452 
2247.200000 0.031984 
2246.300000 0.032452 
2245.300000 0.032452 
2244.300000 0.032452 
2243.400000 0.032452 
2242.400000 0.032452 
2241.400000 0.032452 
2240.500000 0.032452 
2239.500000 0.032452 
2238.600000 0.032452 
2237.600000 0.032452 
2236.600000 0.032452 
2235.700000 0.032452 
2234.700000 0.032452 
2233.700000 0.032920 
2232.800000 0.032920 
2231.800000 0.032920 
2230.800000 0.032920 
2229.900000 0.032920 
2228.900000 0.032920 
2227.900000 0.032920 
2227.000000 0.032920 
2226.000000 0.032920 
2225.000000 0.032920 
2224.100000 0.032920 
2223.100000 0.032920 
2222.200000 0.032920 
2221.200000 0.032920 
2220.200000 0.032920 
2219.300000 0.032920 
2218.300000 0.033389 
2217.300000 0.032920 
2216.400000 0.032920 
2215.400000 0.032920 
2214.400000 0.032920 
2213.500000 0.032920 
2212.500000 0.033389 
2211.500000 0.032920 
2210.600000 0.032920 
2209.600000 0.033389 
2208.700000 0.032920 
2207.700000 0.033389 
2206.700000 0.032920 
2205.800000 0.032920 
2204.800000 0.032920 
2203.800000 0.032920 
2202.900000 0.032920 
2201.900000 0.032920 
2200.900000 0.032920 
2200.000000 0.032920 
2199.000000 0.032920 
2198.000000 0.032920 
2197.100000 0.032920 
2196.100000 0.032920 
2195.200000 0.032920 
2194.200000 0.032920 
2193.200000 0.032920 
2192.300000 0.032920 
2191.300000 0.032920 
2190.300000 0.032920 
2189.400000 0.032920 
2188.400000 0.032920 
2187.400000 0.032920 
2186.500000 0.032920 
2185.500000 0.032920 
2184.500000 0.032452 
2183.600000 0.032452 
2182.600000 0.032452 
2181.600000 0.032452 
2180.700000 0.032452 
2179.700000 0.032452 
2178.800000 0.032452 
2177.800000 0.032452 
2176.800000 0.032452 
2175.900000 0.032452 
2174.900000 0.032452 
2173.900000 0.032452 
2173.000000 0.031984 
2172.000000 0.031984 
2171.000000 0.031984 
2170.100000 0.031984 
2169.100000 0.031984 
2168.100000 0.031984 
2167.200000 0.031984 
2166.200000 0.031984 
2165.300000 0.031984 
2164.300000 0.031984 
2163.300000 0.031517 
2162.400000 0.031517 
2161.400000 0.031517 
2160.400000 0.031517 
2159.500000 0.031517 
2158.500000 0.031517 
2157.500000 0.031984 
2156.600000 0.031984 
2155.600000 0.031984 
2154.600000 0.031984 
2153.700000 0.031984 
2152.700000 0.031517 
2151.800000 0.031517 
2150.800000 0.031517 
2149.800000 0.031517 
2148.900000 0.031050 
2147.900000 0.031050 
2146.900000 0.031050 
2146.000000 0.031050 
2145.000000 0.031050 
2144.000000 0.031050 
2143.100000 0.031517 
2142.100000 0.031984 
2141.100000 0.032452 
2140.200000 0.033389 
2139.200000 0.034328 
2138.200000 0.034798 
2137.300000 0.035269 
2136.300000 0.034798 
2135.400000 0.034328 
2134.400000 0.033389 
2133.400000 0.032920 
2132.500000 0.031517 
2131.500000 0.030584 
2130.500000 0.030118 
2129.600000 0.029653 
2128.600000 0.029188 
2127.600000 0.028724 
2126.700000 0.028724 
2125.700000 0.028724 
2124.700000 0.028260 
2123.800000 0.028260 
2122.800000 0.028260 
2121.900000 0.028260 
2120.900000 0.028260 
2119.900000 0.027797 
2119.000000 0.027797 
2118.000000 0.027797 
2117.000000 0.027797 
2116.100000 0.027797 
2115.100000 0.027797 
2114.100000 0.027797 
2113.200000 0.027334 
2112.200000 0.027334 
2111.200000 0.027334 
2110.300000 0.027334 
2109.300000 0.027334 
2108.300000 0.026872 
2107.400000 0.026872 
2106.400000 0.026872 
2105.500000 0.026872 
2104.500000 0.026872 
2103.500000 0.026872 
2102.600000 0.026410 
2101.600000 0.026410 
2100.600000 0.026410 
2099.700000 0.026410 
2098.700000 0.026410 
2097.700000 0.026410 
2096.800000 0.025949 
2095.800000 0.025949 
2094.800000 0.025949 
2093.900000 0.025949 
2092.900000 0.025949 
2092.000000 0.025949 
2091.000000 0.025949 
2090.000000 0.025949 
2089.100000 0.025488 
2088.100000 0.025488 
2087.100000 0.025488 
2086.200000 0.025488 
2085.200000 0.025488 
2084.200000 0.025488 
2083.300000 0.025028 
2082.300000 0.025028 
2081.300000 0.025028 
2080.400000 0.025028 
2079.400000 0.025028 
2078.400000 0.025028 
2077.500000 0.025028 
2076.500000 0.025028 
2075.600000 0.025028 
2074.600000 0.024568 
2073.600000 0.024568 
2072.700000 0.024568 
2071.700000 0.024568 
2070.700000 0.024568 
2069.800000 0.024568 
2068.800000 0.024568 
2067.800000 0.024568 
2066.900000 0.024568 
2065.900000 0.024109 
2064.900000 0.024109 
2064.000000 0.024109 
2063.000000 0.024109 
2062.100000 0.024109 
2061.100000 0.024109 
2060.100000 0.024109 
2059.200000 0.024109 
2058.200000 0.024109 
2057.200000 0.024109 
2056.300000 0.024109 
2055.300000 0.023650 
2054.300000 0.023650 
2053.400000 0.024109 
2052.400000 0.024109 
2051.400000 0.023650 
2050.500000 0.023650 
2049.500000 0.023650 
2048.600000 0.023650 
2047.600000 0.023650 
2046.600000 0.023650 
2045.700000 0.023650 
2044.700000 0.023650 
2043.700000 0.023650 
2042.800000 0.023650 
2041.800000 0.023650 
2040.800000 0.023650 
2039.900000 0.023650 
2038.900000 0.023650 
2037.900000 0.023650 
2037.000000 0.023192 
2036.000000 0.023650 
2035.000000 0.023192 
2034.100000 0.023192 
2033.100000 0.023192 
2032.200000 0.023192 
2031.200000 0.023192 
2030.200000 0.023192 
2029.300000 0.023192 
2028.300000 0.023192 
2027.300000 0.023192 
2026.400000 0.023650 
2025.400000 0.023192 
2024.400000 0.023192 
2023.500000 0.023192 
2022.500000 0.023192 
2021.500000 0.023192 
2020.600000 0.023192 
2019.600000 0.023192 
2018.700000 0.023192 
2017.700000 0.023192 
2016.700000 0.023192 
2015.800000 0.023192 
2014.800000 0.023192 
2013.800000 0.023192 
2012.900000 0.023192 
2011.900000 0.023192 
2010.900000 0.023192 
2010.000000 0.023192 
2009.000000 0.023192 
2008.000000 0.023192 
2007.100000 0.022734 
2006.100000 0.023192 
2005.100000 0.022734 
2004.200000 0.023192 
2003.200000 0.022734 
2002.300000 0.022734 
2001.300000 0.022734 
2000.300000 0.022734 
1999.400000 0.022734 
1998.400000 0.022734 
1997.400000 0.022734 
1996.500000 0.022734 
1995.500000 0.022734 
1994.500000 0.022734 
1993.600000 0.022734 
1992.600000 0.022734 
1991.600000 0.022734 
1990.700000 0.022734 
1989.700000 0.022734 
1988.800000 0.022734 
1987.800000 0.022734 
1986.800000 0.022734 
1985.900000 0.022734 
1984.900000 0.022734 
1983.900000 0.022734 
1983.000000 0.022734 
1982.000000 0.022734 
1981.000000 0.022734 
1980.100000 0.022276 
1979.100000 0.022734 
1978.100000 0.022276 
1977.200000 0.022734 
1976.200000 0.022276 
1975.300000 0.022734 
1974.300000 0.022734 
1973.300000 0.022734 
1972.400000 0.022734 
1971.400000 0.022734 
1970.400000 0.022734 
1969.500000 0.022734 
1968.500000 0.022734 
1967.500000 0.022734 
1966.600000 0.022276 
1965.600000 0.022734 
1964.600000 0.022734 
1963.700000 0.022734 
1962.700000 0.022734 
1961.700000 0.022734 
1960.800000 0.022734 
1959.800000 0.022734 
1958.900000 0.022734 
1957.900000 0.022276 
1956.900000 0.022734 
1956.000000 0.022734 
1955.000000 0.022734 
1954.000000 0.022734 
1953.100000 0.022734 
1952.100000 0.022734 
1951.100000 0.022276 
1950.200000 0.022276 
1949.200000 0.022734 
1948.200000 0.022734 
1947.300000 0.022734 
1946.300000 0.022276 
1945.400000 0.022734 
1944.400000 0.022734 
1943.400000 0.022734 
1942.500000 0.022734 
1941.500000 0.022734 
1940.500000 0.022734 
1939.600000 0.022734 
1938.600000 0.022734 
1937.600000 0.022276 
1936.700000 0.022276 
1935.700000 0.022734 
1934.700000 0.022734 
1933.800000 0.022734 
1932.800000 0.022734 
1931.800000 0.022734 
1930.900000 0.022734 
1929.900000 0.022734 
1929.000000 0.022734 
1928.000000 0.022734 
1927.000000 0.022734 
1926.100000 0.022734 
1925.100000 0.022734 
1924.100000 0.022734 
1923.200000 0.022276 
1922.200000 0.022734 
1921.200000 0.022734 
1920.300000 0.022734 
1919.300000 0.022734 
1918.300000 0.022734 
1917.400000 0.022734 
1916.400000 0.022734 
1915.500000 0.022734 
1914.500000 0.022734 
1913.500000 0.022734 
1912.600000 0.022276 
1911.600000 0.022276 
1910.600000 0.022734 
1909.700000 0.022734 
1908.700000 0.022276 
1907.700000 0.022734 
1906.800000 0.022734 
1905.800000 0.022734 
1904.800000 0.022734 
1903.900000 0.022734 
1902.900000 0.022734 
1901.900000 0.022734 
1901.000000 0.022734 
1900.000000 0.022734 
1899.100000 0.022734 
1898.100000 0.022734 
1897.100000 0.022734 
1896.200000 0.022734 
1895.200000 0.022734 
1894.200000 0.022734 
1893.300000 0.022734 
1892.300000 0.022276 
1891.300000 0.022734 
1890.400000 0.022734 
1889.400000 0.022734 
1888.400000 0.022734 
1887.500000 0.022734 
1886.500000 0.022734 
1885.600000 0.022734 
1884.600000 0.022734 
1883.600000 0.022734 
1882.700000 0.022734 
1881.700000 0.022734 
1880.700000 0.022734 
1879.800000 0.022734 
1878.800000 0.022734 
1877.800000 0.022734 
1876.900000 0.022734 
1875.900000 0.022734 
1874.900000 0.022734 
1874.000000 0.022734 
1873.000000 0.022734 
1872.100000 0.022734 
1871.100000 0.022734 
1870.100000 0.022734 
1869.200000 0.022734 
1868.200000 0.022734 
1867.200000 0.022734 
1866.300000 0.022734 
1865.300000 0.022734 
1864.300000 0.022734 
1863.400000 0.022734 
1862.400000 0.023192 
1861.400000 0.022734 
1860.500000 0.022734 
1859.500000 0.023192 
1858.500000 0.023192 
1857.600000 0.023192 
1856.600000 0.023192 
1855.700000 0.023192 
1854.700000 0.023192 
1853.700000 0.023192 
1852.800000 0.023192 
1851.800000 0.023192 
1850.800000 0.023192 
1849.900000 0.023192 
1848.900000 0.023192 
1847.900000 0.023192 
1847.000000 0.023192 
1846.000000 0.023192 
1845.000000 0.023192 
1844.100000 0.023650 
1843.100000 0.023192 
1842.200000 0.023192 
1841.200000 0.023192 
1840.200000 0.023650 
1839.300000 0.023650 
1838.300000 0.023650 
1837.300000 0.023650 
1836.400000 0.023650 
1835.400000 0.023650 
1834.400000 0.023650 
1833.500000 0.023650 
1832.500000 0.023650 
1831.500000 0.023650 
1830.600000 0.023650 
1829.600000 0.023650 
1828.600000 0.023650 
1827.700000 0.023650 
1826.700000 0.023650 
1825.800000 0.024109 
1824.800000 0.024109 
1823.800000 0.024109 
1822.900000 0.024109 
1821.900000 0.024109 
1820.900000 0.024109 
1820.000000 0.024109 
1819.000000 0.024109 
1818.000000 0.024109 
1817.100000 0.024109 
1816.100000 0.024568 
1815.100000 0.024568 
1814.200000 0.024568 
1813.200000 0.024568 
1812.300000 0.024568 
1811.300000 0.024568 
1810.300000 0.024568 
1809.400000 0.024568 
1808.400000 0.024568 
1807.400000 0.025028 
1806.500000 0.025028 
1805.500000 0.025028 
1804.500000 0.025028 
1803.600000 0.025028 
1802.600000 0.025028 
1801.600000 0.025028 
1800.700000 0.025488 
1799.700000 0.025488 
1798.800000 0.025488 
1797.800000 0.025488 
1796.800000 0.025488 
1795.900000 0.025488 
1794.900000 0.025488 
1793.900000 0.025949 
1793.000000 0.025949 
1792.000000 0.025949 
1791.000000 0.025949 
1790.100000 0.025949 
1789.100000 0.025949 
1788.100000 0.026410 
1787.200000 0.026410 
1786.200000 0.026410 
1785.200000 0.026410 
1784.300000 0.026872 
1783.300000 0.026872 
1782.400000 0.026872 
1781.400000 0.026872 
1780.400000 0.027334 
1779.500000 0.027334 
1778.500000 0.027334 
1777.500000 0.027334 
1776.600000 0.027334 
1775.600000 0.027797 
1774.600000 0.027797 
1773.700000 0.027797 
1772.700000 0.028260 
1771.700000 0.028260 
1770.800000 0.028260 
1769.800000 0.028260 
1768.900000 0.028724 
1767.900000 0.028724 
1766.900000 0.028724 
1766.000000 0.029188 
1765.000000 0.029188 
1764.000000 0.029188 
1763.100000 0.029653 
1762.100000 0.029653 
1761.100000 0.030118 
1760.200000 0.030118 
1759.200000 0.030118 
1758.200000 0.030584 
1757.300000 0.031050 
1756.300000 0.031050 
1755.300000 0.031050 
1754.400000 0.031517 
1753.400000 0.031517 
1752.500000 0.031984 
1751.500000 0.032452 
1750.500000 0.032452 
1749.600000 0.032920 
1748.600000 0.032920 
1747.600000 0.033389 
1746.700000 0.033858 
1745.700000 0.033858 
1744.700000 0.034328 
1743.800000 0.034798 
1742.800000 0.034798 
1741.800000 0.035269 
1740.900000 0.035740 
1739.900000 0.036212 
1739.000000 0.036212 
1738.000000 0.036684 
1737.000000 0.037157 
1736.100000 0.037631 
1735.100000 0.038105 
1734.100000 0.038579 
1733.200000 0.039054 
1732.200000 0.039529 
1731.200000 0.040005 
1730.300000 0.040482 
1729.300000 0.040959 
1728.300000 0.041436 
1727.400000 0.041914 
1726.400000 0.042393 
1725.400000 0.042872 
1724.500000 0.043351 
1723.500000 0.043832 
1722.600000 0.044312 
1721.600000 0.044793 
1720.600000 0.045275 
1719.700000 0.046240 
1718.700000 0.046724 
1717.700000 0.047692 
1716.800000 0.047692 
1715.800000 0.048177 
1714.800000 0.048662 
1713.900000 0.049635 
1712.900000 0.050122 
1711.900000 0.050610 
1711.000000 0.051098 
1710.000000 0.051587 
1709.100000 0.052076 
1708.100000 0.052566 
1707.100000 0.053057 
1706.200000 0.053548 
1705.200000 0.054531 
1704.200000 0.054531 
1703.300000 0.055024 
1702.300000 0.056011 
1701.300000 0.056505 
1700.400000 0.057000 
1699.400000 0.057000 
1698.400000 0.057496 
1697.500000 0.057992 
1696.500000 0.058986 
1695.600000 0.058986 
1694.600000 0.059484 
1693.600000 0.059982 
1692.700000 0.060481 
1691.700000 0.060481 
1690.700000 0.060980 
1689.800000 0.061480 
1688.800000 0.061480 
1687.800000 0.061981 
1686.900000 0.062482 
1685.900000 0.062482 
1684.900000 0.062984 
1684.000000 0.062984 
1683.000000 0.063486 
1682.000000 0.063486 
1681.100000 0.063989 
1680.100000 0.063989 
1679.200000 0.063989 
1678.200000 0.064493 
1677.200000 0.064493 
1676.300000 0.064493 
1675.300000 0.064997 
1674.300000 0.064493 
1673.400000 0.064997 
1672.400000 0.064493 
1671.400000 0.064997 
1670.500000 0.064997 
1669.500000 0.064997 
1668.500000 0.064997 
1667.600000 0.064493 
1666.600000 0.064493 
1665.700000 0.064493 
1664.700000 0.064493 
1663.700000 0.064493 
1662.800000 0.064493 
1661.800000 0.063989 
1660.800000 0.063989 
1659.900000 0.063989 
1658.900000 0.063486 
1657.900000 0.063486 
1657.000000 0.063486 
1656.000000 0.062984 
1655.000000 0.062984 
1654.100000 0.062984 
1653.100000 0.062984 
1652.200000 0.062482 
1651.200000 0.061981 
1650.200000 0.061981 
1649.300000 0.061480 
1648.300000 0.061480 
1647.300000 0.061480 
1646.400000 0.061480 
1645.400000 0.060980 
1644.400000 0.060481 
1643.500000 0.059982 
1642.500000 0.059982 
1641.500000 0.059982 
1640.600000 0.059484 
1639.600000 0.058986 
1638.600000 0.058986 
1637.700000 0.058489 
1636.700000 0.058489 
1635.800000 0.057992 
1634.800000 0.057496 
1633.800000 0.057000 
1632.900000 0.056505 
1631.900000 0.056505 
1630.900000 0.056011 
1630.000000 0.055517 
1629.000000 0.055517 
1628.000000 0.055024 
1627.100000 0.054531 
1626.100000 0.054039 
1625.100000 0.054039 
1624.200000 0.053548 
1623.200000 0.053057 
1622.300000 0.053057 
1621.300000 0.052566 
1620.300000 0.052076 
1619.400000 0.052076 
1618.400000 0.051587 
1617.400000 0.051098 
1616.500000 0.051098 
1615.500000 0.050610 
1614.500000 0.050122 
1613.600000 0.050122 
1612.600000 0.049635 
1611.600000 0.049635 
1610.700000 0.049149 
1609.700000 0.049149 
1608.700000 0.048662 
1607.800000 0.048662 
1606.800000 0.048662 
1605.900000 0.048177 
1604.900000 0.048177 
1603.900000 0.047692 
1603.000000 0.047692 
1602.000000 0.047692 
1601.000000 0.047208 
1600.100000 0.047208 
1599.100000 0.047208 
1598.100000 0.046724 
1597.200000 0.046724 
1596.200000 0.046724 
1595.200000 0.046240 
1594.300000 0.046240 
1593.300000 0.046240 
1592.400000 0.045757 
1591.400000 0.045757 
1590.400000 0.045757 
1589.500000 0.045275 
1588.500000 0.045275 
1587.500000 0.045275 
1586.600000 0.045275 
1585.600000 0.044793 
1584.600000 0.045275 
1583.700000 0.044793 
1582.700000 0.044793 
1581.700000 0.044793 
1580.800000 0.044312 
1579.800000 0.044312 
1578.800000 0.044312 
1577.900000 0.044312 
1576.900000 0.044312 
1576.000000 0.044312 
1575.000000 0.043832 
1574.000000 0.043832 
1573.100000 0.043832 
1572.100000 0.043351 
1571.100000 0.043351 
1570.200000 0.043351 
1569.200000 0.043351 
1568.200000 0.043351 
1567.300000 0.042872 
1566.300000 0.042872 
1565.300000 0.042872 
1564.400000 0.042872 
1563.400000 0.042872 
1562.500000 0.042393 
1561.500000 0.042393 
1560.500000 0.042872 
1559.600000 0.042393 
1558.600000 0.042393 
1557.600000 0.042393 
1556.700000 0.041914 
1555.700000 0.041914 
1554.700000 0.041914 
1553.800000 0.041914 
1552.800000 0.041436 
1551.800000 0.041436 
1550.900000 0.041436 
1549.900000 0.041436 
1549.000000 0.041436 
1548.000000 0.041436 
1547.000000 0.040959 
1546.100000 0.040959 
1545.100000 0.040959 
1544.100000 0.040959 
1543.200000 0.040959 
1542.200000 0.040959 
1541.200000 0.040482 
1540.300000 0.040959 
1539.300000 0.040959 
1538.300000 0.040482 
1537.400000 0.040482 
1536.400000 0.040482 
1535.400000 0.040005 
1534.500000 0.040005 
1533.500000 0.040005 
1532.600000 0.040005 
1531.600000 0.040005 
1530.600000 0.039529 
1529.700000 0.039529 
1528.700000 0.039529 
1527.700000 0.039529 
1526.800000 0.039529 
1525.800000 0.039529 
1524.800000 0.039054 
1523.900000 0.039054 
1522.900000 0.039054 
1521.900000 0.039054 
1521.000000 0.039054 
1520.000000 0.039054 
1519.100000 0.039054 
1518.100000 0.039054 
1517.100000 0.039054 
1516.200000 0.038579 
1515.200000 0.038579 
1514.200000 0.038579 
1513.300000 0.038579 
1512.300000 0.038579 
1511.300000 0.038105 
1510.400000 0.038105 
1509.400000 0.038105 
1508.400000 0.038579 
1507.500000 0.038579 
1506.500000 0.038105 
1505.500000 0.038579 
1504.600000 0.038105 
1503.600000 0.038105 
1502.700000 0.038105 
1501.700000 0.038105 
1500.700000 0.038105 
1499.800000 0.038105 
1498.800000 0.038105 
1497.800000 0.038105 
1496.900000 0.038105 
1495.900000 0.038105 
1494.900000 0.038579 
1494.000000 0.038579 
1493.000000 0.038579 
1492.000000 0.038579 
1491.100000 0.039054 
1490.100000 0.039529 
1489.200000 0.039529 
1488.200000 0.040482 
1487.200000 0.040959 
1486.300000 0.041436 
1485.300000 0.041914 
1484.300000 0.042872 
1483.400000 0.043351 
1482.400000 0.044312 
1481.400000 0.045275 
1480.500000 0.045757 
1479.500000 0.046240 
1478.500000 0.046240 
1477.600000 0.046240 
1476.600000 0.045757 
1475.700000 0.044793 
1474.700000 0.043832 
1473.700000 0.042872 
1472.800000 0.041914 
1471.800000 0.041436 
1470.800000 0.040959 
1469.900000 0.040959 
1468.900000 0.040959 
1467.900000 0.041914 
1467.000000 0.042393 
1466.000000 0.042872 
1465.000000 0.043832 
1464.100000 0.043832 
1463.100000 0.043832 
1462.100000 0.043351 
1461.200000 0.042872 
1460.200000 0.042393 
1459.300000 0.041436 
1458.300000 0.040959 
1457.300000 0.040959 
1456.400000 0.040959 
1455.400000 0.040959 
1454.400000 0.041436 
1453.500000 0.041914 
1452.500000 0.042393 
1451.500000 0.042872 
1450.600000 0.043351 
1449.600000 0.042872 
1448.600000 0.042872 
1447.700000 0.041914 
1446.700000 0.041436 
1445.800000 0.040959 
1444.800000 0.040005 
1443.800000 0.039529 
1442.900000 0.039054 
1441.900000 0.039054 
1440.900000 0.039054 
1440.000000 0.039054 
1439.000000 0.039529 
1438.000000 0.039529 
1437.100000 0.040005 
1436.100000 0.040005 
1435.100000 0.040005 
1434.200000 0.040005 
1433.200000 0.040482 
1432.300000 0.040482 
1431.300000 0.040482 
1430.300000 0.040482 
1429.400000 0.040482 
1428.400000 0.040482 
1427.400000 0.040005 
1426.500000 0.040005 
1425.500000 0.040005 
1424.500000 0.040005 
1423.600000 0.040005 
1422.600000 0.039529 
1421.600000 0.039529 
1420.700000 0.039054 
1419.700000 0.039054 
1418.700000 0.039054 
1417.800000 0.038579 
1416.800000 0.038579 
1415.900000 0.038105 
1414.900000 0.038105 
1413.900000 0.037631 
1413.000000 0.037631 
1412.000000 0.037157 
1411.000000 0.037157 
1410.100000 0.036684 
1409.100000 0.036684 
1408.100000 0.036212 
1407.200000 0.036212 
1406.200000 0.035740 
1405.200000 0.035740 
1404.300000 0.035269 
1403.300000 0.035269 
1402.300000 0.034798 
1401.400000 0.034798 
1400.400000 0.034328 
1399.500000 0.034328 
1398.500000 0.034328 
1397.500000 0.033858 
1396.600000 0.033858 
1395.600000 0.033389 
1394.600000 0.033389 
1393.700000 0.033389 
1392.700000 0.032920 
1391.700000 0.032920 
1390.800000 0.032920 
1389.800000 0.032452 
1388.800000 0.032452 
1387.900000 0.032452 
1386.900000 0.032452 
1386.000000 0.031984 
1385.000000 0.031984 
1384.000000 0.031984 
1383.100000 0.031517 
1382.100000 0.031517 
1381.100000 0.031517 
1380.200000 0.031517 
1379.200000 0.031517 
1378.200000 0.031050 
1377.300000 0.031050 
1376.300000 0.031050 
1375.300000 0.031050 
1374.400000 0.031050 
1373.400000 0.030584 
1372.500000 0.030584 
1371.500000 0.030584 
1370.500000 0.030584 
1369.600000 0.030584 
1368.600000 0.030584 
1367.600000 0.030118 
1366.700000 0.030584 
1365.700000 0.030118 
1364.700000 0.030118 
1363.800000 0.030118 
1362.800000 0.030118 
1361.800000 0.030118 
1360.900000 0.030118 
1359.900000 0.030118 
1358.900000 0.029653 
1358.000000 0.029653 
1357.000000 0.029653 
1356.100000 0.029653 
1355.100000 0.029653 
1354.100000 0.029653 
1353.200000 0.029188 
1352.200000 0.029188 
1351.200000 0.029188 
1350.300000 0.029188 
1349.300000 0.029188 
1348.300000 0.029188 
1347.400000 0.029188 
1346.400000 0.028724 
1345.400000 0.028724 
1344.500000 0.028724 
1343.500000 0.028724 
1342.600000 0.028724 
1341.600000 0.028724 
1340.600000 0.028724 
1339.700000 0.028724 
1338.700000 0.028724 
1337.700000 0.028724 
1336.800000 0.028724 
1335.800000 0.028260 
1334.800000 0.028260 
1333.900000 0.028260 
1332.900000 0.028260 
1331.900000 0.028260 
1331.000000 0.028260 
1330.000000 0.028260 
1329.100000 0.028260 
1328.100000 0.028260 
1327.100000 0.028260 
1326.200000 0.027797 
1325.200000 0.027797 
1324.200000 0.027797 
1323.300000 0.027797 
1322.300000 0.027797 
1321.300000 0.027797 
1320.400000 0.027797 
1319.400000 0.027797 
1318.400000 0.027797 
1317.500000 0.027797 
1316.500000 0.027797 
1315.500000 0.027334 
1314.600000 0.027334 
1313.600000 0.027334 
1312.700000 0.027334 
1311.700000 0.027334 
1310.700000 0.027334 
1309.800000 0.027334 
1308.800000 0.027334 
1307.800000 0.027334 
1306.900000 0.027334 
1305.900000 0.026872 
1304.900000 0.026872 
1304.000000 0.026872 
1303.000000 0.026872 
1302.000000 0.026872 
1301.100000 0.026872 
1300.100000 0.026872 
1299.200000 0.026872 
1298.200000 0.026872 
1297.200000 0.026872 
1296.300000 0.026410 
1295.300000 0.026410 
1294.300000 0.026410 
1293.400000 0.026410 
1292.400000 0.026410 
1291.400000 0.026410 
1290.500000 0.026410 
1289.500000 0.026410 
1288.500000 0.026410 
1287.600000 0.025949 
1286.600000 0.026410 
1285.600000 0.025949 
1284.700000 0.025949 
1283.700000 0.025949 
1282.800000 0.025949 
1281.800000 0.025949 
1280.800000 0.025949 
1279.900000 0.025949 
1278.900000 0.025949 
1277.900000 0.025949 
1277.000000 0.025949 
1276.000000 0.025949 
1275.000000 0.025488 
1274.100000 0.025488 
1273.100000 0.025488 
1272.100000 0.025488 
1271.200000 0.025488 
1270.200000 0.025488 
1269.300000 0.025488 
1268.300000 0.025488 
1267.300000 0.025028 
1266.400000 0.025028 
1265.400000 0.025028 
1264.400000 0.025028 
1263.500000 0.025028 
1262.500000 0.025028 
1261.500000 0.025028 
1260.600000 0.025028 
1259.600000 0.025028 
1258.600000 0.025028 
1257.700000 0.025028 
1256.700000 0.025028 
1255.800000 0.025028 
1254.800000 0.025028 
1253.800000 0.025028 
1252.900000 0.024568 
1251.900000 0.024568 
1250.900000 0.024568 
1250.000000 0.024568 
1249.000000 0.024568 
1248.000000 0.024568 
1247.100000 0.024568 
1246.100000 0.024568 
1245.100000 0.024568 
1244.200000 0.024568 
1243.200000 0.024568 
1242.200000 0.024568 
1241.300000 0.024109 
1240.300000 0.024109 
1239.400000 0.024109 
1238.400000 0.024109 
1237.400000 0.024109 
1236.500000 0.024109 
1235.500000 0.024109 
1234.500000 0.023650 
1233.600000 0.024109 
1232.600000 0.024109 
1231.600000 0.024109 
1230.700000 0.024109 
1229.700000 0.023650 
1228.700000 0.023650 
1227.800000 0.023650 
1226.800000 0.023650 
1225.900000 0.023650 
1224.900000 0.023650 
1223.900000 0.023650 
1223.000000 0.023650 
1222.000000 0.023650 
1221.000000 0.023650 
1220.100000 0.023650 
1219.100000 0.023650 
1218.100000 0.023650 
1217.200000 0.023650 
1216.200000 0.023650 
1215.200000 0.023192 
1214.300000 0.023192 
1213.300000 0.023192 
1212.300000 0.023192 
1211.400000 0.023192 
1210.400000 0.023192 
1209.500000 0.023192 
1208.500000 0.023192 
1207.500000 0.023192 
1206.600000 0.023192 
1205.600000 0.023192 
1204.600000 0.023192 
1203.700000 0.023192 
1202.700000 0.023192 
1201.700000 0.023192 
1200.800000 0.023192 
1199.800000 0.023192 
1198.800000 0.022734 
1197.900000 0.022734 
1196.900000 0.022734 
1196.000000 0.022734 
1195.000000 0.022734 
1194.000000 0.022734 
1193.100000 0.022734 
1192.100000 0.022734 
1191.100000 0.022734 
1190.200000 0.022734 
1189.200000 0.022734 
1188.200000 0.022734 
1187.300000 0.022734 
1186.300000 0.022734 
1185.300000 0.022734 
1184.400000 0.022734 
1183.400000 0.022734 
1182.400000 0.022734 
1181.500000 0.022734 
1180.500000 0.022734 
1179.600000 0.022734 
1178.600000 0.022734 
1177.600000 0.022276 
1176.700000 0.022276 
1175.700000 0.022276 
1174.700000 0.022734 
1173.800000 0.022276 
1172.800000 0.022734 
1171.800000 0.022734 
1170.900000 0.022734 
1169.900000 0.022734 
1168.900000 0.022734 
1168.000000 0.022734 
1167.000000 0.022734 
1166.100000 0.022734 
1165.100000 0.023192 
1164.100000 0.023192 
1163.200000 0.023192 
1162.200000 0.023192 
1161.200000 0.023192 
1160.300000 0.023192 
1159.300000 0.023192 
1158.300000 0.022734 
1157.400000 0.022734 
1156.400000 0.022734 
1155.400000 0.022734 
1154.500000 0.022734 
1153.500000 0.022734 
1152.600000 0.022734 
1151.600000 0.022734 
1150.600000 0.022734 
1149.700000 0.022734 
1148.700000 0.022734 
1147.700000 0.022734 
1146.800000 0.022734 
1145.800000 0.022734 
1144.800000 0.023192 
1143.900000 0.023192 
1142.900000 0.023192 
1141.900000 0.023650 
1141.000000 0.023650 
1140.000000 0.024109 
1139.000000 0.024568 
1138.100000 0.024568 
1137.100000 0.025488 
1136.200000 0.025949 
1135.200000 0.026410 
1134.200000 0.026872 
1133.300000 0.027797 
1132.300000 0.027797 
1131.300000 0.028724 
1130.400000 0.029188 
1129.400000 0.029188 
1128.400000 0.029653 
1127.500000 0.029653 
1126.500000 0.029653 
1125.500000 0.029653 
1124.600000 0.029653 
1123.600000 0.029653 
1122.700000 0.029188 
1121.700000 0.029188 
1120.700000 0.028724 
1119.800000 0.028260 
1118.800000 0.027797 
1117.800000 0.027797 
1116.900000 0.027334 
1115.900000 0.026872 
1114.900000 0.026410 
1114.000000 0.025949 
1113.000000 0.025488 
1112.000000 0.025028 
1111.100000 0.025028 
1110.100000 0.024568 
1109.100000 0.024109 
1108.200000 0.024109 
1107.200000 0.023650 
1106.300000 0.023650 
1105.300000 0.023192 
1104.300000 0.023192 
1103.400000 0.023192 
1102.400000 0.022734 
1101.400000 0.023192 
1100.500000 0.022734 
1099.500000 0.022734 
1098.500000 0.022734 
1097.600000 0.022734 
1096.600000 0.022734 
1095.600000 0.022734 
1094.700000 0.022734 
1093.700000 0.022734 
1092.800000 0.022734 
1091.800000 0.022734 
1090.800000 0.022734 
1089.900000 0.022734 
1088.900000 0.022734 
1087.900000 0.022734 
1087.000000 0.022276 
1086.000000 0.022734 
1085.000000 0.022734 
1084.100000 0.022734 
1083.100000 0.022276 
1082.100000 0.022734 
1081.200000 0.022276 
1080.200000 0.022734 
1079.300000 0.022276 
1078.300000 0.022734 
1077.300000 0.022276 
1076.400000 0.022734 
1075.400000 0.022734 
1074.400000 0.022734 
1073.500000 0.022734 
1072.500000 0.022734 
1071.500000 0.022734 
1070.600000 0.022734 
1069.600000 0.022734 
1068.600000 0.022734 
1067.700000 0.022734 
1066.700000 0.022734 
1065.700000 0.022734 
1064.800000 0.022734 
1063.800000 0.022734 
1062.900000 0.022734 
1061.900000 0.023192 
1060.900000 0.022734 
1060.000000 0.022766 
1059.000000 0.023265 
1058.000000 0.023311 
1057.100000 0.023357 
1056.100000 0.023402 
1055.100000 0.023448 
1054.200000 0.023953 
1053.200000 0.023999 
1052.200000 0.024040 
1051.300000 0.024545 
1050.300000 0.025051 
1049.400000 0.025097 
1048.400000 0.025603 
1047.400000 0.026572 
1046.500000 0.027075 
1045.500000 0.028047 
1044.500000 0.029021 
1043.600000 0.029532 
1042.600000 0.030976 
1041.600000 0.032424 
1040.700000 0.033403 
1039.700000 0.034859 
1038.700000 0.036793 
1037.800000 0.038261 
1036.800000 0.039734 
1035.800000 0.041212 
1034.900000 0.043174 
1033.900000 0.044659 
1033.000000 0.046153 
1032.000000 0.047653 
1031.000000 0.049645 
1030.100000 0.051157 
1029.100000 0.053165 
1028.100000 0.055177 
1027.200000 0.057203 
1026.200000 0.059240 
1025.200000 0.061285 
1024.300000 0.063341 
1023.300000 0.065406 
1022.300000 0.067476 
1021.400000 0.069560 
1020.400000 0.071143 
1019.500000 0.072219 
1018.500000 0.072784 
1017.500000 0.072835 
1016.600000 0.072881 
1015.600000 0.072419 
1014.600000 0.070934 
1013.700000 0.068944 
1012.700000 0.066963 
1011.700000 0.064488 
1010.800000 0.061525 
1009.800000 0.058578 
1008.800000 0.055162 
1007.900000 0.051773 
1006.900000 0.048896 
1006.000000 0.046037 
1005.000000 0.043198 
1004.000000 0.040849 
1003.100000 0.038517 
1002.100000 0.037143 
1001.100000 0.035302 
1000.200000 0.034408 
999.200000 0.033516 
998.230000 0.033089 
997.270000 0.032199 
996.310000 0.031779 
995.340000 0.031825 
994.380000 0.031872 
993.410000 0.031452 
992.450000 0.031966 
991.480000 0.032008 
990.520000 0.032054 
989.550000 0.032101 
988.590000 0.032148 
987.630000 0.032195 
986.660000 0.032709 
985.700000 0.032752 
984.730000 0.033267 
983.770000 0.033314 
982.800000 0.033830 
981.840000 0.033877 
980.870000 0.034394 
979.910000 0.034436 
978.940000 0.034954 
977.980000 0.035472 
977.020000 0.035519 
976.050000 0.036038 
975.090000 0.036085 
974.120000 0.036599 
973.160000 0.037119 
972.190000 0.037640 
971.230000 0.037688 
970.260000 0.038209 
969.300000 0.038731 
968.340000 0.038778 
967.370000 0.039772 
966.410000 0.039819 
965.440000 0.040343 
964.480000 0.040868 
963.510000 0.041393 
962.550000 0.041919 
961.580000 0.042441 
960.620000 0.042488 
959.660000 0.043016 
958.690000 0.043543 
957.730000 0.044072 
956.760000 0.044601 
955.800000 0.045126 
954.830000 0.045656 
953.870000 0.046187 
952.900000 0.046719 
951.940000 0.047251 
950.970000 0.047784 
950.010000 0.048318 
949.050000 0.048847 
948.080000 0.049869 
947.120000 0.050405 
946.150000 0.050942 
945.190000 0.051479 
944.220000 0.052018 
943.260000 0.052552 
942.290000 0.053091 
941.330000 0.053631 
940.370000 0.054172 
939.400000 0.054714 
938.440000 0.055256 
937.470000 0.056288 
936.510000 0.056832 
935.540000 0.057377 
934.580000 0.057922 
933.610000 0.058469 
932.650000 0.059016 
931.680000 0.059558 
930.720000 0.060606 
929.760000 0.061155 
928.790000 0.061705 
927.830000 0.062256 
926.860000 0.062808 
925.900000 0.063361 
924.930000 0.063909 
923.970000 0.064967 
923.010000 0.065522 
922.040000 0.066078 
921.080000 0.066634 
920.110000 0.067192 
919.150000 0.067744 
918.180000 0.068812 
917.220000 0.069372 
916.250000 0.069933 
915.290000 0.070494 
914.330000 0.071057 
913.360000 0.071614 
912.400000 0.072178 
911.430000 0.072743 
910.470000 0.073822 
909.500000 0.074389 
908.540000 0.074956 
907.570000 0.075524 
906.610000 0.076088 
905.640000 0.076658 
904.680000 0.077228 
903.720000 0.078319 
902.750000 0.078891 
901.790000 0.079464 
900.820000 0.080033 
899.860000 0.080608 
898.890000 0.081184 
897.930000 0.082284 
896.960000 0.082337 
896.000000 0.083441 
895.030000 0.084015 
894.070000 0.084595 
893.110000 0.085176 
892.140000 0.085757 
891.180000 0.086340 
890.210000 0.086923 
889.250000 0.087507 
888.280000 0.088086 
887.320000 0.088672 
886.350000 0.089258 
885.390000 0.090380 
884.430000 0.090968 
883.460000 0.091558 
882.500000 0.092143 
881.530000 0.092734 
880.570000 0.093326 
879.600000 0.093918 
878.640000 0.094512 
877.670000 0.095106 
876.710000 0.095696 
875.750000 0.096292 
874.780000 0.096888 
873.820000 0.097486 
872.850000 0.098084 
871.890000 0.098683 
870.920000 0.099278 
869.960000 0.099879 
868.990000 0.100480 
868.030000 0.100535 
867.070000 0.101138 
866.100000 0.101741 
865.140000 0.102895 
864.170000 0.102945 
863.210000 0.103551 
862.240000 0.104158 
861.280000 0.104765 
860.310000 0.105374 
859.350000 0.105983 
858.380000 0.106588 
857.420000 0.107199 
856.460000 0.107254 
855.490000 0.108424 
854.530000 0.108479 
853.560000 0.109093 
852.600000 0.109702 
851.630000 0.110317 
850.670000 0.110934 
849.700000 0.111551 
848.740000 0.111607 
847.780000 0.112225 
846.810000 0.112844 
845.850000 0.113459 
844.880000 0.114079 
843.920000 0.114136 
842.950000 0.114758 
841.990000 0.115380 
841.020000 0.116004 
840.060000 0.116055 
839.100000 0.116679 
838.130000 0.117305 
837.170000 0.117362 
836.200000 0.117988 
835.240000 0.118615 
834.270000 0.119238 
833.310000 0.119867 
832.340000 0.119924 
831.380000 0.120554 
830.420000 0.120612 
829.450000 0.121243 
828.490000 0.121294 
827.520000 0.122502 
826.560000 0.122560 
825.590000 0.123193 
824.630000 0.123251 
823.660000 0.123886 
822.700000 0.123944 
821.730000 0.124574 
820.770000 0.124632 
819.810000 0.125269 
818.840000 0.125907 
817.880000 0.125965 
816.910000 0.126604 
815.950000 0.127238 
814.980000 0.127296 
814.020000 0.127937 
813.050000 0.127995 
812.090000 0.128637 
811.130000 0.128696 
810.160000 0.129333 
809.200000 0.129391 
808.230000 0.130035 
807.270000 0.130094 
806.300000 0.130739 
805.340000 0.130798 
804.370000 0.131444 
803.410000 0.131497 
802.450000 0.131555 
801.480000 0.132203 
800.520000 0.132262 
799.550000 0.132320 
798.590000 0.132969 
797.620000 0.133022 
796.660000 0.133081 
795.690000 0.133730 
794.730000 0.133789 
793.770000 0.134440 
792.800000 0.134499 
791.840000 0.134553 
790.870000 0.135204 
789.910000 0.135264 
788.940000 0.135323 
787.980000 0.135382 
787.010000 0.135441 
786.050000 0.136089 
785.090000 0.136148 
784.120000 0.136207 
783.160000 0.136862 
782.190000 0.136921 
781.230000 0.136981 
780.260000 0.137040 
779.300000 0.137094 
778.330000 0.137749 
777.370000 0.137809 
776.400000 0.137869 
775.440000 0.137928 
774.480000 0.137988 
773.510000 0.138639 
772.550000 0.138101 
771.580000 0.138758 
770.620000 0.138818 
769.650000 0.138878 
768.690000 0.138938 
767.720000 0.138992 
766.760000 0.139051 
765.790000 0.139111 
764.830000 0.139171 
763.870000 0.139231 
762.900000 0.139291 
761.940000 0.139351 
760.970000 0.139404 
760.010000 0.139464 
759.040000 0.139524 
758.080000 0.139584 
757.110000 0.139644 
756.150000 0.139704 
755.190000 0.139758 
754.220000 0.139818 
753.260000 0.139878 
752.290000 0.139938 
751.330000 0.139399 
750.360000 0.140058 
749.400000 0.139512 
748.430000 0.139572 
747.470000 0.139632 
746.510000 0.139692 
745.540000 0.139752 
744.580000 0.139213 
743.610000 0.139267 
742.650000 0.139327 
741.680000 0.139387 
740.720000 0.138848 
739.750000 0.138908 
738.790000 0.138968 
737.830000 0.139027 
736.860000 0.139081 
735.900000 0.138543 
734.930000 0.138603 
733.970000 0.138663 
733.000000 0.138125 
732.040000 0.138185 
731.070000 0.138239 
730.110000 0.137702 
729.150000 0.137761 
728.180000 0.137225 
727.220000 0.137284 
726.250000 0.137344 
725.290000 0.136802 
724.320000 0.136862 
723.360000 0.136326 
722.390000 0.136386 
721.430000 0.136445 
720.460000 0.135910 
719.500000 0.135970 
718.540000 0.135430 
717.570000 0.135489 
716.610000 0.134955 
715.640000 0.134422 
714.680000 0.134481 
713.710000 0.133949 
712.750000 0.134002 
711.780000 0.133470 
710.820000 0.133530 
709.850000 0.132998 
708.890000 0.133057 
707.930000 0.132527 
706.960000 0.131991 
706.000000 0.131461 
705.030000 0.131520 
704.070000 0.130991 
703.100000 0.131050 
702.140000 0.130522 
701.180000 0.130575 
700.210000 0.130047 
699.250000 0.129520 
698.280000 0.129579 
697.320000 0.128468 
696.350000 0.128526 
695.390000 0.128001 
694.420000 0.127471 
693.460000 0.127529 
692.490000 0.127005 
691.530000 0.127063 
690.570000 0.126540 
689.600000 0.126017 
688.640000 0.125489 
687.670000 0.124968 
686.710000 0.125026 
685.740000 0.124505 
684.780000 0.123984 
683.810000 0.123465 
682.850000 0.122940 
681.890000 0.122421 
680.920000 0.121904 
679.960000 0.121088 
678.990000 0.120566 
678.030000 0.120193 
677.060000 0.119392 
676.100000 0.119301 
675.130000 0.118547 
674.170000 0.118319 
673.210000 0.117897 
672.240000 0.117430 
671.280000 0.116912 
670.310000 0.116730 
669.350000 0.116026 
668.380000 0.115607 
667.420000 0.115142 
666.450000 0.114961 
665.490000 0.114497 
664.530000 0.114079 
663.560000 0.113611 
662.600000 0.113148 
661.630000 0.112732 
660.670000 0.112315 
659.700000 0.112180 
658.740000 0.111719 
657.770000 0.111259 
656.810000 0.110799 
655.840000 0.110340 
654.880000 0.109831 
653.920000 0.109372 
652.950000 0.109238 
651.990000 0.108546 
651.020000 0.108089 
650.060000 0.107956 
649.090000 0.107499 
648.130000 0.107043 
647.160000 0.106632 
646.200000 0.106177 
645.240000 0.105717 
644.270000 0.105307 
643.310000 0.105130 
642.340000 0.104721 
641.380000 0.104268 
640.410000 0.103816 
639.450000 0.103408 
638.480000 0.102956 
637.520000 0.102505 
636.550000 0.102373 
635.590000 0.101648 
634.630000 0.101516 
633.660000 0.101061 
632.700000 0.100656 
631.730000 0.100251 
630.770000 0.099846 
629.800000 0.099398 
628.840000 0.098951 
627.870000 0.098547 
626.910000 0.098416 
625.950000 0.097741 
624.980000 0.097611 
624.020000 0.097122 
623.050000 0.096763 
622.090000 0.096362 
621.120000 0.095961 
620.160000 0.095560 
619.190000 0.095431 
618.230000 0.094987 
617.270000 0.094587 
616.300000 0.094188 
615.340000 0.094015 
614.370000 0.093304 
613.410000 0.092863 
612.440000 0.092685 
611.480000 0.092336 
610.510000 0.091982 
609.550000 0.091767 
608.590000 0.091322 
607.620000 0.091193 
606.660000 0.090845 
605.690000 0.090182 
604.730000 0.090054 
603.760000 0.089610 
602.800000 0.089440 
601.830000 0.089045 
600.870000 0.088917 
599.900000 0.088257 
598.940000 0.088086 
597.980000 0.087693 
597.010000 0.087523 
596.050000 0.086865 
595.080000 0.086737 
594.120000 0.086652 
593.150000 0.086260 
592.190000 0.085826 
591.220000 0.085435 
590.260000 0.085308 
589.300000 0.084917 
588.330000 0.084748 
587.370000 0.084357 
586.400000 0.084010 
585.440000 0.083931 
584.470000 0.083493 
583.510000 0.083104 
582.540000 0.083241 
581.580000 0.082374 
580.620000 0.082510 
579.650000 0.082122 
578.690000 0.081776 
577.720000 0.081430 
576.760000 0.081304 
575.790000 0.080917 
574.830000 0.080791 
573.860000 0.080451 
572.900000 0.080326 
571.940000 0.080242 
570.970000 0.079856 
570.010000 0.079511 
569.040000 0.079386 
568.080000 0.078782 
567.110000 0.079006 
566.150000 0.078620 
565.180000 0.078496 
564.220000 0.078111 
563.260000 0.078028 
562.290000 0.077643 
561.330000 0.077560 
560.360000 0.077176 
559.400000 0.076839 
558.430000 0.076974 
557.470000 0.076373 
556.500000 0.076590 
555.540000 0.076295 
554.570000 0.075695 
553.610000 0.075788 
552.650000 0.075705 
551.680000 0.075323 
550.720000 0.074982 
549.750000 0.074858 
548.790000 0.074564 
547.820000 0.074440 
546.860000 0.074100 
545.890000 0.073977 
544.930000 0.073678 
543.960000 0.073812 
543.000000 0.073688 
542.040000 0.073097 
541.070000 0.072974 
540.110000 0.072722 
539.140000 0.072383 
538.180000 0.072471 
537.210000 0.072650 
536.250000 0.072055 
535.290000 0.071932 
534.320000 0.071338 
533.360000 0.071471 
532.390000 0.071174 
531.430000 0.071010 
530.460000 0.070929 
529.500000 0.069999 
528.530000 0.069790 
527.570000 0.069576 
526.600000 0.069285 
525.640000 0.068990 
524.680000 0.068776 
523.710000 0.068568 
522.750000 0.068273 
521.780000 0.067983 
520.820000 0.067689 
519.850000 0.067562 
518.890000 0.067268 
517.920000 0.066974 
516.960000 0.066680 
516.000000 0.066472 
515.030000 0.066179 
514.070000 0.065971 
513.100000 0.065678 
512.140000 0.065385 
511.170000 0.065178 
510.210000 0.064967 
509.240000 0.064679 
508.280000 0.064387 
507.310000 0.064175 
506.350000 0.063803 
505.390000 0.063516 
504.420000 0.063225 
503.460000 0.063014 
502.490000 0.062643 
501.530000 0.062437 
500.560000 0.062146 
499.600000 0.061941 
498.640000 0.061565 
497.670000 0.061360 
496.710000 0.061070 
495.740000 0.060780 
494.780000 0.060496 
493.810000 0.060121 
492.850000 0.059917 
491.880000 0.059628 
490.920000 0.059344 
489.950000 0.058891 
488.990000 0.058687 
488.030000 0.058315 
487.060000 0.058191 
486.100000 0.057823 
485.130000 0.057456 
484.170000 0.057090 
483.200000 0.056802 
482.240000 0.056436 
481.270000 0.056149 
480.310000 0.055863 
479.350000 0.055581 
478.380000 0.055295 
477.420000 0.054930 
476.450000 0.054561 
475.490000 0.054280 
474.520000 0.054157 
473.560000 0.053789 
472.590000 0.053425 
471.630000 0.052983 
470.670000 0.052777 
469.700000 0.052493 
468.740000 0.052130 
467.770000 0.051768 
466.810000 0.051567 
465.840000 0.051362 
464.880000 0.051001 
463.910000 0.050717 
462.950000 0.050356 
461.980000 0.050156 
461.020000 0.049796 
460.060000 0.049513 
459.090000 0.048993 
458.130000 0.048871 
457.160000 0.048590 
456.200000 0.048468 
455.230000 0.048109 
454.270000 0.047828 
453.300000 0.047469 
452.340000 0.047271 
451.380000 0.046907 
450.410000 0.046550 
449.450000 0.046269 
448.480000 0.046071 
447.520000 0.045873 
446.550000 0.045434 
445.590000 0.045237 
444.620000 0.044957 
443.660000 0.044837 
442.700000 0.044399 
441.730000 0.044120 
440.770000 0.043764 
439.800000 0.043567 
438.840000 0.043289 
437.870000 0.043092 
436.910000 0.042814 
435.940000 0.042460 
434.980000 0.042259 
434.020000 0.041986 
433.050000 0.041785 
432.090000 0.041355 
431.120000 0.041235 
430.160000 0.040959 
429.190000 0.040916 
428.230000 0.040405 
427.260000 0.040286 
426.300000 0.039858 
425.330000 0.039739 
424.370000 0.039387 
423.410000 0.039187 
422.440000 0.038835 
421.480000 0.038717 
420.510000 0.038522 
419.550000 0.038166 
418.580000 0.037972 
417.620000 0.037621 
416.650000 0.037579 
415.690000 0.037228 
414.720000 0.037034 
413.760000 0.036529 
412.800000 0.036562 
411.830000 0.036292 
410.870000 0.036174 
409.900000 0.035745 
408.940000 0.035552 
407.970000 0.035354 
407.010000 0.035161 
406.050000 0.034888 
405.080000 0.034540 
404.120000 0.034422 
403.150000 0.034149 
402.190000 0.034112 
401.220000 0.033609 
400.260000 0.033567 
399.290000 0.033141 
398.330000 0.033178 
397.360000 0.032677 
396.400000 0.032560 
395.440000 0.032213 
394.470000 0.032171 
393.510000 0.031905 
392.540000 0.031634 
391.580000 0.031438 
390.610000 0.031092 
389.650000 0.031055 
388.680000 0.030710 
387.720000 0.030593 
386.760000 0.030095 
385.790000 0.030128 
384.830000 0.029783 
383.860000 0.029821 
382.900000 0.029323 
381.930000 0.029207 
380.970000 0.028938 
380.000000 0.028901 
379.040000 0.028553 
378.080000 0.028288 
377.110000 0.028172 
376.150000 0.027978 
375.180000 0.027862 
374.220000 0.027445 
373.250000 0.027404 
372.290000 0.027062 
371.320000 0.027099 
370.360000 0.026678 
369.400000 0.026641 
368.430000 0.026221 
367.470000 0.026258 
366.500000 0.025991 
365.540000 0.025949 
364.570000 0.025534 
363.610000 0.025419 
362.640000 0.025304 
361.680000 0.025111 
360.710000 0.024922 
359.750000 0.024504 
358.790000 0.024692 
357.820000 0.024352 
356.860000 0.024389 
355.890000 0.023898 
354.930000 0.024008 
353.960000 0.023668 
353.000000 0.023778 
352.030000 0.023439 
351.070000 0.023398 
350.110000 0.023210 
349.140000 0.023242 
348.180000 0.023128 
347.210000 0.022867 
346.250000 0.022899 
345.280000 0.022638 
344.320000 0.022821 
343.350000 0.022482 
342.390000 0.022592 
341.420000 0.022276 
340.460000 0.022587 
339.500000 0.022327 
338.530000 0.022436 
337.570000 0.022094 
336.600000 0.022281 
335.640000 0.022231 
334.670000 0.022276 
333.710000 0.022231 
332.740000 0.022139 
331.780000 0.022386 
330.820000 0.022276 
329.850000 0.022583 
328.890000 0.022372 
327.920000 0.022761 
326.960000 0.022775 
325.990000 0.023242 
325.030000 0.023105 
324.060000 0.023421 
323.100000 0.023512 
322.140000 0.023902 
321.170000 0.023990 
320.210000 0.024155 
319.240000 0.024320 
318.280000 0.024485 
317.310000 0.024876 
316.350000 0.024890 
315.380000 0.025207 
314.420000 0.025148 
313.460000 0.025691 
312.490000 0.025705 
311.530000 0.026097 
310.560000 0.025963 
309.600000 0.026277 
308.630000 0.026521 
307.670000 0.026840 
306.700000 0.026928 
305.740000 0.027020 
304.770000 0.027413 
303.810000 0.027501 
302.850000 0.027746 
301.880000 0.027686 
300.920000 0.028228 
299.950000 0.028321 
298.990000 0.028794 
298.020000 0.028655 
297.060000 0.028975 
296.090000 0.029063 
295.130000 0.029537 
294.170000 0.029625 
293.200000 0.029718 
292.240000 0.029886 
291.270000 0.029900 
290.310000 0.030374 
289.340000 0.030542 
288.380000 0.030859 
287.410000 0.030798 
286.450000 0.031349 
285.480000 0.031363 
284.520000 0.031839 
283.560000 0.031699 
282.590000 0.032096 
281.630000 0.032344 
280.660000 0.032667 
279.700000 0.032602 
278.730000 0.032695 
277.770000 0.033169 
276.810000 0.033572 
275.840000 0.033816 
274.880000 0.033675 
273.910000 0.034229 
272.950000 0.034399 
271.980000 0.034954 
271.020000 0.034817 
270.050000 0.035293 
269.090000 0.035387 
268.120000 0.035863 
267.160000 0.036033 
266.200000 0.036203 
265.230000 0.036217 
264.270000 0.036080 
263.300000 0.036869 
262.340000 0.037195 
261.370000 0.037598 
260.410000 0.037688 
259.440000 0.038327 
258.480000 0.038342 
257.520000 0.038745 
256.550000 0.038759 
255.590000 0.039244 
254.620000 0.039567 
253.660000 0.039896 
252.690000 0.039834 
251.730000 0.040005 
250.760000 0.040567 
249.800000 0.040582 
248.840000 0.040677 
247.870000 0.040849 
246.910000 0.041723 
245.940000 0.041737 
244.980000 0.042144 
244.010000 0.042163 
243.050000 0.042728 
242.080000 0.042977 
241.120000 0.043620 
240.150000 0.043716 
239.190000 0.043889 
238.230000 0.044298 
237.260000 0.044630 
236.300000 0.045198 
235.330000 0.045131 
234.370000 0.045545 
233.400000 0.045323 
232.440000 0.046289 
231.480000 0.046458 
230.510000 0.046951 
229.550000 0.046728 
228.580000 0.047300 
227.620000 0.047551 
226.650000 0.047964 
225.690000 0.048061 
224.720000 0.048235 
223.760000 0.048808 
222.790000 0.048983 
221.830000 0.049319 
220.870000 0.049095 
219.900000 0.049747 
218.940000 0.049684 
217.970000 0.050259 
217.010000 0.049874 
216.040000 0.050288 
215.080000 0.050225 
214.110000 0.050639 
213.150000 0.050493 
212.180000 0.050590 
211.220000 0.050527 
210.260000 0.050464 
209.290000 0.050878 
208.330000 0.050571 
207.360000 0.050590 
206.400000 0.049884 
205.430000 0.050537 
204.470000 0.050156 
203.500000 0.050410 
202.540000 0.049548 
201.580000 0.049961 
200.610000 0.049659 
199.650000 0.049913 
198.680000 0.049290 
197.720000 0.049066 
196.750000 0.049241 
195.790000 0.049095 
194.820000 0.048954 
193.860000 0.048094 
192.900000 0.048425 
191.930000 0.048046 
190.970000 0.048376 
190.000000 0.047280 
189.040000 0.047614 
188.070000 0.046912 
187.110000 0.047329 
186.140000 0.046467 
185.180000 0.046405 
184.220000 0.046023 
183.250000 0.045960 
182.290000 0.045820 
181.320000 0.045203 
180.360000 0.044822 
179.390000 0.044048 
178.430000 0.045010 
177.460000 0.044317 
176.500000 0.044644 
175.530000 0.043323 
174.570000 0.043966 
173.610000 0.043351 
172.640000 0.043606 
171.680000 0.042517 
170.710000 0.042220 
169.750000 0.042077 
168.780000 0.042407 
167.820000 0.042110 
166.850000 0.041341 
165.890000 0.041747 
164.930000 0.041212 
163.960000 0.041775 
163.000000 0.040620 
162.030000 0.041025 
161.070000 0.040181 
160.100000 0.040744 
159.140000 0.039586 
158.170000 0.039524 
157.210000 0.038992 
156.240000 0.039396 
155.280000 0.039258 
154.320000 0.038883 
153.350000 0.038821 
152.390000 0.038133 
151.420000 0.038774 
150.460000 0.038086 
149.490000 0.038413 
148.530000 0.036798 
147.570000 0.037512 
146.600000 0.036751 
145.640000 0.037309 
144.670000 0.035854 
143.710000 0.036255 
142.740000 0.035806 
141.780000 0.035896 
140.810000 0.035137 
139.850000 0.034535 
138.880000 0.034168 
137.920000 0.033412 
136.960000 0.034352 
135.990000 0.033520 
135.030000 0.033764 
134.060000 0.032396 
133.100000 0.032948 
132.130000 0.031966 
131.170000 0.032592 
130.200000 0.030999 
129.240000 0.031858 
128.280000 0.031564 
127.310000 0.031274 
126.350000 0.030524 
125.380000 0.030388 
124.420000 0.030859 
123.450000 0.029881 
122.490000 0.029593 
121.520000 0.028543 
120.560000 0.029774 
119.590000 0.028724 
118.630000 0.029272 
117.670000 0.027459 
116.700000 0.028311 
115.740000 0.027644 
114.770000 0.027885 
113.810000 0.026840 
112.840000 0.027080 
111.880000 0.027779 
110.910000 0.028325 
109.950000 0.027122 
108.990000 0.025779 
108.020000 0.026323 
107.060000 0.027927 
106.090000 0.031984 
105.130000 0.027122 
104.160000 0.025396 
103.200000 0.023980 
102.240000 0.024821 
101.270000 0.024761 
100.310000 0.025530 
99.341000 0.024265 
98.377000 0.023976 
97.412000 0.024068 
96.448000 0.023407 
95.483000 0.023045 
94.519000 0.022683 
93.554000 0.024049 
92.590000 0.023462 
91.625000 0.022954 
90.661000 0.020953 
89.696000 0.023357 
88.732000 0.023073 
87.767000 0.023311 
86.803000 0.022651 
85.838000 0.023416 
84.874000 0.022903 
83.909000 0.023146 
82.945000 0.023311 
81.980000 0.023247 
81.016000 0.024012 
80.051000 0.022601 
79.087000 0.022766 
78.122000 0.022857 
77.158000 0.023545 
76.193000 0.022661 
75.229000 0.023201 
74.264000 0.023366 
73.300000 0.023756 
72.335000 0.022491 
71.371000 0.022231 
70.406000 0.022821 
69.442000 0.024490 
68.478000 0.025033 
67.514000 0.021911 
66.549000 0.022185 
65.585000 0.022002 
64.620000 0.023059 
63.656000 0.021728 
62.691000 0.022487 
61.727000 0.021546 
60.762000 0.022441 
59.798000 0.021637 
58.833000 0.022231 
57.869000 0.021957 
56.904000 0.021911 
55.940000 0.021317 
54.975000 0.021774 
54.011000 0.022185 
53.046000 0.022185 
52.082000 0.022094 
51.117000 0.021089 
50.153000 0.021044 
