3998.800000 -0.021189 
3997.800000 -0.020775 
3996.800000 -0.020775 
3995.900000 -0.021189 
3994.900000 -0.021189 
3994.000000 -0.021189 
3993.000000 -0.020775 
3992.000000 -0.020775 
3991.100000 -0.021189 
3990.100000 -0.021189 
3989.100000 -0.020775 
3988.200000 -0.020775 
3987.200000 -0.021189 
3986.200000 -0.021189 
3985.300000 -0.021189 
3984.300000 -0.020775 
3983.300000 -0.020775 
3982.400000 -0.021189 
3981.400000 -0.020775 
3980.400000 -0.020775 
3979.500000 -0.021189 
3978.500000 -0.020775 
3977.600000 -0.021189 
3976.600000 -0.021189 
3975.600000 -0.020775 
3974.700000 -0.021189 
3973.700000 -0.020775 
3972.700000 -0.021189 
3971.800000 -0.021189 
3970.800000 -0.020775 
3969.800000 -0.020775 
3968.900000 -0.021189 
3967.900000 -0.020775 
3966.900000 -0.021189 
3966.000000 -0.020775 
3965.000000 -0.020775 
3964.100000 -0.020775 
3963.100000 -0.020775 
3962.100000 -0.020775 
3961.200000 -0.021189 
3960.200000 -0.021189 
3959.200000 -0.020775 
3958.300000 -0.020775 
3957.300000 -0.020775 
3956.300000 -0.020775 
3955.400000 -0.021189 
3954.400000 -0.020775 
3953.400000 -0.021189 
3952.500000 -0.020775 
3951.500000 -0.020775 
3950.600000 -0.021189 
3949.600000 -0.020775 
3948.600000 -0.020775 
3947.700000 -0.020775 
3946.700000 -0.020775 
3945.700000 -0.020775 
3944.800000 -0.020775 
3943.800000 -0.020775 
3942.800000 -0.021189 
3941.900000 -0.020775 
3940.900000 -0.021189 
3939.900000 -0.020775 
3939.000000 -0.021189 
3938.000000 -0.020775 
3937.000000 -0.020775 
3936.100000 -0.020775 
3935.100000 -0.020775 
3934.200000 -0.020775 
3933.200000 -0.020775 
3932.200000 -0.020775 
3931.300000 -0.020775 
3930.300000 -0.021189 
3929.300000 -0.020775 
3928.400000 -0.020775 
3927.400000 -0.021189 
3926.400000 -0.020775 
3925.500000 -0.021189 
3924.500000 -0.020775 
3923.500000 -0.021189 
3922.600000 -0.021189 
3921.600000 -0.020775 
3920.700000 -0.020775 
3919.700000 -0.020775 
3918.700000 -0.020775 
3917.800000 -0.020775 
3916.800000 -0.020775 
3915.800000 -0.021189 
3914.900000 -0.021189 
3913.900000 -0.021189 
3912.900000 -0.021189 
3912.000000 -0.020775 
3911.000000 -0.020775 
3910.000000 -0.021189 
3909.100000 -0.021189 
3908.100000 -0.020775 
3907.100000 -0.020775 
3906.200000 -0.021189 
3905.200000 -0.021189 
3904.300000 -0.021189 
3903.300000 -0.021189 
3902.300000 -0.021189 
3901.400000 -0.021189 
3900.400000 -0.021189 
3899.400000 -0.021189 
3898.500000 -0.021189 
3897.500000 -0.021189 
3896.500000 -0.021189 
3895.600000 -0.021189 
3894.600000 -0.021189 
3893.600000 -0.021189 
3892.700000 -0.021189 
3891.700000 -0.021189 
3890.800000 -0.021189 
3889.800000 -0.021189 
3888.800000 -0.021189 
3887.900000 -0.021189 
3886.900000 -0.021189 
3885.900000 -0.021189 
3885.000000 -0.021189 
3884.000000 -0.021189 
3883.000000 -0.021189 
3882.100000 -0.021189 
3881.100000 -0.021189 
3880.100000 -0.021189 
3879.200000 -0.021189 
3878.200000 -0.021189 
3877.200000 -0.021189 
3876.300000 -0.021189 
3875.300000 -0.021189 
3874.400000 -0.021189 
3873.400000 -0.021189 
3872.400000 -0.021189 
3871.500000 -0.021189 
3870.500000 -0.021189 
3869.500000 -0.020775 
3868.600000 -0.021189 
3867.600000 -0.021189 
3866.600000 -0.021189 
3865.700000 -0.020775 
3864.700000 -0.020775 
3863.700000 -0.020775 
3862.800000 -0.021189 
3861.800000 -0.020775 
3860.900000 -0.020775 
3859.900000 -0.020775 
3858.900000 -0.020775 
3858.000000 -0.020775 
3857.000000 -0.020775 
3856.000000 -0.020775 
3855.100000 -0.020775 
3854.100000 -0.020775 
3853.100000 -0.020775 
3852.200000 -0.020775 
3851.200000 -0.020775 
3850.200000 -0.020775 
3849.300000 -0.020775 
3848.300000 -0.020775 
3847.400000 -0.020775 
3846.400000 -0.020775 
3845.400000 -0.020775 
3844.500000 -0.020775 
3843.500000 -0.020775 
3842.500000 -0.020775 
3841.600000 -0.020775 
3840.600000 -0.020775 
3839.600000 -0.020775 
3838.700000 -0.020775 
3837.700000 -0.020775 
3836.700000 -0.020775 
3835.800000 -0.020775 
3834.800000 -0.020775 
3833.800000 -0.020775 
3832.900000 -0.020775 
3831.900000 -0.020775 
3831.000000 -0.020775 
3830.000000 -0.020775 
3829.000000 -0.020775 
3828.100000 -0.020775 
3827.100000 -0.020775 
3826.100000 -0.020775 
3825.200000 -0.020775 
3824.200000 -0.020775 
3823.200000 -0.020775 
3822.300000 -0.020775 
3821.300000 -0.020775 
3820.300000 -0.020775 
3819.400000 -0.020775 
3818.400000 -0.020775 
3817.500000 -0.020775 
3816.500000 -0.020775 
3815.500000 -0.020775 
3814.600000 -0.020775 
3813.600000 -0.020775 
3812.600000 -0.020775 
3811.700000 -0.020775 
3810.700000 -0.020775 
3809.700000 -0.020775 
3808.800000 -0.020775 
3807.800000 -0.020775 
3806.800000 -0.020775 
3805.900000 -0.020775 
3804.900000 -0.020775 
3803.900000 -0.020775 
3803.000000 -0.020775 
3802.000000 -0.020775 
3801.100000 -0.020775 
3800.100000 -0.020775 
3799.100000 -0.020775 
3798.200000 -0.020775 
3797.200000 -0.020775 
3796.200000 -0.020775 
3795.300000 -0.020775 
3794.300000 -0.020775 
3793.300000 -0.020775 
3792.400000 -0.020775 
3791.400000 -0.020775 
3790.400000 -0.020775 
3789.500000 -0.020775 
3788.500000 -0.020775 
3787.600000 -0.020775 
3786.600000 -0.020775 
3785.600000 -0.020775 
3784.700000 -0.020775 
3783.700000 -0.020775 
3782.700000 -0.020775 
3781.800000 -0.020775 
3780.800000 -0.020775 
3779.800000 -0.020775 
3778.900000 -0.020775 
3777.900000 -0.020775 
3776.900000 -0.020775 
3776.000000 -0.020775 
3775.000000 -0.020775 
3774.100000 -0.020775 
3773.100000 -0.020775 
3772.100000 -0.020775 
3771.200000 -0.020775 
3770.200000 -0.020775 
3769.200000 -0.020775 
3768.300000 -0.020775 
3767.300000 -0.020775 
3766.300000 -0.020775 
3765.400000 -0.020775 
3764.400000 -0.020775 
3763.400000 -0.020775 
3762.500000 -0.020775 
3761.500000 -0.020361 
3760.500000 -0.020361 
3759.600000 -0.020361 
3758.600000 -0.020361 
3757.700000 -0.020361 
3756.700000 -0.020361 
3755.700000 -0.020361 
3754.800000 -0.020361 
3753.800000 -0.020361 
3752.800000 -0.020361 
3751.900000 -0.020361 
3750.900000 -0.020361 
3749.900000 -0.020361 
3749.000000 -0.020361 
3748.000000 -0.020361 
3747.000000 -0.020361 
3746.100000 -0.020361 
3745.100000 -0.020361 
3744.200000 -0.020361 
3743.200000 -0.020361 
3742.200000 -0.020361 
3741.300000 -0.020361 
3740.300000 -0.020361 
3739.300000 -0.020361 
3738.400000 -0.020361 
3737.400000 -0.020361 
3736.400000 -0.020361 
3735.500000 -0.020361 
3734.500000 -0.020361 
3733.500000 -0.020361 
3732.600000 -0.020361 
3731.600000 -0.020361 
3730.600000 -0.020361 
3729.700000 -0.020361 
3728.700000 -0.020361 
3727.800000 -0.020361 
3726.800000 -0.020361 
3725.800000 -0.020361 
3724.900000 -0.020361 
3723.900000 -0.020361 
3722.900000 -0.020361 
3722.000000 -0.020361 
3721.000000 -0.020361 
3720.000000 -0.020361 
3719.100000 -0.020361 
3718.100000 -0.020361 
3717.100000 -0.020361 
3716.200000 -0.020361 
3715.200000 -0.019947 
3714.300000 -0.019947 
3713.300000 -0.019947 
3712.300000 -0.019947 
3711.400000 -0.019947 
3710.400000 -0.019947 
3709.400000 -0.019947 
3708.500000 -0.019947 
3707.500000 -0.019947 
3706.500000 -0.019947 
3705.600000 -0.019947 
3704.600000 -0.019947 
3703.600000 -0.019947 
3702.700000 -0.019532 
3701.700000 -0.019947 
3700.800000 -0.019947 
3699.800000 -0.019947 
3698.800000 -0.019947 
3697.900000 -0.019532 
3696.900000 -0.019532 
3695.900000 -0.019532 
3695.000000 -0.019532 
3694.000000 -0.019532 
3693.000000 -0.019532 
3692.100000 -0.019116 
3691.100000 -0.019532 
3690.100000 -0.019116 
3689.200000 -0.017868 
3688.200000 -0.019532 
3687.200000 -0.019532 
3686.300000 -0.019532 
3685.300000 -0.019116 
3684.400000 -0.019116 
3683.400000 -0.019116 
3682.400000 -0.019116 
3681.500000 -0.019116 
3680.500000 -0.018700 
3679.500000 -0.018700 
3678.600000 -0.018700 
3677.600000 -0.018700 
3676.600000 -0.017868 
3675.700000 -0.018284 
3674.700000 -0.018700 
3673.700000 -0.018700 
3672.800000 -0.018700 
3671.800000 -0.017451 
3670.900000 -0.018284 
3669.900000 -0.017868 
3668.900000 -0.018284 
3668.000000 -0.018284 
3667.000000 -0.017868 
3666.000000 -0.017868 
3665.100000 -0.017868 
3664.100000 -0.017868 
3663.100000 -0.017451 
3662.200000 -0.017451 
3661.200000 -0.017451 
3660.200000 -0.017451 
3659.300000 -0.017033 
3658.300000 -0.017033 
3657.300000 -0.016197 
3656.400000 -0.016616 
3655.400000 -0.016616 
3654.500000 -0.016616 
3653.500000 -0.016616 
3652.500000 -0.016197 
3651.600000 -0.015779 
3650.600000 -0.015360 
3649.600000 -0.015360 
3648.700000 -0.015360 
3647.700000 -0.015360 
3646.700000 -0.015360 
3645.800000 -0.015360 
3644.800000 -0.015360 
3643.800000 -0.014940 
3642.900000 -0.014940 
3641.900000 -0.014521 
3641.000000 -0.014521 
3640.000000 -0.014100 
3639.000000 -0.014100 
3638.100000 -0.014100 
3637.100000 -0.013680 
3636.100000 -0.013680 
3635.200000 -0.013259 
3634.200000 -0.013259 
3633.200000 -0.013259 
3632.300000 -0.012837 
3631.300000 -0.012415 
3630.300000 -0.011570 
3629.400000 -0.011570 
3628.400000 -0.011993 
3627.400000 -0.011993 
3626.500000 -0.011570 
3625.500000 -0.011570 
3624.600000 -0.011147 
3623.600000 -0.011147 
3622.600000 -0.010724 
3621.700000 -0.010300 
3620.700000 -0.009451 
3619.700000 -0.009876 
3618.800000 -0.009451 
3617.800000 -0.009451 
3616.800000 -0.009451 
3615.900000 -0.009026 
3614.900000 -0.008600 
3613.900000 -0.008174 
3613.000000 -0.008174 
3612.000000 -0.007748 
3611.100000 -0.007748 
3610.100000 -0.006894 
3609.100000 -0.006894 
3608.200000 -0.006466 
3607.200000 -0.006466 
3606.200000 -0.006038 
3605.300000 -0.006038 
3604.300000 -0.005609 
3603.300000 -0.005181 
3602.400000 -0.004751 
3601.400000 -0.004321 
3600.400000 -0.004321 
3599.500000 -0.003891 
3598.500000 -0.003461 
3597.600000 -0.003029 
3596.600000 -0.002598 
3595.600000 -0.002166 
3594.700000 -0.002166 
3593.700000 -0.001734 
3592.700000 -0.001301 
3591.800000 -0.000868 
3590.800000 -0.000434 
3589.800000 0.000435 
3588.900000 0.000435 
3587.900000 0.001305 
3586.900000 0.001305 
3586.000000 0.001741 
3585.000000 0.002177 
3584.000000 0.002614 
3583.100000 0.003051 
3582.100000 0.003926 
3581.200000 0.004365 
3580.200000 0.004804 
3579.200000 0.005243 
3578.300000 0.005683 
3577.300000 0.006123 
3576.300000 0.007005 
3575.400000 0.007446 
3574.400000 0.007889 
3573.400000 0.008774 
3572.500000 0.009217 
3571.500000 0.009661 
3570.500000 0.010550 
3569.600000 0.010995 
3568.600000 0.011887 
3567.700000 0.012334 
3566.700000 0.013228 
3565.700000 0.013676 
3564.800000 0.014574 
3563.800000 0.015023 
3562.800000 0.015923 
3561.900000 0.016374 
3560.900000 0.017277 
3559.900000 0.018181 
3559.000000 0.018634 
3558.000000 0.019542 
3557.000000 0.020452 
3556.100000 0.021363 
3555.100000 0.022276 
3554.200000 0.023192 
3553.200000 0.024109 
3552.200000 0.025028 
3551.300000 0.025949 
3550.300000 0.026872 
3549.300000 0.027797 
3548.400000 0.028724 
3547.400000 0.029653 
3546.400000 0.031050 
3545.500000 0.031984 
3544.500000 0.032920 
3543.500000 0.033858 
3542.600000 0.035269 
3541.600000 0.036212 
3540.600000 0.037631 
3539.700000 0.038579 
3538.700000 0.040005 
3537.800000 0.040959 
3536.800000 0.042393 
3535.800000 0.043832 
3534.900000 0.044793 
3533.900000 0.046240 
3532.900000 0.047692 
3532.000000 0.048662 
3531.000000 0.050122 
3530.000000 0.051587 
3529.100000 0.053057 
3528.100000 0.054531 
3527.100000 0.056011 
3526.200000 0.057496 
3525.200000 0.058986 
3524.300000 0.060481 
3523.300000 0.061981 
3522.300000 0.063486 
3521.400000 0.065502 
3520.400000 0.067019 
3519.400000 0.068542 
3518.500000 0.070070 
3517.500000 0.071604 
3516.500000 0.073658 
3515.600000 0.075204 
3514.600000 0.076756 
3513.600000 0.078314 
3512.700000 0.079877 
3511.700000 0.081445 
3510.700000 0.083546 
3509.800000 0.085128 
3508.800000 0.086716 
3507.900000 0.088310 
3506.900000 0.090444 
3505.900000 0.092051 
3505.000000 0.093665 
3504.000000 0.095284 
3503.000000 0.096910 
3502.100000 0.098542 
3501.100000 0.100179 
3500.100000 0.102373 
3499.200000 0.104025 
3498.200000 0.105684 
3497.200000 0.107349 
3496.300000 0.109020 
3495.300000 0.111259 
3494.400000 0.112946 
3493.400000 0.114639 
3492.400000 0.116339 
3491.500000 0.118045 
3490.500000 0.119758 
3489.500000 0.121478 
3488.600000 0.123782 
3487.600000 0.125518 
3486.600000 0.127261 
3485.700000 0.129011 
3484.700000 0.130768 
3483.700000 0.133122 
3482.800000 0.134896 
3481.800000 0.136677 
3480.800000 0.138466 
3479.900000 0.140261 
3478.900000 0.142668 
3478.000000 0.144481 
3477.000000 0.146302 
3476.000000 0.148742 
3475.100000 0.150581 
3474.100000 0.152427 
3473.100000 0.154902 
3472.200000 0.156767 
3471.200000 0.158641 
3470.200000 0.161151 
3469.300000 0.163043 
3468.300000 0.164944 
3467.300000 0.167491 
3466.400000 0.169411 
3465.400000 0.171985 
3464.500000 0.173925 
3463.500000 0.176526 
3462.500000 0.179142 
3461.600000 0.181115 
3460.600000 0.183096 
3459.600000 0.185752 
3458.700000 0.187755 
3457.700000 0.190440 
3456.700000 0.192465 
3455.800000 0.195179 
3454.800000 0.197911 
3453.800000 0.199971 
3452.900000 0.202732 
3451.900000 0.205512 
3451.000000 0.207608 
3450.000000 0.210419 
3449.000000 0.212540 
3448.100000 0.215383 
3447.100000 0.217527 
3446.100000 0.220404 
3445.200000 0.223299 
3444.200000 0.225483 
3443.200000 0.227678 
3442.300000 0.230623 
3441.300000 0.232844 
3440.300000 0.235077 
3439.400000 0.238072 
3438.400000 0.240332 
3437.400000 0.243364 
3436.500000 0.245652 
3435.500000 0.247952 
3434.600000 0.250264 
3433.600000 0.253366 
3432.600000 0.255707 
3431.700000 0.258061 
3430.700000 0.260428 
3429.700000 0.262807 
3428.800000 0.265200 
3427.800000 0.267606 
3426.800000 0.270026 
3425.900000 0.272459 
3424.900000 0.274905 
3423.900000 0.277366 
3423.000000 0.279841 
3422.000000 0.282329 
3421.100000 0.284833 
3420.100000 0.286509 
3419.100000 0.289037 
3418.200000 0.291579 
3417.200000 0.293282 
3416.200000 0.295849 
3415.300000 0.298432 
3414.300000 0.301030 
3413.300000 0.301030 
3412.400000 0.304518 
3411.400000 0.307153 
3410.400000 0.309804 
3409.500000 0.312471 
3408.500000 0.314258 
3407.600000 0.316053 
3406.600000 0.317855 
3405.600000 0.320572 
3404.700000 0.322393 
3403.700000 0.324222 
3402.700000 0.326979 
3401.800000 0.328827 
3400.800000 0.330683 
3399.800000 0.332547 
3398.900000 0.335358 
3397.900000 0.337242 
3396.900000 0.339135 
3396.000000 0.341035 
3395.000000 0.342944 
3394.000000 0.344862 
3393.100000 0.346787 
3392.100000 0.348722 
3391.200000 0.350665 
3390.200000 0.352617 
3389.200000 0.354578 
3388.300000 0.356547 
3387.300000 0.358526 
3386.300000 0.359519 
3385.400000 0.361511 
3384.400000 0.363512 
3383.400000 0.364516 
3382.500000 0.365523 
3381.500000 0.368556 
3380.500000 0.370590 
3379.600000 0.372634 
3378.600000 0.373660 
3377.700000 0.374688 
3376.700000 0.376751 
3375.700000 0.377786 
3374.800000 0.379864 
3373.800000 0.381952 
3372.800000 0.384050 
3371.900000 0.385103 
3370.900000 0.387216 
3369.900000 0.388277 
3369.000000 0.390406 
3368.000000 0.392545 
3367.000000 0.393619 
3366.100000 0.395774 
3365.100000 0.396856 
3364.100000 0.399027 
3363.200000 0.400117 
3362.200000 0.402305 
3361.300000 0.403403 
3360.300000 0.405607 
3359.300000 0.406714 
3358.400000 0.408935 
3357.400000 0.410050 
3356.400000 0.412289 
3355.500000 0.413413 
3354.500000 0.414539 
3353.500000 0.416801 
3352.600000 0.419075 
3351.600000 0.420216 
3350.600000 0.421361 
3349.700000 0.423659 
3348.700000 0.425969 
3347.800000 0.427128 
3346.800000 0.429457 
3345.800000 0.430626 
3344.900000 0.432974 
3343.900000 0.434152 
3342.900000 0.436519 
3342.000000 0.437707 
3341.000000 0.440093 
3340.000000 0.442493 
3339.100000 0.443697 
3338.100000 0.446117 
3337.100000 0.447332 
3336.200000 0.449772 
3335.200000 0.450997 
3334.200000 0.453457 
3333.300000 0.455932 
3332.300000 0.457175 
3331.400000 0.459671 
3330.400000 0.462181 
3329.400000 0.463442 
3328.500000 0.465974 
3327.500000 0.467246 
3326.500000 0.469800 
3325.600000 0.472370 
3324.600000 0.473661 
3323.600000 0.476254 
3322.700000 0.478862 
3321.700000 0.481486 
3320.700000 0.482804 
3319.800000 0.485452 
3318.800000 0.486782 
3317.900000 0.489455 
3316.900000 0.492144 
3315.900000 0.493495 
3315.000000 0.496209 
3314.000000 0.498941 
3313.000000 0.500313 
3312.100000 0.503070 
3311.100000 0.504456 
3310.100000 0.507240 
3309.200000 0.510042 
3308.200000 0.511449 
3307.200000 0.512862 
3306.300000 0.515700 
3305.300000 0.518557 
3304.400000 0.519993 
3303.400000 0.522879 
3302.400000 0.524329 
3301.500000 0.527244 
3300.500000 0.528708 
3299.500000 0.531653 
3298.600000 0.533132 
3297.600000 0.536107 
3296.600000 0.537602 
3295.700000 0.540608 
3294.700000 0.542118 
3293.700000 0.543634 
3292.800000 0.545155 
3291.800000 0.548214 
3290.800000 0.549751 
3289.900000 0.551294 
3288.900000 0.552842 
3288.000000 0.555955 
3287.000000 0.557520 
3286.000000 0.559091 
3285.100000 0.560667 
3284.100000 0.560667 
3283.100000 0.563837 
3282.200000 0.563837 
3281.200000 0.565431 
3280.200000 0.567031 
3279.300000 0.568636 
3278.300000 0.570248 
3277.300000 0.571865 
3276.400000 0.571865 
3275.400000 0.573489 
3274.500000 0.573489 
3273.500000 0.575118 
3272.500000 0.576754 
3271.600000 0.576754 
3270.600000 0.576754 
3269.600000 0.578396 
3268.700000 0.578396 
3267.700000 0.580044 
3266.700000 0.580044 
3265.800000 0.580044 
3264.800000 0.580044 
3263.800000 0.581699 
3262.900000 0.581699 
3261.900000 0.581699 
3260.900000 0.581699 
3260.000000 0.581699 
3259.000000 0.581699 
3258.100000 0.581699 
3257.100000 0.581699 
3256.100000 0.580044 
3255.200000 0.580044 
3254.200000 0.580044 
3253.200000 0.580044 
3252.300000 0.580044 
3251.300000 0.578396 
3250.300000 0.578396 
3249.400000 0.576754 
3248.400000 0.576754 
3247.400000 0.576754 
3246.500000 0.575118 
3245.500000 0.575118 
3244.600000 0.573489 
3243.600000 0.573489 
3242.600000 0.571865 
3241.700000 0.570248 
3240.700000 0.570248 
3239.700000 0.568636 
3238.800000 0.567031 
3237.800000 0.565431 
3236.800000 0.565431 
3235.900000 0.563837 
3234.900000 0.562249 
3233.900000 0.560667 
3233.000000 0.559091 
3232.000000 0.559091 
3231.100000 0.557520 
3230.100000 0.555955 
3229.100000 0.554396 
3228.200000 0.552842 
3227.200000 0.551294 
3226.200000 0.549751 
3225.300000 0.548214 
3224.300000 0.546682 
3223.300000 0.545155 
3222.400000 0.543634 
3221.400000 0.542118 
3220.400000 0.540608 
3219.500000 0.539102 
3218.500000 0.536107 
3217.500000 0.534617 
3216.600000 0.533132 
3215.600000 0.531653 
3214.700000 0.530178 
3213.700000 0.527244 
3212.700000 0.525784 
3211.800000 0.524329 
3210.800000 0.522879 
3209.800000 0.519993 
3208.900000 0.518557 
3207.900000 0.515700 
3206.900000 0.514279 
3206.000000 0.512862 
3205.000000 0.510042 
3204.000000 0.508638 
3203.100000 0.507240 
3202.100000 0.504456 
3201.200000 0.503070 
3200.200000 0.500313 
3199.200000 0.498941 
3198.300000 0.496209 
3197.300000 0.494850 
3196.300000 0.492144 
3195.400000 0.489455 
3194.400000 0.488117 
3193.400000 0.485452 
3192.500000 0.484126 
3191.500000 0.481486 
3190.500000 0.478862 
3189.600000 0.476254 
3188.600000 0.474955 
3187.600000 0.472370 
3186.700000 0.469800 
3185.700000 0.467246 
3184.800000 0.464706 
3183.800000 0.463442 
3182.800000 0.460924 
3181.900000 0.458421 
3180.900000 0.455932 
3179.900000 0.453457 
3179.000000 0.450997 
3178.000000 0.448550 
3177.000000 0.446117 
3176.100000 0.443697 
3175.100000 0.440093 
3174.100000 0.437707 
3173.200000 0.435334 
3172.200000 0.432974 
3171.300000 0.430626 
3170.300000 0.427128 
3169.300000 0.424812 
3168.400000 0.422508 
3167.400000 0.419075 
3166.400000 0.416801 
3165.500000 0.413413 
3164.500000 0.411168 
3163.500000 0.408935 
3162.600000 0.405607 
3161.600000 0.403403 
3160.600000 0.400117 
3159.700000 0.396856 
3158.700000 0.394695 
3157.700000 0.391474 
3156.800000 0.388277 
3155.800000 0.386158 
3154.900000 0.383000 
3153.900000 0.379864 
3152.900000 0.376751 
3152.000000 0.373660 
3151.000000 0.370590 
3150.000000 0.367543 
3149.100000 0.364516 
3148.100000 0.361511 
3147.100000 0.358526 
3146.200000 0.355561 
3145.200000 0.352617 
3144.200000 0.349692 
3143.300000 0.346787 
3142.300000 0.343902 
3141.400000 0.340084 
3140.400000 0.337242 
3139.400000 0.334419 
3138.500000 0.330683 
3137.500000 0.327902 
3136.500000 0.325139 
3135.600000 0.321482 
3134.600000 0.318759 
3133.600000 0.315155 
3132.700000 0.312471 
3131.700000 0.308919 
3130.700000 0.306273 
3129.800000 0.302771 
3128.800000 0.299296 
3127.900000 0.296709 
3126.900000 0.293282 
3125.900000 0.289883 
3125.000000 0.286509 
3124.000000 0.283162 
3123.000000 0.280669 
3122.100000 0.277366 
3121.100000 0.274088 
3120.100000 0.270835 
3119.200000 0.267606 
3118.200000 0.264401 
3117.200000 0.261219 
3116.300000 0.258061 
3115.300000 0.254925 
3114.300000 0.251812 
3113.400000 0.248721 
3112.400000 0.245652 
3111.500000 0.242604 
3110.500000 0.239578 
3109.500000 0.235824 
3108.600000 0.232844 
3107.600000 0.229885 
3106.600000 0.226945 
3105.700000 0.224026 
3104.700000 0.220404 
3103.700000 0.217527 
3102.800000 0.213959 
3101.800000 0.211125 
3100.800000 0.208309 
3099.900000 0.205512 
3098.900000 0.202040 
3098.000000 0.199283 
3097.000000 0.195861 
3096.000000 0.193142 
3095.100000 0.190440 
3094.100000 0.187087 
3093.100000 0.184422 
3092.200000 0.181774 
3091.200000 0.178486 
3090.200000 0.175874 
3089.300000 0.173277 
3088.300000 0.170053 
3087.300000 0.167491 
3086.400000 0.164944 
3085.400000 0.161781 
3084.400000 0.159267 
3083.500000 0.156767 
3082.500000 0.153663 
3081.600000 0.151195 
3080.600000 0.148742 
3079.600000 0.146302 
3078.700000 0.143876 
3077.700000 0.141463 
3076.700000 0.139063 
3075.800000 0.136083 
3074.800000 0.133713 
3073.800000 0.131356 
3072.900000 0.129011 
3071.900000 0.127261 
3070.900000 0.124939 
3070.000000 0.122629 
3069.000000 0.120331 
3068.100000 0.118045 
3067.100000 0.115771 
3066.100000 0.114074 
3065.200000 0.111821 
3064.200000 0.109579 
3063.200000 0.107905 
3062.300000 0.105684 
3061.300000 0.104025 
3060.300000 0.101824 
3059.400000 0.099633 
3058.400000 0.097997 
3057.400000 0.096367 
3056.500000 0.094204 
3055.500000 0.092589 
3054.600000 0.090979 
3053.600000 0.089376 
3052.600000 0.087778 
3051.700000 0.085657 
3050.700000 0.084073 
3049.700000 0.082494 
3048.800000 0.080922 
3047.800000 0.079355 
3046.800000 0.077794 
3045.900000 0.076238 
3044.900000 0.074688 
3043.900000 0.073658 
3043.000000 0.072117 
3042.000000 0.070581 
3041.000000 0.069051 
3040.100000 0.068034 
3039.100000 0.066513 
3038.200000 0.064997 
3037.200000 0.063989 
3036.200000 0.062482 
3035.300000 0.060980 
3034.300000 0.059982 
3033.300000 0.058986 
3032.400000 0.057496 
3031.400000 0.056505 
3030.400000 0.055024 
3029.500000 0.054039 
3028.500000 0.053057 
3027.500000 0.052076 
3026.600000 0.051098 
3025.600000 0.049635 
3024.700000 0.048662 
3023.700000 0.047692 
3022.700000 0.046724 
3021.800000 0.045757 
3020.800000 0.044793 
3019.800000 0.043832 
3018.900000 0.042872 
3017.900000 0.041914 
3016.900000 0.041436 
3016.000000 0.040482 
3015.000000 0.039529 
3014.000000 0.039054 
3013.100000 0.038105 
3012.100000 0.037631 
3011.100000 0.036684 
3010.200000 0.036212 
3009.200000 0.035740 
3008.300000 0.034798 
3007.300000 0.034328 
3006.300000 0.033858 
3005.400000 0.033389 
3004.400000 0.032920 
3003.400000 0.032920 
3002.500000 0.032452 
3001.500000 0.031984 
3000.500000 0.031517 
2999.600000 0.031517 
2998.600000 0.031050 
2997.600000 0.031050 
2996.700000 0.030584 
2995.700000 0.030118 
2994.800000 0.029653 
2993.800000 0.029188 
2992.800000 0.028724 
2991.900000 0.028260 
2990.900000 0.027797 
2989.900000 0.026872 
2989.000000 0.026410 
2988.000000 0.025488 
2987.000000 0.025028 
2986.100000 0.024109 
2985.100000 0.023650 
2984.100000 0.022734 
2983.200000 0.022276 
2982.200000 0.021819 
2981.300000 0.021363 
2980.300000 0.020907 
2979.300000 0.020452 
2978.400000 0.019997 
2977.400000 0.019997 
2976.400000 0.019542 
2975.500000 0.019088 
2974.500000 0.019088 
2973.500000 0.019088 
2972.600000 0.018634 
2971.600000 0.018634 
2970.600000 0.018634 
2969.700000 0.018634 
2968.700000 0.018181 
2967.700000 0.018181 
2966.800000 0.017729 
2965.800000 0.017277 
2964.900000 0.017277 
2963.900000 0.016825 
2962.900000 0.016374 
2962.000000 0.015923 
2961.000000 0.015473 
2960.000000 0.015023 
2959.100000 0.014574 
2958.100000 0.014125 
2957.100000 0.013676 
2956.200000 0.013228 
2955.200000 0.012781 
2954.200000 0.012334 
2953.300000 0.011887 
2952.300000 0.011441 
2951.400000 0.010995 
2950.400000 0.010550 
2949.400000 0.010105 
2948.500000 0.009661 
2947.500000 0.009217 
2946.500000 0.009217 
2945.600000 0.008774 
2944.600000 0.008774 
2943.600000 0.008774 
2942.700000 0.008774 
2941.700000 0.008774 
2940.700000 0.009217 
2939.800000 0.009217 
2938.800000 0.009217 
2937.800000 0.009217 
2936.900000 0.009217 
2935.900000 0.009217 
2935.000000 0.008774 
2934.000000 0.008331 
2933.000000 0.007889 
2932.100000 0.007446 
2931.100000 0.007005 
2930.100000 0.006564 
2929.200000 0.005683 
2928.200000 0.005243 
2927.200000 0.004365 
2926.300000 0.003926 
2925.300000 0.003488 
2924.300000 0.003051 
2923.400000 0.002614 
2922.400000 0.002177 
2921.500000 0.002177 
2920.500000 0.001741 
2919.500000 0.001741 
2918.600000 0.001741 
2917.600000 0.001741 
2916.600000 0.001741 
2915.700000 0.001741 
2914.700000 0.001741 
2913.700000 0.001741 
2912.800000 0.001741 
2911.800000 0.001741 
2910.800000 0.001741 
2909.900000 0.001741 
2908.900000 0.001305 
2907.900000 0.001305 
2907.000000 0.000869 
2906.000000 0.000435 
2905.100000 0.000435 
2904.100000 0.000000 
2903.100000 0.000000 
2902.200000 -0.000434 
2901.200000 -0.000868 
2900.200000 -0.000868 
2899.300000 -0.001301 
2898.300000 -0.001301 
2897.300000 -0.001734 
2896.400000 -0.001734 
2895.400000 -0.002166 
2894.400000 -0.002166 
2893.500000 -0.002598 
2892.500000 -0.002598 
2891.600000 -0.003029 
2890.600000 -0.003029 
2889.600000 -0.003461 
2888.700000 -0.003461 
2887.700000 -0.003461 
2886.700000 -0.003891 
2885.800000 -0.003891 
2884.800000 -0.003891 
2883.800000 -0.003891 
2882.900000 -0.003891 
2881.900000 -0.003891 
2880.900000 -0.003891 
2880.000000 -0.004321 
2879.000000 -0.004321 
2878.100000 -0.003891 
2877.100000 -0.003891 
2876.100000 -0.003891 
2875.200000 -0.003891 
2874.200000 -0.003891 
2873.200000 -0.003461 
2872.300000 -0.003461 
2871.300000 -0.003461 
2870.300000 -0.003029 
2869.400000 -0.003029 
2868.400000 -0.003029 
2867.400000 -0.002598 
2866.500000 -0.002598 
2865.500000 -0.002598 
2864.500000 -0.002166 
2863.600000 -0.002166 
2862.600000 -0.002166 
2861.700000 -0.001734 
2860.700000 -0.001734 
2859.700000 -0.001734 
2858.800000 -0.001734 
2857.800000 -0.001734 
2856.800000 -0.001734 
2855.900000 -0.001734 
2854.900000 -0.001734 
2853.900000 -0.001734 
2853.000000 -0.001734 
2852.000000 -0.002166 
2851.000000 -0.002166 
2850.100000 -0.002166 
2849.100000 -0.002598 
2848.200000 -0.003029 
2847.200000 -0.003029 
2846.200000 -0.003461 
2845.300000 -0.003461 
2844.300000 -0.003461 
2843.300000 -0.003461 
2842.400000 -0.003029 
2841.400000 -0.002598 
2840.400000 -0.001734 
2839.500000 -0.000868 
2838.500000 0.000435 
2837.500000 0.001305 
2836.600000 0.002614 
2835.600000 0.003926 
2834.700000 0.004804 
2833.700000 0.005683 
2832.700000 0.006123 
2831.800000 0.006123 
2830.800000 0.006123 
2829.800000 0.005683 
2828.900000 0.005243 
2827.900000 0.004365 
2826.900000 0.003488 
2826.000000 0.002614 
2825.000000 0.001741 
2824.000000 0.000869 
2823.100000 0.000000 
2822.100000 -0.000868 
2821.100000 -0.001734 
2820.200000 -0.002598 
2819.200000 -0.003029 
2818.300000 -0.003891 
2817.300000 -0.004751 
2816.300000 -0.005181 
2815.400000 -0.006038 
2814.400000 -0.006466 
2813.400000 -0.006894 
2812.500000 -0.007321 
2811.500000 -0.007748 
2810.500000 -0.008600 
2809.600000 -0.009026 
2808.600000 -0.009451 
2807.600000 -0.009876 
2806.700000 -0.010300 
2805.700000 -0.010724 
2804.800000 -0.011147 
2803.800000 -0.011570 
2802.800000 -0.011570 
2801.900000 -0.011993 
2800.900000 -0.012415 
2799.900000 -0.012415 
2799.000000 -0.012837 
2798.000000 -0.013259 
2797.000000 -0.013680 
2796.100000 -0.013680 
2795.100000 -0.014100 
2794.100000 -0.014100 
2793.200000 -0.014521 
2792.200000 -0.014521 
2791.200000 -0.014940 
2790.300000 -0.015360 
2789.300000 -0.015360 
2788.400000 -0.015360 
2787.400000 -0.015779 
2786.400000 -0.015779 
2785.500000 -0.016197 
2784.500000 -0.016197 
2783.500000 -0.016197 
2782.600000 -0.016616 
2781.600000 -0.016616 
2780.600000 -0.016616 
2779.700000 -0.017033 
2778.700000 -0.017033 
2777.700000 -0.017033 
2776.800000 -0.017033 
2775.800000 -0.017451 
2774.900000 -0.017451 
2773.900000 -0.017451 
2772.900000 -0.017868 
2772.000000 -0.017868 
2771.000000 -0.017868 
2770.000000 -0.017868 
2769.100000 -0.018284 
2768.100000 -0.018284 
2767.100000 -0.018284 
2766.200000 -0.018284 
2765.200000 -0.018700 
2764.200000 -0.018284 
2763.300000 -0.018700 
2762.300000 -0.018700 
2761.300000 -0.018700 
2760.400000 -0.018700 
2759.400000 -0.018700 
2758.500000 -0.018700 
2757.500000 -0.019116 
2756.500000 -0.019116 
2755.600000 -0.019116 
2754.600000 -0.019116 
2753.600000 -0.019116 
2752.700000 -0.019116 
2751.700000 -0.019116 
2750.700000 -0.019532 
2749.800000 -0.019532 
2748.800000 -0.019532 
2747.800000 -0.019532 
2746.900000 -0.019532 
2745.900000 -0.019532 
2745.000000 -0.019532 
2744.000000 -0.019532 
2743.000000 -0.019532 
2742.100000 -0.019532 
2741.100000 -0.019947 
2740.100000 -0.019947 
2739.200000 -0.019947 
2738.200000 -0.019947 
2737.200000 -0.019947 
2736.300000 -0.019947 
2735.300000 -0.019947 
2734.300000 -0.019947 
2733.400000 -0.019947 
2732.400000 -0.019947 
2731.400000 -0.019947 
2730.500000 -0.020361 
2729.500000 -0.020361 
2728.600000 -0.020361 
2727.600000 -0.020361 
2726.600000 -0.020361 
2725.700000 -0.020361 
2724.700000 -0.020361 
2723.700000 -0.020361 
2722.800000 -0.020361 
2721.800000 -0.020361 
2720.800000 -0.020361 
2719.900000 -0.020361 
2718.900000 -0.020361 
2717.900000 -0.020361 
2717.000000 -0.020361 
2716.000000 -0.020361 
2715.100000 -0.020775 
2714.100000 -0.020775 
2713.100000 -0.020775 
2712.200000 -0.020775 
2711.200000 -0.020775 
2710.200000 -0.020775 
2709.300000 -0.020775 
2708.300000 -0.020775 
2707.300000 -0.020775 
2706.400000 -0.020775 
2705.400000 -0.020775 
2704.400000 -0.020775 
2703.500000 -0.020775 
2702.500000 -0.020775 
2701.600000 -0.020775 
2700.600000 -0.020775 
2699.600000 -0.020775 
2698.700000 -0.020775 
2697.700000 -0.020775 
2696.700000 -0.020775 
2695.800000 -0.020775 
2694.800000 -0.020775 
2693.800000 -0.020775 
2692.900000 -0.020775 
2691.900000 -0.020775 
2690.900000 -0.020775 
2690.000000 -0.020775 
2689.000000 -0.020775 
2688.000000 -0.021189 
2687.100000 -0.020775 
2686.100000 -0.020775 
2685.200000 -0.020775 
2684.200000 -0.020775 
2683.200000 -0.021189 
2682.300000 -0.020775 
2681.300000 -0.021189 
2680.300000 -0.021189 
2679.400000 -0.020775 
2678.400000 -0.020775 
2677.400000 -0.020775 
2676.500000 -0.020775 
2675.500000 -0.021189 
2674.500000 -0.020775 
2673.600000 -0.020775 
2672.600000 -0.020775 
2671.700000 -0.020775 
2670.700000 -0.020775 
2669.700000 -0.020775 
2668.800000 -0.020775 
2667.800000 -0.020775 
2666.800000 -0.020775 
2665.900000 -0.020775 
2664.900000 -0.020775 
2663.900000 -0.020775 
2663.000000 -0.020775 
2662.000000 -0.020775 
2661.000000 -0.020775 
2660.100000 -0.020775 
2659.100000 -0.020775 
2658.200000 -0.020775 
2657.200000 -0.020775 
2656.200000 -0.020775 
2655.300000 -0.020775 
2654.300000 -0.020775 
2653.300000 -0.020775 
2652.400000 -0.020775 
2651.400000 -0.020775 
2650.400000 -0.020775 
2649.500000 -0.020775 
2648.500000 -0.020775 
2647.500000 -0.020775 
2646.600000 -0.020775 
2645.600000 -0.020775 
2644.600000 -0.020775 
2643.700000 -0.020775 
2642.700000 -0.020775 
2641.800000 -0.020775 
2640.800000 -0.020775 
2639.800000 -0.020775 
2638.900000 -0.020775 
2637.900000 -0.020775 
2636.900000 -0.020775 
2636.000000 -0.020775 
2635.000000 -0.020775 
2634.000000 -0.020775 
2633.100000 -0.020775 
2632.100000 -0.020775 
2631.100000 -0.020775 
2630.200000 -0.020775 
2629.200000 -0.020775 
2628.300000 -0.020775 
2627.300000 -0.020775 
2626.300000 -0.020361 
2625.400000 -0.020361 
2624.400000 -0.020361 
2623.400000 -0.020361 
2622.500000 -0.020361 
2621.500000 -0.020361 
2620.500000 -0.020361 
2619.600000 -0.020361 
2618.600000 -0.019947 
2617.600000 -0.019947 
2616.700000 -0.019947 
2615.700000 -0.019947 
2614.700000 -0.019947 
2613.800000 -0.019947 
2612.800000 -0.019947 
2611.900000 -0.019947 
2610.900000 -0.019947 
2609.900000 -0.019947 
2609.000000 -0.019947 
2608.000000 -0.019947 
2607.000000 -0.019947 
2606.100000 -0.019532 
2605.100000 -0.019532 
2604.100000 -0.019947 
2603.200000 -0.019532 
2602.200000 -0.019532 
2601.200000 -0.019532 
2600.300000 -0.019532 
2599.300000 -0.019947 
2598.400000 -0.019947 
2597.400000 -0.019947 
2596.400000 -0.019947 
2595.500000 -0.019947 
2594.500000 -0.019947 
2593.500000 -0.019947 
2592.600000 -0.019947 
2591.600000 -0.019947 
2590.600000 -0.019947 
2589.700000 -0.019947 
2588.700000 -0.019947 
2587.700000 -0.019947 
2586.800000 -0.019947 
2585.800000 -0.019947 
2584.900000 -0.019947 
2583.900000 -0.019947 
2582.900000 -0.019947 
2582.000000 -0.019947 
2581.000000 -0.019947 
2580.000000 -0.019947 
2579.100000 -0.019947 
2578.100000 -0.019947 
2577.100000 -0.019947 
2576.200000 -0.019947 
2575.200000 -0.019947 
2574.200000 -0.019947 
2573.300000 -0.019532 
2572.300000 -0.019532 
2571.300000 -0.019532 
2570.400000 -0.019947 
2569.400000 -0.019532 
2568.500000 -0.019532 
2567.500000 -0.019532 
2566.500000 -0.019532 
2565.600000 -0.019532 
2564.600000 -0.019532 
2563.600000 -0.019532 
2562.700000 -0.019532 
2561.700000 -0.019532 
2560.700000 -0.019532 
2559.800000 -0.019532 
2558.800000 -0.019532 
2557.800000 -0.019532 
2556.900000 -0.019116 
2555.900000 -0.019116 
2555.000000 -0.019116 
2554.000000 -0.019116 
2553.000000 -0.019116 
2552.100000 -0.019116 
2551.100000 -0.019116 
2550.100000 -0.019116 
2549.200000 -0.019116 
2548.200000 -0.019116 
2547.200000 -0.019116 
2546.300000 -0.019116 
2545.300000 -0.019116 
2544.300000 -0.019116 
2543.400000 -0.019116 
2542.400000 -0.019116 
2541.400000 -0.019116 
2540.500000 -0.019116 
2539.500000 -0.019116 
2538.600000 -0.019532 
2537.600000 -0.019532 
2536.600000 -0.019532 
2535.700000 -0.019532 
2534.700000 -0.019532 
2533.700000 -0.019532 
2532.800000 -0.019532 
2531.800000 -0.019532 
2530.800000 -0.019947 
2529.900000 -0.019947 
2528.900000 -0.019947 
2527.900000 -0.019947 
2527.000000 -0.019947 
2526.000000 -0.019947 
2525.100000 -0.019947 
2524.100000 -0.020361 
2523.100000 -0.020361 
2522.200000 -0.020361 
2521.200000 -0.020361 
2520.200000 -0.020361 
2519.300000 -0.020361 
2518.300000 -0.020361 
2517.300000 -0.020361 
2516.400000 -0.020361 
2515.400000 -0.020775 
2514.400000 -0.020775 
2513.500000 -0.020775 
2512.500000 -0.020775 
2511.600000 -0.020775 
2510.600000 -0.020775 
2509.600000 -0.020775 
2508.700000 -0.020775 
2507.700000 -0.020775 
2506.700000 -0.020775 
2505.800000 -0.020775 
2504.800000 -0.020775 
2503.800000 -0.020775 
2502.900000 -0.020775 
2501.900000 -0.020775 
2500.900000 -0.020775 
2500.000000 -0.020775 
2499.000000 -0.021189 
2498.000000 -0.020775 
2497.100000 -0.020775 
2496.100000 -0.020775 
2495.200000 -0.020775 
2494.200000 -0.020775 
2493.200000 -0.020775 
2492.300000 -0.021189 
2491.300000 -0.020775 
2490.300000 -0.020775 
2489.400000 -0.021189 
2488.400000 -0.021189 
2487.400000 -0.020775 
2486.500000 -0.020775 
2485.500000 -0.020775 
2484.500000 -0.020775 
2483.600000 -0.021189 
2482.600000 -0.021189 
2481.700000 -0.021189 
2480.700000 -0.021189 
2479.700000 -0.020775 
2478.800000 -0.020775 
2477.800000 -0.020775 
2476.800000 -0.020775 
2475.900000 -0.020775 
2474.900000 -0.020775 
2473.900000 -0.020775 
2473.000000 -0.020775 
2472.000000 -0.020775 
2471.000000 -0.020775 
2470.100000 -0.020775 
2469.100000 -0.020775 
2468.100000 -0.020775 
2467.200000 -0.020775 
2466.200000 -0.020775 
2465.300000 -0.020775 
2464.300000 -0.020775 
2463.300000 -0.020775 
2462.400000 -0.020361 
2461.400000 -0.020775 
2460.400000 -0.020361 
2459.500000 -0.020361 
2458.500000 -0.020361 
2457.500000 -0.020361 
2456.600000 -0.020361 
2455.600000 -0.020361 
2454.600000 -0.020361 
2453.700000 -0.020361 
2452.700000 -0.020361 
2451.800000 -0.020361 
2450.800000 -0.020361 
2449.800000 -0.019947 
2448.900000 -0.020361 
2447.900000 -0.019947 
2446.900000 -0.019947 
2446.000000 -0.019947 
2445.000000 -0.019947 
2444.000000 -0.019947 
2443.100000 -0.019947 
2442.100000 -0.019947 
2441.100000 -0.019947 
2440.200000 -0.019947 
2439.200000 -0.019947 
2438.200000 -0.019532 
2437.300000 -0.019947 
2436.300000 -0.019947 
2435.400000 -0.019532 
2434.400000 -0.019947 
2433.400000 -0.019532 
2432.500000 -0.019532 
2431.500000 -0.019532 
2430.500000 -0.019532 
2429.600000 -0.019532 
2428.600000 -0.019532 
2427.600000 -0.019532 
2426.700000 -0.019532 
2425.700000 -0.019532 
2424.700000 -0.019532 
2423.800000 -0.019532 
2422.800000 -0.019532 
2421.900000 -0.019532 
2420.900000 -0.019532 
2419.900000 -0.019116 
2419.000000 -0.019116 
2418.000000 -0.019116 
2417.000000 -0.019532 
2416.100000 -0.019116 
2415.100000 -0.019116 
2414.100000 -0.019116 
2413.200000 -0.019116 
2412.200000 -0.019116 
2411.200000 -0.019116 
2410.300000 -0.019116 
2409.300000 -0.019116 
2408.400000 -0.019116 
2407.400000 -0.019116 
2406.400000 -0.019116 
2405.500000 -0.018700 
2404.500000 -0.019116 
2403.500000 -0.019116 
2402.600000 -0.018700 
2401.600000 -0.018700 
2400.600000 -0.018700 
2399.700000 -0.018700 
2398.700000 -0.018700 
2397.700000 -0.018700 
2396.800000 -0.018700 
2395.800000 -0.018700 
2394.800000 -0.018700 
2393.900000 -0.018700 
2392.900000 -0.018700 
2392.000000 -0.018700 
2391.000000 -0.018700 
2390.000000 -0.018284 
2389.100000 -0.018284 
2388.100000 -0.018284 
2387.100000 -0.018284 
2386.200000 -0.018284 
2385.200000 -0.018284 
2384.200000 -0.018284 
2383.300000 -0.018284 
2382.300000 -0.018284 
2381.300000 -0.018284 
2380.400000 -0.018284 
2379.400000 -0.018284 
2378.500000 -0.018284 
2377.500000 -0.017868 
2376.500000 -0.017868 
2375.600000 -0.017868 
2374.600000 -0.017868 
2373.600000 -0.017868 
2372.700000 -0.017868 
2371.700000 -0.017868 
2370.700000 -0.017868 
2369.800000 -0.017868 
2368.800000 -0.017451 
2367.800000 -0.017451 
2366.900000 -0.017451 
2365.900000 -0.017451 
2364.900000 -0.017451 
2364.000000 -0.017451 
2363.000000 -0.017451 
2362.100000 -0.017451 
2361.100000 -0.017451 
2360.100000 -0.017033 
2359.200000 -0.017033 
2358.200000 -0.017033 
2357.200000 -0.017033 
2356.300000 -0.017033 
2355.300000 -0.017033 
2354.300000 -0.017033 
2353.400000 -0.017033 
2352.400000 -0.016616 
2351.400000 -0.016616 
2350.500000 -0.016616 
2349.500000 -0.016616 
2348.600000 -0.016616 
2347.600000 -0.016616 
2346.600000 -0.016616 
2345.700000 -0.016197 
2344.700000 -0.016197 
2343.700000 -0.016197 
2342.800000 -0.016197 
2341.800000 -0.016197 
2340.800000 -0.016197 
2339.900000 -0.016197 
2338.900000 -0.016197 
2337.900000 -0.015779 
2337.000000 -0.015779 
2336.000000 -0.015779 
2335.100000 -0.015779 
2334.100000 -0.015779 
2333.100000 -0.015779 
2332.200000 -0.015360 
2331.200000 -0.015360 
2330.200000 -0.015360 
2329.300000 -0.015360 
2328.300000 -0.015360 
2327.300000 -0.015360 
2326.400000 -0.015360 
2325.400000 -0.014940 
2324.400000 -0.014940 
2323.500000 -0.014940 
2322.500000 -0.014940 
2321.500000 -0.014940 
2320.600000 -0.014940 
2319.600000 -0.014521 
2318.700000 -0.014521 
2317.700000 -0.014521 
2316.700000 -0.014521 
2315.800000 -0.014521 
2314.800000 -0.014521 
2313.800000 -0.014521 
2312.900000 -0.014100 
2311.900000 -0.014100 
2310.900000 -0.014100 
2310.000000 -0.014100 
2309.000000 -0.014100 
2308.000000 -0.013680 
2307.100000 -0.013680 
2306.100000 -0.013680 
2305.200000 -0.013680 
2304.200000 -0.013259 
2303.200000 -0.013680 
2302.300000 -0.013259 
2301.300000 -0.013259 
2300.300000 -0.013259 
2299.400000 -0.013259 
2298.400000 -0.013259 
2297.400000 -0.013259 
2296.500000 -0.012837 
2295.500000 -0.012837 
2294.500000 -0.012837 
2293.600000 -0.012837 
2292.600000 -0.012837 
2291.600000 -0.012415 
2290.700000 -0.012415 
2289.700000 -0.012415 
2288.800000 -0.012415 
2287.800000 -0.011993 
2286.800000 -0.011993 
2285.900000 -0.011993 
2284.900000 -0.011993 
2283.900000 -0.011993 
2283.000000 -0.011570 
2282.000000 -0.011570 
2281.000000 -0.011570 
2280.100000 -0.011570 
2279.100000 -0.011570 
2278.100000 -0.011147 
2277.200000 -0.011147 
2276.200000 -0.011147 
2275.300000 -0.011147 
2274.300000 -0.011147 
2273.300000 -0.010724 
2272.400000 -0.010724 
2271.400000 -0.010724 
2270.400000 -0.010724 
2269.500000 -0.010300 
2268.500000 -0.010300 
2267.500000 -0.010300 
2266.600000 -0.010300 
2265.600000 -0.010300 
2264.600000 -0.009876 
2263.700000 -0.009876 
2262.700000 -0.009876 
2261.700000 -0.009876 
2260.800000 -0.009876 
2259.800000 -0.009451 
2258.900000 -0.009451 
2257.900000 -0.009451 
2256.900000 -0.009451 
2256.000000 -0.009451 
2255.000000 -0.009451 
2254.000000 -0.009026 
2253.100000 -0.009026 
2252.100000 -0.009026 
2251.100000 -0.009026 
2250.200000 -0.009026 
2249.200000 -0.009026 
2248.200000 -0.009026 
2247.300000 -0.008600 
2246.300000 -0.009026 
2245.400000 -0.008600 
2244.400000 -0.008600 
2243.400000 -0.008600 
2242.500000 -0.008600 
2241.500000 -0.008600 
2240.500000 -0.008600 
2239.600000 -0.008600 
2238.600000 -0.008600 
2237.600000 -0.008600 
2236.700000 -0.008600 
2235.700000 -0.008600 
2234.700000 -0.008600 
2233.800000 -0.008600 
2232.800000 -0.008600 
2231.900000 -0.008600 
2230.900000 -0.008600 
2229.900000 -0.008600 
2229.000000 -0.008600 
2228.000000 -0.008600 
2227.000000 -0.008600 
2226.100000 -0.008600 
2225.100000 -0.008600 
2224.100000 -0.008600 
2223.200000 -0.008600 
2222.200000 -0.008600 
2221.200000 -0.008600 
2220.300000 -0.008600 
2219.300000 -0.008600 
2218.300000 -0.008600 
2217.400000 -0.008600 
2216.400000 -0.009026 
2215.500000 -0.009026 
2214.500000 -0.009026 
2213.500000 -0.009026 
2212.600000 -0.009026 
2211.600000 -0.009026 
2210.600000 -0.009026 
2209.700000 -0.009026 
2208.700000 -0.009451 
2207.700000 -0.009026 
2206.800000 -0.009026 
2205.800000 -0.009451 
2204.800000 -0.009451 
2203.900000 -0.009451 
2202.900000 -0.009451 
2202.000000 -0.009451 
2201.000000 -0.009451 
2200.000000 -0.009876 
2199.100000 -0.009876 
2198.100000 -0.009876 
2197.100000 -0.009876 
2196.200000 -0.009876 
2195.200000 -0.009876 
2194.200000 -0.009876 
2193.300000 -0.009876 
2192.300000 -0.010300 
2191.300000 -0.010300 
2190.400000 -0.010300 
2189.400000 -0.010300 
2188.400000 -0.010724 
2187.500000 -0.010724 
2186.500000 -0.010724 
2185.600000 -0.010724 
2184.600000 -0.010724 
2183.600000 -0.010724 
2182.700000 -0.010724 
2181.700000 -0.011147 
2180.700000 -0.011147 
2179.800000 -0.011147 
2178.800000 -0.011147 
2177.800000 -0.011147 
2176.900000 -0.011570 
2175.900000 -0.011570 
2174.900000 -0.011570 
2174.000000 -0.011570 
2173.000000 -0.011570 
2172.100000 -0.011993 
2171.100000 -0.011993 
2170.100000 -0.011993 
2169.200000 -0.011993 
2168.200000 -0.011993 
2167.200000 -0.012415 
2166.300000 -0.012415 
2165.300000 -0.012415 
2164.300000 -0.012415 
2163.400000 -0.012837 
2162.400000 -0.012837 
2161.400000 -0.012837 
2160.500000 -0.012837 
2159.500000 -0.012837 
2158.600000 -0.013259 
2157.600000 -0.013259 
2156.600000 -0.013259 
2155.700000 -0.013259 
2154.700000 -0.013680 
2153.700000 -0.013680 
2152.800000 -0.013680 
2151.800000 -0.013680 
2150.800000 -0.013680 
2149.900000 -0.014100 
2148.900000 -0.014100 
2147.900000 -0.014100 
2147.000000 -0.014100 
2146.000000 -0.014100 
2145.000000 -0.014521 
2144.100000 -0.014100 
2143.100000 -0.014521 
2142.200000 -0.014100 
2141.200000 -0.014100 
2140.200000 -0.013259 
2139.300000 -0.012415 
2138.300000 -0.011570 
2137.300000 -0.010300 
2136.400000 -0.010300 
2135.400000 -0.010300 
2134.400000 -0.010724 
2133.500000 -0.011570 
2132.500000 -0.013259 
2131.500000 -0.014521 
2130.600000 -0.014940 
2129.600000 -0.015779 
2128.700000 -0.015779 
2127.700000 -0.016197 
2126.700000 -0.016197 
2125.800000 -0.016197 
2124.800000 -0.016616 
2123.800000 -0.016616 
2122.900000 -0.016616 
2121.900000 -0.016616 
2120.900000 -0.016616 
2120.000000 -0.017033 
2119.000000 -0.017033 
2118.000000 -0.017033 
2117.100000 -0.017033 
2116.100000 -0.017033 
2115.200000 -0.017451 
2114.200000 -0.017451 
2113.200000 -0.017451 
2112.300000 -0.017451 
2111.300000 -0.017451 
2110.300000 -0.017868 
2109.400000 -0.017868 
2108.400000 -0.017868 
2107.400000 -0.017868 
2106.500000 -0.017868 
2105.500000 -0.018284 
2104.500000 -0.018284 
2103.600000 -0.018284 
2102.600000 -0.018284 
2101.600000 -0.018284 
2100.700000 -0.018284 
2099.700000 -0.018284 
2098.800000 -0.018700 
2097.800000 -0.018700 
2096.800000 -0.018700 
2095.900000 -0.018700 
2094.900000 -0.018700 
2093.900000 -0.018700 
2093.000000 -0.018700 
2092.000000 -0.019116 
2091.000000 -0.019116 
2090.100000 -0.019116 
2089.100000 -0.019116 
2088.100000 -0.019116 
2087.200000 -0.019116 
2086.200000 -0.019116 
2085.200000 -0.019116 
2084.300000 -0.019532 
2083.300000 -0.019532 
2082.400000 -0.019532 
2081.400000 -0.019532 
2080.400000 -0.019532 
2079.500000 -0.019532 
2078.500000 -0.019532 
2077.500000 -0.019532 
2076.600000 -0.019532 
2075.600000 -0.019532 
2074.600000 -0.019947 
2073.700000 -0.019947 
2072.700000 -0.019947 
2071.700000 -0.019947 
2070.800000 -0.019947 
2069.800000 -0.019947 
2068.900000 -0.019947 
2067.900000 -0.019947 
2066.900000 -0.019947 
2066.000000 -0.019947 
2065.000000 -0.019947 
2064.000000 -0.020361 
2063.100000 -0.019947 
2062.100000 -0.020361 
2061.100000 -0.019947 
2060.200000 -0.020361 
2059.200000 -0.020361 
2058.200000 -0.020361 
2057.300000 -0.020361 
2056.300000 -0.020361 
2055.400000 -0.020361 
2054.400000 -0.020361 
2053.400000 -0.020361 
2052.500000 -0.020361 
2051.500000 -0.020361 
2050.500000 -0.020361 
2049.600000 -0.020361 
2048.600000 -0.020361 
2047.600000 -0.020361 
2046.700000 -0.020361 
2045.700000 -0.020361 
2044.700000 -0.020361 
2043.800000 -0.020361 
2042.800000 -0.020361 
2041.800000 -0.020361 
2040.900000 -0.020361 
2039.900000 -0.020775 
2039.000000 -0.020361 
2038.000000 -0.020361 
2037.000000 -0.020361 
2036.100000 -0.020775 
2035.100000 -0.020775 
2034.100000 -0.020775 
2033.200000 -0.020775 
2032.200000 -0.020775 
2031.200000 -0.020775 
2030.300000 -0.020775 
2029.300000 -0.020775 
2028.300000 -0.020775 
2027.400000 -0.020775 
2026.400000 -0.020775 
2025.500000 -0.020775 
2024.500000 -0.020775 
2023.500000 -0.020775 
2022.600000 -0.020775 
2021.600000 -0.020775 
2020.600000 -0.020775 
2019.700000 -0.020775 
2018.700000 -0.020775 
2017.700000 -0.020775 
2016.800000 -0.020775 
2015.800000 -0.020775 
2014.800000 -0.020775 
2013.900000 -0.020775 
2012.900000 -0.020775 
2012.000000 -0.020775 
2011.000000 -0.020775 
2010.000000 -0.020775 
2009.100000 -0.020775 
2008.100000 -0.020775 
2007.100000 -0.020775 
2006.200000 -0.020775 
2005.200000 -0.020775 
2004.200000 -0.020775 
2003.300000 -0.020775 
2002.300000 -0.020775 
2001.300000 -0.020775 
2000.400000 -0.020775 
1999.400000 -0.020775 
1998.400000 -0.020775 
1997.500000 -0.020775 
1996.500000 -0.020775 
1995.600000 -0.020775 
1994.600000 -0.020775 
1993.600000 -0.020775 
1992.700000 -0.020775 
1991.700000 -0.020775 
1990.700000 -0.021189 
1989.800000 -0.021189 
1988.800000 -0.020775 
1987.800000 -0.021189 
1986.900000 -0.020775 
1985.900000 -0.021189 
1984.900000 -0.021189 
1984.000000 -0.020775 
1983.000000 -0.020775 
1982.100000 -0.020775 
1981.100000 -0.020775 
1980.100000 -0.021189 
1979.200000 -0.020775 
1978.200000 -0.021189 
1977.200000 -0.021189 
1976.300000 -0.021189 
1975.300000 -0.020775 
1974.300000 -0.020775 
1973.400000 -0.020775 
1972.400000 -0.020775 
1971.400000 -0.020775 
1970.500000 -0.020775 
1969.500000 -0.020775 
1968.500000 -0.020775 
1967.600000 -0.020775 
1966.600000 -0.021189 
1965.700000 -0.021189 
1964.700000 -0.020775 
1963.700000 -0.021189 
1962.800000 -0.021189 
1961.800000 -0.020775 
1960.800000 -0.020775 
1959.900000 -0.021189 
1958.900000 -0.020775 
1957.900000 -0.021189 
1957.000000 -0.020775 
1956.000000 -0.020775 
1955.000000 -0.021189 
1954.100000 -0.021189 
1953.100000 -0.021189 
1952.200000 -0.021189 
1951.200000 -0.021189 
1950.200000 -0.021189 
1949.300000 -0.020775 
1948.300000 -0.020775 
1947.300000 -0.020775 
1946.400000 -0.021189 
1945.400000 -0.021189 
1944.400000 -0.020775 
1943.500000 -0.020775 
1942.500000 -0.020775 
1941.500000 -0.020775 
1940.600000 -0.020775 
1939.600000 -0.020775 
1938.700000 -0.020775 
1937.700000 -0.020775 
1936.700000 -0.020775 
1935.800000 -0.020775 
1934.800000 -0.021189 
1933.800000 -0.020775 
1932.900000 -0.020775 
1931.900000 -0.020775 
1930.900000 -0.020775 
1930.000000 -0.020775 
1929.000000 -0.020775 
1928.000000 -0.020775 
1927.100000 -0.020775 
1926.100000 -0.020775 
1925.100000 -0.020775 
1924.200000 -0.020775 
1923.200000 -0.020775 
1922.300000 -0.020775 
1921.300000 -0.020775 
1920.300000 -0.020775 
1919.400000 -0.020775 
1918.400000 -0.020775 
1917.400000 -0.020775 
1916.500000 -0.020775 
1915.500000 -0.020775 
1914.500000 -0.020775 
1913.600000 -0.020775 
1912.600000 -0.020775 
1911.600000 -0.020775 
1910.700000 -0.020775 
1909.700000 -0.020775 
1908.800000 -0.020775 
1907.800000 -0.020775 
1906.800000 -0.020775 
1905.900000 -0.020775 
1904.900000 -0.020775 
1903.900000 -0.020775 
1903.000000 -0.020775 
1902.000000 -0.020775 
1901.000000 -0.020775 
1900.100000 -0.020775 
1899.100000 -0.020775 
1898.100000 -0.020775 
1897.200000 -0.020775 
1896.200000 -0.020775 
1895.200000 -0.020775 
1894.300000 -0.020775 
1893.300000 -0.020775 
1892.400000 -0.020775 
1891.400000 -0.020775 
1890.400000 -0.020361 
1889.500000 -0.020361 
1888.500000 -0.020361 
1887.500000 -0.020361 
1886.600000 -0.020361 
1885.600000 -0.020775 
1884.600000 -0.020361 
1883.700000 -0.020361 
1882.700000 -0.020361 
1881.700000 -0.020361 
1880.800000 -0.020361 
1879.800000 -0.020361 
1878.900000 -0.020361 
1877.900000 -0.020361 
1876.900000 -0.020361 
1876.000000 -0.020361 
1875.000000 -0.020361 
1874.000000 -0.020361 
1873.100000 -0.020361 
1872.100000 -0.020361 
1871.100000 -0.020361 
1870.200000 -0.019947 
1869.200000 -0.019947 
1868.200000 -0.019947 
1867.300000 -0.019947 
1866.300000 -0.019947 
1865.400000 -0.019947 
1864.400000 -0.019947 
1863.400000 -0.019947 
1862.500000 -0.019947 
1861.500000 -0.019947 
1860.500000 -0.019947 
1859.600000 -0.019947 
1858.600000 -0.019947 
1857.600000 -0.019947 
1856.700000 -0.019947 
1855.700000 -0.019947 
1854.700000 -0.019947 
1853.800000 -0.019532 
1852.800000 -0.019947 
1851.800000 -0.019532 
1850.900000 -0.019532 
1849.900000 -0.019532 
1849.000000 -0.019532 
1848.000000 -0.019532 
1847.000000 -0.019532 
1846.100000 -0.019532 
1845.100000 -0.019116 
1844.100000 -0.019116 
1843.200000 -0.019532 
1842.200000 -0.019116 
1841.200000 -0.019116 
1840.300000 -0.019532 
1839.300000 -0.019116 
1838.300000 -0.019116 
1837.400000 -0.019116 
1836.400000 -0.019116 
1835.500000 -0.019116 
1834.500000 -0.019116 
1833.500000 -0.019116 
1832.600000 -0.019116 
1831.600000 -0.018700 
1830.600000 -0.018700 
1829.700000 -0.018700 
1828.700000 -0.018700 
1827.700000 -0.018700 
1826.800000 -0.018700 
1825.800000 -0.018284 
1824.800000 -0.018700 
1823.900000 -0.018700 
1822.900000 -0.018284 
1821.900000 -0.018284 
1821.000000 -0.018284 
1820.000000 -0.018284 
1819.100000 -0.018284 
1818.100000 -0.018284 
1817.100000 -0.018284 
1816.200000 -0.018284 
1815.200000 -0.017868 
1814.200000 -0.017868 
1813.300000 -0.017868 
1812.300000 -0.017868 
1811.300000 -0.017868 
1810.400000 -0.017868 
1809.400000 -0.017868 
1808.400000 -0.017451 
1807.500000 -0.017451 
1806.500000 -0.017451 
1805.600000 -0.017451 
1804.600000 -0.017451 
1803.600000 -0.017451 
1802.700000 -0.017033 
1801.700000 -0.017033 
1800.700000 -0.017033 
1799.800000 -0.017033 
1798.800000 -0.017033 
1797.800000 -0.016616 
1796.900000 -0.016616 
1795.900000 -0.016616 
1794.900000 -0.016616 
1794.000000 -0.016616 
1793.000000 -0.015779 
1792.000000 -0.016197 
1791.100000 -0.016197 
1790.100000 -0.016197 
1789.200000 -0.016197 
1788.200000 -0.015779 
1787.200000 -0.015779 
1786.300000 -0.015779 
1785.300000 -0.015360 
1784.300000 -0.015360 
1783.400000 -0.015360 
1782.400000 -0.015360 
1781.400000 -0.014940 
1780.500000 -0.014940 
1779.500000 -0.014940 
1778.500000 -0.014940 
1777.600000 -0.014940 
1776.600000 -0.014521 
1775.700000 -0.014521 
1774.700000 -0.014100 
1773.700000 -0.013680 
1772.800000 -0.013680 
1771.800000 -0.013680 
1770.800000 -0.013680 
1769.900000 -0.013680 
1768.900000 -0.013259 
1767.900000 -0.013259 
1767.000000 -0.013259 
1766.000000 -0.012837 
1765.000000 -0.012837 
1764.100000 -0.012837 
1763.100000 -0.012415 
1762.200000 -0.011993 
1761.200000 -0.012415 
1760.200000 -0.011993 
1759.300000 -0.011570 
1758.300000 -0.011570 
1757.300000 -0.011147 
1756.400000 -0.011147 
1755.400000 -0.011147 
1754.400000 -0.010724 
1753.500000 -0.010724 
1752.500000 -0.010300 
1751.500000 -0.009451 
1750.600000 -0.009876 
1749.600000 -0.009451 
1748.600000 -0.009451 
1747.700000 -0.009026 
1746.700000 -0.009026 
1745.800000 -0.008600 
1744.800000 -0.008174 
1743.800000 -0.007748 
1742.900000 -0.007748 
1741.900000 -0.007321 
1740.900000 -0.007321 
1740.000000 -0.006466 
1739.000000 -0.006894 
1738.000000 -0.006466 
1737.100000 -0.006038 
1736.100000 -0.005609 
1735.100000 -0.004321 
1734.200000 -0.004321 
1733.200000 -0.004751 
1732.300000 -0.004321 
1731.300000 -0.004321 
1730.300000 -0.003461 
1729.400000 -0.003461 
1728.400000 -0.003029 
1727.400000 -0.002598 
1726.500000 -0.002598 
1725.500000 -0.002166 
1724.500000 -0.001734 
1723.600000 -0.001301 
1722.600000 -0.000868 
1721.600000 -0.000434 
1720.700000 -0.000434 
1719.700000 0.000435 
1718.700000 0.000869 
1717.800000 0.002177 
1716.800000 0.001305 
1715.900000 0.001741 
1714.900000 0.002177 
1713.900000 0.002177 
1713.000000 0.002614 
1712.000000 0.002614 
1711.000000 0.003051 
1710.100000 0.003488 
1709.100000 0.003488 
1708.100000 0.003926 
1707.200000 0.004804 
1706.200000 0.004804 
1705.200000 0.005243 
1704.300000 0.005243 
1703.300000 0.005243 
1702.400000 0.005683 
1701.400000 0.007005 
1700.400000 0.007889 
1699.500000 0.006564 
1698.500000 0.007005 
1697.500000 0.007005 
1696.600000 0.008774 
1695.600000 0.007889 
1694.600000 0.007889 
1693.700000 0.007889 
1692.700000 0.007889 
1691.700000 0.008331 
1690.800000 0.008774 
1689.800000 0.008774 
1688.900000 0.008774 
1687.900000 0.009217 
1686.900000 0.009217 
1686.000000 0.009661 
1685.000000 0.010995 
1684.000000 0.010105 
1683.100000 0.009661 
1682.100000 0.009661 
1681.100000 0.009661 
1680.200000 0.010105 
1679.200000 0.010105 
1678.200000 0.010105 
1677.300000 0.010105 
1676.300000 0.010550 
1675.300000 0.010550 
1674.400000 0.010105 
1673.400000 0.010105 
1672.500000 0.010105 
1671.500000 0.010105 
1670.500000 0.010105 
1669.600000 0.010550 
1668.600000 0.010105 
1667.600000 0.009661 
1666.700000 0.009661 
1665.700000 0.009661 
1664.700000 0.009661 
1663.800000 0.009661 
1662.800000 0.009661 
1661.800000 0.009217 
1660.900000 0.009217 
1659.900000 0.009217 
1659.000000 0.009217 
1658.000000 0.009217 
1657.000000 0.008774 
1656.100000 0.008774 
1655.100000 0.009217 
1654.100000 0.009661 
1653.200000 0.010550 
1652.200000 0.008774 
1651.200000 0.008331 
1650.300000 0.008331 
1649.300000 0.007889 
1648.300000 0.008331 
1647.400000 0.007889 
1646.400000 0.008774 
1645.400000 0.007889 
1644.500000 0.007446 
1643.500000 0.007446 
1642.600000 0.007446 
1641.600000 0.007446 
1640.600000 0.007005 
1639.700000 0.007005 
1638.700000 0.007005 
1637.700000 0.007005 
1636.800000 0.007005 
1635.800000 0.007889 
1634.800000 0.006564 
1633.900000 0.006564 
1632.900000 0.006564 
1631.900000 0.006123 
1631.000000 0.006123 
1630.000000 0.006123 
1629.100000 0.006123 
1628.100000 0.006123 
1627.100000 0.005683 
1626.200000 0.005683 
1625.200000 0.005683 
1624.200000 0.006123 
1623.300000 0.005683 
1622.300000 0.005683 
1621.300000 0.005243 
1620.400000 0.005243 
1619.400000 0.005243 
1618.400000 0.005243 
1617.500000 0.006123 
1616.500000 0.005683 
1615.500000 0.005243 
1614.600000 0.004804 
1613.600000 0.004804 
1612.700000 0.004804 
1611.700000 0.004804 
1610.700000 0.004365 
1609.800000 0.004365 
1608.800000 0.004365 
1607.800000 0.004365 
1606.900000 0.004365 
1605.900000 0.004365 
1604.900000 0.003926 
1604.000000 0.003926 
1603.000000 0.003926 
1602.000000 0.003926 
1601.100000 0.003926 
1600.100000 0.003926 
1599.200000 0.003926 
1598.200000 0.003488 
1597.200000 0.003488 
1596.300000 0.003488 
1595.300000 0.003488 
1594.300000 0.003488 
1593.400000 0.003488 
1592.400000 0.003488 
1591.400000 0.003051 
1590.500000 0.003051 
1589.500000 0.003051 
1588.500000 0.003051 
1587.600000 0.003051 
1586.600000 0.002614 
1585.700000 0.002614 
1584.700000 0.002614 
1583.700000 0.002614 
1582.800000 0.002614 
1581.800000 0.002614 
1580.800000 0.002177 
1579.900000 0.002177 
1578.900000 0.002177 
1577.900000 0.002177 
1577.000000 0.003051 
1576.000000 0.002614 
1575.000000 0.001741 
1574.100000 0.001741 
1573.100000 0.001741 
1572.100000 0.001741 
1571.200000 0.001741 
1570.200000 0.002614 
1569.300000 0.001741 
1568.300000 0.001741 
1567.300000 0.001305 
1566.400000 0.001305 
1565.400000 0.001305 
1564.400000 0.001305 
1563.500000 0.001305 
1562.500000 0.001305 
1561.500000 0.001305 
1560.600000 0.002614 
1559.600000 0.001305 
1558.600000 0.002177 
1557.700000 0.001305 
1556.700000 0.000869 
1555.800000 0.000869 
1554.800000 0.001305 
1553.800000 0.000435 
1552.900000 0.000435 
1551.900000 0.000435 
1550.900000 0.000435 
1550.000000 0.000435 
1549.000000 0.000000 
1548.000000 0.000000 
1547.100000 0.000000 
1546.100000 0.000000 
1545.100000 0.000435 
1544.200000 0.000000 
1543.200000 0.000000 
1542.200000 0.000435 
1541.300000 0.000000 
1540.300000 0.000435 
1539.400000 0.000869 
1538.400000 -0.000434 
1537.400000 -0.000434 
1536.500000 -0.000868 
1535.500000 -0.000868 
1534.500000 -0.000434 
1533.600000 -0.000434 
1532.600000 -0.000868 
1531.600000 -0.000868 
1530.700000 -0.001301 
1529.700000 -0.001301 
1528.700000 -0.001301 
1527.800000 -0.000868 
1526.800000 -0.001301 
1525.900000 -0.000868 
1524.900000 -0.001734 
1523.900000 -0.001734 
1523.000000 -0.001301 
1522.000000 -0.000868 
1521.000000 -0.001301 
1520.100000 -0.001734 
1519.100000 -0.001734 
1518.100000 -0.001734 
1517.200000 -0.001734 
1516.200000 -0.002166 
1515.200000 -0.002166 
1514.300000 -0.002166 
1513.300000 -0.002166 
1512.400000 -0.002166 
1511.400000 -0.002166 
1510.400000 -0.002166 
1509.500000 -0.002166 
1508.500000 -0.002166 
1507.500000 -0.001301 
1506.600000 -0.001734 
1505.600000 -0.001734 
1504.600000 -0.002598 
1503.700000 -0.002598 
1502.700000 -0.002598 
1501.700000 -0.002598 
1500.800000 -0.002598 
1499.800000 -0.002598 
1498.800000 -0.002598 
1497.900000 -0.002598 
1496.900000 -0.001734 
1496.000000 -0.002598 
1495.000000 -0.002598 
1494.000000 -0.002598 
1493.100000 -0.002598 
1492.100000 -0.002598 
1491.100000 -0.002166 
1490.200000 -0.001734 
1489.200000 -0.001734 
1488.200000 -0.001301 
1487.300000 -0.000868 
1486.300000 -0.000868 
1485.300000 -0.000434 
1484.400000 0.000000 
1483.400000 0.000869 
1482.500000 0.001305 
1481.500000 0.002177 
1480.500000 0.002614 
1479.600000 0.002614 
1478.600000 0.003488 
1477.600000 0.003488 
1476.700000 0.003488 
1475.700000 0.003051 
1474.700000 0.002177 
1473.800000 0.002177 
1472.800000 0.001305 
1471.800000 0.000435 
1470.900000 -0.000434 
1469.900000 -0.000868 
1468.900000 -0.000868 
1468.000000 -0.000434 
1467.000000 -0.000434 
1466.100000 0.000435 
1465.100000 0.001305 
1464.100000 0.001305 
1463.200000 0.001741 
1462.200000 0.001741 
1461.200000 0.001305 
1460.300000 0.000869 
1459.300000 0.000435 
1458.300000 0.000000 
1457.400000 0.000869 
1456.400000 -0.000434 
1455.400000 0.000000 
1454.500000 0.000000 
1453.500000 0.000435 
1452.600000 0.000869 
1451.600000 0.001305 
1450.600000 0.001305 
1449.700000 0.001741 
1448.700000 0.001741 
1447.700000 0.000869 
1446.800000 0.000435 
1445.800000 -0.000434 
1444.800000 -0.001301 
1443.900000 -0.001734 
1442.900000 -0.002598 
1441.900000 -0.002598 
1441.000000 -0.002598 
1440.000000 -0.002598 
1439.100000 -0.002166 
1438.100000 -0.002166 
1437.100000 -0.000868 
1436.200000 -0.001734 
1435.200000 -0.001734 
1434.200000 -0.001734 
1433.300000 -0.001301 
1432.300000 -0.001301 
1431.300000 -0.001301 
1430.400000 -0.001301 
1429.400000 -0.001301 
1428.400000 -0.001734 
1427.500000 -0.001734 
1426.500000 -0.001734 
1425.500000 -0.002166 
1424.600000 -0.002166 
1423.600000 -0.002166 
1422.700000 -0.002598 
1421.700000 -0.002598 
1420.700000 -0.003029 
1419.800000 -0.002166 
1418.800000 -0.003461 
1417.800000 -0.003461 
1416.900000 -0.003891 
1415.900000 -0.004321 
1414.900000 -0.004751 
1414.000000 -0.004751 
1413.000000 -0.005181 
1412.000000 -0.005181 
1411.100000 -0.005609 
1410.100000 -0.006038 
1409.200000 -0.006038 
1408.200000 -0.006466 
1407.200000 -0.006466 
1406.300000 -0.006894 
1405.300000 -0.006894 
1404.300000 -0.007321 
1403.400000 -0.007748 
1402.400000 -0.007748 
1401.400000 -0.007748 
1400.500000 -0.008174 
1399.500000 -0.007748 
1398.500000 -0.008600 
1397.600000 -0.008600 
1396.600000 -0.008600 
1395.600000 -0.009026 
1394.700000 -0.008600 
1393.700000 -0.009026 
1392.800000 -0.009451 
1391.800000 -0.009451 
1390.800000 -0.009876 
1389.900000 -0.009876 
1388.900000 -0.009876 
1387.900000 -0.009451 
1387.000000 -0.010300 
1386.000000 -0.010300 
1385.000000 -0.010300 
1384.100000 -0.010724 
1383.100000 -0.010724 
1382.100000 -0.010724 
1381.200000 -0.010724 
1380.200000 -0.010724 
1379.300000 -0.010724 
1378.300000 -0.011147 
1377.300000 -0.011147 
1376.400000 -0.011147 
1375.400000 -0.011147 
1374.400000 -0.011147 
1373.500000 -0.011147 
1372.500000 -0.011570 
1371.500000 -0.011570 
1370.600000 -0.011570 
1369.600000 -0.011570 
1368.600000 -0.011570 
1367.700000 -0.011993 
1366.700000 -0.011993 
1365.700000 -0.011993 
1364.800000 -0.011993 
1363.800000 -0.011993 
1362.900000 -0.011993 
1361.900000 -0.012415 
1360.900000 -0.012415 
1360.000000 -0.012415 
1359.000000 -0.012415 
1358.000000 -0.012415 
1357.100000 -0.012415 
1356.100000 -0.012415 
1355.100000 -0.012837 
1354.200000 -0.012837 
1353.200000 -0.012837 
1352.200000 -0.012837 
1351.300000 -0.012837 
1350.300000 -0.013259 
1349.400000 -0.013259 
1348.400000 -0.013259 
1347.400000 -0.013259 
1346.500000 -0.013259 
1345.500000 -0.013680 
1344.500000 -0.014100 
1343.600000 -0.013680 
1342.600000 -0.013680 
1341.600000 -0.013680 
1340.700000 -0.013680 
1339.700000 -0.013680 
1338.700000 -0.013680 
1337.800000 -0.014100 
1336.800000 -0.014100 
1335.900000 -0.014100 
1334.900000 -0.014100 
1333.900000 -0.014100 
1333.000000 -0.014100 
1332.000000 -0.014100 
1331.000000 -0.014521 
1330.100000 -0.014521 
1329.100000 -0.014521 
1328.100000 -0.014521 
1327.200000 -0.014521 
1326.200000 -0.014521 
1325.200000 -0.014521 
1324.300000 -0.014940 
1323.300000 -0.014940 
1322.300000 -0.014940 
1321.400000 -0.014940 
1320.400000 -0.014940 
1319.500000 -0.014940 
1318.500000 -0.015360 
1317.500000 -0.015360 
1316.600000 -0.015360 
1315.600000 -0.015360 
1314.600000 -0.015360 
1313.700000 -0.015360 
1312.700000 -0.015360 
1311.700000 -0.015360 
1310.800000 -0.015360 
1309.800000 -0.015779 
1308.800000 -0.015779 
1307.900000 -0.015779 
1306.900000 -0.015779 
1306.000000 -0.015779 
1305.000000 -0.015779 
1304.000000 -0.016197 
1303.100000 -0.016197 
1302.100000 -0.016197 
1301.100000 -0.016197 
1300.200000 -0.016197 
1299.200000 -0.016197 
1298.200000 -0.016197 
1297.300000 -0.016197 
1296.300000 -0.016197 
1295.300000 -0.016197 
1294.400000 -0.016616 
1293.400000 -0.016616 
1292.500000 -0.016616 
1291.500000 -0.016616 
1290.500000 -0.016616 
1289.600000 -0.016616 
1288.600000 -0.016616 
1287.600000 -0.017033 
1286.700000 -0.017033 
1285.700000 -0.017033 
1284.700000 -0.017033 
1283.800000 -0.017033 
1282.800000 -0.017033 
1281.800000 -0.017033 
1280.900000 -0.017033 
1279.900000 -0.017451 
1278.900000 -0.017451 
1278.000000 -0.017451 
1277.000000 -0.017451 
1276.100000 -0.017451 
1275.100000 -0.017451 
1274.100000 -0.017451 
1273.200000 -0.017868 
1272.200000 -0.017868 
1271.200000 -0.017868 
1270.300000 -0.017868 
1269.300000 -0.017868 
1268.300000 -0.017868 
1267.400000 -0.017868 
1266.400000 -0.017868 
1265.400000 -0.018284 
1264.500000 -0.018284 
1263.500000 -0.018284 
1262.600000 -0.018284 
1261.600000 -0.018284 
1260.600000 -0.018284 
1259.700000 -0.018284 
1258.700000 -0.018284 
1257.700000 -0.018284 
1256.800000 -0.018284 
1255.800000 -0.018284 
1254.800000 -0.018700 
1253.900000 -0.018700 
1252.900000 -0.018700 
1251.900000 -0.018700 
1251.000000 -0.018700 
1250.000000 -0.018700 
1249.000000 -0.018700 
1248.100000 -0.018700 
1247.100000 -0.018700 
1246.200000 -0.019116 
1245.200000 -0.019116 
1244.200000 -0.019116 
1243.300000 -0.019116 
1242.300000 -0.019116 
1241.300000 -0.019116 
1240.400000 -0.019116 
1239.400000 -0.019116 
1238.400000 -0.019116 
1237.500000 -0.019116 
1236.500000 -0.019116 
1235.500000 -0.019116 
1234.600000 -0.022016 
1233.600000 -0.019532 
1232.700000 -0.019532 
1231.700000 -0.019532 
1230.700000 -0.019532 
1229.800000 -0.019532 
1228.800000 -0.019532 
1227.800000 -0.019532 
1226.900000 -0.019947 
1225.900000 -0.019532 
1224.900000 -0.019947 
1224.000000 -0.019947 
1223.000000 -0.019947 
1222.000000 -0.019947 
1221.100000 -0.019947 
1220.100000 -0.019947 
1219.200000 -0.019947 
1218.200000 -0.019947 
1217.200000 -0.019947 
1216.300000 -0.019947 
1215.300000 -0.019947 
1214.300000 -0.019947 
1213.400000 -0.020361 
1212.400000 -0.020361 
1211.400000 -0.020361 
1210.500000 -0.020361 
1209.500000 -0.020361 
1208.500000 -0.020361 
1207.600000 -0.020361 
1206.600000 -0.020361 
1205.600000 -0.020361 
1204.700000 -0.020361 
1203.700000 -0.020361 
1202.800000 -0.020361 
1201.800000 -0.020361 
1200.800000 -0.020361 
1199.900000 -0.020361 
1198.900000 -0.020775 
1197.900000 -0.020361 
1197.000000 -0.020361 
1196.000000 -0.020775 
1195.000000 -0.020775 
1194.100000 -0.020775 
1193.100000 -0.020775 
1192.100000 -0.020775 
1191.200000 -0.020775 
1190.200000 -0.020775 
1189.300000 -0.020775 
1188.300000 -0.020775 
1187.300000 -0.020775 
1186.400000 -0.020775 
1185.400000 -0.020775 
1184.400000 -0.020775 
1183.500000 -0.020775 
1182.500000 -0.020775 
1181.500000 -0.021189 
1180.600000 -0.020775 
1179.600000 -0.020775 
1178.600000 -0.020775 
1177.700000 -0.020775 
1176.700000 -0.020775 
1175.700000 -0.021189 
1174.800000 -0.021189 
1173.800000 -0.021189 
1172.900000 -0.021189 
1171.900000 -0.020775 
1170.900000 -0.020775 
1170.000000 -0.020775 
1169.000000 -0.020775 
1168.000000 -0.020775 
1167.100000 -0.020775 
1166.100000 -0.020775 
1165.100000 -0.020775 
1164.200000 -0.020775 
1163.200000 -0.020775 
1162.200000 -0.020775 
1161.300000 -0.020775 
1160.300000 -0.020361 
1159.400000 -0.020775 
1158.400000 -0.020775 
1157.400000 -0.020775 
1156.500000 -0.020775 
1155.500000 -0.020775 
1154.500000 -0.020775 
1153.600000 -0.020775 
1152.600000 -0.020775 
1151.600000 -0.020775 
1150.700000 -0.020775 
1149.700000 -0.020775 
1148.700000 -0.020775 
1147.800000 -0.020775 
1146.800000 -0.020775 
1145.800000 -0.020775 
1144.900000 -0.020361 
1143.900000 -0.020361 
1143.000000 -0.020361 
1142.000000 -0.019947 
1141.000000 -0.019532 
1140.100000 -0.019532 
1139.100000 -0.019116 
1138.100000 -0.019116 
1137.200000 -0.018284 
1136.200000 -0.017868 
1135.200000 -0.017451 
1134.300000 -0.017033 
1133.300000 -0.016197 
1132.300000 -0.015779 
1131.400000 -0.015360 
1130.400000 -0.014940 
1129.500000 -0.014940 
1128.500000 -0.014521 
1127.500000 -0.014521 
1126.600000 -0.014100 
1125.600000 -0.014100 
1124.600000 -0.014521 
1123.700000 -0.014521 
1122.700000 -0.014940 
1121.700000 -0.014940 
1120.800000 -0.015360 
1119.800000 -0.015779 
1118.800000 -0.016197 
1117.900000 -0.016616 
1116.900000 -0.017033 
1116.000000 -0.017451 
1115.000000 -0.017868 
1114.000000 -0.018284 
1113.100000 -0.018284 
1112.100000 -0.018700 
1111.100000 -0.019116 
1110.200000 -0.019532 
1109.200000 -0.019532 
1108.200000 -0.019947 
1107.300000 -0.019947 
1106.300000 -0.019947 
1105.300000 -0.020361 
1104.400000 -0.020361 
1103.400000 -0.020361 
1102.400000 -0.020361 
1101.500000 -0.020361 
1100.500000 -0.020361 
1099.600000 -0.020775 
1098.600000 -0.020775 
1097.600000 -0.020361 
1096.700000 -0.020775 
1095.700000 -0.020775 
1094.700000 -0.020775 
1093.800000 -0.020361 
1092.800000 -0.020775 
1091.800000 -0.020775 
1090.900000 -0.020775 
1089.900000 -0.020775 
1088.900000 -0.020775 
1088.000000 -0.020775 
1087.000000 -0.020775 
1086.100000 -0.020775 
1085.100000 -0.020775 
1084.100000 -0.020775 
1083.200000 -0.020775 
1082.200000 -0.020775 
1081.200000 -0.020775 
1080.300000 -0.020775 
1079.300000 -0.020775 
1078.300000 -0.020775 
1077.400000 -0.021189 
1076.400000 -0.020775 
1075.400000 -0.020775 
1074.500000 -0.021189 
1073.500000 -0.021189 
1072.500000 -0.020775 
1071.600000 -0.020775 
1070.600000 -0.021189 
1069.700000 -0.020775 
1068.700000 -0.020775 
1067.700000 -0.021189 
1066.800000 -0.020775 
1065.800000 -0.021189 
1064.800000 -0.020775 
1063.900000 -0.021189 
1062.900000 -0.020775 
1061.900000 -0.020775 
1061.000000 -0.020775 
1060.000000 -0.020775 
1059.000000 -0.020775 
1058.100000 -0.020775 
1057.100000 -0.020775 
1056.200000 -0.020775 
1055.200000 -0.020775 
1054.200000 -0.020361 
1053.300000 -0.020361 
1052.300000 -0.020361 
1051.300000 -0.019947 
1050.400000 -0.019947 
1049.400000 -0.019532 
1048.400000 -0.019116 
1047.500000 -0.018700 
1046.500000 -0.017868 
1045.500000 -0.017033 
1044.600000 -0.015779 
1043.600000 -0.014940 
1042.700000 -0.012837 
1041.700000 -0.011147 
1040.700000 -0.009451 
1039.800000 -0.007321 
1038.800000 -0.005609 
1037.800000 -0.003891 
1036.900000 -0.002166 
1035.900000 -0.000868 
1034.900000 0.000435 
1034.000000 0.001741 
1033.000000 0.002177 
1032.000000 0.002614 
1031.100000 0.003051 
1030.100000 0.003051 
1029.100000 0.003051 
1028.200000 0.003488 
1027.200000 0.003488 
1026.300000 0.003926 
1025.300000 0.004804 
1024.300000 0.005683 
1023.400000 0.007446 
1022.400000 0.009217 
1021.400000 0.010995 
1020.500000 0.012781 
1019.500000 0.015023 
1018.500000 0.016374 
1017.600000 0.017729 
1016.600000 0.018634 
1015.600000 0.018634 
1014.700000 0.018181 
1013.700000 0.016825 
1012.800000 0.015023 
1011.800000 0.012781 
1010.800000 0.010105 
1009.900000 0.007005 
1008.900000 0.003926 
1007.900000 0.000869 
1007.000000 -0.002166 
1006.000000 -0.005181 
1005.000000 -0.007748 
1004.100000 -0.009876 
1003.100000 -0.011570 
1002.100000 -0.012837 
1001.200000 -0.014100 
1000.200000 -0.014940 
999.250000 -0.015360 
998.280000 -0.015779 
997.320000 -0.016197 
996.360000 -0.016197 
995.390000 -0.016197 
994.430000 -0.016197 
993.460000 -0.016197 
992.500000 -0.015779 
991.530000 -0.015779 
990.570000 -0.015779 
989.600000 -0.015360 
988.640000 -0.015360 
987.680000 -0.015360 
986.710000 -0.014940 
985.750000 -0.014521 
984.780000 -0.014521 
983.820000 -0.014100 
982.850000 -0.013680 
981.890000 -0.013680 
980.920000 -0.013259 
979.960000 -0.012837 
978.990000 -0.012415 
978.030000 -0.011993 
977.070000 -0.011570 
976.100000 -0.011570 
975.140000 -0.010724 
974.170000 -0.010724 
973.210000 -0.010300 
972.240000 -0.009451 
971.280000 -0.009026 
970.310000 -0.008600 
969.350000 -0.008174 
968.390000 -0.007748 
967.420000 -0.007321 
966.460000 -0.006894 
965.490000 -0.006466 
964.530000 -0.005609 
963.560000 -0.005181 
962.600000 -0.004751 
961.630000 -0.003891 
960.670000 -0.003461 
959.710000 -0.003029 
958.740000 -0.002166 
957.780000 -0.001734 
956.810000 -0.001301 
955.850000 -0.000434 
954.880000 0.000000 
953.920000 0.000869 
952.950000 0.001305 
951.990000 0.002177 
951.030000 0.002614 
950.060000 0.003488 
949.100000 0.003926 
948.130000 0.004365 
947.170000 0.005243 
946.200000 0.006123 
945.240000 0.006564 
944.270000 0.007446 
943.310000 0.007889 
942.340000 0.008774 
941.380000 0.009217 
940.420000 0.010105 
939.450000 0.010995 
938.490000 0.011441 
937.520000 0.012334 
936.560000 0.013228 
935.590000 0.013676 
934.630000 0.014574 
933.660000 0.015023 
932.700000 0.015923 
931.730000 0.016825 
930.770000 0.017277 
929.810000 0.018181 
928.840000 0.018634 
927.880000 0.019542 
926.910000 0.020452 
925.950000 0.020907 
924.980000 0.021819 
924.020000 0.022734 
923.060000 0.023192 
922.090000 0.024109 
921.130000 0.025028 
920.160000 0.025488 
919.200000 0.026410 
918.230000 0.027334 
917.270000 0.027797 
916.300000 0.028724 
915.340000 0.029188 
914.380000 0.030118 
913.410000 0.030584 
912.450000 0.031517 
911.480000 0.031984 
910.520000 0.032920 
909.550000 0.033858 
908.590000 0.034798 
907.620000 0.035269 
906.660000 0.036212 
905.690000 0.036684 
904.730000 0.037157 
903.770000 0.038105 
902.800000 0.039054 
901.840000 0.039529 
900.870000 0.040482 
899.910000 0.040959 
898.940000 0.041914 
897.980000 0.042393 
897.010000 0.043351 
896.050000 0.043832 
895.090000 0.044793 
894.120000 0.045275 
893.160000 0.045757 
892.190000 0.046724 
891.230000 0.047208 
890.260000 0.048177 
889.300000 0.048662 
888.330000 0.049149 
887.370000 0.050122 
886.400000 0.050610 
885.440000 0.051098 
884.480000 0.052076 
883.510000 0.053057 
882.550000 0.053057 
881.580000 0.054039 
880.620000 0.054531 
879.650000 0.055024 
878.690000 0.056011 
877.720000 0.056505 
876.760000 0.057000 
875.800000 0.057992 
874.830000 0.058489 
873.870000 0.058986 
872.900000 0.059484 
871.940000 0.059982 
870.970000 0.060980 
870.010000 0.061480 
869.040000 0.061981 
868.080000 0.062482 
867.120000 0.062984 
866.150000 0.063486 
865.190000 0.064493 
864.220000 0.064493 
863.260000 0.064997 
862.290000 0.065502 
861.330000 0.066513 
860.360000 0.067019 
859.400000 0.067019 
858.430000 0.068034 
857.470000 0.068034 
856.510000 0.068542 
855.540000 0.069051 
854.580000 0.069560 
853.610000 0.070070 
852.650000 0.070581 
851.680000 0.071092 
850.720000 0.071604 
849.750000 0.072117 
848.790000 0.072117 
847.830000 0.072630 
846.860000 0.073143 
845.900000 0.073658 
844.930000 0.074172 
843.970000 0.074172 
843.000000 0.074688 
842.040000 0.075204 
841.070000 0.075721 
840.110000 0.076238 
839.150000 0.076238 
838.180000 0.076756 
837.220000 0.076756 
836.250000 0.077275 
835.290000 0.077794 
834.320000 0.077794 
833.360000 0.078314 
832.390000 0.078314 
831.430000 0.078834 
830.470000 0.079355 
829.500000 0.079355 
828.540000 0.079355 
827.570000 0.079877 
826.610000 0.079877 
825.640000 0.080399 
824.680000 0.080922 
823.710000 0.080922 
822.750000 0.080922 
821.790000 0.081445 
820.820000 0.081445 
819.860000 0.081970 
818.890000 0.081970 
817.930000 0.081970 
816.960000 0.081970 
816.000000 0.082494 
815.030000 0.082494 
814.070000 0.082494 
813.100000 0.082494 
812.140000 0.083020 
811.180000 0.083020 
810.210000 0.083020 
809.250000 0.083020 
808.280000 0.083546 
807.320000 0.083546 
806.350000 0.083546 
805.390000 0.083546 
804.420000 0.084073 
803.460000 0.083546 
802.500000 0.083546 
801.530000 0.083546 
800.570000 0.083546 
799.600000 0.083546 
798.640000 0.083546 
797.670000 0.084073 
796.710000 0.083546 
795.740000 0.083546 
794.780000 0.083546 
793.820000 0.083546 
792.850000 0.083546 
791.890000 0.083546 
790.920000 0.083020 
789.960000 0.083020 
788.990000 0.083020 
788.030000 0.083020 
787.060000 0.082494 
786.100000 0.082494 
785.140000 0.082494 
784.170000 0.082494 
783.210000 0.081970 
782.240000 0.081970 
781.280000 0.081970 
780.310000 0.081445 
779.350000 0.081445 
778.380000 0.081445 
777.420000 0.080922 
776.450000 0.080922 
775.490000 0.080922 
774.530000 0.080399 
773.560000 0.080399 
772.600000 0.079877 
771.630000 0.079355 
770.670000 0.079355 
769.700000 0.078834 
768.740000 0.078834 
767.770000 0.078314 
766.810000 0.078314 
765.840000 0.077794 
764.880000 0.077275 
763.920000 0.077275 
762.950000 0.076756 
761.990000 0.076238 
761.020000 0.076238 
760.060000 0.075721 
759.090000 0.075204 
758.130000 0.074688 
757.160000 0.074172 
756.200000 0.074172 
755.240000 0.073658 
754.270000 0.073143 
753.310000 0.072630 
752.340000 0.072117 
751.380000 0.071604 
750.410000 0.071604 
749.450000 0.070581 
748.490000 0.070581 
747.520000 0.069560 
746.560000 0.069560 
745.590000 0.069051 
744.630000 0.068542 
743.660000 0.068034 
742.700000 0.067526 
741.730000 0.067019 
740.770000 0.066513 
739.800000 0.066007 
738.840000 0.065502 
737.880000 0.064997 
736.910000 0.063989 
735.950000 0.063486 
734.980000 0.062984 
734.020000 0.062482 
733.050000 0.061981 
732.090000 0.061480 
731.120000 0.060980 
730.160000 0.059982 
729.200000 0.059484 
728.230000 0.058986 
727.270000 0.058489 
726.300000 0.057992 
725.340000 0.057000 
724.370000 0.056505 
723.410000 0.056011 
722.440000 0.055517 
721.480000 0.054531 
720.510000 0.054039 
719.550000 0.053548 
718.590000 0.052566 
717.620000 0.052076 
716.660000 0.051587 
715.690000 0.051098 
714.730000 0.050122 
713.760000 0.049149 
712.800000 0.049149 
711.830000 0.048177 
710.870000 0.047692 
709.910000 0.046724 
708.940000 0.046240 
707.980000 0.045757 
707.010000 0.044793 
706.050000 0.044312 
705.080000 0.043832 
704.120000 0.042872 
703.150000 0.042393 
702.190000 0.041914 
701.230000 0.041436 
700.260000 0.040482 
699.300000 0.040005 
698.330000 0.039529 
697.370000 0.038579 
696.400000 0.038105 
695.440000 0.037631 
694.470000 0.036684 
693.510000 0.036212 
692.540000 0.035740 
691.580000 0.034798 
690.620000 0.034328 
689.650000 0.033858 
688.690000 0.032920 
687.720000 0.032452 
686.760000 0.031984 
685.790000 0.031517 
684.830000 0.031050 
683.860000 0.030118 
682.900000 0.029653 
681.940000 0.029188 
680.970000 0.028260 
680.010000 0.027797 
679.040000 0.027334 
678.080000 0.026872 
677.110000 0.026410 
676.150000 0.025949 
675.180000 0.025028 
674.220000 0.024568 
673.260000 0.024109 
672.290000 0.023650 
671.330000 0.023192 
670.360000 0.022734 
669.400000 0.022276 
668.430000 0.020907 
667.470000 0.020452 
666.500000 0.020452 
665.540000 0.019997 
664.580000 0.019542 
663.610000 0.019088 
662.650000 0.018634 
661.680000 0.018181 
660.720000 0.017729 
659.750000 0.017277 
658.790000 0.016825 
657.820000 0.016374 
656.860000 0.015923 
655.900000 0.015473 
654.930000 0.015023 
653.970000 0.014574 
653.000000 0.014125 
652.040000 0.013228 
651.070000 0.013228 
650.110000 0.012781 
649.140000 0.012334 
648.180000 0.011887 
647.210000 0.011441 
646.250000 0.011441 
645.290000 0.010995 
644.320000 0.010995 
643.360000 0.010105 
642.390000 0.009661 
641.430000 0.009661 
640.460000 0.009217 
639.500000 0.008774 
638.530000 0.008331 
637.570000 0.008331 
636.610000 0.007889 
635.640000 0.007446 
634.680000 0.007005 
633.710000 0.007005 
632.750000 0.006564 
631.780000 0.006123 
630.820000 0.005683 
629.850000 0.005683 
628.890000 0.004804 
627.920000 0.004804 
626.960000 0.004365 
626.000000 0.003926 
625.030000 0.003926 
624.070000 0.003488 
623.100000 0.003488 
622.140000 0.003051 
621.170000 0.002614 
620.210000 0.002177 
619.240000 0.002177 
618.280000 0.001741 
617.320000 0.001741 
616.350000 0.001741 
615.390000 0.001305 
614.420000 0.000869 
613.460000 0.000869 
612.490000 0.000435 
611.530000 0.000435 
610.560000 0.000000 
609.600000 -0.000434 
608.640000 -0.000434 
607.670000 -0.000434 
606.710000 -0.000868 
605.740000 -0.001301 
604.780000 -0.001301 
603.810000 -0.001734 
602.850000 -0.001734 
601.880000 -0.002166 
600.920000 -0.002166 
599.960000 -0.002598 
598.990000 -0.002598 
598.030000 -0.002598 
597.060000 -0.002598 
596.100000 -0.003461 
595.130000 -0.003461 
594.170000 -0.003461 
593.200000 -0.003461 
592.240000 -0.003891 
591.270000 -0.003891 
590.310000 -0.003891 
589.350000 -0.004321 
588.380000 -0.004321 
587.420000 -0.004751 
586.450000 -0.005181 
585.490000 -0.004751 
584.520000 -0.005181 
583.560000 -0.005609 
582.590000 -0.005181 
581.630000 -0.005609 
580.670000 -0.005609 
579.700000 -0.006038 
578.740000 -0.006038 
577.770000 -0.006466 
576.810000 -0.006466 
575.840000 -0.006466 
574.880000 -0.006466 
573.910000 -0.006466 
572.950000 -0.006894 
571.990000 -0.006894 
571.020000 -0.007321 
570.060000 -0.007321 
569.090000 -0.007748 
568.130000 -0.008174 
567.160000 -0.007748 
566.200000 -0.008174 
565.230000 -0.008174 
564.270000 -0.008174 
563.310000 -0.008174 
562.340000 -0.008174 
561.380000 -0.008600 
560.410000 -0.009026 
559.450000 -0.009026 
558.480000 -0.008600 
557.520000 -0.009451 
556.550000 -0.009451 
555.590000 -0.009026 
554.620000 -0.009876 
553.660000 -0.009451 
552.700000 -0.009876 
551.730000 -0.010300 
550.770000 -0.009876 
549.800000 -0.010300 
548.840000 -0.011147 
547.870000 -0.009876 
546.910000 -0.010724 
545.940000 -0.010300 
544.980000 -0.011147 
544.020000 -0.010300 
543.050000 -0.010724 
542.090000 -0.011147 
541.120000 -0.011147 
540.160000 -0.011570 
539.190000 -0.011147 
538.230000 -0.011570 
537.260000 -0.011570 
536.300000 -0.011993 
535.340000 -0.011993 
534.370000 -0.012837 
533.410000 -0.011993 
532.440000 -0.012415 
531.480000 -0.012415 
530.510000 -0.012415 
529.550000 -0.012837 
528.580000 -0.012837 
527.620000 -0.012415 
526.660000 -0.013259 
525.690000 -0.013680 
524.730000 -0.013259 
523.760000 -0.013259 
522.800000 -0.013680 
521.830000 -0.013680 
520.870000 -0.013680 
519.900000 -0.013680 
518.940000 -0.013680 
517.970000 -0.014521 
517.010000 -0.014100 
516.050000 -0.013680 
515.080000 -0.014940 
514.120000 -0.014940 
513.150000 -0.014521 
512.190000 -0.015360 
511.220000 -0.014100 
510.260000 -0.015360 
509.290000 -0.014521 
508.330000 -0.015779 
507.360000 -0.014100 
506.400000 -0.015360 
505.440000 -0.014100 
504.470000 -0.016197 
503.510000 -0.015360 
502.540000 -0.014940 
501.580000 -0.014940 
501.100000 -0.014521 
500.130000 -0.014940 
